CRITICAL - 2022-12-02 00:06:31 --> Function name must be a string
in APPPATH\Views\jadwaltk\detail.php on line 98.
 1 SYSTEMPATH\View\View.php(213): include()
 2 SYSTEMPATH\View\View.php(216): CodeIgniter\View\View->CodeIgniter\View\{closure}()
 3 SYSTEMPATH\Common.php(1134): CodeIgniter\View\View->render('jadwaltk/detail', [], true)
 4 APPPATH\Views\tampilan.php(239): view('jadwaltk/detail')
 5 SYSTEMPATH\View\View.php(213): include('APPPATH\\Views\\tampilan.php')
 6 SYSTEMPATH\View\View.php(216): CodeIgniter\View\View->CodeIgniter\View\{closure}()
 7 SYSTEMPATH\Common.php(1134): CodeIgniter\View\View->render('tampilan', [], true)
 8 APPPATH\Controllers\JadwalTk.php(39): view('tampilan', [...])
 9 SYSTEMPATH\CodeIgniter.php(927): App\Controllers\JadwalTk->detail_jadwal('1')
10 SYSTEMPATH\CodeIgniter.php(482): CodeIgniter\CodeIgniter->runController(Object(App\Controllers\JadwalTk))
11 SYSTEMPATH\CodeIgniter.php(351): CodeIgniter\CodeIgniter->handleRequest(null, Object(Config\Cache), false)
12 FCPATH\index.php(67): CodeIgniter\CodeIgniter->run()
CRITICAL - 2022-12-02 00:10:42 --> Trying to access array offset on value of type null
in APPPATH\Views\jadwaltk\detail.php on line 10.
 1 APPPATH\Views\jadwaltk\detail.php(10): CodeIgniter\Debug\Exceptions->errorHandler(8, 'Trying to access array offset on value of type null', 'APPPATH\\Views\\jadwaltk\\detail.php', 10, [...])
 2 SYSTEMPATH\View\View.php(213): include('APPPATH\\Views\\jadwaltk\\detail.php')
 3 SYSTEMPATH\View\View.php(216): CodeIgniter\View\View->CodeIgniter\View\{closure}()
 4 SYSTEMPATH\Common.php(1134): CodeIgniter\View\View->render('jadwaltk/detail', [], true)
 5 APPPATH\Views\tampilan.php(239): view('jadwaltk/detail')
 6 SYSTEMPATH\View\View.php(213): include('APPPATH\\Views\\tampilan.php')
 7 SYSTEMPATH\View\View.php(216): CodeIgniter\View\View->CodeIgniter\View\{closure}()
 8 SYSTEMPATH\Common.php(1134): CodeIgniter\View\View->render('tampilan', [], true)
 9 APPPATH\Controllers\JadwalTk.php(39): view('tampilan', [...])
10 SYSTEMPATH\CodeIgniter.php(927): App\Controllers\JadwalTk->detail_jadwal('ruangan')
11 SYSTEMPATH\CodeIgniter.php(482): CodeIgniter\CodeIgniter->runController(Object(App\Controllers\JadwalTk))
12 SYSTEMPATH\CodeIgniter.php(351): CodeIgniter\CodeIgniter->handleRequest(null, Object(Config\Cache), false)
13 FCPATH\index.php(67): CodeIgniter\CodeIgniter->run()
CRITICAL - 2022-12-02 07:45:39 --> Invalid file: master/v_krs.php
in SYSTEMPATH\Exceptions\FrameworkException.php on line 33.
 1 SYSTEMPATH\View\View.php(201): CodeIgniter\Exceptions\FrameworkException::forInvalidFile('master/v_krs.php')
 2 SYSTEMPATH\Common.php(1134): CodeIgniter\View\View->render('master/v_krs', [], true)
 3 APPPATH\Views\tampilan.php(360): view('master/v_krs')
 4 SYSTEMPATH\View\View.php(213): include('APPPATH\\Views\\tampilan.php')
 5 SYSTEMPATH\View\View.php(216): CodeIgniter\View\View->CodeIgniter\View\{closure}()
 6 SYSTEMPATH\Common.php(1134): CodeIgniter\View\View->render('tampilan', [], true)
 7 APPPATH\Controllers\Krs.php(21): view('tampilan', [...])
 8 SYSTEMPATH\CodeIgniter.php(927): App\Controllers\Krs->index()
 9 SYSTEMPATH\CodeIgniter.php(482): CodeIgniter\CodeIgniter->runController(Object(App\Controllers\Krs))
10 SYSTEMPATH\CodeIgniter.php(351): CodeIgniter\CodeIgniter->handleRequest(null, Object(Config\Cache), false)
11 FCPATH\index.php(67): CodeIgniter\CodeIgniter->run()
CRITICAL - 2022-12-02 07:47:49 --> Invalid file: master/v_krs.php
in SYSTEMPATH\Exceptions\FrameworkException.php on line 33.
 1 SYSTEMPATH\View\View.php(201): CodeIgniter\Exceptions\FrameworkException::forInvalidFile('master/v_krs.php')
 2 SYSTEMPATH\Common.php(1134): CodeIgniter\View\View->render('master/v_krs', [], true)
 3 APPPATH\Views\tampilan.php(360): view('master/v_krs')
 4 SYSTEMPATH\View\View.php(213): include('APPPATH\\Views\\tampilan.php')
 5 SYSTEMPATH\View\View.php(216): CodeIgniter\View\View->CodeIgniter\View\{closure}()
 6 SYSTEMPATH\Common.php(1134): CodeIgniter\View\View->render('tampilan', [], true)
 7 APPPATH\Controllers\Krs.php(21): view('tampilan', [...])
 8 SYSTEMPATH\CodeIgniter.php(927): App\Controllers\Krs->index()
 9 SYSTEMPATH\CodeIgniter.php(482): CodeIgniter\CodeIgniter->runController(Object(App\Controllers\Krs))
10 SYSTEMPATH\CodeIgniter.php(351): CodeIgniter\CodeIgniter->handleRequest(null, Object(Config\Cache), false)
11 FCPATH\index.php(67): CodeIgniter\CodeIgniter->run()
CRITICAL - 2022-12-02 07:49:08 --> Invalid file: master/v_krs.php
in SYSTEMPATH\Exceptions\FrameworkException.php on line 33.
 1 SYSTEMPATH\View\View.php(201): CodeIgniter\Exceptions\FrameworkException::forInvalidFile('master/v_krs.php')
 2 SYSTEMPATH\Common.php(1134): CodeIgniter\View\View->render('master/v_krs', [], true)
 3 APPPATH\Views\tampilan.php(360): view('master/v_krs')
 4 SYSTEMPATH\View\View.php(213): include('APPPATH\\Views\\tampilan.php')
 5 SYSTEMPATH\View\View.php(216): CodeIgniter\View\View->CodeIgniter\View\{closure}()
 6 SYSTEMPATH\Common.php(1134): CodeIgniter\View\View->render('tampilan', [], true)
 7 APPPATH\Controllers\Krs.php(21): view('tampilan', [...])
 8 SYSTEMPATH\CodeIgniter.php(927): App\Controllers\Krs->index()
 9 SYSTEMPATH\CodeIgniter.php(482): CodeIgniter\CodeIgniter->runController(Object(App\Controllers\Krs))
10 SYSTEMPATH\CodeIgniter.php(351): CodeIgniter\CodeIgniter->handleRequest(null, Object(Config\Cache), false)
11 FCPATH\index.php(67): CodeIgniter\CodeIgniter->run()
CRITICAL - 2022-12-02 08:40:04 --> Function name must be a string
in APPPATH\Models\ModelKrs.php on line 9.
 1 APPPATH\Controllers\Krs.php(25): App\Models\ModelKrs->DataSiswa()
 2 SYSTEMPATH\CodeIgniter.php(927): App\Controllers\Krs->index()
 3 SYSTEMPATH\CodeIgniter.php(482): CodeIgniter\CodeIgniter->runController(Object(App\Controllers\Krs))
 4 SYSTEMPATH\CodeIgniter.php(351): CodeIgniter\CodeIgniter->handleRequest(null, Object(Config\Cache), false)
 5 FCPATH\index.php(67): CodeIgniter\CodeIgniter->run()
CRITICAL - 2022-12-02 08:40:40 --> Function name must be a string
in APPPATH\Models\ModelKrs.php on line 9.
 1 APPPATH\Controllers\Krs.php(25): App\Models\ModelKrs->DataSiswa()
 2 SYSTEMPATH\CodeIgniter.php(927): App\Controllers\Krs->index()
 3 SYSTEMPATH\CodeIgniter.php(482): CodeIgniter\CodeIgniter->runController(Object(App\Controllers\Krs))
 4 SYSTEMPATH\CodeIgniter.php(351): CodeIgniter\CodeIgniter->handleRequest(null, Object(Config\Cache), false)
 5 FCPATH\index.php(67): CodeIgniter\CodeIgniter->run()
CRITICAL - 2022-12-02 08:54:07 --> Undefined index: guru
in APPPATH\Views\krs\v_krs.php on line 26.
 1 APPPATH\Views\krs\v_krs.php(26): CodeIgniter\Debug\Exceptions->errorHandler(8, 'Undefined index: guru', 'APPPATH\\Views\\krs\\v_krs.php', 26, [...])
 2 SYSTEMPATH\View\View.php(213): include('APPPATH\\Views\\krs\\v_krs.php')
 3 SYSTEMPATH\View\View.php(216): CodeIgniter\View\View->CodeIgniter\View\{closure}()
 4 SYSTEMPATH\Common.php(1134): CodeIgniter\View\View->render('krs/v_krs', [], true)
 5 APPPATH\Views\tampilan.php(360): view('krs/v_krs')
 6 SYSTEMPATH\View\View.php(213): include('APPPATH\\Views\\tampilan.php')
 7 SYSTEMPATH\View\View.php(216): CodeIgniter\View\View->CodeIgniter\View\{closure}()
 8 SYSTEMPATH\Common.php(1134): CodeIgniter\View\View->render('tampilan', [], true)
 9 APPPATH\Controllers\Krs.php(29): view('tampilan', [...])
10 SYSTEMPATH\CodeIgniter.php(927): App\Controllers\Krs->index()
11 SYSTEMPATH\CodeIgniter.php(482): CodeIgniter\CodeIgniter->runController(Object(App\Controllers\Krs))
12 SYSTEMPATH\CodeIgniter.php(351): CodeIgniter\CodeIgniter->handleRequest(null, Object(Config\Cache), false)
13 FCPATH\index.php(67): CodeIgniter\CodeIgniter->run()
CRITICAL - 2022-12-02 20:04:06 --> Undefined variable: siswa
in APPPATH\Views\absen\v_absen.php on line 5.
 1 APPPATH\Views\absen\v_absen.php(5): CodeIgniter\Debug\Exceptions->errorHandler(8, 'Undefined variable: siswa', 'APPPATH\\Views\\absen\\v_absen.php', 5, [...])
 2 SYSTEMPATH\View\View.php(213): include('APPPATH\\Views\\absen\\v_absen.php')
 3 SYSTEMPATH\View\View.php(216): CodeIgniter\View\View->CodeIgniter\View\{closure}()
 4 SYSTEMPATH\Common.php(1134): CodeIgniter\View\View->render('absen/v_absen', [], true)
 5 APPPATH\Views\tampilan.php(373): view('absen/v_absen')
 6 SYSTEMPATH\View\View.php(213): include('APPPATH\\Views\\tampilan.php')
 7 SYSTEMPATH\View\View.php(216): CodeIgniter\View\View->CodeIgniter\View\{closure}()
 8 SYSTEMPATH\Common.php(1134): CodeIgniter\View\View->render('tampilan', [], true)
 9 APPPATH\Controllers\Loginsiswa.php(41): view('tampilan', [...])
10 SYSTEMPATH\CodeIgniter.php(927): App\Controllers\loginsiswa->absensi()
11 SYSTEMPATH\CodeIgniter.php(482): CodeIgniter\CodeIgniter->runController(Object(App\Controllers\loginsiswa))
12 SYSTEMPATH\CodeIgniter.php(351): CodeIgniter\CodeIgniter->handleRequest(null, Object(Config\Cache), false)
13 FCPATH\index.php(67): CodeIgniter\CodeIgniter->run()
CRITICAL - 2022-12-02 20:46:58 --> Undefined index: ta
in APPPATH\Views\v_dashboard_siswa.php on line 43.
 1 APPPATH\Views\v_dashboard_siswa.php(43): CodeIgniter\Debug\Exceptions->errorHandler(8, 'Undefined index: ta', 'APPPATH\\Views\\v_dashboard_siswa.php', 43, [...])
 2 SYSTEMPATH\View\View.php(213): include('APPPATH\\Views\\v_dashboard_siswa.php')
 3 SYSTEMPATH\View\View.php(216): CodeIgniter\View\View->CodeIgniter\View\{closure}()
 4 SYSTEMPATH\Common.php(1134): CodeIgniter\View\View->render('v_dashboard_siswa', [], true)
 5 APPPATH\Views\tampilan.php(373): view('v_dashboard_siswa')
 6 SYSTEMPATH\View\View.php(213): include('APPPATH\\Views\\tampilan.php')
 7 SYSTEMPATH\View\View.php(216): CodeIgniter\View\View->CodeIgniter\View\{closure}()
 8 SYSTEMPATH\Common.php(1134): CodeIgniter\View\View->render('tampilan', [], true)
 9 APPPATH\Controllers\Loginsiswa.php(28): view('tampilan', [...])
10 SYSTEMPATH\CodeIgniter.php(927): App\Controllers\loginsiswa->index()
11 SYSTEMPATH\CodeIgniter.php(482): CodeIgniter\CodeIgniter->runController(Object(App\Controllers\loginsiswa))
12 SYSTEMPATH\CodeIgniter.php(351): CodeIgniter\CodeIgniter->handleRequest(null, Object(Config\Cache), false)
13 FCPATH\index.php(67): CodeIgniter\CodeIgniter->run()
CRITICAL - 2022-12-02 20:47:40 --> Undefined index: ta_aktif
in APPPATH\Views\v_dashboard_siswa.php on line 43.
 1 APPPATH\Views\v_dashboard_siswa.php(43): CodeIgniter\Debug\Exceptions->errorHandler(8, 'Undefined index: ta_aktif', 'APPPATH\\Views\\v_dashboard_siswa.php', 43, [...])
 2 SYSTEMPATH\View\View.php(213): include('APPPATH\\Views\\v_dashboard_siswa.php')
 3 SYSTEMPATH\View\View.php(216): CodeIgniter\View\View->CodeIgniter\View\{closure}()
 4 SYSTEMPATH\Common.php(1134): CodeIgniter\View\View->render('v_dashboard_siswa', [], true)
 5 APPPATH\Views\tampilan.php(373): view('v_dashboard_siswa')
 6 SYSTEMPATH\View\View.php(213): include('APPPATH\\Views\\tampilan.php')
 7 SYSTEMPATH\View\View.php(216): CodeIgniter\View\View->CodeIgniter\View\{closure}()
 8 SYSTEMPATH\Common.php(1134): CodeIgniter\View\View->render('tampilan', [], true)
 9 APPPATH\Controllers\Loginsiswa.php(28): view('tampilan', [...])
10 SYSTEMPATH\CodeIgniter.php(927): App\Controllers\loginsiswa->index()
11 SYSTEMPATH\CodeIgniter.php(482): CodeIgniter\CodeIgniter->runController(Object(App\Controllers\loginsiswa))
12 SYSTEMPATH\CodeIgniter.php(351): CodeIgniter\CodeIgniter->handleRequest(null, Object(Config\Cache), false)
13 FCPATH\index.php(67): CodeIgniter\CodeIgniter->run()
CRITICAL - 2022-12-02 20:47:53 --> Undefined index: ta_aktif
in APPPATH\Views\v_dashboard_siswa.php on line 43.
 1 APPPATH\Views\v_dashboard_siswa.php(43): CodeIgniter\Debug\Exceptions->errorHandler(8, 'Undefined index: ta_aktif', 'APPPATH\\Views\\v_dashboard_siswa.php', 43, [...])
 2 SYSTEMPATH\View\View.php(213): include('APPPATH\\Views\\v_dashboard_siswa.php')
 3 SYSTEMPATH\View\View.php(216): CodeIgniter\View\View->CodeIgniter\View\{closure}()
 4 SYSTEMPATH\Common.php(1134): CodeIgniter\View\View->render('v_dashboard_siswa', [], true)
 5 APPPATH\Views\tampilan.php(373): view('v_dashboard_siswa')
 6 SYSTEMPATH\View\View.php(213): include('APPPATH\\Views\\tampilan.php')
 7 SYSTEMPATH\View\View.php(216): CodeIgniter\View\View->CodeIgniter\View\{closure}()
 8 SYSTEMPATH\Common.php(1134): CodeIgniter\View\View->render('tampilan', [], true)
 9 APPPATH\Controllers\Loginsiswa.php(28): view('tampilan', [...])
10 SYSTEMPATH\CodeIgniter.php(927): App\Controllers\loginsiswa->index()
11 SYSTEMPATH\CodeIgniter.php(482): CodeIgniter\CodeIgniter->runController(Object(App\Controllers\loginsiswa))
12 SYSTEMPATH\CodeIgniter.php(351): CodeIgniter\CodeIgniter->handleRequest(null, Object(Config\Cache), false)
13 FCPATH\index.php(67): CodeIgniter\CodeIgniter->run()
CRITICAL - 2022-12-02 20:48:26 --> Undefined index: ta
in APPPATH\Views\v_dashboard_siswa.php on line 43.
 1 APPPATH\Views\v_dashboard_siswa.php(43): CodeIgniter\Debug\Exceptions->errorHandler(8, 'Undefined index: ta', 'APPPATH\\Views\\v_dashboard_siswa.php', 43, [...])
 2 SYSTEMPATH\View\View.php(213): include('APPPATH\\Views\\v_dashboard_siswa.php')
 3 SYSTEMPATH\View\View.php(216): CodeIgniter\View\View->CodeIgniter\View\{closure}()
 4 SYSTEMPATH\Common.php(1134): CodeIgniter\View\View->render('v_dashboard_siswa', [], true)
 5 APPPATH\Views\tampilan.php(373): view('v_dashboard_siswa')
 6 SYSTEMPATH\View\View.php(213): include('APPPATH\\Views\\tampilan.php')
 7 SYSTEMPATH\View\View.php(216): CodeIgniter\View\View->CodeIgniter\View\{closure}()
 8 SYSTEMPATH\Common.php(1134): CodeIgniter\View\View->render('tampilan', [], true)
 9 APPPATH\Controllers\Loginsiswa.php(28): view('tampilan', [...])
10 SYSTEMPATH\CodeIgniter.php(927): App\Controllers\loginsiswa->index()
11 SYSTEMPATH\CodeIgniter.php(482): CodeIgniter\CodeIgniter->runController(Object(App\Controllers\loginsiswa))
12 SYSTEMPATH\CodeIgniter.php(351): CodeIgniter\CodeIgniter->handleRequest(null, Object(Config\Cache), false)
13 FCPATH\index.php(67): CodeIgniter\CodeIgniter->run()
CRITICAL - 2022-12-02 20:51:24 --> Undefined index: tahun
in APPPATH\Views\v_dashboard_siswa.php on line 43.
 1 APPPATH\Views\v_dashboard_siswa.php(43): CodeIgniter\Debug\Exceptions->errorHandler(8, 'Undefined index: tahun', 'APPPATH\\Views\\v_dashboard_siswa.php', 43, [...])
 2 SYSTEMPATH\View\View.php(213): include('APPPATH\\Views\\v_dashboard_siswa.php')
 3 SYSTEMPATH\View\View.php(216): CodeIgniter\View\View->CodeIgniter\View\{closure}()
 4 SYSTEMPATH\Common.php(1134): CodeIgniter\View\View->render('v_dashboard_siswa', [], true)
 5 APPPATH\Views\tampilan.php(373): view('v_dashboard_siswa')
 6 SYSTEMPATH\View\View.php(213): include('APPPATH\\Views\\tampilan.php')
 7 SYSTEMPATH\View\View.php(216): CodeIgniter\View\View->CodeIgniter\View\{closure}()
 8 SYSTEMPATH\Common.php(1134): CodeIgniter\View\View->render('tampilan', [], true)
 9 APPPATH\Controllers\Loginsiswa.php(29): view('tampilan', [...])
10 SYSTEMPATH\CodeIgniter.php(927): App\Controllers\loginsiswa->index()
11 SYSTEMPATH\CodeIgniter.php(482): CodeIgniter\CodeIgniter->runController(Object(App\Controllers\loginsiswa))
12 SYSTEMPATH\CodeIgniter.php(351): CodeIgniter\CodeIgniter->handleRequest(null, Object(Config\Cache), false)
13 FCPATH\index.php(67): CodeIgniter\CodeIgniter->run()
CRITICAL - 2022-12-02 20:51:56 --> Trying to access array offset on value of type null
in APPPATH\Views\master\ap\detail.php on line 10.
 1 APPPATH\Views\master\ap\detail.php(10): CodeIgniter\Debug\Exceptions->errorHandler(8, 'Trying to access array offset on value of type null', 'APPPATH\\Views\\master\\ap\\detail.php', 10, [...])
 2 SYSTEMPATH\View\View.php(213): include('APPPATH\\Views\\master\\ap\\detail.php')
 3 SYSTEMPATH\View\View.php(216): CodeIgniter\View\View->CodeIgniter\View\{closure}()
 4 SYSTEMPATH\Common.php(1134): CodeIgniter\View\View->render('master/ap/detail', [], true)
 5 APPPATH\Views\tampilan.php(373): view('master/ap/detail')
 6 SYSTEMPATH\View\View.php(213): include('APPPATH\\Views\\tampilan.php')
 7 SYSTEMPATH\View\View.php(216): CodeIgniter\View\View->CodeIgniter\View\{closure}()
 8 SYSTEMPATH\Common.php(1134): CodeIgniter\View\View->render('tampilan', [], true)
 9 APPPATH\Controllers\Ap.php(39): view('tampilan', [...])
10 SYSTEMPATH\CodeIgniter.php(927): App\Controllers\Ap->detail('gedung')
11 SYSTEMPATH\CodeIgniter.php(482): CodeIgniter\CodeIgniter->runController(Object(App\Controllers\Ap))
12 SYSTEMPATH\CodeIgniter.php(351): CodeIgniter\CodeIgniter->handleRequest(null, Object(Config\Cache), false)
13 FCPATH\index.php(67): CodeIgniter\CodeIgniter->run()
CRITICAL - 2022-12-02 20:52:52 --> Undefined index: tahun
in APPPATH\Views\v_dashboard_siswa.php on line 43.
 1 APPPATH\Views\v_dashboard_siswa.php(43): CodeIgniter\Debug\Exceptions->errorHandler(8, 'Undefined index: tahun', 'APPPATH\\Views\\v_dashboard_siswa.php', 43, [...])
 2 SYSTEMPATH\View\View.php(213): include('APPPATH\\Views\\v_dashboard_siswa.php')
 3 SYSTEMPATH\View\View.php(216): CodeIgniter\View\View->CodeIgniter\View\{closure}()
 4 SYSTEMPATH\Common.php(1134): CodeIgniter\View\View->render('v_dashboard_siswa', [], true)
 5 APPPATH\Views\tampilan.php(373): view('v_dashboard_siswa')
 6 SYSTEMPATH\View\View.php(213): include('APPPATH\\Views\\tampilan.php')
 7 SYSTEMPATH\View\View.php(216): CodeIgniter\View\View->CodeIgniter\View\{closure}()
 8 SYSTEMPATH\Common.php(1134): CodeIgniter\View\View->render('tampilan', [], true)
 9 APPPATH\Controllers\Loginsiswa.php(29): view('tampilan', [...])
10 SYSTEMPATH\CodeIgniter.php(927): App\Controllers\loginsiswa->index()
11 SYSTEMPATH\CodeIgniter.php(482): CodeIgniter\CodeIgniter->runController(Object(App\Controllers\loginsiswa))
12 SYSTEMPATH\CodeIgniter.php(351): CodeIgniter\CodeIgniter->handleRequest(null, Object(Config\Cache), false)
13 FCPATH\index.php(67): CodeIgniter\CodeIgniter->run()
CRITICAL - 2022-12-02 20:54:28 --> You must set the database table to be used with your query.
in SYSTEMPATH\Database\BaseConnection.php on line 845.
 1 SYSTEMPATH\Model.php(587): CodeIgniter\Database\BaseConnection->table(null)
 2 SYSTEMPATH\Model.php(764): CodeIgniter\Model->builder()
 3 APPPATH\Controllers\Loginsiswa.php(28): CodeIgniter\Model->__call('DataSiswa', [])
 4 SYSTEMPATH\CodeIgniter.php(927): App\Controllers\loginsiswa->index()
 5 SYSTEMPATH\CodeIgniter.php(482): CodeIgniter\CodeIgniter->runController(Object(App\Controllers\loginsiswa))
 6 SYSTEMPATH\CodeIgniter.php(351): CodeIgniter\CodeIgniter->handleRequest(null, Object(Config\Cache), false)
 7 FCPATH\index.php(67): CodeIgniter\CodeIgniter->run()
CRITICAL - 2022-12-02 20:57:59 --> You must set the database table to be used with your query.
in SYSTEMPATH\Database\BaseConnection.php on line 845.
 1 SYSTEMPATH\Model.php(587): CodeIgniter\Database\BaseConnection->table(null)
 2 SYSTEMPATH\Model.php(764): CodeIgniter\Model->builder()
 3 APPPATH\Controllers\Loginsiswa.php(28): CodeIgniter\Model->__call('DataSiswa', [])
 4 SYSTEMPATH\CodeIgniter.php(927): App\Controllers\loginsiswa->index()
 5 SYSTEMPATH\CodeIgniter.php(482): CodeIgniter\CodeIgniter->runController(Object(App\Controllers\loginsiswa))
 6 SYSTEMPATH\CodeIgniter.php(351): CodeIgniter\CodeIgniter->handleRequest(null, Object(Config\Cache), false)
 7 FCPATH\index.php(67): CodeIgniter\CodeIgniter->run()
CRITICAL - 2022-12-02 20:58:19 --> You must set the database table to be used with your query.
in SYSTEMPATH\Database\BaseConnection.php on line 845.
 1 SYSTEMPATH\Model.php(587): CodeIgniter\Database\BaseConnection->table(null)
 2 SYSTEMPATH\Model.php(764): CodeIgniter\Model->builder()
 3 APPPATH\Controllers\Loginsiswa.php(28): CodeIgniter\Model->__call('DataSiswa', [])
 4 SYSTEMPATH\CodeIgniter.php(927): App\Controllers\loginsiswa->index()
 5 SYSTEMPATH\CodeIgniter.php(482): CodeIgniter\CodeIgniter->runController(Object(App\Controllers\loginsiswa))
 6 SYSTEMPATH\CodeIgniter.php(351): CodeIgniter\CodeIgniter->handleRequest(null, Object(Config\Cache), false)
 7 FCPATH\index.php(67): CodeIgniter\CodeIgniter->run()
CRITICAL - 2022-12-02 20:59:56 --> You must set the database table to be used with your query.
in SYSTEMPATH\Database\BaseConnection.php on line 845.
 1 SYSTEMPATH\Model.php(587): CodeIgniter\Database\BaseConnection->table(null)
 2 SYSTEMPATH\Model.php(764): CodeIgniter\Model->builder()
 3 APPPATH\Controllers\Loginsiswa.php(28): CodeIgniter\Model->__call('DataSiswa', [])
 4 SYSTEMPATH\CodeIgniter.php(927): App\Controllers\loginsiswa->index()
 5 SYSTEMPATH\CodeIgniter.php(482): CodeIgniter\CodeIgniter->runController(Object(App\Controllers\loginsiswa))
 6 SYSTEMPATH\CodeIgniter.php(351): CodeIgniter\CodeIgniter->handleRequest(null, Object(Config\Cache), false)
 7 FCPATH\index.php(67): CodeIgniter\CodeIgniter->run()
CRITICAL - 2022-12-02 21:01:34 --> You must set the database table to be used with your query.
in SYSTEMPATH\Database\BaseConnection.php on line 845.
 1 SYSTEMPATH\Model.php(587): CodeIgniter\Database\BaseConnection->table(null)
 2 SYSTEMPATH\Model.php(764): CodeIgniter\Model->builder()
 3 APPPATH\Controllers\Loginsiswa.php(28): CodeIgniter\Model->__call('DataSiswa', [])
 4 SYSTEMPATH\CodeIgniter.php(927): App\Controllers\loginsiswa->index()
 5 SYSTEMPATH\CodeIgniter.php(482): CodeIgniter\CodeIgniter->runController(Object(App\Controllers\loginsiswa))
 6 SYSTEMPATH\CodeIgniter.php(351): CodeIgniter\CodeIgniter->handleRequest(null, Object(Config\Cache), false)
 7 FCPATH\index.php(67): CodeIgniter\CodeIgniter->run()
CRITICAL - 2022-12-02 21:01:36 --> You must set the database table to be used with your query.
in SYSTEMPATH\Database\BaseConnection.php on line 845.
 1 SYSTEMPATH\Model.php(587): CodeIgniter\Database\BaseConnection->table(null)
 2 SYSTEMPATH\Model.php(764): CodeIgniter\Model->builder()
 3 APPPATH\Controllers\Loginsiswa.php(28): CodeIgniter\Model->__call('DataSiswa', [])
 4 SYSTEMPATH\CodeIgniter.php(927): App\Controllers\loginsiswa->index()
 5 SYSTEMPATH\CodeIgniter.php(482): CodeIgniter\CodeIgniter->runController(Object(App\Controllers\loginsiswa))
 6 SYSTEMPATH\CodeIgniter.php(351): CodeIgniter\CodeIgniter->handleRequest(null, Object(Config\Cache), false)
 7 FCPATH\index.php(67): CodeIgniter\CodeIgniter->run()
