ERROR - 2023-03-23 08:20:20 --> mysqli_sql_exception: Column 'id_jadwal' in where clause is ambiguous in C:\xampp\htdocs\siakad2\vendor\codeigniter4\framework\system\Database\MySQLi\Connection.php:295
Stack trace:
#0 C:\xampp\htdocs\siakad2\vendor\codeigniter4\framework\system\Database\MySQLi\Connection.php(295): mysqli->query('SELECT *\nFROM `...', 0)
#1 C:\xampp\htdocs\siakad2\vendor\codeigniter4\framework\system\Database\BaseConnection.php(691): CodeIgniter\Database\MySQLi\Connection->execute('SELECT *\nFROM `...')
#2 C:\xampp\htdocs\siakad2\vendor\codeigniter4\framework\system\Database\BaseConnection.php(605): CodeIgniter\Database\BaseConnection->simpleQuery('SELECT *\nFROM `...')
#3 C:\xampp\htdocs\siakad2\vendor\codeigniter4\framework\system\Database\BaseBuilder.php(1616): CodeIgniter\Database\BaseConnection->query('SELECT *\nFROM `...', Array, false)
#4 C:\xampp\htdocs\siakad2\app\Models\ModelGr.php(71): CodeIgniter\Database\BaseBuilder->get()
#5 C:\xampp\htdocs\siakad2\app\Controllers\Loginguru1.php(158): App\Models\ModelGr->siswa('105')
#6 C:\xampp\htdocs\siakad2\vendor\codeigniter4\framework\system\CodeIgniter.php(934): App\Controllers\loginguru1->datanilai('105')
#7 C:\xampp\htdocs\siakad2\vendor\codeigniter4\framework\system\CodeIgniter.php(499): CodeIgniter\CodeIgniter->runController(Object(App\Controllers\loginguru1))
#8 C:\xampp\htdocs\siakad2\vendor\codeigniter4\framework\system\CodeIgniter.php(368): CodeIgniter\CodeIgniter->handleRequest(NULL, Object(Config\Cache), false)
#9 C:\xampp\htdocs\siakad2\public\index.php(67): CodeIgniter\CodeIgniter->run()
#10 {main}
CRITICAL - 2023-03-23 08:20:20 --> Column 'id_jadwal' in where clause is ambiguous
in SYSTEMPATH\Database\BaseConnection.php on line 645.
 1 SYSTEMPATH\Database\BaseBuilder.php(1616): CodeIgniter\Database\BaseConnection->query('SELECT *
FROM `tbl_nilai`
LEFT JOIN `tbl_siswa` ON `tbl_siswa`.`nis` = `tbl_nilai`.`nis`
LEFT JOIN `tbl_jadwal` ON `tbl_jadwal`.`id_jadwal` = `tbl_nilai`.`id_jadwal`
WHERE `id_jadwal` = :id_jadwal:', [...], false)
 2 APPPATH\Models\ModelGr.php(71): CodeIgniter\Database\BaseBuilder->get()
 3 APPPATH\Controllers\Loginguru1.php(158): App\Models\ModelGr->siswa('105')
 4 SYSTEMPATH\CodeIgniter.php(934): App\Controllers\loginguru1->datanilai('105')
 5 SYSTEMPATH\CodeIgniter.php(499): CodeIgniter\CodeIgniter->runController(Object(App\Controllers\loginguru1))
 6 SYSTEMPATH\CodeIgniter.php(368): CodeIgniter\CodeIgniter->handleRequest(null, Object(Config\Cache), false)
 7 FCPATH\index.php(67): CodeIgniter\CodeIgniter->run()
CRITICAL - 2023-03-23 08:21:53 --> Too few arguments to function App\Controllers\loginguru1::datanilai(), 1 passed in C:\xampp\htdocs\siakad2\vendor\codeigniter4\framework\system\CodeIgniter.php on line 934 and exactly 2 expected
in APPPATH\Controllers\Loginguru1.php on line 151.
 1 SYSTEMPATH\CodeIgniter.php(934): App\Controllers\loginguru1->datanilai('105')
 2 SYSTEMPATH\CodeIgniter.php(499): CodeIgniter\CodeIgniter->runController(Object(App\Controllers\loginguru1))
 3 SYSTEMPATH\CodeIgniter.php(368): CodeIgniter\CodeIgniter->handleRequest(null, Object(Config\Cache), false)
 4 FCPATH\index.php(67): CodeIgniter\CodeIgniter->run()
CRITICAL - 2023-03-23 08:24:43 --> You must set the database table to be used with your query.
in SYSTEMPATH\Database\BaseConnection.php on line 882.
 1 SYSTEMPATH\Model.php(642): CodeIgniter\Database\BaseConnection->table(null)
 2 SYSTEMPATH\Model.php(803): CodeIgniter\Model->builder()
 3 APPPATH\Models\ModelGr.php(74): CodeIgniter\Model->__get('session')
 4 APPPATH\Controllers\Loginguru1.php(158): App\Models\ModelGr->siswa('105')
 5 SYSTEMPATH\CodeIgniter.php(934): App\Controllers\loginguru1->datanilai('105')
 6 SYSTEMPATH\CodeIgniter.php(499): CodeIgniter\CodeIgniter->runController(Object(App\Controllers\loginguru1))
 7 SYSTEMPATH\CodeIgniter.php(368): CodeIgniter\CodeIgniter->handleRequest(null, Object(Config\Cache), false)
 8 FCPATH\index.php(67): CodeIgniter\CodeIgniter->run()
CRITICAL - 2023-03-23 08:25:12 --> Call to a member function userdata() on null
in APPPATH\Models\ModelGr.php on line 74.
 1 APPPATH\Controllers\Loginguru1.php(158): App\Models\ModelGr->siswa('105')
 2 SYSTEMPATH\CodeIgniter.php(934): App\Controllers\loginguru1->datanilai('105')
 3 SYSTEMPATH\CodeIgniter.php(499): CodeIgniter\CodeIgniter->runController(Object(App\Controllers\loginguru1))
 4 SYSTEMPATH\CodeIgniter.php(368): CodeIgniter\CodeIgniter->handleRequest(null, Object(Config\Cache), false)
 5 FCPATH\index.php(67): CodeIgniter\CodeIgniter->run()
CRITICAL - 2023-03-23 08:27:41 --> Call to a member function userdata() on null
in APPPATH\Models\ModelGr.php on line 74.
 1 APPPATH\Controllers\Loginguru1.php(158): App\Models\ModelGr->siswa('105')
 2 SYSTEMPATH\CodeIgniter.php(934): App\Controllers\loginguru1->datanilai('105')
 3 SYSTEMPATH\CodeIgniter.php(499): CodeIgniter\CodeIgniter->runController(Object(App\Controllers\loginguru1))
 4 SYSTEMPATH\CodeIgniter.php(368): CodeIgniter\CodeIgniter->handleRequest(null, Object(Config\Cache), false)
 5 FCPATH\index.php(67): CodeIgniter\CodeIgniter->run()
CRITICAL - 2023-03-23 08:27:44 --> Call to a member function userdata() on null
in APPPATH\Models\ModelGr.php on line 74.
 1 APPPATH\Controllers\Loginguru1.php(158): App\Models\ModelGr->siswa('105')
 2 SYSTEMPATH\CodeIgniter.php(934): App\Controllers\loginguru1->datanilai('105')
 3 SYSTEMPATH\CodeIgniter.php(499): CodeIgniter\CodeIgniter->runController(Object(App\Controllers\loginguru1))
 4 SYSTEMPATH\CodeIgniter.php(368): CodeIgniter\CodeIgniter->handleRequest(null, Object(Config\Cache), false)
 5 FCPATH\index.php(67): CodeIgniter\CodeIgniter->run()
CRITICAL - 2023-03-23 08:28:59 --> Call to a member function userdata() on null
in APPPATH\Models\ModelGr.php on line 74.
 1 APPPATH\Controllers\Loginguru1.php(158): App\Models\ModelGr->siswa('105')
 2 SYSTEMPATH\CodeIgniter.php(934): App\Controllers\loginguru1->datanilai('105')
 3 SYSTEMPATH\CodeIgniter.php(499): CodeIgniter\CodeIgniter->runController(Object(App\Controllers\loginguru1))
 4 SYSTEMPATH\CodeIgniter.php(368): CodeIgniter\CodeIgniter->handleRequest(null, Object(Config\Cache), false)
 5 FCPATH\index.php(67): CodeIgniter\CodeIgniter->run()
ERROR - 2023-03-23 08:31:09 --> mysqli_sql_exception: Table 'db_siakadtk.siswa' doesn't exist in C:\xampp\htdocs\siakad2\vendor\codeigniter4\framework\system\Database\MySQLi\Connection.php:295
Stack trace:
#0 C:\xampp\htdocs\siakad2\vendor\codeigniter4\framework\system\Database\MySQLi\Connection.php(295): mysqli->query('SELECT `siswa`....', 0)
#1 C:\xampp\htdocs\siakad2\vendor\codeigniter4\framework\system\Database\BaseConnection.php(691): CodeIgniter\Database\MySQLi\Connection->execute('SELECT `siswa`....')
#2 C:\xampp\htdocs\siakad2\vendor\codeigniter4\framework\system\Database\BaseConnection.php(605): CodeIgniter\Database\BaseConnection->simpleQuery('SELECT `siswa`....')
#3 C:\xampp\htdocs\siakad2\vendor\codeigniter4\framework\system\Database\BaseBuilder.php(1616): CodeIgniter\Database\BaseConnection->query('SELECT `siswa`....', Array, false)
#4 C:\xampp\htdocs\siakad2\app\Models\ModelGr.php(76): CodeIgniter\Database\BaseBuilder->get()
#5 C:\xampp\htdocs\siakad2\app\Controllers\Loginguru1.php(158): App\Models\ModelGr->siswa('105')
#6 C:\xampp\htdocs\siakad2\vendor\codeigniter4\framework\system\CodeIgniter.php(934): App\Controllers\loginguru1->datanilai('105')
#7 C:\xampp\htdocs\siakad2\vendor\codeigniter4\framework\system\CodeIgniter.php(499): CodeIgniter\CodeIgniter->runController(Object(App\Controllers\loginguru1))
#8 C:\xampp\htdocs\siakad2\vendor\codeigniter4\framework\system\CodeIgniter.php(368): CodeIgniter\CodeIgniter->handleRequest(NULL, Object(Config\Cache), false)
#9 C:\xampp\htdocs\siakad2\public\index.php(67): CodeIgniter\CodeIgniter->run()
#10 {main}
CRITICAL - 2023-03-23 08:31:09 --> Table 'db_siakadtk.siswa' doesn't exist
in SYSTEMPATH\Database\BaseConnection.php on line 645.
 1 SYSTEMPATH\Database\BaseBuilder.php(1616): CodeIgniter\Database\BaseConnection->query('SELECT `siswa`.*, `nilai`.`id_nilai`
FROM (`tbl_nilai`, `siswa`)
LEFT JOIN `tbl_siswa` ON `tbl_siswa`.`nis` = `tbl_nilai`.`nis`
LEFT JOIN `tbl_jadwal` ON `tbl_jadwal`.`id_jadwal` = `tbl_nilai`.`id_jadwal`
LEFT JOIN `tbl_kelas` ON `tbl_kelas`.`id_kelas` = `tbl_jadwal`.`id_kelas`
WHERE `tbl_nilai`.`id_jadwal` = :tbl_nilai.id_jadwal:', [...], false)
 2 APPPATH\Models\ModelGr.php(76): CodeIgniter\Database\BaseBuilder->get()
 3 APPPATH\Controllers\Loginguru1.php(158): App\Models\ModelGr->siswa('105')
 4 SYSTEMPATH\CodeIgniter.php(934): App\Controllers\loginguru1->datanilai('105')
 5 SYSTEMPATH\CodeIgniter.php(499): CodeIgniter\CodeIgniter->runController(Object(App\Controllers\loginguru1))
 6 SYSTEMPATH\CodeIgniter.php(368): CodeIgniter\CodeIgniter->handleRequest(null, Object(Config\Cache), false)
 7 FCPATH\index.php(67): CodeIgniter\CodeIgniter->run()
ERROR - 2023-03-23 08:31:25 --> mysqli_sql_exception: Not unique table/alias: 'tbl_siswa' in C:\xampp\htdocs\siakad2\vendor\codeigniter4\framework\system\Database\MySQLi\Connection.php:295
Stack trace:
#0 C:\xampp\htdocs\siakad2\vendor\codeigniter4\framework\system\Database\MySQLi\Connection.php(295): mysqli->query('SELECT `siswa`....', 0)
#1 C:\xampp\htdocs\siakad2\vendor\codeigniter4\framework\system\Database\BaseConnection.php(691): CodeIgniter\Database\MySQLi\Connection->execute('SELECT `siswa`....')
#2 C:\xampp\htdocs\siakad2\vendor\codeigniter4\framework\system\Database\BaseConnection.php(605): CodeIgniter\Database\BaseConnection->simpleQuery('SELECT `siswa`....')
#3 C:\xampp\htdocs\siakad2\vendor\codeigniter4\framework\system\Database\BaseBuilder.php(1616): CodeIgniter\Database\BaseConnection->query('SELECT `siswa`....', Array, false)
#4 C:\xampp\htdocs\siakad2\app\Models\ModelGr.php(76): CodeIgniter\Database\BaseBuilder->get()
#5 C:\xampp\htdocs\siakad2\app\Controllers\Loginguru1.php(158): App\Models\ModelGr->siswa('105')
#6 C:\xampp\htdocs\siakad2\vendor\codeigniter4\framework\system\CodeIgniter.php(934): App\Controllers\loginguru1->datanilai('105')
#7 C:\xampp\htdocs\siakad2\vendor\codeigniter4\framework\system\CodeIgniter.php(499): CodeIgniter\CodeIgniter->runController(Object(App\Controllers\loginguru1))
#8 C:\xampp\htdocs\siakad2\vendor\codeigniter4\framework\system\CodeIgniter.php(368): CodeIgniter\CodeIgniter->handleRequest(NULL, Object(Config\Cache), false)
#9 C:\xampp\htdocs\siakad2\public\index.php(67): CodeIgniter\CodeIgniter->run()
#10 {main}
CRITICAL - 2023-03-23 08:31:25 --> Not unique table/alias: 'tbl_siswa'
in SYSTEMPATH\Database\BaseConnection.php on line 645.
 1 SYSTEMPATH\Database\BaseBuilder.php(1616): CodeIgniter\Database\BaseConnection->query('SELECT `siswa`.*, `nilai`.`id_nilai`
FROM (`tbl_nilai`, `tbl_siswa`)
LEFT JOIN `tbl_siswa` ON `tbl_siswa`.`nis` = `tbl_nilai`.`nis`
LEFT JOIN `tbl_jadwal` ON `tbl_jadwal`.`id_jadwal` = `tbl_nilai`.`id_jadwal`
LEFT JOIN `tbl_kelas` ON `tbl_kelas`.`id_kelas` = `tbl_jadwal`.`id_kelas`
WHERE `tbl_nilai`.`id_jadwal` = :tbl_nilai.id_jadwal:', [...], false)
 2 APPPATH\Models\ModelGr.php(76): CodeIgniter\Database\BaseBuilder->get()
 3 APPPATH\Controllers\Loginguru1.php(158): App\Models\ModelGr->siswa('105')
 4 SYSTEMPATH\CodeIgniter.php(934): App\Controllers\loginguru1->datanilai('105')
 5 SYSTEMPATH\CodeIgniter.php(499): CodeIgniter\CodeIgniter->runController(Object(App\Controllers\loginguru1))
 6 SYSTEMPATH\CodeIgniter.php(368): CodeIgniter\CodeIgniter->handleRequest(null, Object(Config\Cache), false)
 7 FCPATH\index.php(67): CodeIgniter\CodeIgniter->run()
ERROR - 2023-03-23 08:31:46 --> mysqli_sql_exception: Not unique table/alias: 'tbl_siswa' in C:\xampp\htdocs\siakad2\vendor\codeigniter4\framework\system\Database\MySQLi\Connection.php:295
Stack trace:
#0 C:\xampp\htdocs\siakad2\vendor\codeigniter4\framework\system\Database\MySQLi\Connection.php(295): mysqli->query('SELECT `tbl_sis...', 0)
#1 C:\xampp\htdocs\siakad2\vendor\codeigniter4\framework\system\Database\BaseConnection.php(691): CodeIgniter\Database\MySQLi\Connection->execute('SELECT `tbl_sis...')
#2 C:\xampp\htdocs\siakad2\vendor\codeigniter4\framework\system\Database\BaseConnection.php(605): CodeIgniter\Database\BaseConnection->simpleQuery('SELECT `tbl_sis...')
#3 C:\xampp\htdocs\siakad2\vendor\codeigniter4\framework\system\Database\BaseBuilder.php(1616): CodeIgniter\Database\BaseConnection->query('SELECT `tbl_sis...', Array, false)
#4 C:\xampp\htdocs\siakad2\app\Models\ModelGr.php(76): CodeIgniter\Database\BaseBuilder->get()
#5 C:\xampp\htdocs\siakad2\app\Controllers\Loginguru1.php(158): App\Models\ModelGr->siswa('105')
#6 C:\xampp\htdocs\siakad2\vendor\codeigniter4\framework\system\CodeIgniter.php(934): App\Controllers\loginguru1->datanilai('105')
#7 C:\xampp\htdocs\siakad2\vendor\codeigniter4\framework\system\CodeIgniter.php(499): CodeIgniter\CodeIgniter->runController(Object(App\Controllers\loginguru1))
#8 C:\xampp\htdocs\siakad2\vendor\codeigniter4\framework\system\CodeIgniter.php(368): CodeIgniter\CodeIgniter->handleRequest(NULL, Object(Config\Cache), false)
#9 C:\xampp\htdocs\siakad2\public\index.php(67): CodeIgniter\CodeIgniter->run()
#10 {main}
CRITICAL - 2023-03-23 08:31:46 --> Not unique table/alias: 'tbl_siswa'
in SYSTEMPATH\Database\BaseConnection.php on line 645.
 1 SYSTEMPATH\Database\BaseBuilder.php(1616): CodeIgniter\Database\BaseConnection->query('SELECT `tbl_siswa`.*, `nilai`.`id_nilai`
FROM (`tbl_nilai`, `tbl_siswa`)
LEFT JOIN `tbl_siswa` ON `tbl_siswa`.`nis` = `tbl_nilai`.`nis`
LEFT JOIN `tbl_jadwal` ON `tbl_jadwal`.`id_jadwal` = `tbl_nilai`.`id_jadwal`
LEFT JOIN `tbl_kelas` ON `tbl_kelas`.`id_kelas` = `tbl_jadwal`.`id_kelas`
WHERE `tbl_nilai`.`id_jadwal` = :tbl_nilai.id_jadwal:', [...], false)
 2 APPPATH\Models\ModelGr.php(76): CodeIgniter\Database\BaseBuilder->get()
 3 APPPATH\Controllers\Loginguru1.php(158): App\Models\ModelGr->siswa('105')
 4 SYSTEMPATH\CodeIgniter.php(934): App\Controllers\loginguru1->datanilai('105')
 5 SYSTEMPATH\CodeIgniter.php(499): CodeIgniter\CodeIgniter->runController(Object(App\Controllers\loginguru1))
 6 SYSTEMPATH\CodeIgniter.php(368): CodeIgniter\CodeIgniter->handleRequest(null, Object(Config\Cache), false)
 7 FCPATH\index.php(67): CodeIgniter\CodeIgniter->run()
ERROR - 2023-03-23 08:31:58 --> mysqli_sql_exception: Table 'db_siakadtk.id_siswa' doesn't exist in C:\xampp\htdocs\siakad2\vendor\codeigniter4\framework\system\Database\MySQLi\Connection.php:295
Stack trace:
#0 C:\xampp\htdocs\siakad2\vendor\codeigniter4\framework\system\Database\MySQLi\Connection.php(295): mysqli->query('SELECT `id_sisw...', 0)
#1 C:\xampp\htdocs\siakad2\vendor\codeigniter4\framework\system\Database\BaseConnection.php(691): CodeIgniter\Database\MySQLi\Connection->execute('SELECT `id_sisw...')
#2 C:\xampp\htdocs\siakad2\vendor\codeigniter4\framework\system\Database\BaseConnection.php(605): CodeIgniter\Database\BaseConnection->simpleQuery('SELECT `id_sisw...')
#3 C:\xampp\htdocs\siakad2\vendor\codeigniter4\framework\system\Database\BaseBuilder.php(1616): CodeIgniter\Database\BaseConnection->query('SELECT `id_sisw...', Array, false)
#4 C:\xampp\htdocs\siakad2\app\Models\ModelGr.php(76): CodeIgniter\Database\BaseBuilder->get()
#5 C:\xampp\htdocs\siakad2\app\Controllers\Loginguru1.php(158): App\Models\ModelGr->siswa('105')
#6 C:\xampp\htdocs\siakad2\vendor\codeigniter4\framework\system\CodeIgniter.php(934): App\Controllers\loginguru1->datanilai('105')
#7 C:\xampp\htdocs\siakad2\vendor\codeigniter4\framework\system\CodeIgniter.php(499): CodeIgniter\CodeIgniter->runController(Object(App\Controllers\loginguru1))
#8 C:\xampp\htdocs\siakad2\vendor\codeigniter4\framework\system\CodeIgniter.php(368): CodeIgniter\CodeIgniter->handleRequest(NULL, Object(Config\Cache), false)
#9 C:\xampp\htdocs\siakad2\public\index.php(67): CodeIgniter\CodeIgniter->run()
#10 {main}
CRITICAL - 2023-03-23 08:31:58 --> Table 'db_siakadtk.id_siswa' doesn't exist
in SYSTEMPATH\Database\BaseConnection.php on line 645.
 1 SYSTEMPATH\Database\BaseBuilder.php(1616): CodeIgniter\Database\BaseConnection->query('SELECT `id_siswa`.*, `nilai`.`id_nilai`
FROM (`tbl_nilai`, `id_siswa`)
LEFT JOIN `tbl_siswa` ON `tbl_siswa`.`nis` = `tbl_nilai`.`nis`
LEFT JOIN `tbl_jadwal` ON `tbl_jadwal`.`id_jadwal` = `tbl_nilai`.`id_jadwal`
LEFT JOIN `tbl_kelas` ON `tbl_kelas`.`id_kelas` = `tbl_jadwal`.`id_kelas`
WHERE `tbl_nilai`.`id_jadwal` = :tbl_nilai.id_jadwal:', [...], false)
 2 APPPATH\Models\ModelGr.php(76): CodeIgniter\Database\BaseBuilder->get()
 3 APPPATH\Controllers\Loginguru1.php(158): App\Models\ModelGr->siswa('105')
 4 SYSTEMPATH\CodeIgniter.php(934): App\Controllers\loginguru1->datanilai('105')
 5 SYSTEMPATH\CodeIgniter.php(499): CodeIgniter\CodeIgniter->runController(Object(App\Controllers\loginguru1))
 6 SYSTEMPATH\CodeIgniter.php(368): CodeIgniter\CodeIgniter->handleRequest(null, Object(Config\Cache), false)
 7 FCPATH\index.php(67): CodeIgniter\CodeIgniter->run()
ERROR - 2023-03-23 08:32:26 --> mysqli_sql_exception: Not unique table/alias: 'tbl_siswa' in C:\xampp\htdocs\siakad2\vendor\codeigniter4\framework\system\Database\MySQLi\Connection.php:295
Stack trace:
#0 C:\xampp\htdocs\siakad2\vendor\codeigniter4\framework\system\Database\MySQLi\Connection.php(295): mysqli->query('SELECT `tbl_sis...', 0)
#1 C:\xampp\htdocs\siakad2\vendor\codeigniter4\framework\system\Database\BaseConnection.php(691): CodeIgniter\Database\MySQLi\Connection->execute('SELECT `tbl_sis...')
#2 C:\xampp\htdocs\siakad2\vendor\codeigniter4\framework\system\Database\BaseConnection.php(605): CodeIgniter\Database\BaseConnection->simpleQuery('SELECT `tbl_sis...')
#3 C:\xampp\htdocs\siakad2\vendor\codeigniter4\framework\system\Database\BaseBuilder.php(1616): CodeIgniter\Database\BaseConnection->query('SELECT `tbl_sis...', Array, false)
#4 C:\xampp\htdocs\siakad2\app\Models\ModelGr.php(76): CodeIgniter\Database\BaseBuilder->get()
#5 C:\xampp\htdocs\siakad2\app\Controllers\Loginguru1.php(158): App\Models\ModelGr->siswa('105')
#6 C:\xampp\htdocs\siakad2\vendor\codeigniter4\framework\system\CodeIgniter.php(934): App\Controllers\loginguru1->datanilai('105')
#7 C:\xampp\htdocs\siakad2\vendor\codeigniter4\framework\system\CodeIgniter.php(499): CodeIgniter\CodeIgniter->runController(Object(App\Controllers\loginguru1))
#8 C:\xampp\htdocs\siakad2\vendor\codeigniter4\framework\system\CodeIgniter.php(368): CodeIgniter\CodeIgniter->handleRequest(NULL, Object(Config\Cache), false)
#9 C:\xampp\htdocs\siakad2\public\index.php(67): CodeIgniter\CodeIgniter->run()
#10 {main}
CRITICAL - 2023-03-23 08:32:26 --> Not unique table/alias: 'tbl_siswa'
in SYSTEMPATH\Database\BaseConnection.php on line 645.
 1 SYSTEMPATH\Database\BaseBuilder.php(1616): CodeIgniter\Database\BaseConnection->query('SELECT `tbl_siswa`.*, `nilai`.`id_nilai`
FROM (`tbl_nilai`, `tbl_siswa`)
LEFT JOIN `tbl_siswa` ON `tbl_siswa`.`nis` = `tbl_nilai`.`nis`
LEFT JOIN `tbl_jadwal` ON `tbl_jadwal`.`id_jadwal` = `tbl_nilai`.`id_jadwal`
LEFT JOIN `tbl_kelas` ON `tbl_kelas`.`id_kelas` = `tbl_jadwal`.`id_kelas`
WHERE `tbl_nilai`.`id_jadwal` = :tbl_nilai.id_jadwal:', [...], false)
 2 APPPATH\Models\ModelGr.php(76): CodeIgniter\Database\BaseBuilder->get()
 3 APPPATH\Controllers\Loginguru1.php(158): App\Models\ModelGr->siswa('105')
 4 SYSTEMPATH\CodeIgniter.php(934): App\Controllers\loginguru1->datanilai('105')
 5 SYSTEMPATH\CodeIgniter.php(499): CodeIgniter\CodeIgniter->runController(Object(App\Controllers\loginguru1))
 6 SYSTEMPATH\CodeIgniter.php(368): CodeIgniter\CodeIgniter->handleRequest(null, Object(Config\Cache), false)
 7 FCPATH\index.php(67): CodeIgniter\CodeIgniter->run()
CRITICAL - 2023-03-23 08:34:49 --> Too few arguments to function App\Models\ModelGr::siswa(), 1 passed in C:\xampp\htdocs\siakad2\app\Controllers\Loginguru1.php on line 158 and exactly 2 expected
in APPPATH\Models\ModelGr.php on line 65.
 1 APPPATH\Controllers\Loginguru1.php(158): App\Models\ModelGr->siswa('105')
 2 SYSTEMPATH\CodeIgniter.php(934): App\Controllers\loginguru1->datanilai('105')
 3 SYSTEMPATH\CodeIgniter.php(499): CodeIgniter\CodeIgniter->runController(Object(App\Controllers\loginguru1))
 4 SYSTEMPATH\CodeIgniter.php(368): CodeIgniter\CodeIgniter->handleRequest(null, Object(Config\Cache), false)
 5 FCPATH\index.php(67): CodeIgniter\CodeIgniter->run()
CRITICAL - 2023-03-23 08:35:17 --> Too few arguments to function App\Controllers\loginguru1::datanilai(), 1 passed in C:\xampp\htdocs\siakad2\vendor\codeigniter4\framework\system\CodeIgniter.php on line 934 and exactly 2 expected
in APPPATH\Controllers\Loginguru1.php on line 151.
 1 SYSTEMPATH\CodeIgniter.php(934): App\Controllers\loginguru1->datanilai('105')
 2 SYSTEMPATH\CodeIgniter.php(499): CodeIgniter\CodeIgniter->runController(Object(App\Controllers\loginguru1))
 3 SYSTEMPATH\CodeIgniter.php(368): CodeIgniter\CodeIgniter->handleRequest(null, Object(Config\Cache), false)
 4 FCPATH\index.php(67): CodeIgniter\CodeIgniter->run()
CRITICAL - 2023-03-23 08:41:24 --> Too few arguments to function App\Controllers\loginguru1::datanilai(), 1 passed in C:\xampp\htdocs\siakad2\vendor\codeigniter4\framework\system\CodeIgniter.php on line 934 and exactly 2 expected
in APPPATH\Controllers\Loginguru1.php on line 151.
 1 SYSTEMPATH\CodeIgniter.php(934): App\Controllers\loginguru1->datanilai('105')
 2 SYSTEMPATH\CodeIgniter.php(499): CodeIgniter\CodeIgniter->runController(Object(App\Controllers\loginguru1))
 3 SYSTEMPATH\CodeIgniter.php(368): CodeIgniter\CodeIgniter->handleRequest(null, Object(Config\Cache), false)
 4 FCPATH\index.php(67): CodeIgniter\CodeIgniter->run()
CRITICAL - 2023-03-23 08:43:22 --> Too few arguments to function App\Controllers\loginguru1::datanilai(), 1 passed in C:\xampp\htdocs\siakad2\vendor\codeigniter4\framework\system\CodeIgniter.php on line 934 and exactly 2 expected
in APPPATH\Controllers\Loginguru1.php on line 151.
 1 SYSTEMPATH\CodeIgniter.php(934): App\Controllers\loginguru1->datanilai('105')
 2 SYSTEMPATH\CodeIgniter.php(499): CodeIgniter\CodeIgniter->runController(Object(App\Controllers\loginguru1))
 3 SYSTEMPATH\CodeIgniter.php(368): CodeIgniter\CodeIgniter->handleRequest(null, Object(Config\Cache), false)
 4 FCPATH\index.php(67): CodeIgniter\CodeIgniter->run()
CRITICAL - 2023-03-23 08:43:44 --> Too few arguments to function App\Controllers\loginguru1::datanilai(), 1 passed in C:\xampp\htdocs\siakad2\vendor\codeigniter4\framework\system\CodeIgniter.php on line 934 and exactly 2 expected
in APPPATH\Controllers\Loginguru1.php on line 151.
 1 SYSTEMPATH\CodeIgniter.php(934): App\Controllers\loginguru1->datanilai('105')
 2 SYSTEMPATH\CodeIgniter.php(499): CodeIgniter\CodeIgniter->runController(Object(App\Controllers\loginguru1))
 3 SYSTEMPATH\CodeIgniter.php(368): CodeIgniter\CodeIgniter->handleRequest(null, Object(Config\Cache), false)
 4 FCPATH\index.php(67): CodeIgniter\CodeIgniter->run()
CRITICAL - 2023-03-23 08:43:52 --> Too few arguments to function App\Controllers\loginguru1::datanilai(), 1 passed in C:\xampp\htdocs\siakad2\vendor\codeigniter4\framework\system\CodeIgniter.php on line 934 and exactly 2 expected
in APPPATH\Controllers\Loginguru1.php on line 151.
 1 SYSTEMPATH\CodeIgniter.php(934): App\Controllers\loginguru1->datanilai('105')
 2 SYSTEMPATH\CodeIgniter.php(499): CodeIgniter\CodeIgniter->runController(Object(App\Controllers\loginguru1))
 3 SYSTEMPATH\CodeIgniter.php(368): CodeIgniter\CodeIgniter->handleRequest(null, Object(Config\Cache), false)
 4 FCPATH\index.php(67): CodeIgniter\CodeIgniter->run()
CRITICAL - 2023-03-23 08:44:01 --> Too few arguments to function App\Controllers\loginguru1::datanilai(), 1 passed in C:\xampp\htdocs\siakad2\vendor\codeigniter4\framework\system\CodeIgniter.php on line 934 and exactly 2 expected
in APPPATH\Controllers\Loginguru1.php on line 151.
 1 SYSTEMPATH\CodeIgniter.php(934): App\Controllers\loginguru1->datanilai('105')
 2 SYSTEMPATH\CodeIgniter.php(499): CodeIgniter\CodeIgniter->runController(Object(App\Controllers\loginguru1))
 3 SYSTEMPATH\CodeIgniter.php(368): CodeIgniter\CodeIgniter->handleRequest(null, Object(Config\Cache), false)
 4 FCPATH\index.php(67): CodeIgniter\CodeIgniter->run()
ERROR - 2023-03-23 08:44:26 --> mysqli_sql_exception: Table 'db_siakadtk.siswa' doesn't exist in C:\xampp\htdocs\siakad2\vendor\codeigniter4\framework\system\Database\MySQLi\Connection.php:295
Stack trace:
#0 C:\xampp\htdocs\siakad2\vendor\codeigniter4\framework\system\Database\MySQLi\Connection.php(295): mysqli->query('SELECT `siswa`....', 0)
#1 C:\xampp\htdocs\siakad2\vendor\codeigniter4\framework\system\Database\BaseConnection.php(691): CodeIgniter\Database\MySQLi\Connection->execute('SELECT `siswa`....')
#2 C:\xampp\htdocs\siakad2\vendor\codeigniter4\framework\system\Database\BaseConnection.php(605): CodeIgniter\Database\BaseConnection->simpleQuery('SELECT `siswa`....')
#3 C:\xampp\htdocs\siakad2\vendor\codeigniter4\framework\system\Database\BaseBuilder.php(1616): CodeIgniter\Database\BaseConnection->query('SELECT `siswa`....', Array, false)
#4 C:\xampp\htdocs\siakad2\app\Models\ModelGr.php(75): CodeIgniter\Database\BaseBuilder->get()
#5 C:\xampp\htdocs\siakad2\app\Controllers\Loginguru1.php(158): App\Models\ModelGr->siswa('105')
#6 C:\xampp\htdocs\siakad2\vendor\codeigniter4\framework\system\CodeIgniter.php(934): App\Controllers\loginguru1->datanilai('105')
#7 C:\xampp\htdocs\siakad2\vendor\codeigniter4\framework\system\CodeIgniter.php(499): CodeIgniter\CodeIgniter->runController(Object(App\Controllers\loginguru1))
#8 C:\xampp\htdocs\siakad2\vendor\codeigniter4\framework\system\CodeIgniter.php(368): CodeIgniter\CodeIgniter->handleRequest(NULL, Object(Config\Cache), false)
#9 C:\xampp\htdocs\siakad2\public\index.php(67): CodeIgniter\CodeIgniter->run()
#10 {main}
CRITICAL - 2023-03-23 08:44:26 --> Table 'db_siakadtk.siswa' doesn't exist
in SYSTEMPATH\Database\BaseConnection.php on line 645.
 1 SYSTEMPATH\Database\BaseBuilder.php(1616): CodeIgniter\Database\BaseConnection->query('SELECT `siswa`.*, `nilai`.`id_nilai`
FROM (`tbl_nilai`, `siswa`)
LEFT JOIN `tbl_siswa` ON `tbl_siswa`.`nis` = `tbl_nilai`.`nis`
LEFT JOIN `tbl_jadwal` ON `tbl_jadwal`.`id_jadwal` = `tbl_nilai`.`id_jadwal`
LEFT JOIN `tbl_kelas` ON `tbl_kelas`.`id_kelas` = `tbl_jadwal`.`id_kelas`
WHERE `tbl_nilai`.`id_jadwal` = :tbl_nilai.id_jadwal:', [...], false)
 2 APPPATH\Models\ModelGr.php(75): CodeIgniter\Database\BaseBuilder->get()
 3 APPPATH\Controllers\Loginguru1.php(158): App\Models\ModelGr->siswa('105')
 4 SYSTEMPATH\CodeIgniter.php(934): App\Controllers\loginguru1->datanilai('105')
 5 SYSTEMPATH\CodeIgniter.php(499): CodeIgniter\CodeIgniter->runController(Object(App\Controllers\loginguru1))
 6 SYSTEMPATH\CodeIgniter.php(368): CodeIgniter\CodeIgniter->handleRequest(null, Object(Config\Cache), false)
 7 FCPATH\index.php(67): CodeIgniter\CodeIgniter->run()
ERROR - 2023-03-23 08:44:38 --> mysqli_sql_exception: Not unique table/alias: 'tbl_siswa' in C:\xampp\htdocs\siakad2\vendor\codeigniter4\framework\system\Database\MySQLi\Connection.php:295
Stack trace:
#0 C:\xampp\htdocs\siakad2\vendor\codeigniter4\framework\system\Database\MySQLi\Connection.php(295): mysqli->query('SELECT `tbl_sis...', 0)
#1 C:\xampp\htdocs\siakad2\vendor\codeigniter4\framework\system\Database\BaseConnection.php(691): CodeIgniter\Database\MySQLi\Connection->execute('SELECT `tbl_sis...')
#2 C:\xampp\htdocs\siakad2\vendor\codeigniter4\framework\system\Database\BaseConnection.php(605): CodeIgniter\Database\BaseConnection->simpleQuery('SELECT `tbl_sis...')
#3 C:\xampp\htdocs\siakad2\vendor\codeigniter4\framework\system\Database\BaseBuilder.php(1616): CodeIgniter\Database\BaseConnection->query('SELECT `tbl_sis...', Array, false)
#4 C:\xampp\htdocs\siakad2\app\Models\ModelGr.php(75): CodeIgniter\Database\BaseBuilder->get()
#5 C:\xampp\htdocs\siakad2\app\Controllers\Loginguru1.php(158): App\Models\ModelGr->siswa('105')
#6 C:\xampp\htdocs\siakad2\vendor\codeigniter4\framework\system\CodeIgniter.php(934): App\Controllers\loginguru1->datanilai('105')
#7 C:\xampp\htdocs\siakad2\vendor\codeigniter4\framework\system\CodeIgniter.php(499): CodeIgniter\CodeIgniter->runController(Object(App\Controllers\loginguru1))
#8 C:\xampp\htdocs\siakad2\vendor\codeigniter4\framework\system\CodeIgniter.php(368): CodeIgniter\CodeIgniter->handleRequest(NULL, Object(Config\Cache), false)
#9 C:\xampp\htdocs\siakad2\public\index.php(67): CodeIgniter\CodeIgniter->run()
#10 {main}
CRITICAL - 2023-03-23 08:44:38 --> Not unique table/alias: 'tbl_siswa'
in SYSTEMPATH\Database\BaseConnection.php on line 645.
 1 SYSTEMPATH\Database\BaseBuilder.php(1616): CodeIgniter\Database\BaseConnection->query('SELECT `tbl_siswa`.*, `nilai`.`id_nilai`
FROM (`tbl_nilai`, `tbl_siswa`)
LEFT JOIN `tbl_siswa` ON `tbl_siswa`.`nis` = `tbl_nilai`.`nis`
LEFT JOIN `tbl_jadwal` ON `tbl_jadwal`.`id_jadwal` = `tbl_nilai`.`id_jadwal`
LEFT JOIN `tbl_kelas` ON `tbl_kelas`.`id_kelas` = `tbl_jadwal`.`id_kelas`
WHERE `tbl_nilai`.`id_jadwal` = :tbl_nilai.id_jadwal:', [...], false)
 2 APPPATH\Models\ModelGr.php(75): CodeIgniter\Database\BaseBuilder->get()
 3 APPPATH\Controllers\Loginguru1.php(158): App\Models\ModelGr->siswa('105')
 4 SYSTEMPATH\CodeIgniter.php(934): App\Controllers\loginguru1->datanilai('105')
 5 SYSTEMPATH\CodeIgniter.php(499): CodeIgniter\CodeIgniter->runController(Object(App\Controllers\loginguru1))
 6 SYSTEMPATH\CodeIgniter.php(368): CodeIgniter\CodeIgniter->handleRequest(null, Object(Config\Cache), false)
 7 FCPATH\index.php(67): CodeIgniter\CodeIgniter->run()
ERROR - 2023-03-23 08:44:50 --> mysqli_sql_exception: Not unique table/alias: 'tbl_siswa' in C:\xampp\htdocs\siakad2\vendor\codeigniter4\framework\system\Database\MySQLi\Connection.php:295
Stack trace:
#0 C:\xampp\htdocs\siakad2\vendor\codeigniter4\framework\system\Database\MySQLi\Connection.php(295): mysqli->query('SELECT `tbl_sis...', 0)
#1 C:\xampp\htdocs\siakad2\vendor\codeigniter4\framework\system\Database\BaseConnection.php(691): CodeIgniter\Database\MySQLi\Connection->execute('SELECT `tbl_sis...')
#2 C:\xampp\htdocs\siakad2\vendor\codeigniter4\framework\system\Database\BaseConnection.php(605): CodeIgniter\Database\BaseConnection->simpleQuery('SELECT `tbl_sis...')
#3 C:\xampp\htdocs\siakad2\vendor\codeigniter4\framework\system\Database\BaseBuilder.php(1616): CodeIgniter\Database\BaseConnection->query('SELECT `tbl_sis...', Array, false)
#4 C:\xampp\htdocs\siakad2\app\Models\ModelGr.php(75): CodeIgniter\Database\BaseBuilder->get()
#5 C:\xampp\htdocs\siakad2\app\Controllers\Loginguru1.php(158): App\Models\ModelGr->siswa('105')
#6 C:\xampp\htdocs\siakad2\vendor\codeigniter4\framework\system\CodeIgniter.php(934): App\Controllers\loginguru1->datanilai('105')
#7 C:\xampp\htdocs\siakad2\vendor\codeigniter4\framework\system\CodeIgniter.php(499): CodeIgniter\CodeIgniter->runController(Object(App\Controllers\loginguru1))
#8 C:\xampp\htdocs\siakad2\vendor\codeigniter4\framework\system\CodeIgniter.php(368): CodeIgniter\CodeIgniter->handleRequest(NULL, Object(Config\Cache), false)
#9 C:\xampp\htdocs\siakad2\public\index.php(67): CodeIgniter\CodeIgniter->run()
#10 {main}
CRITICAL - 2023-03-23 08:44:50 --> Not unique table/alias: 'tbl_siswa'
in SYSTEMPATH\Database\BaseConnection.php on line 645.
 1 SYSTEMPATH\Database\BaseBuilder.php(1616): CodeIgniter\Database\BaseConnection->query('SELECT `tbl_siswa`.*, `tbl_nilai`.`id_nilai`
FROM (`tbl_nilai`, `tbl_siswa`)
LEFT JOIN `tbl_siswa` ON `tbl_siswa`.`nis` = `tbl_nilai`.`nis`
LEFT JOIN `tbl_jadwal` ON `tbl_jadwal`.`id_jadwal` = `tbl_nilai`.`id_jadwal`
LEFT JOIN `tbl_kelas` ON `tbl_kelas`.`id_kelas` = `tbl_jadwal`.`id_kelas`
WHERE `tbl_nilai`.`id_jadwal` = :tbl_nilai.id_jadwal:', [...], false)
 2 APPPATH\Models\ModelGr.php(75): CodeIgniter\Database\BaseBuilder->get()
 3 APPPATH\Controllers\Loginguru1.php(158): App\Models\ModelGr->siswa('105')
 4 SYSTEMPATH\CodeIgniter.php(934): App\Controllers\loginguru1->datanilai('105')
 5 SYSTEMPATH\CodeIgniter.php(499): CodeIgniter\CodeIgniter->runController(Object(App\Controllers\loginguru1))
 6 SYSTEMPATH\CodeIgniter.php(368): CodeIgniter\CodeIgniter->handleRequest(null, Object(Config\Cache), false)
 7 FCPATH\index.php(67): CodeIgniter\CodeIgniter->run()
CRITICAL - 2023-03-23 08:49:49 --> Too few arguments to function App\Controllers\loginguru1::datanilai(), 1 passed in C:\xampp\htdocs\siakad2\vendor\codeigniter4\framework\system\CodeIgniter.php on line 934 and exactly 2 expected
in APPPATH\Controllers\Loginguru1.php on line 151.
 1 SYSTEMPATH\CodeIgniter.php(934): App\Controllers\loginguru1->datanilai('105')
 2 SYSTEMPATH\CodeIgniter.php(499): CodeIgniter\CodeIgniter->runController(Object(App\Controllers\loginguru1))
 3 SYSTEMPATH\CodeIgniter.php(368): CodeIgniter\CodeIgniter->handleRequest(null, Object(Config\Cache), false)
 4 FCPATH\index.php(67): CodeIgniter\CodeIgniter->run()
CRITICAL - 2023-03-23 08:54:16 --> Too few arguments to function App\Controllers\loginguru1::datanilai(), 1 passed in C:\xampp\htdocs\siakad2\vendor\codeigniter4\framework\system\CodeIgniter.php on line 934 and exactly 2 expected
in APPPATH\Controllers\Loginguru1.php on line 151.
 1 SYSTEMPATH\CodeIgniter.php(934): App\Controllers\loginguru1->datanilai('105')
 2 SYSTEMPATH\CodeIgniter.php(499): CodeIgniter\CodeIgniter->runController(Object(App\Controllers\loginguru1))
 3 SYSTEMPATH\CodeIgniter.php(368): CodeIgniter\CodeIgniter->handleRequest(null, Object(Config\Cache), false)
 4 FCPATH\index.php(67): CodeIgniter\CodeIgniter->run()
CRITICAL - 2023-03-23 09:01:19 --> Too few arguments to function App\Controllers\loginguru1::datanilai(), 1 passed in C:\xampp\htdocs\siakad2\vendor\codeigniter4\framework\system\CodeIgniter.php on line 934 and exactly 2 expected
in APPPATH\Controllers\Loginguru1.php on line 151.
 1 SYSTEMPATH\CodeIgniter.php(934): App\Controllers\loginguru1->datanilai('105')
 2 SYSTEMPATH\CodeIgniter.php(499): CodeIgniter\CodeIgniter->runController(Object(App\Controllers\loginguru1))
 3 SYSTEMPATH\CodeIgniter.php(368): CodeIgniter\CodeIgniter->handleRequest(null, Object(Config\Cache), false)
 4 FCPATH\index.php(67): CodeIgniter\CodeIgniter->run()
ERROR - 2023-03-23 09:04:48 --> mysqli_sql_exception: Not unique table/alias: 'tbl_siswa' in C:\xampp\htdocs\siakad2\vendor\codeigniter4\framework\system\Database\MySQLi\Connection.php:295
Stack trace:
#0 C:\xampp\htdocs\siakad2\vendor\codeigniter4\framework\system\Database\MySQLi\Connection.php(295): mysqli->query('SELECT *\nFROM `...', 0)
#1 C:\xampp\htdocs\siakad2\vendor\codeigniter4\framework\system\Database\BaseConnection.php(691): CodeIgniter\Database\MySQLi\Connection->execute('SELECT *\nFROM `...')
#2 C:\xampp\htdocs\siakad2\vendor\codeigniter4\framework\system\Database\BaseConnection.php(605): CodeIgniter\Database\BaseConnection->simpleQuery('SELECT *\nFROM `...')
#3 C:\xampp\htdocs\siakad2\vendor\codeigniter4\framework\system\Database\BaseBuilder.php(1616): CodeIgniter\Database\BaseConnection->query('SELECT *\nFROM `...', Array, false)
#4 C:\xampp\htdocs\siakad2\app\Models\ModelGr.php(75): CodeIgniter\Database\BaseBuilder->get()
#5 C:\xampp\htdocs\siakad2\app\Controllers\Loginguru1.php(158): App\Models\ModelGr->siswa('105')
#6 C:\xampp\htdocs\siakad2\vendor\codeigniter4\framework\system\CodeIgniter.php(934): App\Controllers\loginguru1->datanilai('105')
#7 C:\xampp\htdocs\siakad2\vendor\codeigniter4\framework\system\CodeIgniter.php(499): CodeIgniter\CodeIgniter->runController(Object(App\Controllers\loginguru1))
#8 C:\xampp\htdocs\siakad2\vendor\codeigniter4\framework\system\CodeIgniter.php(368): CodeIgniter\CodeIgniter->handleRequest(NULL, Object(Config\Cache), false)
#9 C:\xampp\htdocs\siakad2\public\index.php(67): CodeIgniter\CodeIgniter->run()
#10 {main}
CRITICAL - 2023-03-23 09:04:48 --> Not unique table/alias: 'tbl_siswa'
in SYSTEMPATH\Database\BaseConnection.php on line 645.
 1 SYSTEMPATH\Database\BaseBuilder.php(1616): CodeIgniter\Database\BaseConnection->query('SELECT *
FROM `tbl_nilai`
LEFT JOIN `tbl_siswa` ON `tbl_siswa`.`nis` = `tbl_nilai`.`nis`
LEFT JOIN `tbl_jadwal` ON `tbl_jadwal`.`id_jadwal` = `tbl_nilai`.`id_jadwal`
LEFT JOIN `tbl_kelas` ON `tbl_kelas`.`id_kelas` = `tbl_jadwal`.`id_kelas`
LEFT JOIN `tbl_siswa` ON `tbl_siswa`.`id_kelas` = `tbl_kelas`.`id_kelas`
WHERE `tbl_nilai`.`id_jadwal` = :tbl_nilai.id_jadwal:', [...], false)
 2 APPPATH\Models\ModelGr.php(75): CodeIgniter\Database\BaseBuilder->get()
 3 APPPATH\Controllers\Loginguru1.php(158): App\Models\ModelGr->siswa('105')
 4 SYSTEMPATH\CodeIgniter.php(934): App\Controllers\loginguru1->datanilai('105')
 5 SYSTEMPATH\CodeIgniter.php(499): CodeIgniter\CodeIgniter->runController(Object(App\Controllers\loginguru1))
 6 SYSTEMPATH\CodeIgniter.php(368): CodeIgniter\CodeIgniter->handleRequest(null, Object(Config\Cache), false)
 7 FCPATH\index.php(67): CodeIgniter\CodeIgniter->run()
CRITICAL - 2023-03-23 09:08:02 --> Too few arguments to function App\Controllers\loginguru1::datanilai(), 1 passed in C:\xampp\htdocs\siakad2\vendor\codeigniter4\framework\system\CodeIgniter.php on line 934 and exactly 2 expected
in APPPATH\Controllers\Loginguru1.php on line 151.
 1 SYSTEMPATH\CodeIgniter.php(934): App\Controllers\loginguru1->datanilai('105')
 2 SYSTEMPATH\CodeIgniter.php(499): CodeIgniter\CodeIgniter->runController(Object(App\Controllers\loginguru1))
 3 SYSTEMPATH\CodeIgniter.php(368): CodeIgniter\CodeIgniter->handleRequest(null, Object(Config\Cache), false)
 4 FCPATH\index.php(67): CodeIgniter\CodeIgniter->run()
CRITICAL - 2023-03-23 09:08:21 --> Too few arguments to function App\Controllers\loginguru1::datanilai(), 1 passed in C:\xampp\htdocs\siakad2\vendor\codeigniter4\framework\system\CodeIgniter.php on line 934 and exactly 2 expected
in APPPATH\Controllers\Loginguru1.php on line 151.
 1 SYSTEMPATH\CodeIgniter.php(934): App\Controllers\loginguru1->datanilai('105')
 2 SYSTEMPATH\CodeIgniter.php(499): CodeIgniter\CodeIgniter->runController(Object(App\Controllers\loginguru1))
 3 SYSTEMPATH\CodeIgniter.php(368): CodeIgniter\CodeIgniter->handleRequest(null, Object(Config\Cache), false)
 4 FCPATH\index.php(67): CodeIgniter\CodeIgniter->run()
CRITICAL - 2023-03-23 09:09:19 --> Undefined variable: id_kelas
in APPPATH\Models\ModelGr.php on line 73.
 1 APPPATH\Models\ModelGr.php(73): CodeIgniter\Debug\Exceptions->errorHandler(8, 'Undefined variable: id_kelas', 'APPPATH\\Models\\ModelGr.php', 73, [...])
 2 APPPATH\Controllers\Loginguru1.php(158): App\Models\ModelGr->siswa('105')
 3 SYSTEMPATH\CodeIgniter.php(934): App\Controllers\loginguru1->datanilai('105')
 4 SYSTEMPATH\CodeIgniter.php(499): CodeIgniter\CodeIgniter->runController(Object(App\Controllers\loginguru1))
 5 SYSTEMPATH\CodeIgniter.php(368): CodeIgniter\CodeIgniter->handleRequest(null, Object(Config\Cache), false)
 6 FCPATH\index.php(67): CodeIgniter\CodeIgniter->run()
CRITICAL - 2023-03-23 09:16:49 --> Undefined variable: model
in APPPATH\Controllers\Loginguru1.php on line 161.
 1 APPPATH\Controllers\Loginguru1.php(161): CodeIgniter\Debug\Exceptions->errorHandler(8, 'Undefined variable: model', 'APPPATH\\Controllers\\Loginguru1.php', 161, [...])
 2 SYSTEMPATH\CodeIgniter.php(934): App\Controllers\loginguru1->datanilai('105')
 3 SYSTEMPATH\CodeIgniter.php(499): CodeIgniter\CodeIgniter->runController(Object(App\Controllers\loginguru1))
 4 SYSTEMPATH\CodeIgniter.php(368): CodeIgniter\CodeIgniter->handleRequest(null, Object(Config\Cache), false)
 5 FCPATH\index.php(67): CodeIgniter\CodeIgniter->run()
CRITICAL - 2023-03-23 09:17:01 --> Undefined variable: ModelGr
in APPPATH\Controllers\Loginguru1.php on line 161.
 1 APPPATH\Controllers\Loginguru1.php(161): CodeIgniter\Debug\Exceptions->errorHandler(8, 'Undefined variable: ModelGr', 'APPPATH\\Controllers\\Loginguru1.php', 161, [...])
 2 SYSTEMPATH\CodeIgniter.php(934): App\Controllers\loginguru1->datanilai('105')
 3 SYSTEMPATH\CodeIgniter.php(499): CodeIgniter\CodeIgniter->runController(Object(App\Controllers\loginguru1))
 4 SYSTEMPATH\CodeIgniter.php(368): CodeIgniter\CodeIgniter->handleRequest(null, Object(Config\Cache), false)
 5 FCPATH\index.php(67): CodeIgniter\CodeIgniter->run()
CRITICAL - 2023-03-23 09:17:41 --> Class 'App\Controllers\NilaiModel' not found
in APPPATH\Controllers\Loginguru1.php on line 153.
 1 SYSTEMPATH\CodeIgniter.php(934): App\Controllers\loginguru1->datanilai('105')
 2 SYSTEMPATH\CodeIgniter.php(499): CodeIgniter\CodeIgniter->runController(Object(App\Controllers\loginguru1))
 3 SYSTEMPATH\CodeIgniter.php(368): CodeIgniter\CodeIgniter->handleRequest(null, Object(Config\Cache), false)
 4 FCPATH\index.php(67): CodeIgniter\CodeIgniter->run()
CRITICAL - 2023-03-23 09:18:00 --> Undefined variable: title
in APPPATH\Views\tampilan.php on line 8.
 1 APPPATH\Views\tampilan.php(8): CodeIgniter\Debug\Exceptions->errorHandler(8, 'Undefined variable: title', 'APPPATH\\Views\\tampilan.php', 8, [...])
 2 SYSTEMPATH\View\View.php(213): include('APPPATH\\Views\\tampilan.php')
 3 SYSTEMPATH\View\View.php(216): CodeIgniter\View\View->CodeIgniter\View\{closure}()
 4 SYSTEMPATH\Common.php(1184): CodeIgniter\View\View->render('tampilan', [], true)
 5 APPPATH\Controllers\Loginguru1.php(162): view('tampilan', [...])
 6 SYSTEMPATH\CodeIgniter.php(934): App\Controllers\loginguru1->datanilai('105')
 7 SYSTEMPATH\CodeIgniter.php(499): CodeIgniter\CodeIgniter->runController(Object(App\Controllers\loginguru1))
 8 SYSTEMPATH\CodeIgniter.php(368): CodeIgniter\CodeIgniter->handleRequest(null, Object(Config\Cache), false)
 9 FCPATH\index.php(67): CodeIgniter\CodeIgniter->run()
CRITICAL - 2023-03-23 09:24:13 --> Too few arguments to function App\Controllers\loginguru1::datanilai(), 1 passed in C:\xampp\htdocs\siakad2\vendor\codeigniter4\framework\system\CodeIgniter.php on line 934 and exactly 2 expected
in APPPATH\Controllers\Loginguru1.php on line 151.
 1 SYSTEMPATH\CodeIgniter.php(934): App\Controllers\loginguru1->datanilai('105')
 2 SYSTEMPATH\CodeIgniter.php(499): CodeIgniter\CodeIgniter->runController(Object(App\Controllers\loginguru1))
 3 SYSTEMPATH\CodeIgniter.php(368): CodeIgniter\CodeIgniter->handleRequest(null, Object(Config\Cache), false)
 4 FCPATH\index.php(67): CodeIgniter\CodeIgniter->run()
CRITICAL - 2023-03-23 09:24:31 --> Too few arguments to function App\Controllers\loginguru1::datanilai(), 1 passed in C:\xampp\htdocs\siakad2\vendor\codeigniter4\framework\system\CodeIgniter.php on line 934 and exactly 2 expected
in APPPATH\Controllers\Loginguru1.php on line 151.
 1 SYSTEMPATH\CodeIgniter.php(934): App\Controllers\loginguru1->datanilai('105')
 2 SYSTEMPATH\CodeIgniter.php(499): CodeIgniter\CodeIgniter->runController(Object(App\Controllers\loginguru1))
 3 SYSTEMPATH\CodeIgniter.php(368): CodeIgniter\CodeIgniter->handleRequest(null, Object(Config\Cache), false)
 4 FCPATH\index.php(67): CodeIgniter\CodeIgniter->run()
CRITICAL - 2023-03-23 09:24:58 --> Too few arguments to function App\Controllers\loginguru1::datanilai(), 1 passed in C:\xampp\htdocs\siakad2\vendor\codeigniter4\framework\system\CodeIgniter.php on line 934 and exactly 2 expected
in APPPATH\Controllers\Loginguru1.php on line 151.
 1 SYSTEMPATH\CodeIgniter.php(934): App\Controllers\loginguru1->datanilai('105')
 2 SYSTEMPATH\CodeIgniter.php(499): CodeIgniter\CodeIgniter->runController(Object(App\Controllers\loginguru1))
 3 SYSTEMPATH\CodeIgniter.php(368): CodeIgniter\CodeIgniter->handleRequest(null, Object(Config\Cache), false)
 4 FCPATH\index.php(67): CodeIgniter\CodeIgniter->run()
CRITICAL - 2023-03-23 09:25:21 --> Too few arguments to function App\Controllers\loginguru1::datanilai(), 1 passed in C:\xampp\htdocs\siakad2\vendor\codeigniter4\framework\system\CodeIgniter.php on line 934 and exactly 2 expected
in APPPATH\Controllers\Loginguru1.php on line 151.
 1 SYSTEMPATH\CodeIgniter.php(934): App\Controllers\loginguru1->datanilai('105')
 2 SYSTEMPATH\CodeIgniter.php(499): CodeIgniter\CodeIgniter->runController(Object(App\Controllers\loginguru1))
 3 SYSTEMPATH\CodeIgniter.php(368): CodeIgniter\CodeIgniter->handleRequest(null, Object(Config\Cache), false)
 4 FCPATH\index.php(67): CodeIgniter\CodeIgniter->run()
CRITICAL - 2023-03-23 09:29:33 --> Too few arguments to function App\Controllers\loginguru1::datanilai(), 1 passed in C:\xampp\htdocs\siakad2\vendor\codeigniter4\framework\system\CodeIgniter.php on line 934 and exactly 2 expected
in APPPATH\Controllers\Loginguru1.php on line 151.
 1 SYSTEMPATH\CodeIgniter.php(934): App\Controllers\loginguru1->datanilai('105')
 2 SYSTEMPATH\CodeIgniter.php(499): CodeIgniter\CodeIgniter->runController(Object(App\Controllers\loginguru1))
 3 SYSTEMPATH\CodeIgniter.php(368): CodeIgniter\CodeIgniter->handleRequest(null, Object(Config\Cache), false)
 4 FCPATH\index.php(67): CodeIgniter\CodeIgniter->run()
ERROR - 2023-03-23 09:41:04 --> mysqli_sql_exception: Unknown column 'tbl_nilai.id_jadwal' in 'where clause' in C:\xampp\htdocs\siakad2\vendor\codeigniter4\framework\system\Database\MySQLi\Connection.php:295
Stack trace:
#0 C:\xampp\htdocs\siakad2\vendor\codeigniter4\framework\system\Database\MySQLi\Connection.php(295): mysqli->query('SELECT *\nFROM `...', 0)
#1 C:\xampp\htdocs\siakad2\vendor\codeigniter4\framework\system\Database\BaseConnection.php(691): CodeIgniter\Database\MySQLi\Connection->execute('SELECT *\nFROM `...')
#2 C:\xampp\htdocs\siakad2\vendor\codeigniter4\framework\system\Database\BaseConnection.php(605): CodeIgniter\Database\BaseConnection->simpleQuery('SELECT *\nFROM `...')
#3 C:\xampp\htdocs\siakad2\vendor\codeigniter4\framework\system\Database\BaseBuilder.php(1616): CodeIgniter\Database\BaseConnection->query('SELECT *\nFROM `...', Array, false)
#4 C:\xampp\htdocs\siakad2\app\Models\ModelGr.php(73): CodeIgniter\Database\BaseBuilder->get()
#5 C:\xampp\htdocs\siakad2\app\Controllers\Loginguru1.php(157): App\Models\ModelGr->siswa('105')
#6 C:\xampp\htdocs\siakad2\vendor\codeigniter4\framework\system\CodeIgniter.php(934): App\Controllers\loginguru1->datanilai('105')
#7 C:\xampp\htdocs\siakad2\vendor\codeigniter4\framework\system\CodeIgniter.php(499): CodeIgniter\CodeIgniter->runController(Object(App\Controllers\loginguru1))
#8 C:\xampp\htdocs\siakad2\vendor\codeigniter4\framework\system\CodeIgniter.php(368): CodeIgniter\CodeIgniter->handleRequest(NULL, Object(Config\Cache), false)
#9 C:\xampp\htdocs\siakad2\public\index.php(67): CodeIgniter\CodeIgniter->run()
#10 {main}
CRITICAL - 2023-03-23 09:41:04 --> Unknown column 'tbl_nilai.id_jadwal' in 'where clause'
in SYSTEMPATH\Database\BaseConnection.php on line 645.
 1 SYSTEMPATH\Database\BaseBuilder.php(1616): CodeIgniter\Database\BaseConnection->query('SELECT *
FROM `tbl_jadwal`
LEFT JOIN `tbl_kelas` ON `tbl_kelas`.`id_kelas` = `tbl_jadwal`.`id_kelas`
LEFT JOIN `tbl_siswa` ON `tbl_siswa`.`id_kelas` = `tbl_kelas`.`id_kelas`
WHERE `tbl_nilai`.`id_jadwal` = :tbl_nilai.id_jadwal:', [...], false)
 2 APPPATH\Models\ModelGr.php(73): CodeIgniter\Database\BaseBuilder->get()
 3 APPPATH\Controllers\Loginguru1.php(157): App\Models\ModelGr->siswa('105')
 4 SYSTEMPATH\CodeIgniter.php(934): App\Controllers\loginguru1->datanilai('105')
 5 SYSTEMPATH\CodeIgniter.php(499): CodeIgniter\CodeIgniter->runController(Object(App\Controllers\loginguru1))
 6 SYSTEMPATH\CodeIgniter.php(368): CodeIgniter\CodeIgniter->handleRequest(null, Object(Config\Cache), false)
 7 FCPATH\index.php(67): CodeIgniter\CodeIgniter->run()
CRITICAL - 2023-03-23 09:41:13 --> Undefined index: id_nilai
in APPPATH\Views\nilai\v_datanilai.php on line 86.
 1 APPPATH\Views\nilai\v_datanilai.php(86): CodeIgniter\Debug\Exceptions->errorHandler(8, 'Undefined index: id_nilai', 'APPPATH\\Views\\nilai\\v_datanilai.php', 86, [...])
 2 SYSTEMPATH\View\View.php(213): include('APPPATH\\Views\\nilai\\v_datanilai.php')
 3 SYSTEMPATH\View\View.php(216): CodeIgniter\View\View->CodeIgniter\View\{closure}()
 4 SYSTEMPATH\Common.php(1184): CodeIgniter\View\View->render('nilai/v_datanilai', [], true)
 5 APPPATH\Views\tampilan.php(413): view('nilai/v_datanilai')
 6 SYSTEMPATH\View\View.php(213): include('APPPATH\\Views\\tampilan.php')
 7 SYSTEMPATH\View\View.php(216): CodeIgniter\View\View->CodeIgniter\View\{closure}()
 8 SYSTEMPATH\Common.php(1184): CodeIgniter\View\View->render('tampilan', [], true)
 9 APPPATH\Controllers\Loginguru1.php(160): view('tampilan', [...])
10 SYSTEMPATH\CodeIgniter.php(934): App\Controllers\loginguru1->datanilai('105')
11 SYSTEMPATH\CodeIgniter.php(499): CodeIgniter\CodeIgniter->runController(Object(App\Controllers\loginguru1))
12 SYSTEMPATH\CodeIgniter.php(368): CodeIgniter\CodeIgniter->handleRequest(null, Object(Config\Cache), false)
13 FCPATH\index.php(67): CodeIgniter\CodeIgniter->run()
CRITICAL - 2023-03-23 09:41:36 --> Undefined index: nilai_quis
in APPPATH\Views\nilai\v_datanilai.php on line 94.
 1 APPPATH\Views\nilai\v_datanilai.php(94): CodeIgniter\Debug\Exceptions->errorHandler(8, 'Undefined index: nilai_quis', 'APPPATH\\Views\\nilai\\v_datanilai.php', 94, [...])
 2 SYSTEMPATH\View\View.php(213): include('APPPATH\\Views\\nilai\\v_datanilai.php')
 3 SYSTEMPATH\View\View.php(216): CodeIgniter\View\View->CodeIgniter\View\{closure}()
 4 SYSTEMPATH\Common.php(1184): CodeIgniter\View\View->render('nilai/v_datanilai', [], true)
 5 APPPATH\Views\tampilan.php(413): view('nilai/v_datanilai')
 6 SYSTEMPATH\View\View.php(213): include('APPPATH\\Views\\tampilan.php')
 7 SYSTEMPATH\View\View.php(216): CodeIgniter\View\View->CodeIgniter\View\{closure}()
 8 SYSTEMPATH\Common.php(1184): CodeIgniter\View\View->render('tampilan', [], true)
 9 APPPATH\Controllers\Loginguru1.php(160): view('tampilan', [...])
10 SYSTEMPATH\CodeIgniter.php(934): App\Controllers\loginguru1->datanilai('105')
11 SYSTEMPATH\CodeIgniter.php(499): CodeIgniter\CodeIgniter->runController(Object(App\Controllers\loginguru1))
12 SYSTEMPATH\CodeIgniter.php(368): CodeIgniter\CodeIgniter->handleRequest(null, Object(Config\Cache), false)
13 FCPATH\index.php(67): CodeIgniter\CodeIgniter->run()
ERROR - 2023-03-23 09:43:16 --> mysqli_sql_exception: Unknown column 'tbl_jadwal.id_kelas' in 'on clause' in C:\xampp\htdocs\siakad2\vendor\codeigniter4\framework\system\Database\MySQLi\Connection.php:295
Stack trace:
#0 C:\xampp\htdocs\siakad2\vendor\codeigniter4\framework\system\Database\MySQLi\Connection.php(295): mysqli->query('SELECT *\nFROM `...', 0)
#1 C:\xampp\htdocs\siakad2\vendor\codeigniter4\framework\system\Database\BaseConnection.php(691): CodeIgniter\Database\MySQLi\Connection->execute('SELECT *\nFROM `...')
#2 C:\xampp\htdocs\siakad2\vendor\codeigniter4\framework\system\Database\BaseConnection.php(605): CodeIgniter\Database\BaseConnection->simpleQuery('SELECT *\nFROM `...')
#3 C:\xampp\htdocs\siakad2\vendor\codeigniter4\framework\system\Database\BaseBuilder.php(1616): CodeIgniter\Database\BaseConnection->query('SELECT *\nFROM `...', Array, false)
#4 C:\xampp\htdocs\siakad2\app\Models\ModelGr.php(73): CodeIgniter\Database\BaseBuilder->get()
#5 C:\xampp\htdocs\siakad2\app\Controllers\Loginguru1.php(157): App\Models\ModelGr->siswa('105')
#6 C:\xampp\htdocs\siakad2\vendor\codeigniter4\framework\system\CodeIgniter.php(934): App\Controllers\loginguru1->datanilai('105')
#7 C:\xampp\htdocs\siakad2\vendor\codeigniter4\framework\system\CodeIgniter.php(499): CodeIgniter\CodeIgniter->runController(Object(App\Controllers\loginguru1))
#8 C:\xampp\htdocs\siakad2\vendor\codeigniter4\framework\system\CodeIgniter.php(368): CodeIgniter\CodeIgniter->handleRequest(NULL, Object(Config\Cache), false)
#9 C:\xampp\htdocs\siakad2\public\index.php(67): CodeIgniter\CodeIgniter->run()
#10 {main}
CRITICAL - 2023-03-23 09:43:16 --> Unknown column 'tbl_jadwal.id_kelas' in 'on clause'
in SYSTEMPATH\Database\BaseConnection.php on line 645.
 1 SYSTEMPATH\Database\BaseBuilder.php(1616): CodeIgniter\Database\BaseConnection->query('SELECT *
FROM `tbl_nilai`
LEFT JOIN `tbl_kelas` ON `tbl_kelas`.`id_kelas` = `tbl_jadwal`.`id_kelas`
LEFT JOIN `tbl_siswa` ON `tbl_siswa`.`id_kelas` = `tbl_kelas`.`id_kelas`
WHERE `tbl_nilai`.`id_jadwal` = :tbl_nilai.id_jadwal:', [...], false)
 2 APPPATH\Models\ModelGr.php(73): CodeIgniter\Database\BaseBuilder->get()
 3 APPPATH\Controllers\Loginguru1.php(157): App\Models\ModelGr->siswa('105')
 4 SYSTEMPATH\CodeIgniter.php(934): App\Controllers\loginguru1->datanilai('105')
 5 SYSTEMPATH\CodeIgniter.php(499): CodeIgniter\CodeIgniter->runController(Object(App\Controllers\loginguru1))
 6 SYSTEMPATH\CodeIgniter.php(368): CodeIgniter\CodeIgniter->handleRequest(null, Object(Config\Cache), false)
 7 FCPATH\index.php(67): CodeIgniter\CodeIgniter->run()
CRITICAL - 2023-03-23 09:44:35 --> Too few arguments to function App\Controllers\loginguru1::datanilai(), 1 passed in C:\xampp\htdocs\siakad2\vendor\codeigniter4\framework\system\CodeIgniter.php on line 934 and exactly 2 expected
in APPPATH\Controllers\Loginguru1.php on line 151.
 1 SYSTEMPATH\CodeIgniter.php(934): App\Controllers\loginguru1->datanilai('105')
 2 SYSTEMPATH\CodeIgniter.php(499): CodeIgniter\CodeIgniter->runController(Object(App\Controllers\loginguru1))
 3 SYSTEMPATH\CodeIgniter.php(368): CodeIgniter\CodeIgniter->handleRequest(null, Object(Config\Cache), false)
 4 FCPATH\index.php(67): CodeIgniter\CodeIgniter->run()
CRITICAL - 2023-03-23 09:46:26 --> Undefined variable: id_jadwal
in APPPATH\Controllers\Loginguru1.php on line 156.
 1 APPPATH\Controllers\Loginguru1.php(156): CodeIgniter\Debug\Exceptions->errorHandler(8, 'Undefined variable: id_jadwal', 'APPPATH\\Controllers\\Loginguru1.php', 156, [...])
 2 SYSTEMPATH\CodeIgniter.php(934): App\Controllers\loginguru1->datanilai('105')
 3 SYSTEMPATH\CodeIgniter.php(499): CodeIgniter\CodeIgniter->runController(Object(App\Controllers\loginguru1))
 4 SYSTEMPATH\CodeIgniter.php(368): CodeIgniter\CodeIgniter->handleRequest(null, Object(Config\Cache), false)
 5 FCPATH\index.php(67): CodeIgniter\CodeIgniter->run()
CRITICAL - 2023-03-23 09:46:56 --> Undefined variable: jadwal
in APPPATH\Views\nilai\v_datanilai.php on line 10.
 1 APPPATH\Views\nilai\v_datanilai.php(10): CodeIgniter\Debug\Exceptions->errorHandler(8, 'Undefined variable: jadwal', 'APPPATH\\Views\\nilai\\v_datanilai.php', 10, [...])
 2 SYSTEMPATH\View\View.php(213): include('APPPATH\\Views\\nilai\\v_datanilai.php')
 3 SYSTEMPATH\View\View.php(216): CodeIgniter\View\View->CodeIgniter\View\{closure}()
 4 SYSTEMPATH\Common.php(1184): CodeIgniter\View\View->render('nilai/v_datanilai', [], true)
 5 APPPATH\Views\tampilan.php(413): view('nilai/v_datanilai')
 6 SYSTEMPATH\View\View.php(213): include('APPPATH\\Views\\tampilan.php')
 7 SYSTEMPATH\View\View.php(216): CodeIgniter\View\View->CodeIgniter\View\{closure}()
 8 SYSTEMPATH\Common.php(1184): CodeIgniter\View\View->render('tampilan', [], true)
 9 APPPATH\Controllers\Loginguru1.php(160): view('tampilan', [...])
10 SYSTEMPATH\CodeIgniter.php(934): App\Controllers\loginguru1->datanilai('105')
11 SYSTEMPATH\CodeIgniter.php(499): CodeIgniter\CodeIgniter->runController(Object(App\Controllers\loginguru1))
12 SYSTEMPATH\CodeIgniter.php(368): CodeIgniter\CodeIgniter->handleRequest(null, Object(Config\Cache), false)
13 FCPATH\index.php(67): CodeIgniter\CodeIgniter->run()
CRITICAL - 2023-03-23 09:48:03 --> Undefined variable: jadwal
in APPPATH\Views\nilai\v_datanilai.php on line 10.
 1 APPPATH\Views\nilai\v_datanilai.php(10): CodeIgniter\Debug\Exceptions->errorHandler(8, 'Undefined variable: jadwal', 'APPPATH\\Views\\nilai\\v_datanilai.php', 10, [...])
 2 SYSTEMPATH\View\View.php(213): include('APPPATH\\Views\\nilai\\v_datanilai.php')
 3 SYSTEMPATH\View\View.php(216): CodeIgniter\View\View->CodeIgniter\View\{closure}()
 4 SYSTEMPATH\Common.php(1184): CodeIgniter\View\View->render('nilai/v_datanilai', [], true)
 5 APPPATH\Views\tampilan.php(413): view('nilai/v_datanilai')
 6 SYSTEMPATH\View\View.php(213): include('APPPATH\\Views\\tampilan.php')
 7 SYSTEMPATH\View\View.php(216): CodeIgniter\View\View->CodeIgniter\View\{closure}()
 8 SYSTEMPATH\Common.php(1184): CodeIgniter\View\View->render('tampilan', [], true)
 9 APPPATH\Controllers\Loginguru1.php(160): view('tampilan', [...])
10 SYSTEMPATH\CodeIgniter.php(934): App\Controllers\loginguru1->datanilai('105')
11 SYSTEMPATH\CodeIgniter.php(499): CodeIgniter\CodeIgniter->runController(Object(App\Controllers\loginguru1))
12 SYSTEMPATH\CodeIgniter.php(368): CodeIgniter\CodeIgniter->handleRequest(null, Object(Config\Cache), false)
13 FCPATH\index.php(67): CodeIgniter\CodeIgniter->run()
CRITICAL - 2023-03-23 09:48:15 --> Undefined variable: jadwal
in APPPATH\Views\nilai\v_datanilai.php on line 17.
 1 APPPATH\Views\nilai\v_datanilai.php(17): CodeIgniter\Debug\Exceptions->errorHandler(8, 'Undefined variable: jadwal', 'APPPATH\\Views\\nilai\\v_datanilai.php', 17, [...])
 2 SYSTEMPATH\View\View.php(213): include('APPPATH\\Views\\nilai\\v_datanilai.php')
 3 SYSTEMPATH\View\View.php(216): CodeIgniter\View\View->CodeIgniter\View\{closure}()
 4 SYSTEMPATH\Common.php(1184): CodeIgniter\View\View->render('nilai/v_datanilai', [], true)
 5 APPPATH\Views\tampilan.php(413): view('nilai/v_datanilai')
 6 SYSTEMPATH\View\View.php(213): include('APPPATH\\Views\\tampilan.php')
 7 SYSTEMPATH\View\View.php(216): CodeIgniter\View\View->CodeIgniter\View\{closure}()
 8 SYSTEMPATH\Common.php(1184): CodeIgniter\View\View->render('tampilan', [], true)
 9 APPPATH\Controllers\Loginguru1.php(160): view('tampilan', [...])
10 SYSTEMPATH\CodeIgniter.php(934): App\Controllers\loginguru1->datanilai('105')
11 SYSTEMPATH\CodeIgniter.php(499): CodeIgniter\CodeIgniter->runController(Object(App\Controllers\loginguru1))
12 SYSTEMPATH\CodeIgniter.php(368): CodeIgniter\CodeIgniter->handleRequest(null, Object(Config\Cache), false)
13 FCPATH\index.php(67): CodeIgniter\CodeIgniter->run()
ERROR - 2023-03-23 09:52:12 --> mysqli_sql_exception: Unknown column 'tbl_nilai.id_jadwal' in 'where clause' in C:\xampp\htdocs\siakad2\vendor\codeigniter4\framework\system\Database\MySQLi\Connection.php:295
Stack trace:
#0 C:\xampp\htdocs\siakad2\vendor\codeigniter4\framework\system\Database\MySQLi\Connection.php(295): mysqli->query('SELECT *\nFROM `...', 0)
#1 C:\xampp\htdocs\siakad2\vendor\codeigniter4\framework\system\Database\BaseConnection.php(691): CodeIgniter\Database\MySQLi\Connection->execute('SELECT *\nFROM `...')
#2 C:\xampp\htdocs\siakad2\vendor\codeigniter4\framework\system\Database\BaseConnection.php(605): CodeIgniter\Database\BaseConnection->simpleQuery('SELECT *\nFROM `...')
#3 C:\xampp\htdocs\siakad2\vendor\codeigniter4\framework\system\Database\BaseBuilder.php(1616): CodeIgniter\Database\BaseConnection->query('SELECT *\nFROM `...', Array, false)
#4 C:\xampp\htdocs\siakad2\app\Models\ModelGr.php(73): CodeIgniter\Database\BaseBuilder->get()
#5 C:\xampp\htdocs\siakad2\app\Controllers\Loginguru1.php(157): App\Models\ModelGr->siswa('105')
#6 C:\xampp\htdocs\siakad2\vendor\codeigniter4\framework\system\CodeIgniter.php(934): App\Controllers\loginguru1->datanilai('105')
#7 C:\xampp\htdocs\siakad2\vendor\codeigniter4\framework\system\CodeIgniter.php(499): CodeIgniter\CodeIgniter->runController(Object(App\Controllers\loginguru1))
#8 C:\xampp\htdocs\siakad2\vendor\codeigniter4\framework\system\CodeIgniter.php(368): CodeIgniter\CodeIgniter->handleRequest(NULL, Object(Config\Cache), false)
#9 C:\xampp\htdocs\siakad2\public\index.php(67): CodeIgniter\CodeIgniter->run()
#10 {main}
CRITICAL - 2023-03-23 09:52:12 --> Unknown column 'tbl_nilai.id_jadwal' in 'where clause'
in SYSTEMPATH\Database\BaseConnection.php on line 645.
 1 SYSTEMPATH\Database\BaseBuilder.php(1616): CodeIgniter\Database\BaseConnection->query('SELECT *
FROM `tbl_jadwal`
LEFT JOIN `tbl_kelas` ON `tbl_kelas`.`id_kelas` = `tbl_jadwal`.`id_kelas`
LEFT JOIN `tbl_siswa` ON `tbl_siswa`.`id_kelas` = `tbl_kelas`.`id_kelas`
WHERE `tbl_nilai`.`id_jadwal` = :tbl_nilai.id_jadwal:', [...], false)
 2 APPPATH\Models\ModelGr.php(73): CodeIgniter\Database\BaseBuilder->get()
 3 APPPATH\Controllers\Loginguru1.php(157): App\Models\ModelGr->siswa('105')
 4 SYSTEMPATH\CodeIgniter.php(934): App\Controllers\loginguru1->datanilai('105')
 5 SYSTEMPATH\CodeIgniter.php(499): CodeIgniter\CodeIgniter->runController(Object(App\Controllers\loginguru1))
 6 SYSTEMPATH\CodeIgniter.php(368): CodeIgniter\CodeIgniter->handleRequest(null, Object(Config\Cache), false)
 7 FCPATH\index.php(67): CodeIgniter\CodeIgniter->run()
CRITICAL - 2023-03-23 09:52:22 --> Undefined index: id_nilai
in APPPATH\Views\nilai\v_datanilai.php on line 86.
 1 APPPATH\Views\nilai\v_datanilai.php(86): CodeIgniter\Debug\Exceptions->errorHandler(8, 'Undefined index: id_nilai', 'APPPATH\\Views\\nilai\\v_datanilai.php', 86, [...])
 2 SYSTEMPATH\View\View.php(213): include('APPPATH\\Views\\nilai\\v_datanilai.php')
 3 SYSTEMPATH\View\View.php(216): CodeIgniter\View\View->CodeIgniter\View\{closure}()
 4 SYSTEMPATH\Common.php(1184): CodeIgniter\View\View->render('nilai/v_datanilai', [], true)
 5 APPPATH\Views\tampilan.php(413): view('nilai/v_datanilai')
 6 SYSTEMPATH\View\View.php(213): include('APPPATH\\Views\\tampilan.php')
 7 SYSTEMPATH\View\View.php(216): CodeIgniter\View\View->CodeIgniter\View\{closure}()
 8 SYSTEMPATH\Common.php(1184): CodeIgniter\View\View->render('tampilan', [], true)
 9 APPPATH\Controllers\Loginguru1.php(160): view('tampilan', [...])
10 SYSTEMPATH\CodeIgniter.php(934): App\Controllers\loginguru1->datanilai('105')
11 SYSTEMPATH\CodeIgniter.php(499): CodeIgniter\CodeIgniter->runController(Object(App\Controllers\loginguru1))
12 SYSTEMPATH\CodeIgniter.php(368): CodeIgniter\CodeIgniter->handleRequest(null, Object(Config\Cache), false)
13 FCPATH\index.php(67): CodeIgniter\CodeIgniter->run()
CRITICAL - 2023-03-23 09:53:55 --> Undefined index: na
in APPPATH\Views\nilai\v_datanilai.php on line 94.
 1 APPPATH\Views\nilai\v_datanilai.php(94): CodeIgniter\Debug\Exceptions->errorHandler(8, 'Undefined index: na', 'APPPATH\\Views\\nilai\\v_datanilai.php', 94, [...])
 2 SYSTEMPATH\View\View.php(213): include('APPPATH\\Views\\nilai\\v_datanilai.php')
 3 SYSTEMPATH\View\View.php(216): CodeIgniter\View\View->CodeIgniter\View\{closure}()
 4 SYSTEMPATH\Common.php(1184): CodeIgniter\View\View->render('nilai/v_datanilai', [], true)
 5 APPPATH\Views\tampilan.php(413): view('nilai/v_datanilai')
 6 SYSTEMPATH\View\View.php(213): include('APPPATH\\Views\\tampilan.php')
 7 SYSTEMPATH\View\View.php(216): CodeIgniter\View\View->CodeIgniter\View\{closure}()
 8 SYSTEMPATH\Common.php(1184): CodeIgniter\View\View->render('tampilan', [], true)
 9 APPPATH\Controllers\Loginguru1.php(160): view('tampilan', [...])
10 SYSTEMPATH\CodeIgniter.php(934): App\Controllers\loginguru1->datanilai('105')
11 SYSTEMPATH\CodeIgniter.php(499): CodeIgniter\CodeIgniter->runController(Object(App\Controllers\loginguru1))
12 SYSTEMPATH\CodeIgniter.php(368): CodeIgniter\CodeIgniter->handleRequest(null, Object(Config\Cache), false)
13 FCPATH\index.php(67): CodeIgniter\CodeIgniter->run()
CRITICAL - 2023-03-23 09:57:01 --> syntax error, unexpected end of file
in APPPATH\Views\nilai\v_datanilai.php on line 219.
 1 SYSTEMPATH\View\View.php(216): CodeIgniter\View\View->CodeIgniter\View\{closure}()
 2 SYSTEMPATH\Common.php(1184): CodeIgniter\View\View->render('nilai/v_datanilai', [], true)
 3 APPPATH\Views\tampilan.php(413): view('nilai/v_datanilai')
 4 SYSTEMPATH\View\View.php(213): include('APPPATH\\Views\\tampilan.php')
 5 SYSTEMPATH\View\View.php(216): CodeIgniter\View\View->CodeIgniter\View\{closure}()
 6 SYSTEMPATH\Common.php(1184): CodeIgniter\View\View->render('tampilan', [], true)
 7 APPPATH\Controllers\Loginguru1.php(160): view('tampilan', [...])
 8 SYSTEMPATH\CodeIgniter.php(934): App\Controllers\loginguru1->datanilai('105')
 9 SYSTEMPATH\CodeIgniter.php(499): CodeIgniter\CodeIgniter->runController(Object(App\Controllers\loginguru1))
10 SYSTEMPATH\CodeIgniter.php(368): CodeIgniter\CodeIgniter->handleRequest(null, Object(Config\Cache), false)
11 FCPATH\index.php(67): CodeIgniter\CodeIgniter->run()
CRITICAL - 2023-03-23 09:57:24 --> Argument 2 passed to form_input() must be of the type string, null given, called in C:\xampp\htdocs\siakad2\vendor\codeigniter4\framework\system\Helpers\form_helper.php on line 123
in SYSTEMPATH\Helpers\form_helper.php on line 143.
 1 SYSTEMPATH\Helpers\form_helper.php(123): form_input('id_nilai', null, 'ROOTPATH\\public', 'hidden')
 2 APPPATH\Views\nilai\v_datanilai.php(86): form_hidden('id_nilai', null)
 3 SYSTEMPATH\View\View.php(213): include('APPPATH\\Views\\nilai\\v_datanilai.php')
 4 SYSTEMPATH\View\View.php(216): CodeIgniter\View\View->CodeIgniter\View\{closure}()
 5 SYSTEMPATH\Common.php(1184): CodeIgniter\View\View->render('nilai/v_datanilai', [], true)
 6 APPPATH\Views\tampilan.php(413): view('nilai/v_datanilai')
 7 SYSTEMPATH\View\View.php(213): include('APPPATH\\Views\\tampilan.php')
 8 SYSTEMPATH\View\View.php(216): CodeIgniter\View\View->CodeIgniter\View\{closure}()
 9 SYSTEMPATH\Common.php(1184): CodeIgniter\View\View->render('tampilan', [], true)
10 APPPATH\Controllers\Loginguru1.php(160): view('tampilan', [...])
11 SYSTEMPATH\CodeIgniter.php(934): App\Controllers\loginguru1->datanilai('105')
12 SYSTEMPATH\CodeIgniter.php(499): CodeIgniter\CodeIgniter->runController(Object(App\Controllers\loginguru1))
13 SYSTEMPATH\CodeIgniter.php(368): CodeIgniter\CodeIgniter->handleRequest(null, Object(Config\Cache), false)
14 FCPATH\index.php(67): CodeIgniter\CodeIgniter->run()
CRITICAL - 2023-03-23 09:57:56 --> Argument 2 passed to form_input() must be of the type string, null given, called in C:\xampp\htdocs\siakad2\vendor\codeigniter4\framework\system\Helpers\form_helper.php on line 123
in SYSTEMPATH\Helpers\form_helper.php on line 143.
 1 SYSTEMPATH\Helpers\form_helper.php(123): form_input('id_nilai', null, 'ROOTPATH\\public', 'hidden')
 2 APPPATH\Views\nilai\v_datanilai.php(86): form_hidden('id_nilai', null)
 3 SYSTEMPATH\View\View.php(213): include('APPPATH\\Views\\nilai\\v_datanilai.php')
 4 SYSTEMPATH\View\View.php(216): CodeIgniter\View\View->CodeIgniter\View\{closure}()
 5 SYSTEMPATH\Common.php(1184): CodeIgniter\View\View->render('nilai/v_datanilai', [], true)
 6 APPPATH\Views\tampilan.php(413): view('nilai/v_datanilai')
 7 SYSTEMPATH\View\View.php(213): include('APPPATH\\Views\\tampilan.php')
 8 SYSTEMPATH\View\View.php(216): CodeIgniter\View\View->CodeIgniter\View\{closure}()
 9 SYSTEMPATH\Common.php(1184): CodeIgniter\View\View->render('tampilan', [], true)
10 APPPATH\Controllers\Loginguru1.php(160): view('tampilan', [...])
11 SYSTEMPATH\CodeIgniter.php(934): App\Controllers\loginguru1->datanilai('105')
12 SYSTEMPATH\CodeIgniter.php(499): CodeIgniter\CodeIgniter->runController(Object(App\Controllers\loginguru1))
13 SYSTEMPATH\CodeIgniter.php(368): CodeIgniter\CodeIgniter->handleRequest(null, Object(Config\Cache), false)
14 FCPATH\index.php(67): CodeIgniter\CodeIgniter->run()
CRITICAL - 2023-03-23 10:13:24 --> Undefined index: id_nilai
in APPPATH\Models\ModelGr.php on line 85.
 1 APPPATH\Models\ModelGr.php(85): CodeIgniter\Debug\Exceptions->errorHandler(8, 'Undefined index: id_nilai', 'APPPATH\\Models\\ModelGr.php', 85, [...])
 2 APPPATH\Controllers\Loginguru1.php(204): App\Models\ModelGr->simpannilai([...])
 3 SYSTEMPATH\CodeIgniter.php(934): App\Controllers\loginguru1->simpannilai('105')
 4 SYSTEMPATH\CodeIgniter.php(499): CodeIgniter\CodeIgniter->runController(Object(App\Controllers\loginguru1))
 5 SYSTEMPATH\CodeIgniter.php(368): CodeIgniter\CodeIgniter->handleRequest(null, Object(Config\Cache), false)
 6 FCPATH\index.php(67): CodeIgniter\CodeIgniter->run()
CRITICAL - 2023-03-23 10:14:42 --> Undefined index: id_jadwal
in APPPATH\Models\ModelGr.php on line 85.
 1 APPPATH\Models\ModelGr.php(85): CodeIgniter\Debug\Exceptions->errorHandler(8, 'Undefined index: id_jadwal', 'APPPATH\\Models\\ModelGr.php', 85, [...])
 2 APPPATH\Controllers\Loginguru1.php(204): App\Models\ModelGr->simpannilai([...])
 3 SYSTEMPATH\CodeIgniter.php(934): App\Controllers\loginguru1->simpannilai('105')
 4 SYSTEMPATH\CodeIgniter.php(499): CodeIgniter\CodeIgniter->runController(Object(App\Controllers\loginguru1))
 5 SYSTEMPATH\CodeIgniter.php(368): CodeIgniter\CodeIgniter->handleRequest(null, Object(Config\Cache), false)
 6 FCPATH\index.php(67): CodeIgniter\CodeIgniter->run()
