CRITICAL - 2023-02-19 21:06:28 --> Undefined variable: siswa
in APPPATH\Views\laporan\v_printl.php on line 110.
 1 APPPATH\Views\laporan\v_printl.php(110): CodeIgniter\Debug\Exceptions->errorHandler(8, 'Undefined variable: siswa', 'APPPATH\\Views\\laporan\\v_printl.php', 110, [...])
 2 SYSTEMPATH\View\View.php(213): include('APPPATH\\Views\\laporan\\v_printl.php')
 3 SYSTEMPATH\View\View.php(216): CodeIgniter\View\View->CodeIgniter\View\{closure}()
 4 SYSTEMPATH\Common.php(1135): CodeIgniter\View\View->render('laporan/v_printl', [], true)
 5 APPPATH\Controllers\Laporan.php(70): view('laporan/v_printl', [...])
 6 SYSTEMPATH\CodeIgniter.php(925): App\Controllers\Laporan->Print()
 7 SYSTEMPATH\CodeIgniter.php(480): CodeIgniter\CodeIgniter->runController(Object(App\Controllers\Laporan))
 8 SYSTEMPATH\CodeIgniter.php(349): CodeIgniter\CodeIgniter->handleRequest(null, Object(Config\Cache), false)
 9 FCPATH\index.php(67): CodeIgniter\CodeIgniter->run()
CRITICAL - 2023-02-19 21:08:06 --> Trying to access array offset on value of type null
in APPPATH\Views\laporan\v_printl.php on line 110.
 1 APPPATH\Views\laporan\v_printl.php(110): CodeIgniter\Debug\Exceptions->errorHandler(8, 'Trying to access array offset on value of type null', 'APPPATH\\Views\\laporan\\v_printl.php', 110, [...])
 2 SYSTEMPATH\View\View.php(213): include('APPPATH\\Views\\laporan\\v_printl.php')
 3 SYSTEMPATH\View\View.php(216): CodeIgniter\View\View->CodeIgniter\View\{closure}()
 4 SYSTEMPATH\Common.php(1135): CodeIgniter\View\View->render('laporan/v_printl', [], true)
 5 APPPATH\Controllers\Laporan.php(70): view('laporan/v_printl', [...])
 6 SYSTEMPATH\CodeIgniter.php(925): App\Controllers\Laporan->Print()
 7 SYSTEMPATH\CodeIgniter.php(480): CodeIgniter\CodeIgniter->runController(Object(App\Controllers\Laporan))
 8 SYSTEMPATH\CodeIgniter.php(349): CodeIgniter\CodeIgniter->handleRequest(null, Object(Config\Cache), false)
 9 FCPATH\index.php(67): CodeIgniter\CodeIgniter->run()
CRITICAL - 2023-02-19 21:08:55 --> Undefined variable: siswa
in APPPATH\Views\laporan\v_printl.php on line 110.
 1 APPPATH\Views\laporan\v_printl.php(110): CodeIgniter\Debug\Exceptions->errorHandler(8, 'Undefined variable: siswa', 'APPPATH\\Views\\laporan\\v_printl.php', 110, [...])
 2 SYSTEMPATH\View\View.php(213): include('APPPATH\\Views\\laporan\\v_printl.php')
 3 SYSTEMPATH\View\View.php(216): CodeIgniter\View\View->CodeIgniter\View\{closure}()
 4 SYSTEMPATH\Common.php(1135): CodeIgniter\View\View->render('laporan/v_printl', [], true)
 5 APPPATH\Controllers\Laporan.php(69): view('laporan/v_printl', [...])
 6 SYSTEMPATH\CodeIgniter.php(925): App\Controllers\Laporan->Print()
 7 SYSTEMPATH\CodeIgniter.php(480): CodeIgniter\CodeIgniter->runController(Object(App\Controllers\Laporan))
 8 SYSTEMPATH\CodeIgniter.php(349): CodeIgniter\CodeIgniter->handleRequest(null, Object(Config\Cache), false)
 9 FCPATH\index.php(67): CodeIgniter\CodeIgniter->run()
CRITICAL - 2023-02-19 21:09:37 --> Undefined variable: siswa
in APPPATH\Views\laporan\v_printl.php on line 110.
 1 APPPATH\Views\laporan\v_printl.php(110): CodeIgniter\Debug\Exceptions->errorHandler(8, 'Undefined variable: siswa', 'APPPATH\\Views\\laporan\\v_printl.php', 110, [...])
 2 SYSTEMPATH\View\View.php(213): include('APPPATH\\Views\\laporan\\v_printl.php')
 3 SYSTEMPATH\View\View.php(216): CodeIgniter\View\View->CodeIgniter\View\{closure}()
 4 SYSTEMPATH\Common.php(1135): CodeIgniter\View\View->render('laporan/v_printl', [], true)
 5 APPPATH\Controllers\Laporan.php(69): view('laporan/v_printl', [...])
 6 SYSTEMPATH\CodeIgniter.php(925): App\Controllers\Laporan->Print()
 7 SYSTEMPATH\CodeIgniter.php(480): CodeIgniter\CodeIgniter->runController(Object(App\Controllers\Laporan))
 8 SYSTEMPATH\CodeIgniter.php(349): CodeIgniter\CodeIgniter->handleRequest(null, Object(Config\Cache), false)
 9 FCPATH\index.php(67): CodeIgniter\CodeIgniter->run()
CRITICAL - 2023-02-19 21:13:46 --> You must set the database table to be used with your query.
in SYSTEMPATH\Database\BaseConnection.php on line 845.
 1 SYSTEMPATH\Model.php(611): CodeIgniter\Database\BaseConnection->table(null)
 2 SYSTEMPATH\Model.php(797): CodeIgniter\Model->builder()
 3 APPPATH\Controllers\Laporan.php(66): CodeIgniter\Model->__call('DataSiswa', [])
 4 SYSTEMPATH\CodeIgniter.php(925): App\Controllers\Laporan->Print('12022', '2023sosial dan emosiKelas A')
 5 SYSTEMPATH\CodeIgniter.php(480): CodeIgniter\CodeIgniter->runController(Object(App\Controllers\Laporan))
 6 SYSTEMPATH\CodeIgniter.php(349): CodeIgniter\CodeIgniter->handleRequest(null, Object(Config\Cache), false)
 7 FCPATH\index.php(67): CodeIgniter\CodeIgniter->run()
CRITICAL - 2023-02-19 21:14:02 --> Trying to access array offset on value of type null
in APPPATH\Views\laporan\v_printl.php on line 75.
 1 APPPATH\Views\laporan\v_printl.php(75): CodeIgniter\Debug\Exceptions->errorHandler(8, 'Trying to access array offset on value of type null', 'APPPATH\\Views\\laporan\\v_printl.php', 75, [...])
 2 SYSTEMPATH\View\View.php(213): include('APPPATH\\Views\\laporan\\v_printl.php')
 3 SYSTEMPATH\View\View.php(216): CodeIgniter\View\View->CodeIgniter\View\{closure}()
 4 SYSTEMPATH\Common.php(1135): CodeIgniter\View\View->render('laporan/v_printl', [], true)
 5 APPPATH\Controllers\Laporan.php(70): view('laporan/v_printl', [...])
 6 SYSTEMPATH\CodeIgniter.php(925): App\Controllers\Laporan->Print('12022', '2023sosial dan emosiKelas A')
 7 SYSTEMPATH\CodeIgniter.php(480): CodeIgniter\CodeIgniter->runController(Object(App\Controllers\Laporan))
 8 SYSTEMPATH\CodeIgniter.php(349): CodeIgniter\CodeIgniter->handleRequest(null, Object(Config\Cache), false)
 9 FCPATH\index.php(67): CodeIgniter\CodeIgniter->run()
CRITICAL - 2023-02-19 21:15:34 --> Trying to access array offset on value of type null
in APPPATH\Views\laporan\v_printl.php on line 75.
 1 APPPATH\Views\laporan\v_printl.php(75): CodeIgniter\Debug\Exceptions->errorHandler(8, 'Trying to access array offset on value of type null', 'APPPATH\\Views\\laporan\\v_printl.php', 75, [...])
 2 SYSTEMPATH\View\View.php(213): include('APPPATH\\Views\\laporan\\v_printl.php')
 3 SYSTEMPATH\View\View.php(216): CodeIgniter\View\View->CodeIgniter\View\{closure}()
 4 SYSTEMPATH\Common.php(1135): CodeIgniter\View\View->render('laporan/v_printl', [], true)
 5 APPPATH\Controllers\Laporan.php(73): view('laporan/v_printl', [...])
 6 SYSTEMPATH\CodeIgniter.php(925): App\Controllers\Laporan->Print('12022', '2023sosial dan emosiKelas A')
 7 SYSTEMPATH\CodeIgniter.php(480): CodeIgniter\CodeIgniter->runController(Object(App\Controllers\Laporan))
 8 SYSTEMPATH\CodeIgniter.php(349): CodeIgniter\CodeIgniter->handleRequest(null, Object(Config\Cache), false)
 9 FCPATH\index.php(67): CodeIgniter\CodeIgniter->run()
CRITICAL - 2023-02-19 21:16:03 --> Trying to access array offset on value of type null
in APPPATH\Views\laporan\v_printl.php on line 75.
 1 APPPATH\Views\laporan\v_printl.php(75): CodeIgniter\Debug\Exceptions->errorHandler(8, 'Trying to access array offset on value of type null', 'APPPATH\\Views\\laporan\\v_printl.php', 75, [...])
 2 SYSTEMPATH\View\View.php(213): include('APPPATH\\Views\\laporan\\v_printl.php')
 3 SYSTEMPATH\View\View.php(216): CodeIgniter\View\View->CodeIgniter\View\{closure}()
 4 SYSTEMPATH\Common.php(1135): CodeIgniter\View\View->render('laporan/v_printl', [], true)
 5 APPPATH\Controllers\Laporan.php(70): view('laporan/v_printl', [...])
 6 SYSTEMPATH\CodeIgniter.php(925): App\Controllers\Laporan->Print('12022', '2023sosial dan emosiKelas A')
 7 SYSTEMPATH\CodeIgniter.php(480): CodeIgniter\CodeIgniter->runController(Object(App\Controllers\Laporan))
 8 SYSTEMPATH\CodeIgniter.php(349): CodeIgniter\CodeIgniter->handleRequest(null, Object(Config\Cache), false)
 9 FCPATH\index.php(67): CodeIgniter\CodeIgniter->run()
CRITICAL - 2023-02-19 22:33:32 --> syntax error, unexpected '=', expecting ']'
in APPPATH\Controllers\Laporan.php on line 52.
 1 SYSTEMPATH\Router\Router.php(499): CodeIgniter\Router\AutoRouter->getRoute('laporan')
 2 SYSTEMPATH\Router\Router.php(205): CodeIgniter\Router\Router->autoRoute('laporan')
 3 SYSTEMPATH\CodeIgniter.php(800): CodeIgniter\Router\Router->handle('laporan')
 4 SYSTEMPATH\CodeIgniter.php(428): CodeIgniter\CodeIgniter->tryToRouteIt(Object(CodeIgniter\Router\RouteCollection))
 5 SYSTEMPATH\CodeIgniter.php(349): CodeIgniter\CodeIgniter->handleRequest(null, Object(Config\Cache), false)
 6 FCPATH\index.php(67): CodeIgniter\CodeIgniter->run()
CRITICAL - 2023-02-19 22:34:32 --> Too few arguments to function App\Controllers\Laporan::Print(), 2 passed in C:\xampp\htdocs\siakad2\vendor\codeigniter4\framework\system\CodeIgniter.php on line 925 and exactly 4 expected
in APPPATH\Controllers\Laporan.php on line 64.
 1 SYSTEMPATH\CodeIgniter.php(925): App\Controllers\Laporan->Print('12022', '2023sosial dan emosiKelas A')
 2 SYSTEMPATH\CodeIgniter.php(480): CodeIgniter\CodeIgniter->runController(Object(App\Controllers\Laporan))
 3 SYSTEMPATH\CodeIgniter.php(349): CodeIgniter\CodeIgniter->handleRequest(null, Object(Config\Cache), false)
 4 FCPATH\index.php(67): CodeIgniter\CodeIgniter->run()
CRITICAL - 2023-02-19 22:35:50 --> Too few arguments to function App\Controllers\Laporan::Print(), 0 passed in C:\xampp\htdocs\siakad2\vendor\codeigniter4\framework\system\CodeIgniter.php on line 925 and exactly 4 expected
in APPPATH\Controllers\Laporan.php on line 64.
 1 SYSTEMPATH\CodeIgniter.php(925): App\Controllers\Laporan->Print()
 2 SYSTEMPATH\CodeIgniter.php(480): CodeIgniter\CodeIgniter->runController(Object(App\Controllers\Laporan))
 3 SYSTEMPATH\CodeIgniter.php(349): CodeIgniter\CodeIgniter->handleRequest(null, Object(Config\Cache), false)
 4 FCPATH\index.php(67): CodeIgniter\CodeIgniter->run()
CRITICAL - 2023-02-19 22:36:58 --> Too few arguments to function App\Controllers\Laporan::Print(), 0 passed in C:\xampp\htdocs\siakad2\vendor\codeigniter4\framework\system\CodeIgniter.php on line 925 and exactly 4 expected
in APPPATH\Controllers\Laporan.php on line 64.
 1 SYSTEMPATH\CodeIgniter.php(925): App\Controllers\Laporan->Print()
 2 SYSTEMPATH\CodeIgniter.php(480): CodeIgniter\CodeIgniter->runController(Object(App\Controllers\Laporan))
 3 SYSTEMPATH\CodeIgniter.php(349): CodeIgniter\CodeIgniter->handleRequest(null, Object(Config\Cache), false)
 4 FCPATH\index.php(67): CodeIgniter\CodeIgniter->run()
CRITICAL - 2023-02-19 22:37:01 --> Too few arguments to function App\Controllers\Laporan::Print(), 0 passed in C:\xampp\htdocs\siakad2\vendor\codeigniter4\framework\system\CodeIgniter.php on line 925 and exactly 4 expected
in APPPATH\Controllers\Laporan.php on line 64.
 1 SYSTEMPATH\CodeIgniter.php(925): App\Controllers\Laporan->Print()
 2 SYSTEMPATH\CodeIgniter.php(480): CodeIgniter\CodeIgniter->runController(Object(App\Controllers\Laporan))
 3 SYSTEMPATH\CodeIgniter.php(349): CodeIgniter\CodeIgniter->handleRequest(null, Object(Config\Cache), false)
 4 FCPATH\index.php(67): CodeIgniter\CodeIgniter->run()
CRITICAL - 2023-02-19 22:39:10 --> Too few arguments to function App\Controllers\Laporan::Print(), 2 passed in C:\xampp\htdocs\siakad2\vendor\codeigniter4\framework\system\CodeIgniter.php on line 925 and exactly 4 expected
in APPPATH\Controllers\Laporan.php on line 64.
 1 SYSTEMPATH\CodeIgniter.php(925): App\Controllers\Laporan->Print('12022', '2023sosial dan emosiKelas A')
 2 SYSTEMPATH\CodeIgniter.php(480): CodeIgniter\CodeIgniter->runController(Object(App\Controllers\Laporan))
 3 SYSTEMPATH\CodeIgniter.php(349): CodeIgniter\CodeIgniter->handleRequest(null, Object(Config\Cache), false)
 4 FCPATH\index.php(67): CodeIgniter\CodeIgniter->run()
CRITICAL - 2023-02-19 22:39:28 --> Too few arguments to function App\Controllers\Laporan::Print(), 2 passed in C:\xampp\htdocs\siakad2\vendor\codeigniter4\framework\system\CodeIgniter.php on line 925 and exactly 4 expected
in APPPATH\Controllers\Laporan.php on line 64.
 1 SYSTEMPATH\CodeIgniter.php(925): App\Controllers\Laporan->Print('12022', '2023kognitifKelas A')
 2 SYSTEMPATH\CodeIgniter.php(480): CodeIgniter\CodeIgniter->runController(Object(App\Controllers\Laporan))
 3 SYSTEMPATH\CodeIgniter.php(349): CodeIgniter\CodeIgniter->handleRequest(null, Object(Config\Cache), false)
 4 FCPATH\index.php(67): CodeIgniter\CodeIgniter->run()
CRITICAL - 2023-02-19 22:41:29 --> Too few arguments to function App\Controllers\Laporan::Print(), 2 passed in C:\xampp\htdocs\siakad2\vendor\codeigniter4\framework\system\CodeIgniter.php on line 925 and exactly 4 expected
in APPPATH\Controllers\Laporan.php on line 64.
 1 SYSTEMPATH\CodeIgniter.php(925): App\Controllers\Laporan->Print('12022', '2023kognitifKelas A')
 2 SYSTEMPATH\CodeIgniter.php(480): CodeIgniter\CodeIgniter->runController(Object(App\Controllers\Laporan))
 3 SYSTEMPATH\CodeIgniter.php(349): CodeIgniter\CodeIgniter->handleRequest(null, Object(Config\Cache), false)
 4 FCPATH\index.php(67): CodeIgniter\CodeIgniter->run()
CRITICAL - 2023-02-19 22:42:02 --> Too few arguments to function App\Controllers\Laporan::Print(), 2 passed in C:\xampp\htdocs\siakad2\vendor\codeigniter4\framework\system\CodeIgniter.php on line 925 and exactly 4 expected
in APPPATH\Controllers\Laporan.php on line 64.
 1 SYSTEMPATH\CodeIgniter.php(925): App\Controllers\Laporan->Print('12022', '2023kognitifKelas A')
 2 SYSTEMPATH\CodeIgniter.php(480): CodeIgniter\CodeIgniter->runController(Object(App\Controllers\Laporan))
 3 SYSTEMPATH\CodeIgniter.php(349): CodeIgniter\CodeIgniter->handleRequest(null, Object(Config\Cache), false)
 4 FCPATH\index.php(67): CodeIgniter\CodeIgniter->run()
CRITICAL - 2023-02-19 22:43:07 --> Too few arguments to function App\Controllers\Laporan::Print(), 2 passed in C:\xampp\htdocs\siakad2\vendor\codeigniter4\framework\system\CodeIgniter.php on line 925 and exactly 4 expected
in APPPATH\Controllers\Laporan.php on line 64.
 1 SYSTEMPATH\CodeIgniter.php(925): App\Controllers\Laporan->Print('12022', '2023kognitifKelas A')
 2 SYSTEMPATH\CodeIgniter.php(480): CodeIgniter\CodeIgniter->runController(Object(App\Controllers\Laporan))
 3 SYSTEMPATH\CodeIgniter.php(349): CodeIgniter\CodeIgniter->handleRequest(null, Object(Config\Cache), false)
 4 FCPATH\index.php(67): CodeIgniter\CodeIgniter->run()
CRITICAL - 2023-02-19 22:43:40 --> Too few arguments to function App\Controllers\Laporan::Print(), 2 passed in C:\xampp\htdocs\siakad2\vendor\codeigniter4\framework\system\CodeIgniter.php on line 925 and exactly 4 expected
in APPPATH\Controllers\Laporan.php on line 64.
 1 SYSTEMPATH\CodeIgniter.php(925): App\Controllers\Laporan->Print('12022', '2023kognitifKelas A')
 2 SYSTEMPATH\CodeIgniter.php(480): CodeIgniter\CodeIgniter->runController(Object(App\Controllers\Laporan))
 3 SYSTEMPATH\CodeIgniter.php(349): CodeIgniter\CodeIgniter->handleRequest(null, Object(Config\Cache), false)
 4 FCPATH\index.php(67): CodeIgniter\CodeIgniter->run()
CRITICAL - 2023-02-19 22:44:38 --> Undefined variable: smt
in APPPATH\Controllers\Laporan.php on line 71.
 1 APPPATH\Controllers\Laporan.php(71): CodeIgniter\Debug\Exceptions->errorHandler(8, 'Undefined variable: smt', 'APPPATH\\Controllers\\Laporan.php', 71, [])
 2 SYSTEMPATH\CodeIgniter.php(925): App\Controllers\Laporan->Print('12022', '2023kognitifKelas A')
 3 SYSTEMPATH\CodeIgniter.php(480): CodeIgniter\CodeIgniter->runController(Object(App\Controllers\Laporan))
 4 SYSTEMPATH\CodeIgniter.php(349): CodeIgniter\CodeIgniter->handleRequest(null, Object(Config\Cache), false)
 5 FCPATH\index.php(67): CodeIgniter\CodeIgniter->run()
CRITICAL - 2023-02-19 22:45:03 --> Undefined variable: nama_kelas
in APPPATH\Controllers\Laporan.php on line 72.
 1 APPPATH\Controllers\Laporan.php(72): CodeIgniter\Debug\Exceptions->errorHandler(8, 'Undefined variable: nama_kelas', 'APPPATH\\Controllers\\Laporan.php', 72, [...])
 2 SYSTEMPATH\CodeIgniter.php(925): App\Controllers\Laporan->Print('12022', '2023kognitifKelas A')
 3 SYSTEMPATH\CodeIgniter.php(480): CodeIgniter\CodeIgniter->runController(Object(App\Controllers\Laporan))
 4 SYSTEMPATH\CodeIgniter.php(349): CodeIgniter\CodeIgniter->handleRequest(null, Object(Config\Cache), false)
 5 FCPATH\index.php(67): CodeIgniter\CodeIgniter->run()
CRITICAL - 2023-02-19 22:45:12 --> Undefined variable: nama_kelas
in APPPATH\Controllers\Laporan.php on line 75.
 1 APPPATH\Controllers\Laporan.php(75): CodeIgniter\Debug\Exceptions->errorHandler(8, 'Undefined variable: nama_kelas', 'APPPATH\\Controllers\\Laporan.php', 75, [...])
 2 SYSTEMPATH\CodeIgniter.php(925): App\Controllers\Laporan->Print('12022', '2023kognitifKelas A')
 3 SYSTEMPATH\CodeIgniter.php(480): CodeIgniter\CodeIgniter->runController(Object(App\Controllers\Laporan))
 4 SYSTEMPATH\CodeIgniter.php(349): CodeIgniter\CodeIgniter->handleRequest(null, Object(Config\Cache), false)
 5 FCPATH\index.php(67): CodeIgniter\CodeIgniter->run()
CRITICAL - 2023-02-19 22:48:35 --> Too few arguments to function App\Controllers\Laporan::Print(), 2 passed in C:\xampp\htdocs\siakad2\vendor\codeigniter4\framework\system\CodeIgniter.php on line 925 and exactly 4 expected
in APPPATH\Controllers\Laporan.php on line 64.
 1 SYSTEMPATH\CodeIgniter.php(925): App\Controllers\Laporan->Print('12022', '2023kognitifKelas A')
 2 SYSTEMPATH\CodeIgniter.php(480): CodeIgniter\CodeIgniter->runController(Object(App\Controllers\Laporan))
 3 SYSTEMPATH\CodeIgniter.php(349): CodeIgniter\CodeIgniter->handleRequest(null, Object(Config\Cache), false)
 4 FCPATH\index.php(67): CodeIgniter\CodeIgniter->run()
CRITICAL - 2023-02-19 22:49:24 --> Too few arguments to function App\Controllers\Laporan::Print(), 2 passed in C:\xampp\htdocs\siakad2\vendor\codeigniter4\framework\system\CodeIgniter.php on line 925 and exactly 4 expected
in APPPATH\Controllers\Laporan.php on line 64.
 1 SYSTEMPATH\CodeIgniter.php(925): App\Controllers\Laporan->Print('12022', '2023kognitifKelas A')
 2 SYSTEMPATH\CodeIgniter.php(480): CodeIgniter\CodeIgniter->runController(Object(App\Controllers\Laporan))
 3 SYSTEMPATH\CodeIgniter.php(349): CodeIgniter\CodeIgniter->handleRequest(null, Object(Config\Cache), false)
 4 FCPATH\index.php(67): CodeIgniter\CodeIgniter->run()
CRITICAL - 2023-02-19 22:50:11 --> Too few arguments to function App\Controllers\Laporan::Print(), 2 passed in C:\xampp\htdocs\siakad2\vendor\codeigniter4\framework\system\CodeIgniter.php on line 925 and exactly 4 expected
in APPPATH\Controllers\Laporan.php on line 64.
 1 SYSTEMPATH\CodeIgniter.php(925): App\Controllers\Laporan->Print('12022', '2023kognitifKelas A')
 2 SYSTEMPATH\CodeIgniter.php(480): CodeIgniter\CodeIgniter->runController(Object(App\Controllers\Laporan))
 3 SYSTEMPATH\CodeIgniter.php(349): CodeIgniter\CodeIgniter->handleRequest(null, Object(Config\Cache), false)
 4 FCPATH\index.php(67): CodeIgniter\CodeIgniter->run()
CRITICAL - 2023-02-19 22:50:16 --> Too few arguments to function App\Controllers\Laporan::Print(), 2 passed in C:\xampp\htdocs\siakad2\vendor\codeigniter4\framework\system\CodeIgniter.php on line 925 and exactly 4 expected
in APPPATH\Controllers\Laporan.php on line 64.
 1 SYSTEMPATH\CodeIgniter.php(925): App\Controllers\Laporan->Print('12022', '2023kognitifKelas A')
 2 SYSTEMPATH\CodeIgniter.php(480): CodeIgniter\CodeIgniter->runController(Object(App\Controllers\Laporan))
 3 SYSTEMPATH\CodeIgniter.php(349): CodeIgniter\CodeIgniter->handleRequest(null, Object(Config\Cache), false)
 4 FCPATH\index.php(67): CodeIgniter\CodeIgniter->run()
CRITICAL - 2023-02-19 22:50:47 --> Too few arguments to function App\Controllers\Laporan::Print(), 2 passed in C:\xampp\htdocs\siakad2\vendor\codeigniter4\framework\system\CodeIgniter.php on line 925 and exactly 4 expected
in APPPATH\Controllers\Laporan.php on line 64.
 1 SYSTEMPATH\CodeIgniter.php(925): App\Controllers\Laporan->Print('12022', '2023kognitifKelas A')
 2 SYSTEMPATH\CodeIgniter.php(480): CodeIgniter\CodeIgniter->runController(Object(App\Controllers\Laporan))
 3 SYSTEMPATH\CodeIgniter.php(349): CodeIgniter\CodeIgniter->handleRequest(null, Object(Config\Cache), false)
 4 FCPATH\index.php(67): CodeIgniter\CodeIgniter->run()
CRITICAL - 2023-02-19 22:50:51 --> Too few arguments to function App\Controllers\Laporan::Print(), 2 passed in C:\xampp\htdocs\siakad2\vendor\codeigniter4\framework\system\CodeIgniter.php on line 925 and exactly 4 expected
in APPPATH\Controllers\Laporan.php on line 64.
 1 SYSTEMPATH\CodeIgniter.php(925): App\Controllers\Laporan->Print('12022', '2023kognitifKelas A')
 2 SYSTEMPATH\CodeIgniter.php(480): CodeIgniter\CodeIgniter->runController(Object(App\Controllers\Laporan))
 3 SYSTEMPATH\CodeIgniter.php(349): CodeIgniter\CodeIgniter->handleRequest(null, Object(Config\Cache), false)
 4 FCPATH\index.php(67): CodeIgniter\CodeIgniter->run()
CRITICAL - 2023-02-19 22:51:06 --> Too few arguments to function App\Controllers\Laporan::Print(), 2 passed in C:\xampp\htdocs\siakad2\vendor\codeigniter4\framework\system\CodeIgniter.php on line 925 and exactly 4 expected
in APPPATH\Controllers\Laporan.php on line 64.
 1 SYSTEMPATH\CodeIgniter.php(925): App\Controllers\Laporan->Print('12022', '2023kognitifKelas A')
 2 SYSTEMPATH\CodeIgniter.php(480): CodeIgniter\CodeIgniter->runController(Object(App\Controllers\Laporan))
 3 SYSTEMPATH\CodeIgniter.php(349): CodeIgniter\CodeIgniter->handleRequest(null, Object(Config\Cache), false)
 4 FCPATH\index.php(67): CodeIgniter\CodeIgniter->run()
CRITICAL - 2023-02-19 22:59:24 --> Too few arguments to function App\Controllers\Laporan::Print(), 2 passed in C:\xampp\htdocs\siakad2\vendor\codeigniter4\framework\system\CodeIgniter.php on line 925 and exactly 4 expected
in APPPATH\Controllers\Laporan.php on line 64.
 1 SYSTEMPATH\CodeIgniter.php(925): App\Controllers\Laporan->Print('12022', '2023kognitifKelas A')
 2 SYSTEMPATH\CodeIgniter.php(480): CodeIgniter\CodeIgniter->runController(Object(App\Controllers\Laporan))
 3 SYSTEMPATH\CodeIgniter.php(349): CodeIgniter\CodeIgniter->handleRequest(null, Object(Config\Cache), false)
 4 FCPATH\index.php(67): CodeIgniter\CodeIgniter->run()
CRITICAL - 2023-02-19 22:59:40 --> Too few arguments to function App\Controllers\Laporan::Print(), 2 passed in C:\xampp\htdocs\siakad2\vendor\codeigniter4\framework\system\CodeIgniter.php on line 925 and exactly 4 expected
in APPPATH\Controllers\Laporan.php on line 64.
 1 SYSTEMPATH\CodeIgniter.php(925): App\Controllers\Laporan->Print('12022', '2023kognitifKelas A')
 2 SYSTEMPATH\CodeIgniter.php(480): CodeIgniter\CodeIgniter->runController(Object(App\Controllers\Laporan))
 3 SYSTEMPATH\CodeIgniter.php(349): CodeIgniter\CodeIgniter->handleRequest(null, Object(Config\Cache), false)
 4 FCPATH\index.php(67): CodeIgniter\CodeIgniter->run()
CRITICAL - 2023-02-19 23:12:05 --> Too few arguments to function App\Controllers\Laporan::Print(), 2 passed in C:\xampp\htdocs\siakad2\vendor\codeigniter4\framework\system\CodeIgniter.php on line 925 and exactly 4 expected
in APPPATH\Controllers\Laporan.php on line 64.
 1 SYSTEMPATH\CodeIgniter.php(925): App\Controllers\Laporan->Print('12022', '2023kognitifKelas A')
 2 SYSTEMPATH\CodeIgniter.php(480): CodeIgniter\CodeIgniter->runController(Object(App\Controllers\Laporan))
 3 SYSTEMPATH\CodeIgniter.php(349): CodeIgniter\CodeIgniter->handleRequest(null, Object(Config\Cache), false)
 4 FCPATH\index.php(67): CodeIgniter\CodeIgniter->run()
CRITICAL - 2023-02-19 23:12:44 --> Too few arguments to function App\Controllers\Laporan::Print(), 2 passed in C:\xampp\htdocs\siakad2\vendor\codeigniter4\framework\system\CodeIgniter.php on line 925 and exactly 4 expected
in APPPATH\Controllers\Laporan.php on line 64.
 1 SYSTEMPATH\CodeIgniter.php(925): App\Controllers\Laporan->Print('12022', '2023kognitifKelas A')
 2 SYSTEMPATH\CodeIgniter.php(480): CodeIgniter\CodeIgniter->runController(Object(App\Controllers\Laporan))
 3 SYSTEMPATH\CodeIgniter.php(349): CodeIgniter\CodeIgniter->handleRequest(null, Object(Config\Cache), false)
 4 FCPATH\index.php(67): CodeIgniter\CodeIgniter->run()
CRITICAL - 2023-02-19 23:49:57 --> Undefined variable: siswa
in APPPATH\Views\laporan\v_printl.php on line 75.
 1 APPPATH\Views\laporan\v_printl.php(75): CodeIgniter\Debug\Exceptions->errorHandler(8, 'Undefined variable: siswa', 'APPPATH\\Views\\laporan\\v_printl.php', 75, [...])
 2 SYSTEMPATH\View\View.php(213): include('APPPATH\\Views\\laporan\\v_printl.php')
 3 SYSTEMPATH\View\View.php(216): CodeIgniter\View\View->CodeIgniter\View\{closure}()
 4 SYSTEMPATH\Common.php(1135): CodeIgniter\View\View->render('laporan/v_printl', [], true)
 5 APPPATH\Controllers\Laporan.php(81): view('laporan/v_printl', [...])
 6 SYSTEMPATH\CodeIgniter.php(925): App\Controllers\Laporan->Print('1', '2022', '2023', 'kognitif', 'Kelas A')
 7 SYSTEMPATH\CodeIgniter.php(480): CodeIgniter\CodeIgniter->runController(Object(App\Controllers\Laporan))
 8 SYSTEMPATH\CodeIgniter.php(349): CodeIgniter\CodeIgniter->handleRequest(null, Object(Config\Cache), false)
 9 FCPATH\index.php(67): CodeIgniter\CodeIgniter->run()
