CRITICAL - 2022-11-30 00:46:47 --> Undefined index: foto
in APPPATH\Controllers\Guru.php on line 172.
 1 APPPATH\Controllers\Guru.php(172): CodeIgniter\Debug\Exceptions->errorHandler(8, 'Undefined index: foto', 'APPPATH\\Controllers\\Guru.php', 172, [...])
 2 SYSTEMPATH\CodeIgniter.php(927): App\Controllers\Guru->update('8')
 3 SYSTEMPATH\CodeIgniter.php(482): CodeIgniter\CodeIgniter->runController(Object(App\Controllers\Guru))
 4 SYSTEMPATH\CodeIgniter.php(351): CodeIgniter\CodeIgniter->handleRequest(null, Object(Config\Cache), false)
 5 FCPATH\index.php(67): CodeIgniter\CodeIgniter->run()
CRITICAL - 2022-11-30 00:50:00 --> Undefined index: fotoguru
in APPPATH\Controllers\Guru.php on line 173.
 1 APPPATH\Controllers\Guru.php(173): CodeIgniter\Debug\Exceptions->errorHandler(8, 'Undefined index: fotoguru', 'APPPATH\\Controllers\\Guru.php', 173, [...])
 2 SYSTEMPATH\CodeIgniter.php(927): App\Controllers\Guru->update('8')
 3 SYSTEMPATH\CodeIgniter.php(482): CodeIgniter\CodeIgniter->runController(Object(App\Controllers\Guru))
 4 SYSTEMPATH\CodeIgniter.php(351): CodeIgniter\CodeIgniter->handleRequest(null, Object(Config\Cache), false)
 5 FCPATH\index.php(67): CodeIgniter\CodeIgniter->run()
CRITICAL - 2022-11-30 00:56:15 --> Undefined property: App\Controllers\Guru::$ModelUser
in APPPATH\Controllers\Guru.php on line 205.
 1 APPPATH\Controllers\Guru.php(205): CodeIgniter\Debug\Exceptions->errorHandler(8, 'Undefined property: App\\Controllers\\Guru::$ModelUser', 'APPPATH\\Controllers\\Guru.php', 205, [...])
 2 SYSTEMPATH\CodeIgniter.php(927): App\Controllers\Guru->delete('8')
 3 SYSTEMPATH\CodeIgniter.php(482): CodeIgniter\CodeIgniter->runController(Object(App\Controllers\Guru))
 4 SYSTEMPATH\CodeIgniter.php(351): CodeIgniter\CodeIgniter->handleRequest(null, Object(Config\Cache), false)
 5 FCPATH\index.php(67): CodeIgniter\CodeIgniter->run()
CRITICAL - 2022-11-30 00:56:44 --> unlink(fotodosen/1669791059_a8e801f0791ee2bbc304.png): No such file or directory
in APPPATH\Controllers\Guru.php on line 207.
 1 [internal function]: CodeIgniter\Debug\Exceptions->errorHandler(2, 'unlink(fotodosen/1669791059_a8e801f0791ee2bbc304.png): No such file or directory', 'APPPATH\\Controllers\\Guru.php', 207, [...])
 2 APPPATH\Controllers\Guru.php(207): unlink('fotodosen/1669791059_a8e801f0791ee2bbc304.png')
 3 SYSTEMPATH\CodeIgniter.php(927): App\Controllers\Guru->delete('8')
 4 SYSTEMPATH\CodeIgniter.php(482): CodeIgniter\CodeIgniter->runController(Object(App\Controllers\Guru))
 5 SYSTEMPATH\CodeIgniter.php(351): CodeIgniter\CodeIgniter->handleRequest(null, Object(Config\Cache), false)
 6 FCPATH\index.php(67): CodeIgniter\CodeIgniter->run()
CRITICAL - 2022-11-30 00:59:32 --> unlink(fotodosen/1669791568_5517ca8d0d2247677a52.png): No such file or directory
in APPPATH\Controllers\Guru.php on line 207.
 1 [internal function]: CodeIgniter\Debug\Exceptions->errorHandler(2, 'unlink(fotodosen/1669791568_5517ca8d0d2247677a52.png): No such file or directory', 'APPPATH\\Controllers\\Guru.php', 207, [...])
 2 APPPATH\Controllers\Guru.php(207): unlink('fotodosen/1669791568_5517ca8d0d2247677a52.png')
 3 SYSTEMPATH\CodeIgniter.php(927): App\Controllers\Guru->delete('9')
 4 SYSTEMPATH\CodeIgniter.php(482): CodeIgniter\CodeIgniter->runController(Object(App\Controllers\Guru))
 5 SYSTEMPATH\CodeIgniter.php(351): CodeIgniter\CodeIgniter->handleRequest(null, Object(Config\Cache), false)
 6 FCPATH\index.php(67): CodeIgniter\CodeIgniter->run()
CRITICAL - 2022-11-30 01:36:23 --> Undefined index: rama
in APPPATH\Views\master\siswa\v_index.php on line 59.
 1 APPPATH\Views\master\siswa\v_index.php(59): CodeIgniter\Debug\Exceptions->errorHandler(8, 'Undefined index: rama', 'APPPATH\\Views\\master\\siswa\\v_index.php', 59, [...])
 2 SYSTEMPATH\View\View.php(213): include('APPPATH\\Views\\master\\siswa\\v_index.php')
 3 SYSTEMPATH\View\View.php(216): CodeIgniter\View\View->CodeIgniter\View\{closure}()
 4 SYSTEMPATH\Common.php(1134): CodeIgniter\View\View->render('master/siswa/v_index', [], true)
 5 APPPATH\Views\tampilan.php(226): view('master/siswa/v_index')
 6 SYSTEMPATH\View\View.php(213): include('APPPATH\\Views\\tampilan.php')
 7 SYSTEMPATH\View\View.php(216): CodeIgniter\View\View->CodeIgniter\View\{closure}()
 8 SYSTEMPATH\Common.php(1134): CodeIgniter\View\View->render('tampilan', [], true)
 9 APPPATH\Controllers\siswa.php(24): view('tampilan', [...])
10 SYSTEMPATH\CodeIgniter.php(927): App\Controllers\Siswa->index()
11 SYSTEMPATH\CodeIgniter.php(482): CodeIgniter\CodeIgniter->runController(Object(App\Controllers\Siswa))
12 SYSTEMPATH\CodeIgniter.php(351): CodeIgniter\CodeIgniter->handleRequest(null, Object(Config\Cache), false)
13 FCPATH\index.php(67): CodeIgniter\CodeIgniter->run()
CRITICAL - 2022-11-30 08:08:23 --> Undefined variable: user
in APPPATH\Views\kelas\v_kelas.php on line 52.
 1 APPPATH\Views\kelas\v_kelas.php(52): CodeIgniter\Debug\Exceptions->errorHandler(8, 'Undefined variable: user', 'APPPATH\\Views\\kelas\\v_kelas.php', 52, [...])
 2 SYSTEMPATH\View\View.php(213): include('APPPATH\\Views\\kelas\\v_kelas.php')
 3 SYSTEMPATH\View\View.php(216): CodeIgniter\View\View->CodeIgniter\View\{closure}()
 4 SYSTEMPATH\Common.php(1134): CodeIgniter\View\View->render('kelas/v_kelas', [], true)
 5 APPPATH\Views\tampilan.php(226): view('kelas/v_kelas')
 6 SYSTEMPATH\View\View.php(213): include('APPPATH\\Views\\tampilan.php')
 7 SYSTEMPATH\View\View.php(216): CodeIgniter\View\View->CodeIgniter\View\{closure}()
 8 SYSTEMPATH\Common.php(1134): CodeIgniter\View\View->render('tampilan', [], true)
 9 APPPATH\Controllers\Kelas.php(19): view('tampilan', [...])
10 SYSTEMPATH\CodeIgniter.php(927): App\Controllers\Kelas->index()
11 SYSTEMPATH\CodeIgniter.php(482): CodeIgniter\CodeIgniter->runController(Object(App\Controllers\Kelas))
12 SYSTEMPATH\CodeIgniter.php(351): CodeIgniter\CodeIgniter->handleRequest(null, Object(Config\Cache), false)
13 FCPATH\index.php(67): CodeIgniter\CodeIgniter->run()
CRITICAL - 2022-11-30 08:08:38 --> Undefined variable: kelas
in APPPATH\Views\kelas\v_kelas.php on line 52.
 1 APPPATH\Views\kelas\v_kelas.php(52): CodeIgniter\Debug\Exceptions->errorHandler(8, 'Undefined variable: kelas', 'APPPATH\\Views\\kelas\\v_kelas.php', 52, [...])
 2 SYSTEMPATH\View\View.php(213): include('APPPATH\\Views\\kelas\\v_kelas.php')
 3 SYSTEMPATH\View\View.php(216): CodeIgniter\View\View->CodeIgniter\View\{closure}()
 4 SYSTEMPATH\Common.php(1134): CodeIgniter\View\View->render('kelas/v_kelas', [], true)
 5 APPPATH\Views\tampilan.php(226): view('kelas/v_kelas')
 6 SYSTEMPATH\View\View.php(213): include('APPPATH\\Views\\tampilan.php')
 7 SYSTEMPATH\View\View.php(216): CodeIgniter\View\View->CodeIgniter\View\{closure}()
 8 SYSTEMPATH\Common.php(1134): CodeIgniter\View\View->render('tampilan', [], true)
 9 APPPATH\Controllers\Kelas.php(19): view('tampilan', [...])
10 SYSTEMPATH\CodeIgniter.php(927): App\Controllers\Kelas->index()
11 SYSTEMPATH\CodeIgniter.php(482): CodeIgniter\CodeIgniter->runController(Object(App\Controllers\Kelas))
12 SYSTEMPATH\CodeIgniter.php(351): CodeIgniter\CodeIgniter->handleRequest(null, Object(Config\Cache), false)
13 FCPATH\index.php(67): CodeIgniter\CodeIgniter->run()
CRITICAL - 2022-11-30 08:08:55 --> Undefined variable: kelas
in APPPATH\Views\kelas\v_kelas.php on line 52.
 1 APPPATH\Views\kelas\v_kelas.php(52): CodeIgniter\Debug\Exceptions->errorHandler(8, 'Undefined variable: kelas', 'APPPATH\\Views\\kelas\\v_kelas.php', 52, [...])
 2 SYSTEMPATH\View\View.php(213): include('APPPATH\\Views\\kelas\\v_kelas.php')
 3 SYSTEMPATH\View\View.php(216): CodeIgniter\View\View->CodeIgniter\View\{closure}()
 4 SYSTEMPATH\Common.php(1134): CodeIgniter\View\View->render('kelas/v_kelas', [], true)
 5 APPPATH\Views\tampilan.php(226): view('kelas/v_kelas')
 6 SYSTEMPATH\View\View.php(213): include('APPPATH\\Views\\tampilan.php')
 7 SYSTEMPATH\View\View.php(216): CodeIgniter\View\View->CodeIgniter\View\{closure}()
 8 SYSTEMPATH\Common.php(1134): CodeIgniter\View\View->render('tampilan', [], true)
 9 APPPATH\Controllers\Kelas.php(19): view('tampilan', [...])
10 SYSTEMPATH\CodeIgniter.php(927): App\Controllers\Kelas->index()
11 SYSTEMPATH\CodeIgniter.php(482): CodeIgniter\CodeIgniter->runController(Object(App\Controllers\Kelas))
12 SYSTEMPATH\CodeIgniter.php(351): CodeIgniter\CodeIgniter->handleRequest(null, Object(Config\Cache), false)
13 FCPATH\index.php(67): CodeIgniter\CodeIgniter->run()
ERROR - 2022-11-30 08:14:18 --> mysqli_sql_exception: Unknown column 'tbl_guru.tbl_guru' in 'order clause' in C:\xampp\htdocs\siakad2\vendor\codeigniter4\framework\system\Database\MySQLi\Connection.php:292
Stack trace:
#0 C:\xampp\htdocs\siakad2\vendor\codeigniter4\framework\system\Database\MySQLi\Connection.php(292): mysqli->query('SELECT *\nFROM `...', 0)
#1 C:\xampp\htdocs\siakad2\vendor\codeigniter4\framework\system\Database\BaseConnection.php(666): CodeIgniter\Database\MySQLi\Connection->execute('SELECT *\nFROM `...')
#2 C:\xampp\htdocs\siakad2\vendor\codeigniter4\framework\system\Database\BaseConnection.php(593): CodeIgniter\Database\BaseConnection->simpleQuery('SELECT *\nFROM `...')
#3 C:\xampp\htdocs\siakad2\vendor\codeigniter4\framework\system\Database\BaseBuilder.php(1585): CodeIgniter\Database\BaseConnection->query('SELECT *\nFROM `...', Array, false)
#4 C:\xampp\htdocs\siakad2\app\Models\ModelKelas.php(10): CodeIgniter\Database\BaseBuilder->get()
#5 C:\xampp\htdocs\siakad2\app\Controllers\Kelas.php(20): App\Models\ModelKelas->allData()
#6 C:\xampp\htdocs\siakad2\vendor\codeigniter4\framework\system\CodeIgniter.php(927): App\Controllers\Kelas->index()
#7 C:\xampp\htdocs\siakad2\vendor\codeigniter4\framework\system\CodeIgniter.php(482): CodeIgniter\CodeIgniter->runController(Object(App\Controllers\Kelas))
#8 C:\xampp\htdocs\siakad2\vendor\codeigniter4\framework\system\CodeIgniter.php(351): CodeIgniter\CodeIgniter->handleRequest(NULL, Object(Config\Cache), false)
#9 C:\xampp\htdocs\siakad2\public\index.php(67): CodeIgniter\CodeIgniter->run()
#10 {main}
CRITICAL - 2022-11-30 08:14:18 --> Unknown column 'tbl_guru.tbl_guru' in 'order clause'
in SYSTEMPATH\Database\MySQLi\Connection.php on line 292.
 1 SYSTEMPATH\Database\MySQLi\Connection.php(292): mysqli->query('SELECT *
FROM `tbl_kelas`
LEFT JOIN `tbl_guru` ON `tbl_guru`.`id_guru` = `tbl_kelas`.`id_guru`
ORDER BY `tbl_guru`.`tbl_guru` ASC', 0)
 2 SYSTEMPATH\Database\BaseConnection.php(666): CodeIgniter\Database\MySQLi\Connection->execute('SELECT *
FROM `tbl_kelas`
LEFT JOIN `tbl_guru` ON `tbl_guru`.`id_guru` = `tbl_kelas`.`id_guru`
ORDER BY `tbl_guru`.`tbl_guru` ASC')
 3 SYSTEMPATH\Database\BaseConnection.php(593): CodeIgniter\Database\BaseConnection->simpleQuery('SELECT *
FROM `tbl_kelas`
LEFT JOIN `tbl_guru` ON `tbl_guru`.`id_guru` = `tbl_kelas`.`id_guru`
ORDER BY `tbl_guru`.`tbl_guru` ASC')
 4 SYSTEMPATH\Database\BaseBuilder.php(1585): CodeIgniter\Database\BaseConnection->query('SELECT *
FROM `tbl_kelas`
LEFT JOIN `tbl_guru` ON `tbl_guru`.`id_guru` = `tbl_kelas`.`id_guru`
ORDER BY `tbl_guru`.`tbl_guru` ASC', [], false)
 5 APPPATH\Models\ModelKelas.php(10): CodeIgniter\Database\BaseBuilder->get()
 6 APPPATH\Controllers\Kelas.php(20): App\Models\ModelKelas->allData()
 7 SYSTEMPATH\CodeIgniter.php(927): App\Controllers\Kelas->index()
 8 SYSTEMPATH\CodeIgniter.php(482): CodeIgniter\CodeIgniter->runController(Object(App\Controllers\Kelas))
 9 SYSTEMPATH\CodeIgniter.php(351): CodeIgniter\CodeIgniter->handleRequest(null, Object(Config\Cache), false)
10 FCPATH\index.php(67): CodeIgniter\CodeIgniter->run()
ERROR - 2022-11-30 08:15:25 --> mysqli_sql_exception: Unknown column 'tbl_kelas.tbl_kelas' in 'order clause' in C:\xampp\htdocs\siakad2\vendor\codeigniter4\framework\system\Database\MySQLi\Connection.php:292
Stack trace:
#0 C:\xampp\htdocs\siakad2\vendor\codeigniter4\framework\system\Database\MySQLi\Connection.php(292): mysqli->query('SELECT *\nFROM `...', 0)
#1 C:\xampp\htdocs\siakad2\vendor\codeigniter4\framework\system\Database\BaseConnection.php(666): CodeIgniter\Database\MySQLi\Connection->execute('SELECT *\nFROM `...')
#2 C:\xampp\htdocs\siakad2\vendor\codeigniter4\framework\system\Database\BaseConnection.php(593): CodeIgniter\Database\BaseConnection->simpleQuery('SELECT *\nFROM `...')
#3 C:\xampp\htdocs\siakad2\vendor\codeigniter4\framework\system\Database\BaseBuilder.php(1585): CodeIgniter\Database\BaseConnection->query('SELECT *\nFROM `...', Array, false)
#4 C:\xampp\htdocs\siakad2\app\Models\ModelKelas.php(10): CodeIgniter\Database\BaseBuilder->get()
#5 C:\xampp\htdocs\siakad2\app\Controllers\Kelas.php(20): App\Models\ModelKelas->allData()
#6 C:\xampp\htdocs\siakad2\vendor\codeigniter4\framework\system\CodeIgniter.php(927): App\Controllers\Kelas->index()
#7 C:\xampp\htdocs\siakad2\vendor\codeigniter4\framework\system\CodeIgniter.php(482): CodeIgniter\CodeIgniter->runController(Object(App\Controllers\Kelas))
#8 C:\xampp\htdocs\siakad2\vendor\codeigniter4\framework\system\CodeIgniter.php(351): CodeIgniter\CodeIgniter->handleRequest(NULL, Object(Config\Cache), false)
#9 C:\xampp\htdocs\siakad2\public\index.php(67): CodeIgniter\CodeIgniter->run()
#10 {main}
CRITICAL - 2022-11-30 08:15:25 --> Unknown column 'tbl_kelas.tbl_kelas' in 'order clause'
in SYSTEMPATH\Database\MySQLi\Connection.php on line 292.
 1 SYSTEMPATH\Database\MySQLi\Connection.php(292): mysqli->query('SELECT *
FROM `tbl_kelas`
LEFT JOIN `tbl_guru` ON `tbl_guru`.`id_guru` = `tbl_kelas`.`id_guru`
ORDER BY `tbl_kelas`.`tbl_kelas` ASC', 0)
 2 SYSTEMPATH\Database\BaseConnection.php(666): CodeIgniter\Database\MySQLi\Connection->execute('SELECT *
FROM `tbl_kelas`
LEFT JOIN `tbl_guru` ON `tbl_guru`.`id_guru` = `tbl_kelas`.`id_guru`
ORDER BY `tbl_kelas`.`tbl_kelas` ASC')
 3 SYSTEMPATH\Database\BaseConnection.php(593): CodeIgniter\Database\BaseConnection->simpleQuery('SELECT *
FROM `tbl_kelas`
LEFT JOIN `tbl_guru` ON `tbl_guru`.`id_guru` = `tbl_kelas`.`id_guru`
ORDER BY `tbl_kelas`.`tbl_kelas` ASC')
 4 SYSTEMPATH\Database\BaseBuilder.php(1585): CodeIgniter\Database\BaseConnection->query('SELECT *
FROM `tbl_kelas`
LEFT JOIN `tbl_guru` ON `tbl_guru`.`id_guru` = `tbl_kelas`.`id_guru`
ORDER BY `tbl_kelas`.`tbl_kelas` ASC', [], false)
 5 APPPATH\Models\ModelKelas.php(10): CodeIgniter\Database\BaseBuilder->get()
 6 APPPATH\Controllers\Kelas.php(20): App\Models\ModelKelas->allData()
 7 SYSTEMPATH\CodeIgniter.php(927): App\Controllers\Kelas->index()
 8 SYSTEMPATH\CodeIgniter.php(482): CodeIgniter\CodeIgniter->runController(Object(App\Controllers\Kelas))
 9 SYSTEMPATH\CodeIgniter.php(351): CodeIgniter\CodeIgniter->handleRequest(null, Object(Config\Cache), false)
10 FCPATH\index.php(67): CodeIgniter\CodeIgniter->run()
CRITICAL - 2022-11-30 08:16:25 --> Undefined index: nama_user
in APPPATH\Views\kelas\v_kelas.php on line 56.
 1 APPPATH\Views\kelas\v_kelas.php(56): CodeIgniter\Debug\Exceptions->errorHandler(8, 'Undefined index: nama_user', 'APPPATH\\Views\\kelas\\v_kelas.php', 56, [...])
 2 SYSTEMPATH\View\View.php(213): include('APPPATH\\Views\\kelas\\v_kelas.php')
 3 SYSTEMPATH\View\View.php(216): CodeIgniter\View\View->CodeIgniter\View\{closure}()
 4 SYSTEMPATH\Common.php(1134): CodeIgniter\View\View->render('kelas/v_kelas', [], true)
 5 APPPATH\Views\tampilan.php(226): view('kelas/v_kelas')
 6 SYSTEMPATH\View\View.php(213): include('APPPATH\\Views\\tampilan.php')
 7 SYSTEMPATH\View\View.php(216): CodeIgniter\View\View->CodeIgniter\View\{closure}()
 8 SYSTEMPATH\Common.php(1134): CodeIgniter\View\View->render('tampilan', [], true)
 9 APPPATH\Controllers\Kelas.php(22): view('tampilan', [...])
10 SYSTEMPATH\CodeIgniter.php(927): App\Controllers\Kelas->index()
11 SYSTEMPATH\CodeIgniter.php(482): CodeIgniter\CodeIgniter->runController(Object(App\Controllers\Kelas))
12 SYSTEMPATH\CodeIgniter.php(351): CodeIgniter\CodeIgniter->handleRequest(null, Object(Config\Cache), false)
13 FCPATH\index.php(67): CodeIgniter\CodeIgniter->run()
CRITICAL - 2022-11-30 08:16:47 --> Undefined index: username
in APPPATH\Views\kelas\v_kelas.php on line 57.
 1 APPPATH\Views\kelas\v_kelas.php(57): CodeIgniter\Debug\Exceptions->errorHandler(8, 'Undefined index: username', 'APPPATH\\Views\\kelas\\v_kelas.php', 57, [...])
 2 SYSTEMPATH\View\View.php(213): include('APPPATH\\Views\\kelas\\v_kelas.php')
 3 SYSTEMPATH\View\View.php(216): CodeIgniter\View\View->CodeIgniter\View\{closure}()
 4 SYSTEMPATH\Common.php(1134): CodeIgniter\View\View->render('kelas/v_kelas', [], true)
 5 APPPATH\Views\tampilan.php(226): view('kelas/v_kelas')
 6 SYSTEMPATH\View\View.php(213): include('APPPATH\\Views\\tampilan.php')
 7 SYSTEMPATH\View\View.php(216): CodeIgniter\View\View->CodeIgniter\View\{closure}()
 8 SYSTEMPATH\Common.php(1134): CodeIgniter\View\View->render('tampilan', [], true)
 9 APPPATH\Controllers\Kelas.php(22): view('tampilan', [...])
10 SYSTEMPATH\CodeIgniter.php(927): App\Controllers\Kelas->index()
11 SYSTEMPATH\CodeIgniter.php(482): CodeIgniter\CodeIgniter->runController(Object(App\Controllers\Kelas))
12 SYSTEMPATH\CodeIgniter.php(351): CodeIgniter\CodeIgniter->handleRequest(null, Object(Config\Cache), false)
13 FCPATH\index.php(67): CodeIgniter\CodeIgniter->run()
ERROR - 2022-11-30 08:18:05 --> mysqli_sql_exception: Unknown column 'tbl_kelas.id_dosen' in 'order clause' in C:\xampp\htdocs\siakad2\vendor\codeigniter4\framework\system\Database\MySQLi\Connection.php:292
Stack trace:
#0 C:\xampp\htdocs\siakad2\vendor\codeigniter4\framework\system\Database\MySQLi\Connection.php(292): mysqli->query('SELECT *\nFROM `...', 0)
#1 C:\xampp\htdocs\siakad2\vendor\codeigniter4\framework\system\Database\BaseConnection.php(666): CodeIgniter\Database\MySQLi\Connection->execute('SELECT *\nFROM `...')
#2 C:\xampp\htdocs\siakad2\vendor\codeigniter4\framework\system\Database\BaseConnection.php(593): CodeIgniter\Database\BaseConnection->simpleQuery('SELECT *\nFROM `...')
#3 C:\xampp\htdocs\siakad2\vendor\codeigniter4\framework\system\Database\BaseBuilder.php(1585): CodeIgniter\Database\BaseConnection->query('SELECT *\nFROM `...', Array, false)
#4 C:\xampp\htdocs\siakad2\app\Models\ModelKelas.php(12): CodeIgniter\Database\BaseBuilder->get()
#5 C:\xampp\htdocs\siakad2\app\Controllers\Kelas.php(20): App\Models\ModelKelas->allData()
#6 C:\xampp\htdocs\siakad2\vendor\codeigniter4\framework\system\CodeIgniter.php(927): App\Controllers\Kelas->index()
#7 C:\xampp\htdocs\siakad2\vendor\codeigniter4\framework\system\CodeIgniter.php(482): CodeIgniter\CodeIgniter->runController(Object(App\Controllers\Kelas))
#8 C:\xampp\htdocs\siakad2\vendor\codeigniter4\framework\system\CodeIgniter.php(351): CodeIgniter\CodeIgniter->handleRequest(NULL, Object(Config\Cache), false)
#9 C:\xampp\htdocs\siakad2\public\index.php(67): CodeIgniter\CodeIgniter->run()
#10 {main}
CRITICAL - 2022-11-30 08:18:05 --> Unknown column 'tbl_kelas.id_dosen' in 'order clause'
in SYSTEMPATH\Database\MySQLi\Connection.php on line 292.
 1 SYSTEMPATH\Database\MySQLi\Connection.php(292): mysqli->query('SELECT *
FROM `tbl_kelas`
LEFT JOIN `tbl_guru` ON `tbl_guru`.`id_guru` = `tbl_kelas`.`id_guru`
ORDER BY `tbl_kelas`.`id_dosen` ASC', 0)
 2 SYSTEMPATH\Database\BaseConnection.php(666): CodeIgniter\Database\MySQLi\Connection->execute('SELECT *
FROM `tbl_kelas`
LEFT JOIN `tbl_guru` ON `tbl_guru`.`id_guru` = `tbl_kelas`.`id_guru`
ORDER BY `tbl_kelas`.`id_dosen` ASC')
 3 SYSTEMPATH\Database\BaseConnection.php(593): CodeIgniter\Database\BaseConnection->simpleQuery('SELECT *
FROM `tbl_kelas`
LEFT JOIN `tbl_guru` ON `tbl_guru`.`id_guru` = `tbl_kelas`.`id_guru`
ORDER BY `tbl_kelas`.`id_dosen` ASC')
 4 SYSTEMPATH\Database\BaseBuilder.php(1585): CodeIgniter\Database\BaseConnection->query('SELECT *
FROM `tbl_kelas`
LEFT JOIN `tbl_guru` ON `tbl_guru`.`id_guru` = `tbl_kelas`.`id_guru`
ORDER BY `tbl_kelas`.`id_dosen` ASC', [], false)
 5 APPPATH\Models\ModelKelas.php(12): CodeIgniter\Database\BaseBuilder->get()
 6 APPPATH\Controllers\Kelas.php(20): App\Models\ModelKelas->allData()
 7 SYSTEMPATH\CodeIgniter.php(927): App\Controllers\Kelas->index()
 8 SYSTEMPATH\CodeIgniter.php(482): CodeIgniter\CodeIgniter->runController(Object(App\Controllers\Kelas))
 9 SYSTEMPATH\CodeIgniter.php(351): CodeIgniter\CodeIgniter->handleRequest(null, Object(Config\Cache), false)
10 FCPATH\index.php(67): CodeIgniter\CodeIgniter->run()
CRITICAL - 2022-11-30 19:49:01 --> You must use the "set" method to insert an entry.
in SYSTEMPATH\Database\BaseBuilder.php on line 1958.
 1 SYSTEMPATH\Database\BaseBuilder.php(1898): CodeIgniter\Database\BaseBuilder->validateInsert()
 2 APPPATH\Models\ModelKelas.php(15): CodeIgniter\Database\BaseBuilder->insert()
 3 APPPATH\Controllers\Kelas.php(59): App\Models\ModelKelas->add([...])
 4 SYSTEMPATH\CodeIgniter.php(927): App\Controllers\Kelas->add()
 5 SYSTEMPATH\CodeIgniter.php(482): CodeIgniter\CodeIgniter->runController(Object(App\Controllers\Kelas))
 6 SYSTEMPATH\CodeIgniter.php(351): CodeIgniter\CodeIgniter->handleRequest(null, Object(Config\Cache), false)
 7 FCPATH\index.php(67): CodeIgniter\CodeIgniter->run()
CRITICAL - 2022-11-30 19:50:45 --> Undefined index: tahun
in APPPATH\Views\kelas\v_kelas.php on line 61.
 1 APPPATH\Views\kelas\v_kelas.php(61): CodeIgniter\Debug\Exceptions->errorHandler(8, 'Undefined index: tahun', 'APPPATH\\Views\\kelas\\v_kelas.php', 61, [...])
 2 SYSTEMPATH\View\View.php(213): include('APPPATH\\Views\\kelas\\v_kelas.php')
 3 SYSTEMPATH\View\View.php(216): CodeIgniter\View\View->CodeIgniter\View\{closure}()
 4 SYSTEMPATH\Common.php(1134): CodeIgniter\View\View->render('kelas/v_kelas', [], true)
 5 APPPATH\Views\tampilan.php(226): view('kelas/v_kelas')
 6 SYSTEMPATH\View\View.php(213): include('APPPATH\\Views\\tampilan.php')
 7 SYSTEMPATH\View\View.php(216): CodeIgniter\View\View->CodeIgniter\View\{closure}()
 8 SYSTEMPATH\Common.php(1134): CodeIgniter\View\View->render('tampilan', [], true)
 9 APPPATH\Controllers\Kelas.php(25): view('tampilan', [...])
10 SYSTEMPATH\CodeIgniter.php(927): App\Controllers\Kelas->index()
11 SYSTEMPATH\CodeIgniter.php(482): CodeIgniter\CodeIgniter->runController(Object(App\Controllers\Kelas))
12 SYSTEMPATH\CodeIgniter.php(351): CodeIgniter\CodeIgniter->handleRequest(null, Object(Config\Cache), false)
13 FCPATH\index.php(67): CodeIgniter\CodeIgniter->run()
CRITICAL - 2022-11-30 19:51:41 --> You must use the "set" method to insert an entry.
in SYSTEMPATH\Database\BaseBuilder.php on line 1958.
 1 SYSTEMPATH\Database\BaseBuilder.php(1898): CodeIgniter\Database\BaseBuilder->validateInsert()
 2 APPPATH\Models\ModelKelas.php(15): CodeIgniter\Database\BaseBuilder->insert()
 3 APPPATH\Controllers\Kelas.php(59): App\Models\ModelKelas->add([...])
 4 SYSTEMPATH\CodeIgniter.php(927): App\Controllers\Kelas->add()
 5 SYSTEMPATH\CodeIgniter.php(482): CodeIgniter\CodeIgniter->runController(Object(App\Controllers\Kelas))
 6 SYSTEMPATH\CodeIgniter.php(351): CodeIgniter\CodeIgniter->handleRequest(null, Object(Config\Cache), false)
 7 FCPATH\index.php(67): CodeIgniter\CodeIgniter->run()
CRITICAL - 2022-11-30 19:54:25 --> You must use the "set" method to insert an entry.
in SYSTEMPATH\Database\BaseBuilder.php on line 1958.
 1 SYSTEMPATH\Database\BaseBuilder.php(1898): CodeIgniter\Database\BaseBuilder->validateInsert()
 2 APPPATH\Models\ModelKelas.php(15): CodeIgniter\Database\BaseBuilder->insert()
 3 APPPATH\Controllers\Kelas.php(59): App\Models\ModelKelas->add([...])
 4 SYSTEMPATH\CodeIgniter.php(927): App\Controllers\Kelas->add()
 5 SYSTEMPATH\CodeIgniter.php(482): CodeIgniter\CodeIgniter->runController(Object(App\Controllers\Kelas))
 6 SYSTEMPATH\CodeIgniter.php(351): CodeIgniter\CodeIgniter->handleRequest(null, Object(Config\Cache), false)
 7 FCPATH\index.php(67): CodeIgniter\CodeIgniter->run()
CRITICAL - 2022-11-30 21:31:00 --> Undefined variable: kelas
in APPPATH\Controllers\Kelas.php on line 82.
 1 APPPATH\Controllers\Kelas.php(82): CodeIgniter\Debug\Exceptions->errorHandler(8, 'Undefined variable: kelas', 'APPPATH\\Controllers\\Kelas.php', 82, [...])
 2 SYSTEMPATH\CodeIgniter.php(927): App\Controllers\Kelas->rincian_kelas([...])
 3 SYSTEMPATH\CodeIgniter.php(482): CodeIgniter\CodeIgniter->runController(Object(App\Controllers\Kelas))
 4 SYSTEMPATH\CodeIgniter.php(351): CodeIgniter\CodeIgniter->handleRequest(null, Object(Config\Cache), false)
 5 FCPATH\index.php(67): CodeIgniter\CodeIgniter->run()
CRITICAL - 2022-11-30 21:33:21 --> Undefined index:  nama_kelas
in APPPATH\Controllers\Kelas.php on line 82.
 1 APPPATH\Controllers\Kelas.php(82): CodeIgniter\Debug\Exceptions->errorHandler(8, 'Undefined index:  nama_kelas', 'APPPATH\\Controllers\\Kelas.php', 82, [...])
 2 SYSTEMPATH\CodeIgniter.php(927): App\Controllers\Kelas->rincian_kelas('1')
 3 SYSTEMPATH\CodeIgniter.php(482): CodeIgniter\CodeIgniter->runController(Object(App\Controllers\Kelas))
 4 SYSTEMPATH\CodeIgniter.php(351): CodeIgniter\CodeIgniter->handleRequest(null, Object(Config\Cache), false)
 5 FCPATH\index.php(67): CodeIgniter\CodeIgniter->run()
CRITICAL - 2022-11-30 21:39:20 --> Undefined index: nama-kelas
in APPPATH\Views\kelas\v_rincian_kelas.php on line 21.
 1 APPPATH\Views\kelas\v_rincian_kelas.php(21): CodeIgniter\Debug\Exceptions->errorHandler(8, 'Undefined index: nama-kelas', 'APPPATH\\Views\\kelas\\v_rincian_kelas.php', 21, [...])
 2 SYSTEMPATH\View\View.php(213): include('APPPATH\\Views\\kelas\\v_rincian_kelas.php')
 3 SYSTEMPATH\View\View.php(216): CodeIgniter\View\View->CodeIgniter\View\{closure}()
 4 SYSTEMPATH\Common.php(1134): CodeIgniter\View\View->render('kelas/v_rincian_kelas', [], true)
 5 APPPATH\Views\tampilan.php(226): view('kelas/v_rincian_kelas')
 6 SYSTEMPATH\View\View.php(213): include('APPPATH\\Views\\tampilan.php')
 7 SYSTEMPATH\View\View.php(216): CodeIgniter\View\View->CodeIgniter\View\{closure}()
 8 SYSTEMPATH\Common.php(1134): CodeIgniter\View\View->render('tampilan', [], true)
 9 APPPATH\Controllers\Kelas.php(86): view('tampilan', [...])
10 SYSTEMPATH\CodeIgniter.php(927): App\Controllers\Kelas->rincian_kelas('1')
11 SYSTEMPATH\CodeIgniter.php(482): CodeIgniter\CodeIgniter->runController(Object(App\Controllers\Kelas))
12 SYSTEMPATH\CodeIgniter.php(351): CodeIgniter\CodeIgniter->handleRequest(null, Object(Config\Cache), false)
13 FCPATH\index.php(67): CodeIgniter\CodeIgniter->run()
CRITICAL - 2022-11-30 21:42:29 --> Undefined index: nama_dosen
in APPPATH\Views\kelas\v_rincian_kelas.php on line 27.
 1 APPPATH\Views\kelas\v_rincian_kelas.php(27): CodeIgniter\Debug\Exceptions->errorHandler(8, 'Undefined index: nama_dosen', 'APPPATH\\Views\\kelas\\v_rincian_kelas.php', 27, [...])
 2 SYSTEMPATH\View\View.php(213): include('APPPATH\\Views\\kelas\\v_rincian_kelas.php')
 3 SYSTEMPATH\View\View.php(216): CodeIgniter\View\View->CodeIgniter\View\{closure}()
 4 SYSTEMPATH\Common.php(1134): CodeIgniter\View\View->render('kelas/v_rincian_kelas', [], true)
 5 APPPATH\Views\tampilan.php(226): view('kelas/v_rincian_kelas')
 6 SYSTEMPATH\View\View.php(213): include('APPPATH\\Views\\tampilan.php')
 7 SYSTEMPATH\View\View.php(216): CodeIgniter\View\View->CodeIgniter\View\{closure}()
 8 SYSTEMPATH\Common.php(1134): CodeIgniter\View\View->render('tampilan', [], true)
 9 APPPATH\Controllers\Kelas.php(86): view('tampilan', [...])
10 SYSTEMPATH\CodeIgniter.php(927): App\Controllers\Kelas->rincian_kelas('1')
11 SYSTEMPATH\CodeIgniter.php(482): CodeIgniter\CodeIgniter->runController(Object(App\Controllers\Kelas))
12 SYSTEMPATH\CodeIgniter.php(351): CodeIgniter\CodeIgniter->handleRequest(null, Object(Config\Cache), false)
13 FCPATH\index.php(67): CodeIgniter\CodeIgniter->run()
