CRITICAL - 2022-12-03 03:12:27 --> Too few arguments to function App\Controllers\Loginguru::nilaisiswa(), 0 passed in C:\xampp\htdocs\siakad2\vendor\codeigniter4\framework\system\CodeIgniter.php on line 927 and exactly 1 expected
in APPPATH\Controllers\Loginguru.php on line 38.
 1 SYSTEMPATH\CodeIgniter.php(927): App\Controllers\Loginguru->nilaisiswa()
 2 SYSTEMPATH\CodeIgniter.php(482): CodeIgniter\CodeIgniter->runController(Object(App\Controllers\Loginguru))
 3 SYSTEMPATH\CodeIgniter.php(351): CodeIgniter\CodeIgniter->handleRequest(null, Object(Config\Cache), false)
 4 FCPATH\index.php(67): CodeIgniter\CodeIgniter->run()
CRITICAL - 2022-12-03 03:12:42 --> Invalid file: layout/v_wrapper.php
in SYSTEMPATH\Exceptions\FrameworkException.php on line 33.
 1 SYSTEMPATH\View\View.php(201): CodeIgniter\Exceptions\FrameworkException::forInvalidFile('layout/v_wrapper.php')
 2 SYSTEMPATH\Common.php(1134): CodeIgniter\View\View->render('layout/v_wrapper', [], true)
 3 APPPATH\Controllers\Loginguru.php(47): view('layout/v_wrapper', [...])
 4 SYSTEMPATH\CodeIgniter.php(927): App\Controllers\Loginguru->nilaisiswa()
 5 SYSTEMPATH\CodeIgniter.php(482): CodeIgniter\CodeIgniter->runController(Object(App\Controllers\Loginguru))
 6 SYSTEMPATH\CodeIgniter.php(351): CodeIgniter\CodeIgniter->handleRequest(null, Object(Config\Cache), false)
 7 FCPATH\index.php(67): CodeIgniter\CodeIgniter->run()
CRITICAL - 2022-12-03 03:12:54 --> Undefined variable: page
in APPPATH\Views\tampilan.php on line 334.
 1 APPPATH\Views\tampilan.php(334): CodeIgniter\Debug\Exceptions->errorHandler(8, 'Undefined variable: page', 'APPPATH\\Views\\tampilan.php', 334, [...])
 2 SYSTEMPATH\View\View.php(213): include('APPPATH\\Views\\tampilan.php')
 3 SYSTEMPATH\View\View.php(216): CodeIgniter\View\View->CodeIgniter\View\{closure}()
 4 SYSTEMPATH\Common.php(1134): CodeIgniter\View\View->render('tampilan', [], true)
 5 APPPATH\Controllers\Loginguru.php(47): view('tampilan', [...])
 6 SYSTEMPATH\CodeIgniter.php(927): App\Controllers\Loginguru->nilaisiswa()
 7 SYSTEMPATH\CodeIgniter.php(482): CodeIgniter\CodeIgniter->runController(Object(App\Controllers\Loginguru))
 8 SYSTEMPATH\CodeIgniter.php(351): CodeIgniter\CodeIgniter->handleRequest(null, Object(Config\Cache), false)
 9 FCPATH\index.php(67): CodeIgniter\CodeIgniter->run()
CRITICAL - 2022-12-03 03:17:15 --> Undefined variable: absen
in APPPATH\Views\nilai\v_nilai.php on line 17.
 1 APPPATH\Views\nilai\v_nilai.php(17): CodeIgniter\Debug\Exceptions->errorHandler(8, 'Undefined variable: absen', 'APPPATH\\Views\\nilai\\v_nilai.php', 17, [...])
 2 SYSTEMPATH\View\View.php(213): include('APPPATH\\Views\\nilai\\v_nilai.php')
 3 SYSTEMPATH\View\View.php(216): CodeIgniter\View\View->CodeIgniter\View\{closure}()
 4 SYSTEMPATH\Common.php(1134): CodeIgniter\View\View->render('nilai/v_nilai', [], true)
 5 APPPATH\Views\tampilan.php(335): view('nilai/v_nilai')
 6 SYSTEMPATH\View\View.php(213): include('APPPATH\\Views\\tampilan.php')
 7 SYSTEMPATH\View\View.php(216): CodeIgniter\View\View->CodeIgniter\View\{closure}()
 8 SYSTEMPATH\Common.php(1134): CodeIgniter\View\View->render('tampilan', [], true)
 9 APPPATH\Controllers\Loginguru.php(47): view('tampilan', [...])
10 SYSTEMPATH\CodeIgniter.php(927): App\Controllers\Loginguru->nilaisiswa()
11 SYSTEMPATH\CodeIgniter.php(482): CodeIgniter\CodeIgniter->runController(Object(App\Controllers\Loginguru))
12 SYSTEMPATH\CodeIgniter.php(351): CodeIgniter\CodeIgniter->handleRequest(null, Object(Config\Cache), false)
13 FCPATH\index.php(67): CodeIgniter\CodeIgniter->run()
CRITICAL - 2022-12-03 03:21:17 --> Undefined property: App\Controllers\Loginguru::$ModelKrs
in APPPATH\Controllers\Loginguru.php on line 47.
 1 APPPATH\Controllers\Loginguru.php(47): CodeIgniter\Debug\Exceptions->errorHandler(8, 'Undefined property: App\\Controllers\\Loginguru::$ModelKrs', 'APPPATH\\Controllers\\Loginguru.php', 47, [...])
 2 SYSTEMPATH\CodeIgniter.php(927): App\Controllers\Loginguru->nilaisiswa()
 3 SYSTEMPATH\CodeIgniter.php(482): CodeIgniter\CodeIgniter->runController(Object(App\Controllers\Loginguru))
 4 SYSTEMPATH\CodeIgniter.php(351): CodeIgniter\CodeIgniter->handleRequest(null, Object(Config\Cache), false)
 5 FCPATH\index.php(67): CodeIgniter\CodeIgniter->run()
CRITICAL - 2022-12-03 03:21:56 --> Invalid argument supplied for foreach()
in APPPATH\Views\nilai\v_nilai.php on line 17.
 1 APPPATH\Views\nilai\v_nilai.php(17): CodeIgniter\Debug\Exceptions->errorHandler(2, 'Invalid argument supplied for foreach()', 'APPPATH\\Views\\nilai\\v_nilai.php', 17, [...])
 2 SYSTEMPATH\View\View.php(213): include('APPPATH\\Views\\nilai\\v_nilai.php')
 3 SYSTEMPATH\View\View.php(216): CodeIgniter\View\View->CodeIgniter\View\{closure}()
 4 SYSTEMPATH\Common.php(1134): CodeIgniter\View\View->render('nilai/v_nilai', [], true)
 5 APPPATH\Views\tampilan.php(335): view('nilai/v_nilai')
 6 SYSTEMPATH\View\View.php(213): include('APPPATH\\Views\\tampilan.php')
 7 SYSTEMPATH\View\View.php(216): CodeIgniter\View\View->CodeIgniter\View\{closure}()
 8 SYSTEMPATH\Common.php(1134): CodeIgniter\View\View->render('tampilan', [], true)
 9 APPPATH\Controllers\Loginguru.php(52): view('tampilan', [...])
10 SYSTEMPATH\CodeIgniter.php(927): App\Controllers\Loginguru->nilaisiswa()
11 SYSTEMPATH\CodeIgniter.php(482): CodeIgniter\CodeIgniter->runController(Object(App\Controllers\Loginguru))
12 SYSTEMPATH\CodeIgniter.php(351): CodeIgniter\CodeIgniter->handleRequest(null, Object(Config\Cache), false)
13 FCPATH\index.php(67): CodeIgniter\CodeIgniter->run()
CRITICAL - 2022-12-03 03:23:24 --> Invalid argument supplied for foreach()
in APPPATH\Views\nilai\v_nilai.php on line 17.
 1 APPPATH\Views\nilai\v_nilai.php(17): CodeIgniter\Debug\Exceptions->errorHandler(2, 'Invalid argument supplied for foreach()', 'APPPATH\\Views\\nilai\\v_nilai.php', 17, [...])
 2 SYSTEMPATH\View\View.php(213): include('APPPATH\\Views\\nilai\\v_nilai.php')
 3 SYSTEMPATH\View\View.php(216): CodeIgniter\View\View->CodeIgniter\View\{closure}()
 4 SYSTEMPATH\Common.php(1134): CodeIgniter\View\View->render('nilai/v_nilai', [], true)
 5 APPPATH\Views\tampilan.php(335): view('nilai/v_nilai')
 6 SYSTEMPATH\View\View.php(213): include('APPPATH\\Views\\tampilan.php')
 7 SYSTEMPATH\View\View.php(216): CodeIgniter\View\View->CodeIgniter\View\{closure}()
 8 SYSTEMPATH\Common.php(1134): CodeIgniter\View\View->render('tampilan', [], true)
 9 APPPATH\Controllers\Loginguru.php(52): view('tampilan', [...])
10 SYSTEMPATH\CodeIgniter.php(927): App\Controllers\Loginguru->nilaisiswa()
11 SYSTEMPATH\CodeIgniter.php(482): CodeIgniter\CodeIgniter->runController(Object(App\Controllers\Loginguru))
12 SYSTEMPATH\CodeIgniter.php(351): CodeIgniter\CodeIgniter->handleRequest(null, Object(Config\Cache), false)
13 FCPATH\index.php(67): CodeIgniter\CodeIgniter->run()
CRITICAL - 2022-12-03 03:23:25 --> Invalid argument supplied for foreach()
in APPPATH\Views\nilai\v_nilai.php on line 17.
 1 APPPATH\Views\nilai\v_nilai.php(17): CodeIgniter\Debug\Exceptions->errorHandler(2, 'Invalid argument supplied for foreach()', 'APPPATH\\Views\\nilai\\v_nilai.php', 17, [...])
 2 SYSTEMPATH\View\View.php(213): include('APPPATH\\Views\\nilai\\v_nilai.php')
 3 SYSTEMPATH\View\View.php(216): CodeIgniter\View\View->CodeIgniter\View\{closure}()
 4 SYSTEMPATH\Common.php(1134): CodeIgniter\View\View->render('nilai/v_nilai', [], true)
 5 APPPATH\Views\tampilan.php(335): view('nilai/v_nilai')
 6 SYSTEMPATH\View\View.php(213): include('APPPATH\\Views\\tampilan.php')
 7 SYSTEMPATH\View\View.php(216): CodeIgniter\View\View->CodeIgniter\View\{closure}()
 8 SYSTEMPATH\Common.php(1134): CodeIgniter\View\View->render('tampilan', [], true)
 9 APPPATH\Controllers\Loginguru.php(52): view('tampilan', [...])
10 SYSTEMPATH\CodeIgniter.php(927): App\Controllers\Loginguru->nilaisiswa()
11 SYSTEMPATH\CodeIgniter.php(482): CodeIgniter\CodeIgniter->runController(Object(App\Controllers\Loginguru))
12 SYSTEMPATH\CodeIgniter.php(351): CodeIgniter\CodeIgniter->handleRequest(null, Object(Config\Cache), false)
13 FCPATH\index.php(67): CodeIgniter\CodeIgniter->run()
CRITICAL - 2022-12-03 03:23:32 --> Invalid argument supplied for foreach()
in APPPATH\Views\nilai\v_nilai.php on line 17.
 1 APPPATH\Views\nilai\v_nilai.php(17): CodeIgniter\Debug\Exceptions->errorHandler(2, 'Invalid argument supplied for foreach()', 'APPPATH\\Views\\nilai\\v_nilai.php', 17, [...])
 2 SYSTEMPATH\View\View.php(213): include('APPPATH\\Views\\nilai\\v_nilai.php')
 3 SYSTEMPATH\View\View.php(216): CodeIgniter\View\View->CodeIgniter\View\{closure}()
 4 SYSTEMPATH\Common.php(1134): CodeIgniter\View\View->render('nilai/v_nilai', [], true)
 5 APPPATH\Views\tampilan.php(335): view('nilai/v_nilai')
 6 SYSTEMPATH\View\View.php(213): include('APPPATH\\Views\\tampilan.php')
 7 SYSTEMPATH\View\View.php(216): CodeIgniter\View\View->CodeIgniter\View\{closure}()
 8 SYSTEMPATH\Common.php(1134): CodeIgniter\View\View->render('tampilan', [], true)
 9 APPPATH\Controllers\Loginguru.php(52): view('tampilan', [...])
10 SYSTEMPATH\CodeIgniter.php(927): App\Controllers\Loginguru->nilaisiswa()
11 SYSTEMPATH\CodeIgniter.php(482): CodeIgniter\CodeIgniter->runController(Object(App\Controllers\Loginguru))
12 SYSTEMPATH\CodeIgniter.php(351): CodeIgniter\CodeIgniter->handleRequest(null, Object(Config\Cache), false)
13 FCPATH\index.php(67): CodeIgniter\CodeIgniter->run()
CRITICAL - 2022-12-03 03:23:50 --> Trying to access array offset on value of type null
in APPPATH\Views\nilai\v_nilai.php on line 16.
 1 APPPATH\Views\nilai\v_nilai.php(16): CodeIgniter\Debug\Exceptions->errorHandler(8, 'Trying to access array offset on value of type null', 'APPPATH\\Views\\nilai\\v_nilai.php', 16, [...])
 2 SYSTEMPATH\View\View.php(213): include('APPPATH\\Views\\nilai\\v_nilai.php')
 3 SYSTEMPATH\View\View.php(216): CodeIgniter\View\View->CodeIgniter\View\{closure}()
 4 SYSTEMPATH\Common.php(1134): CodeIgniter\View\View->render('nilai/v_nilai', [], true)
 5 APPPATH\Views\tampilan.php(335): view('nilai/v_nilai')
 6 SYSTEMPATH\View\View.php(213): include('APPPATH\\Views\\tampilan.php')
 7 SYSTEMPATH\View\View.php(216): CodeIgniter\View\View->CodeIgniter\View\{closure}()
 8 SYSTEMPATH\Common.php(1134): CodeIgniter\View\View->render('tampilan', [], true)
 9 APPPATH\Controllers\Loginguru.php(52): view('tampilan', [...])
10 SYSTEMPATH\CodeIgniter.php(927): App\Controllers\Loginguru->nilaisiswa()
11 SYSTEMPATH\CodeIgniter.php(482): CodeIgniter\CodeIgniter->runController(Object(App\Controllers\Loginguru))
12 SYSTEMPATH\CodeIgniter.php(351): CodeIgniter\CodeIgniter->handleRequest(null, Object(Config\Cache), false)
13 FCPATH\index.php(67): CodeIgniter\CodeIgniter->run()
CRITICAL - 2022-12-03 03:26:37 --> Invalid argument supplied for foreach()
in APPPATH\Views\nilai\v_nilai.php on line 17.
 1 APPPATH\Views\nilai\v_nilai.php(17): CodeIgniter\Debug\Exceptions->errorHandler(2, 'Invalid argument supplied for foreach()', 'APPPATH\\Views\\nilai\\v_nilai.php', 17, [...])
 2 SYSTEMPATH\View\View.php(213): include('APPPATH\\Views\\nilai\\v_nilai.php')
 3 SYSTEMPATH\View\View.php(216): CodeIgniter\View\View->CodeIgniter\View\{closure}()
 4 SYSTEMPATH\Common.php(1134): CodeIgniter\View\View->render('nilai/v_nilai', [], true)
 5 APPPATH\Views\tampilan.php(335): view('nilai/v_nilai')
 6 SYSTEMPATH\View\View.php(213): include('APPPATH\\Views\\tampilan.php')
 7 SYSTEMPATH\View\View.php(216): CodeIgniter\View\View->CodeIgniter\View\{closure}()
 8 SYSTEMPATH\Common.php(1134): CodeIgniter\View\View->render('tampilan', [], true)
 9 APPPATH\Controllers\Loginguru.php(52): view('tampilan', [...])
10 SYSTEMPATH\CodeIgniter.php(927): App\Controllers\Loginguru->nilaisiswa()
11 SYSTEMPATH\CodeIgniter.php(482): CodeIgniter\CodeIgniter->runController(Object(App\Controllers\Loginguru))
12 SYSTEMPATH\CodeIgniter.php(351): CodeIgniter\CodeIgniter->handleRequest(null, Object(Config\Cache), false)
13 FCPATH\index.php(67): CodeIgniter\CodeIgniter->run()
CRITICAL - 2022-12-03 04:05:42 --> Object of class App\Models\ModelKrs could not be converted to string
in APPPATH\Models\ModelKrs.php on line 21.
 1 APPPATH\Controllers\Krs.php(26): App\Models\ModelKrs->daftarap()
 2 SYSTEMPATH\CodeIgniter.php(927): App\Controllers\Krs->index()
 3 SYSTEMPATH\CodeIgniter.php(482): CodeIgniter\CodeIgniter->runController(Object(App\Controllers\Krs))
 4 SYSTEMPATH\CodeIgniter.php(351): CodeIgniter\CodeIgniter->handleRequest(null, Object(Config\Cache), false)
 5 FCPATH\index.php(67): CodeIgniter\CodeIgniter->run()
CRITICAL - 2022-12-03 04:16:17 --> Illegal string offset 'kode_ap'
in APPPATH\Views\krs\v_krs.php on line 105.
 1 APPPATH\Views\krs\v_krs.php(105): CodeIgniter\Debug\Exceptions->errorHandler(2, 'Illegal string offset \'kode_ap\'', 'APPPATH\\Views\\krs\\v_krs.php', 105, [...])
 2 SYSTEMPATH\View\View.php(213): include('APPPATH\\Views\\krs\\v_krs.php')
 3 SYSTEMPATH\View\View.php(216): CodeIgniter\View\View->CodeIgniter\View\{closure}()
 4 SYSTEMPATH\Common.php(1134): CodeIgniter\View\View->render('krs/v_krs', [], true)
 5 APPPATH\Views\tampilan.php(359): view('krs/v_krs')
 6 SYSTEMPATH\View\View.php(213): include('APPPATH\\Views\\tampilan.php')
 7 SYSTEMPATH\View\View.php(216): CodeIgniter\View\View->CodeIgniter\View\{closure}()
 8 SYSTEMPATH\Common.php(1134): CodeIgniter\View\View->render('tampilan', [], true)
 9 APPPATH\Controllers\Krs.php(30): view('tampilan', [...])
10 SYSTEMPATH\CodeIgniter.php(927): App\Controllers\Krs->index()
11 SYSTEMPATH\CodeIgniter.php(482): CodeIgniter\CodeIgniter->runController(Object(App\Controllers\Krs))
12 SYSTEMPATH\CodeIgniter.php(351): CodeIgniter\CodeIgniter->handleRequest(null, Object(Config\Cache), false)
13 FCPATH\index.php(67): CodeIgniter\CodeIgniter->run()
CRITICAL - 2022-12-03 04:17:48 --> Illegal string offset 'ap'
in APPPATH\Views\krs\v_krs.php on line 106.
 1 APPPATH\Views\krs\v_krs.php(106): CodeIgniter\Debug\Exceptions->errorHandler(2, 'Illegal string offset \'ap\'', 'APPPATH\\Views\\krs\\v_krs.php', 106, [...])
 2 SYSTEMPATH\View\View.php(213): include('APPPATH\\Views\\krs\\v_krs.php')
 3 SYSTEMPATH\View\View.php(216): CodeIgniter\View\View->CodeIgniter\View\{closure}()
 4 SYSTEMPATH\Common.php(1134): CodeIgniter\View\View->render('krs/v_krs', [], true)
 5 APPPATH\Views\tampilan.php(359): view('krs/v_krs')
 6 SYSTEMPATH\View\View.php(213): include('APPPATH\\Views\\tampilan.php')
 7 SYSTEMPATH\View\View.php(216): CodeIgniter\View\View->CodeIgniter\View\{closure}()
 8 SYSTEMPATH\Common.php(1134): CodeIgniter\View\View->render('tampilan', [], true)
 9 APPPATH\Controllers\Krs.php(30): view('tampilan', [...])
10 SYSTEMPATH\CodeIgniter.php(927): App\Controllers\Krs->index()
11 SYSTEMPATH\CodeIgniter.php(482): CodeIgniter\CodeIgniter->runController(Object(App\Controllers\Krs))
12 SYSTEMPATH\CodeIgniter.php(351): CodeIgniter\CodeIgniter->handleRequest(null, Object(Config\Cache), false)
13 FCPATH\index.php(67): CodeIgniter\CodeIgniter->run()
CRITICAL - 2022-12-03 04:18:12 --> Undefined variable: no
in APPPATH\Views\krs\v_krs.php on line 101.
 1 APPPATH\Views\krs\v_krs.php(101): CodeIgniter\Debug\Exceptions->errorHandler(8, 'Undefined variable: no', 'APPPATH\\Views\\krs\\v_krs.php', 101, [...])
 2 SYSTEMPATH\View\View.php(213): include('APPPATH\\Views\\krs\\v_krs.php')
 3 SYSTEMPATH\View\View.php(216): CodeIgniter\View\View->CodeIgniter\View\{closure}()
 4 SYSTEMPATH\Common.php(1134): CodeIgniter\View\View->render('krs/v_krs', [], true)
 5 APPPATH\Views\tampilan.php(359): view('krs/v_krs')
 6 SYSTEMPATH\View\View.php(213): include('APPPATH\\Views\\tampilan.php')
 7 SYSTEMPATH\View\View.php(216): CodeIgniter\View\View->CodeIgniter\View\{closure}()
 8 SYSTEMPATH\Common.php(1134): CodeIgniter\View\View->render('tampilan', [], true)
 9 APPPATH\Controllers\Krs.php(30): view('tampilan', [...])
10 SYSTEMPATH\CodeIgniter.php(927): App\Controllers\Krs->index()
11 SYSTEMPATH\CodeIgniter.php(482): CodeIgniter\CodeIgniter->runController(Object(App\Controllers\Krs))
12 SYSTEMPATH\CodeIgniter.php(351): CodeIgniter\CodeIgniter->handleRequest(null, Object(Config\Cache), false)
13 FCPATH\index.php(67): CodeIgniter\CodeIgniter->run()
CRITICAL - 2022-12-03 04:20:54 --> Undefined index: kode_ap
in APPPATH\Views\krs\v_krs.php on line 104.
 1 APPPATH\Views\krs\v_krs.php(104): CodeIgniter\Debug\Exceptions->errorHandler(8, 'Undefined index: kode_ap', 'APPPATH\\Views\\krs\\v_krs.php', 104, [...])
 2 SYSTEMPATH\View\View.php(213): include('APPPATH\\Views\\krs\\v_krs.php')
 3 SYSTEMPATH\View\View.php(216): CodeIgniter\View\View->CodeIgniter\View\{closure}()
 4 SYSTEMPATH\Common.php(1134): CodeIgniter\View\View->render('krs/v_krs', [], true)
 5 APPPATH\Views\tampilan.php(359): view('krs/v_krs')
 6 SYSTEMPATH\View\View.php(213): include('APPPATH\\Views\\tampilan.php')
 7 SYSTEMPATH\View\View.php(216): CodeIgniter\View\View->CodeIgniter\View\{closure}()
 8 SYSTEMPATH\Common.php(1134): CodeIgniter\View\View->render('tampilan', [], true)
 9 APPPATH\Controllers\Krs.php(30): view('tampilan', [...])
10 SYSTEMPATH\CodeIgniter.php(927): App\Controllers\Krs->index()
11 SYSTEMPATH\CodeIgniter.php(482): CodeIgniter\CodeIgniter->runController(Object(App\Controllers\Krs))
12 SYSTEMPATH\CodeIgniter.php(351): CodeIgniter\CodeIgniter->handleRequest(null, Object(Config\Cache), false)
13 FCPATH\index.php(67): CodeIgniter\CodeIgniter->run()
ERROR - 2022-12-03 07:28:42 --> mysqli_sql_exception: Unknown column 'nidn' in 'where clause' in C:\xampp\htdocs\siakad2\vendor\codeigniter4\framework\system\Database\MySQLi\Connection.php:292
Stack trace:
#0 C:\xampp\htdocs\siakad2\vendor\codeigniter4\framework\system\Database\MySQLi\Connection.php(292): mysqli->query('SELECT *\nFROM `...', 0)
#1 C:\xampp\htdocs\siakad2\vendor\codeigniter4\framework\system\Database\BaseConnection.php(666): CodeIgniter\Database\MySQLi\Connection->execute('SELECT *\nFROM `...')
#2 C:\xampp\htdocs\siakad2\vendor\codeigniter4\framework\system\Database\BaseConnection.php(593): CodeIgniter\Database\BaseConnection->simpleQuery('SELECT *\nFROM `...')
#3 C:\xampp\htdocs\siakad2\vendor\codeigniter4\framework\system\Database\BaseBuilder.php(1585): CodeIgniter\Database\BaseConnection->query('SELECT *\nFROM `...', Array, false)
#4 C:\xampp\htdocs\siakad2\app\Models\ModelGr.php(16): CodeIgniter\Database\BaseBuilder->get()
#5 C:\xampp\htdocs\siakad2\app\Controllers\Loginguru.php(53): App\Models\ModelGr->DataGuru()
#6 C:\xampp\htdocs\siakad2\vendor\codeigniter4\framework\system\CodeIgniter.php(927): App\Controllers\Loginguru->nilaisiswa()
#7 C:\xampp\htdocs\siakad2\vendor\codeigniter4\framework\system\CodeIgniter.php(482): CodeIgniter\CodeIgniter->runController(Object(App\Controllers\Loginguru))
#8 C:\xampp\htdocs\siakad2\vendor\codeigniter4\framework\system\CodeIgniter.php(351): CodeIgniter\CodeIgniter->handleRequest(NULL, Object(Config\Cache), false)
#9 C:\xampp\htdocs\siakad2\public\index.php(67): CodeIgniter\CodeIgniter->run()
#10 {main}
CRITICAL - 2022-12-03 07:28:42 --> Unknown column 'nidn' in 'where clause'
in SYSTEMPATH\Database\MySQLi\Connection.php on line 292.
 1 SYSTEMPATH\Database\MySQLi\Connection.php(292): mysqli->query('SELECT *
FROM `tbl_kelas`
LEFT JOIN `tbl_ap` ON `tbl_ap`.`id_ap` = `tbl_kelas`.`id_ap`
WHERE `nidn` = \'09878676\'', 0)
 2 SYSTEMPATH\Database\BaseConnection.php(666): CodeIgniter\Database\MySQLi\Connection->execute('SELECT *
FROM `tbl_kelas`
LEFT JOIN `tbl_ap` ON `tbl_ap`.`id_ap` = `tbl_kelas`.`id_ap`
WHERE `nidn` = \'09878676\'')
 3 SYSTEMPATH\Database\BaseConnection.php(593): CodeIgniter\Database\BaseConnection->simpleQuery('SELECT *
FROM `tbl_kelas`
LEFT JOIN `tbl_ap` ON `tbl_ap`.`id_ap` = `tbl_kelas`.`id_ap`
WHERE `nidn` = \'09878676\'')
 4 SYSTEMPATH\Database\BaseBuilder.php(1585): CodeIgniter\Database\BaseConnection->query('SELECT *
FROM `tbl_kelas`
LEFT JOIN `tbl_ap` ON `tbl_ap`.`id_ap` = `tbl_kelas`.`id_ap`
WHERE `nidn` = :nidn:', [...], false)
 5 APPPATH\Models\ModelGr.php(16): CodeIgniter\Database\BaseBuilder->get()
 6 APPPATH\Controllers\Loginguru.php(53): App\Models\ModelGr->DataGuru()
 7 SYSTEMPATH\CodeIgniter.php(927): App\Controllers\Loginguru->nilaisiswa()
 8 SYSTEMPATH\CodeIgniter.php(482): CodeIgniter\CodeIgniter->runController(Object(App\Controllers\Loginguru))
 9 SYSTEMPATH\CodeIgniter.php(351): CodeIgniter\CodeIgniter->handleRequest(null, Object(Config\Cache), false)
10 FCPATH\index.php(67): CodeIgniter\CodeIgniter->run()
ERROR - 2022-12-03 07:30:26 --> mysqli_sql_exception: Unknown column 'nidn' in 'where clause' in C:\xampp\htdocs\siakad2\vendor\codeigniter4\framework\system\Database\MySQLi\Connection.php:292
Stack trace:
#0 C:\xampp\htdocs\siakad2\vendor\codeigniter4\framework\system\Database\MySQLi\Connection.php(292): mysqli->query('SELECT *\nFROM `...', 0)
#1 C:\xampp\htdocs\siakad2\vendor\codeigniter4\framework\system\Database\BaseConnection.php(666): CodeIgniter\Database\MySQLi\Connection->execute('SELECT *\nFROM `...')
#2 C:\xampp\htdocs\siakad2\vendor\codeigniter4\framework\system\Database\BaseConnection.php(593): CodeIgniter\Database\BaseConnection->simpleQuery('SELECT *\nFROM `...')
#3 C:\xampp\htdocs\siakad2\vendor\codeigniter4\framework\system\Database\BaseBuilder.php(1585): CodeIgniter\Database\BaseConnection->query('SELECT *\nFROM `...', Array, false)
#4 C:\xampp\htdocs\siakad2\app\Models\ModelGr.php(16): CodeIgniter\Database\BaseBuilder->get()
#5 C:\xampp\htdocs\siakad2\app\Controllers\Loginguru.php(53): App\Models\ModelGr->DataGuru()
#6 C:\xampp\htdocs\siakad2\vendor\codeigniter4\framework\system\CodeIgniter.php(927): App\Controllers\Loginguru->nilaisiswa()
#7 C:\xampp\htdocs\siakad2\vendor\codeigniter4\framework\system\CodeIgniter.php(482): CodeIgniter\CodeIgniter->runController(Object(App\Controllers\Loginguru))
#8 C:\xampp\htdocs\siakad2\vendor\codeigniter4\framework\system\CodeIgniter.php(351): CodeIgniter\CodeIgniter->handleRequest(NULL, Object(Config\Cache), false)
#9 C:\xampp\htdocs\siakad2\public\index.php(67): CodeIgniter\CodeIgniter->run()
#10 {main}
CRITICAL - 2022-12-03 07:30:26 --> Unknown column 'nidn' in 'where clause'
in SYSTEMPATH\Database\MySQLi\Connection.php on line 292.
 1 SYSTEMPATH\Database\MySQLi\Connection.php(292): mysqli->query('SELECT *
FROM `tbl_kelas`
LEFT JOIN `tbl_ap` ON `tbl_ap`.`id_ap` = `tbl_kelas`.`id_ap`
WHERE `nidn` = \'09878676\'', 0)
 2 SYSTEMPATH\Database\BaseConnection.php(666): CodeIgniter\Database\MySQLi\Connection->execute('SELECT *
FROM `tbl_kelas`
LEFT JOIN `tbl_ap` ON `tbl_ap`.`id_ap` = `tbl_kelas`.`id_ap`
WHERE `nidn` = \'09878676\'')
 3 SYSTEMPATH\Database\BaseConnection.php(593): CodeIgniter\Database\BaseConnection->simpleQuery('SELECT *
FROM `tbl_kelas`
LEFT JOIN `tbl_ap` ON `tbl_ap`.`id_ap` = `tbl_kelas`.`id_ap`
WHERE `nidn` = \'09878676\'')
 4 SYSTEMPATH\Database\BaseBuilder.php(1585): CodeIgniter\Database\BaseConnection->query('SELECT *
FROM `tbl_kelas`
LEFT JOIN `tbl_ap` ON `tbl_ap`.`id_ap` = `tbl_kelas`.`id_ap`
WHERE `nidn` = :nidn:', [...], false)
 5 APPPATH\Models\ModelGr.php(16): CodeIgniter\Database\BaseBuilder->get()
 6 APPPATH\Controllers\Loginguru.php(53): App\Models\ModelGr->DataGuru()
 7 SYSTEMPATH\CodeIgniter.php(927): App\Controllers\Loginguru->nilaisiswa()
 8 SYSTEMPATH\CodeIgniter.php(482): CodeIgniter\CodeIgniter->runController(Object(App\Controllers\Loginguru))
 9 SYSTEMPATH\CodeIgniter.php(351): CodeIgniter\CodeIgniter->handleRequest(null, Object(Config\Cache), false)
10 FCPATH\index.php(67): CodeIgniter\CodeIgniter->run()
CRITICAL - 2022-12-03 07:46:36 --> Illegal string offset 'nama_kelas'
in APPPATH\Views\nilai\v_nilai.php on line 19.
 1 APPPATH\Views\nilai\v_nilai.php(19): CodeIgniter\Debug\Exceptions->errorHandler(2, 'Illegal string offset \'nama_kelas\'', 'APPPATH\\Views\\nilai\\v_nilai.php', 19, [...])
 2 SYSTEMPATH\View\View.php(213): include('APPPATH\\Views\\nilai\\v_nilai.php')
 3 SYSTEMPATH\View\View.php(216): CodeIgniter\View\View->CodeIgniter\View\{closure}()
 4 SYSTEMPATH\Common.php(1134): CodeIgniter\View\View->render('nilai/v_nilai', [], true)
 5 APPPATH\Views\tampilan.php(359): view('nilai/v_nilai')
 6 SYSTEMPATH\View\View.php(213): include('APPPATH\\Views\\tampilan.php')
 7 SYSTEMPATH\View\View.php(216): CodeIgniter\View\View->CodeIgniter\View\{closure}()
 8 SYSTEMPATH\Common.php(1134): CodeIgniter\View\View->render('tampilan', [], true)
 9 APPPATH\Controllers\Loginguru.php(56): view('tampilan', [...])
10 SYSTEMPATH\CodeIgniter.php(927): App\Controllers\Loginguru->nilaisiswa()
11 SYSTEMPATH\CodeIgniter.php(482): CodeIgniter\CodeIgniter->runController(Object(App\Controllers\Loginguru))
12 SYSTEMPATH\CodeIgniter.php(351): CodeIgniter\CodeIgniter->handleRequest(null, Object(Config\Cache), false)
13 FCPATH\index.php(67): CodeIgniter\CodeIgniter->run()
CRITICAL - 2022-12-03 07:49:11 --> Illegal string offset 'nama_kelas'
in APPPATH\Views\nilai\v_nilai.php on line 18.
 1 APPPATH\Views\nilai\v_nilai.php(18): CodeIgniter\Debug\Exceptions->errorHandler(2, 'Illegal string offset \'nama_kelas\'', 'APPPATH\\Views\\nilai\\v_nilai.php', 18, [...])
 2 SYSTEMPATH\View\View.php(213): include('APPPATH\\Views\\nilai\\v_nilai.php')
 3 SYSTEMPATH\View\View.php(216): CodeIgniter\View\View->CodeIgniter\View\{closure}()
 4 SYSTEMPATH\Common.php(1134): CodeIgniter\View\View->render('nilai/v_nilai', [], true)
 5 APPPATH\Views\tampilan.php(359): view('nilai/v_nilai')
 6 SYSTEMPATH\View\View.php(213): include('APPPATH\\Views\\tampilan.php')
 7 SYSTEMPATH\View\View.php(216): CodeIgniter\View\View->CodeIgniter\View\{closure}()
 8 SYSTEMPATH\Common.php(1134): CodeIgniter\View\View->render('tampilan', [], true)
 9 APPPATH\Controllers\Loginguru.php(56): view('tampilan', [...])
10 SYSTEMPATH\CodeIgniter.php(927): App\Controllers\Loginguru->nilaisiswa()
11 SYSTEMPATH\CodeIgniter.php(482): CodeIgniter\CodeIgniter->runController(Object(App\Controllers\Loginguru))
12 SYSTEMPATH\CodeIgniter.php(351): CodeIgniter\CodeIgniter->handleRequest(null, Object(Config\Cache), false)
13 FCPATH\index.php(67): CodeIgniter\CodeIgniter->run()
CRITICAL - 2022-12-03 07:49:23 --> Illegal string offset 'smt'
in APPPATH\Views\nilai\v_nilai.php on line 18.
 1 APPPATH\Views\nilai\v_nilai.php(18): CodeIgniter\Debug\Exceptions->errorHandler(2, 'Illegal string offset \'smt\'', 'APPPATH\\Views\\nilai\\v_nilai.php', 18, [...])
 2 SYSTEMPATH\View\View.php(213): include('APPPATH\\Views\\nilai\\v_nilai.php')
 3 SYSTEMPATH\View\View.php(216): CodeIgniter\View\View->CodeIgniter\View\{closure}()
 4 SYSTEMPATH\Common.php(1134): CodeIgniter\View\View->render('nilai/v_nilai', [], true)
 5 APPPATH\Views\tampilan.php(359): view('nilai/v_nilai')
 6 SYSTEMPATH\View\View.php(213): include('APPPATH\\Views\\tampilan.php')
 7 SYSTEMPATH\View\View.php(216): CodeIgniter\View\View->CodeIgniter\View\{closure}()
 8 SYSTEMPATH\Common.php(1134): CodeIgniter\View\View->render('tampilan', [], true)
 9 APPPATH\Controllers\Loginguru.php(56): view('tampilan', [...])
10 SYSTEMPATH\CodeIgniter.php(927): App\Controllers\Loginguru->nilaisiswa()
11 SYSTEMPATH\CodeIgniter.php(482): CodeIgniter\CodeIgniter->runController(Object(App\Controllers\Loginguru))
12 SYSTEMPATH\CodeIgniter.php(351): CodeIgniter\CodeIgniter->handleRequest(null, Object(Config\Cache), false)
13 FCPATH\index.php(67): CodeIgniter\CodeIgniter->run()
CRITICAL - 2022-12-03 07:49:56 --> Illegal string offset 'nama_kelas'
in APPPATH\Views\nilai\v_nilai.php on line 18.
 1 APPPATH\Views\nilai\v_nilai.php(18): CodeIgniter\Debug\Exceptions->errorHandler(2, 'Illegal string offset \'nama_kelas\'', 'APPPATH\\Views\\nilai\\v_nilai.php', 18, [...])
 2 SYSTEMPATH\View\View.php(213): include('APPPATH\\Views\\nilai\\v_nilai.php')
 3 SYSTEMPATH\View\View.php(216): CodeIgniter\View\View->CodeIgniter\View\{closure}()
 4 SYSTEMPATH\Common.php(1134): CodeIgniter\View\View->render('nilai/v_nilai', [], true)
 5 APPPATH\Views\tampilan.php(359): view('nilai/v_nilai')
 6 SYSTEMPATH\View\View.php(213): include('APPPATH\\Views\\tampilan.php')
 7 SYSTEMPATH\View\View.php(216): CodeIgniter\View\View->CodeIgniter\View\{closure}()
 8 SYSTEMPATH\Common.php(1134): CodeIgniter\View\View->render('tampilan', [], true)
 9 APPPATH\Controllers\Loginguru.php(56): view('tampilan', [...])
10 SYSTEMPATH\CodeIgniter.php(927): App\Controllers\Loginguru->nilaisiswa()
11 SYSTEMPATH\CodeIgniter.php(482): CodeIgniter\CodeIgniter->runController(Object(App\Controllers\Loginguru))
12 SYSTEMPATH\CodeIgniter.php(351): CodeIgniter\CodeIgniter->handleRequest(null, Object(Config\Cache), false)
13 FCPATH\index.php(67): CodeIgniter\CodeIgniter->run()
CRITICAL - 2022-12-03 07:50:49 --> Illegal string offset 'nama_kelas'
in APPPATH\Views\nilai\v_nilai.php on line 18.
 1 APPPATH\Views\nilai\v_nilai.php(18): CodeIgniter\Debug\Exceptions->errorHandler(2, 'Illegal string offset \'nama_kelas\'', 'APPPATH\\Views\\nilai\\v_nilai.php', 18, [...])
 2 SYSTEMPATH\View\View.php(213): include('APPPATH\\Views\\nilai\\v_nilai.php')
 3 SYSTEMPATH\View\View.php(216): CodeIgniter\View\View->CodeIgniter\View\{closure}()
 4 SYSTEMPATH\Common.php(1134): CodeIgniter\View\View->render('nilai/v_nilai', [], true)
 5 APPPATH\Views\tampilan.php(359): view('nilai/v_nilai')
 6 SYSTEMPATH\View\View.php(213): include('APPPATH\\Views\\tampilan.php')
 7 SYSTEMPATH\View\View.php(216): CodeIgniter\View\View->CodeIgniter\View\{closure}()
 8 SYSTEMPATH\Common.php(1134): CodeIgniter\View\View->render('tampilan', [], true)
 9 APPPATH\Controllers\Loginguru.php(56): view('tampilan', [...])
10 SYSTEMPATH\CodeIgniter.php(927): App\Controllers\Loginguru->nilaisiswa()
11 SYSTEMPATH\CodeIgniter.php(482): CodeIgniter\CodeIgniter->runController(Object(App\Controllers\Loginguru))
12 SYSTEMPATH\CodeIgniter.php(351): CodeIgniter\CodeIgniter->handleRequest(null, Object(Config\Cache), false)
13 FCPATH\index.php(67): CodeIgniter\CodeIgniter->run()
CRITICAL - 2022-12-03 08:02:58 --> Undefined index: id_jadwal
in APPPATH\Views\krs\v_krs.php on line 111.
 1 APPPATH\Views\krs\v_krs.php(111): CodeIgniter\Debug\Exceptions->errorHandler(8, 'Undefined index: id_jadwal', 'APPPATH\\Views\\krs\\v_krs.php', 111, [...])
 2 SYSTEMPATH\View\View.php(213): include('APPPATH\\Views\\krs\\v_krs.php')
 3 SYSTEMPATH\View\View.php(216): CodeIgniter\View\View->CodeIgniter\View\{closure}()
 4 SYSTEMPATH\Common.php(1134): CodeIgniter\View\View->render('krs/v_krs', [], true)
 5 APPPATH\Views\tampilan.php(359): view('krs/v_krs')
 6 SYSTEMPATH\View\View.php(213): include('APPPATH\\Views\\tampilan.php')
 7 SYSTEMPATH\View\View.php(216): CodeIgniter\View\View->CodeIgniter\View\{closure}()
 8 SYSTEMPATH\Common.php(1134): CodeIgniter\View\View->render('tampilan', [], true)
 9 APPPATH\Controllers\Krs.php(30): view('tampilan', [...])
10 SYSTEMPATH\CodeIgniter.php(927): App\Controllers\Krs->index()
11 SYSTEMPATH\CodeIgniter.php(482): CodeIgniter\CodeIgniter->runController(Object(App\Controllers\Krs))
12 SYSTEMPATH\CodeIgniter.php(351): CodeIgniter\CodeIgniter->handleRequest(null, Object(Config\Cache), false)
13 FCPATH\index.php(67): CodeIgniter\CodeIgniter->run()
CRITICAL - 2022-12-03 08:26:42 --> Invalid argument supplied for foreach()
in APPPATH\Views\nilai\v_simpan.php on line 14.
 1 APPPATH\Views\nilai\v_simpan.php(14): CodeIgniter\Debug\Exceptions->errorHandler(2, 'Invalid argument supplied for foreach()', 'APPPATH\\Views\\nilai\\v_simpan.php', 14, [...])
 2 SYSTEMPATH\View\View.php(213): include('APPPATH\\Views\\nilai\\v_simpan.php')
 3 SYSTEMPATH\View\View.php(216): CodeIgniter\View\View->CodeIgniter\View\{closure}()
 4 SYSTEMPATH\Common.php(1134): CodeIgniter\View\View->render('nilai/v_simpan', [], true)
 5 APPPATH\Views\tampilan.php(359): view('nilai/v_simpan')
 6 SYSTEMPATH\View\View.php(213): include('APPPATH\\Views\\tampilan.php')
 7 SYSTEMPATH\View\View.php(216): CodeIgniter\View\View->CodeIgniter\View\{closure}()
 8 SYSTEMPATH\Common.php(1134): CodeIgniter\View\View->render('tampilan', [], true)
 9 APPPATH\Controllers\Loginguru.php(67): view('tampilan', [...])
10 SYSTEMPATH\CodeIgniter.php(927): App\Controllers\Loginguru->datanilai('1')
11 SYSTEMPATH\CodeIgniter.php(482): CodeIgniter\CodeIgniter->runController(Object(App\Controllers\Loginguru))
12 SYSTEMPATH\CodeIgniter.php(351): CodeIgniter\CodeIgniter->handleRequest(null, Object(Config\Cache), false)
13 FCPATH\index.php(67): CodeIgniter\CodeIgniter->run()
CRITICAL - 2022-12-03 19:32:23 --> You must set the database table to be used with your query.
in SYSTEMPATH\Database\BaseConnection.php on line 845.
 1 SYSTEMPATH\Model.php(587): CodeIgniter\Database\BaseConnection->table(null)
 2 SYSTEMPATH\Model.php(764): CodeIgniter\Model->builder()
 3 APPPATH\Controllers\JadwalTk.php(39): CodeIgniter\Model->__call('app', [...])
 4 SYSTEMPATH\CodeIgniter.php(927): App\Controllers\JadwalTk->detail_jadwal('1')
 5 SYSTEMPATH\CodeIgniter.php(482): CodeIgniter\CodeIgniter->runController(Object(App\Controllers\JadwalTk))
 6 SYSTEMPATH\CodeIgniter.php(351): CodeIgniter\CodeIgniter->handleRequest(null, Object(Config\Cache), false)
 7 FCPATH\index.php(67): CodeIgniter\CodeIgniter->run()
CRITICAL - 2022-12-03 20:35:59 --> You must set the database table to be used with your query.
in SYSTEMPATH\Database\BaseConnection.php on line 845.
 1 SYSTEMPATH\Model.php(587): CodeIgniter\Database\BaseConnection->table(null)
 2 SYSTEMPATH\Model.php(764): CodeIgniter\Model->builder()
 3 APPPATH\Controllers\JadwalTk.php(110): CodeIgniter\Model->__call('add', [...])
 4 SYSTEMPATH\CodeIgniter.php(927): App\Controllers\JadwalTk->add('1')
 5 SYSTEMPATH\CodeIgniter.php(482): CodeIgniter\CodeIgniter->runController(Object(App\Controllers\JadwalTk))
 6 SYSTEMPATH\CodeIgniter.php(351): CodeIgniter\CodeIgniter->handleRequest(null, Object(Config\Cache), false)
 7 FCPATH\index.php(67): CodeIgniter\CodeIgniter->run()
ERROR - 2022-12-03 20:45:06 --> mysqli_sql_exception: Operand should contain 1 column(s) in C:\xampp\htdocs\siakad2\vendor\codeigniter4\framework\system\Database\MySQLi\Connection.php:292
Stack trace:
#0 C:\xampp\htdocs\siakad2\vendor\codeigniter4\framework\system\Database\MySQLi\Connection.php(292): mysqli->query('INSERT INTO `tb...', 0)
#1 C:\xampp\htdocs\siakad2\vendor\codeigniter4\framework\system\Database\BaseConnection.php(666): CodeIgniter\Database\MySQLi\Connection->execute('INSERT INTO `tb...')
#2 C:\xampp\htdocs\siakad2\vendor\codeigniter4\framework\system\Database\BaseConnection.php(593): CodeIgniter\Database\BaseConnection->simpleQuery('INSERT INTO `tb...')
#3 C:\xampp\htdocs\siakad2\vendor\codeigniter4\framework\system\Database\BaseBuilder.php(1916): CodeIgniter\Database\BaseConnection->query('INSERT INTO `tb...', Array, false)
#4 C:\xampp\htdocs\siakad2\app\Models\ModelJadwal.php(31): CodeIgniter\Database\BaseBuilder->insert(Array)
#5 C:\xampp\htdocs\siakad2\app\Controllers\JadwalTk.php(110): App\Models\ModelJadwal->add(Array)
#6 C:\xampp\htdocs\siakad2\vendor\codeigniter4\framework\system\CodeIgniter.php(927): App\Controllers\JadwalTk->add('1')
#7 C:\xampp\htdocs\siakad2\vendor\codeigniter4\framework\system\CodeIgniter.php(482): CodeIgniter\CodeIgniter->runController(Object(App\Controllers\JadwalTk))
#8 C:\xampp\htdocs\siakad2\vendor\codeigniter4\framework\system\CodeIgniter.php(351): CodeIgniter\CodeIgniter->handleRequest(NULL, Object(Config\Cache), false)
#9 C:\xampp\htdocs\siakad2\public\index.php(67): CodeIgniter\CodeIgniter->run()
#10 {main}
CRITICAL - 2022-12-03 20:45:06 --> Operand should contain 1 column(s)
in SYSTEMPATH\Database\MySQLi\Connection.php on line 292.
 1 SYSTEMPATH\Database\MySQLi\Connection.php(292): mysqli->query('INSERT INTO `tbl_jadwal` (`id_prodi`, `id_ta`, `id_kelas`, `id_ap`, `id_guru`, `hari`, `waktu`, `quota`) VALUES (\'1\', (\'5\',\'2022/2023\',\'Ganjil\',\'1\'), \'2\', \'1\', \'11\', \'rabu\', \'08:30 - 10:00\', \'23\')', 0)
 2 SYSTEMPATH\Database\BaseConnection.php(666): CodeIgniter\Database\MySQLi\Connection->execute('INSERT INTO `tbl_jadwal` (`id_prodi`, `id_ta`, `id_kelas`, `id_ap`, `id_guru`, `hari`, `waktu`, `quota`) VALUES (\'1\', (\'5\',\'2022/2023\',\'Ganjil\',\'1\'), \'2\', \'1\', \'11\', \'rabu\', \'08:30 - 10:00\', \'23\')')
 3 SYSTEMPATH\Database\BaseConnection.php(593): CodeIgniter\Database\BaseConnection->simpleQuery('INSERT INTO `tbl_jadwal` (`id_prodi`, `id_ta`, `id_kelas`, `id_ap`, `id_guru`, `hari`, `waktu`, `quota`) VALUES (\'1\', (\'5\',\'2022/2023\',\'Ganjil\',\'1\'), \'2\', \'1\', \'11\', \'rabu\', \'08:30 - 10:00\', \'23\')')
 4 SYSTEMPATH\Database\BaseBuilder.php(1916): CodeIgniter\Database\BaseConnection->query('INSERT INTO `tbl_jadwal` (`id_prodi`, `id_ta`, `id_kelas`, `id_ap`, `id_guru`, `hari`, `waktu`, `quota`) VALUES (:id_prodi:, :id_ta:, :id_kelas:, :id_ap:, :id_guru:, :hari:, :waktu:, :quota:)', [...], false)
 5 APPPATH\Models\ModelJadwal.php(31): CodeIgniter\Database\BaseBuilder->insert([...])
 6 APPPATH\Controllers\JadwalTk.php(110): App\Models\ModelJadwal->add([...])
 7 SYSTEMPATH\CodeIgniter.php(927): App\Controllers\JadwalTk->add('1')
 8 SYSTEMPATH\CodeIgniter.php(482): CodeIgniter\CodeIgniter->runController(Object(App\Controllers\JadwalTk))
 9 SYSTEMPATH\CodeIgniter.php(351): CodeIgniter\CodeIgniter->handleRequest(null, Object(Config\Cache), false)
10 FCPATH\index.php(67): CodeIgniter\CodeIgniter->run()
ERROR - 2022-12-03 20:45:43 --> mysqli_sql_exception: Operand should contain 1 column(s) in C:\xampp\htdocs\siakad2\vendor\codeigniter4\framework\system\Database\MySQLi\Connection.php:292
Stack trace:
#0 C:\xampp\htdocs\siakad2\vendor\codeigniter4\framework\system\Database\MySQLi\Connection.php(292): mysqli->query('INSERT INTO `tb...', 0)
#1 C:\xampp\htdocs\siakad2\vendor\codeigniter4\framework\system\Database\BaseConnection.php(666): CodeIgniter\Database\MySQLi\Connection->execute('INSERT INTO `tb...')
#2 C:\xampp\htdocs\siakad2\vendor\codeigniter4\framework\system\Database\BaseConnection.php(593): CodeIgniter\Database\BaseConnection->simpleQuery('INSERT INTO `tb...')
#3 C:\xampp\htdocs\siakad2\vendor\codeigniter4\framework\system\Database\BaseBuilder.php(1916): CodeIgniter\Database\BaseConnection->query('INSERT INTO `tb...', Array, false)
#4 C:\xampp\htdocs\siakad2\app\Models\ModelJadwal.php(31): CodeIgniter\Database\BaseBuilder->insert(Array)
#5 C:\xampp\htdocs\siakad2\app\Controllers\JadwalTk.php(110): App\Models\ModelJadwal->add(Array)
#6 C:\xampp\htdocs\siakad2\vendor\codeigniter4\framework\system\CodeIgniter.php(927): App\Controllers\JadwalTk->add('1')
#7 C:\xampp\htdocs\siakad2\vendor\codeigniter4\framework\system\CodeIgniter.php(482): CodeIgniter\CodeIgniter->runController(Object(App\Controllers\JadwalTk))
#8 C:\xampp\htdocs\siakad2\vendor\codeigniter4\framework\system\CodeIgniter.php(351): CodeIgniter\CodeIgniter->handleRequest(NULL, Object(Config\Cache), false)
#9 C:\xampp\htdocs\siakad2\public\index.php(67): CodeIgniter\CodeIgniter->run()
#10 {main}
CRITICAL - 2022-12-03 20:45:43 --> Operand should contain 1 column(s)
in SYSTEMPATH\Database\MySQLi\Connection.php on line 292.
 1 SYSTEMPATH\Database\MySQLi\Connection.php(292): mysqli->query('INSERT INTO `tbl_jadwal` (`id_prodi`, `id_ta`, `id_kelas`, `id_ap`, `id_guru`, `hari`, `waktu`, `quota`) VALUES (\'1\', (\'5\',\'2022/2023\',\'Ganjil\',\'1\'), \'2\', \'1\', \'11\', \'rabu\', \'08:30 - 10:00\', \'23\')', 0)
 2 SYSTEMPATH\Database\BaseConnection.php(666): CodeIgniter\Database\MySQLi\Connection->execute('INSERT INTO `tbl_jadwal` (`id_prodi`, `id_ta`, `id_kelas`, `id_ap`, `id_guru`, `hari`, `waktu`, `quota`) VALUES (\'1\', (\'5\',\'2022/2023\',\'Ganjil\',\'1\'), \'2\', \'1\', \'11\', \'rabu\', \'08:30 - 10:00\', \'23\')')
 3 SYSTEMPATH\Database\BaseConnection.php(593): CodeIgniter\Database\BaseConnection->simpleQuery('INSERT INTO `tbl_jadwal` (`id_prodi`, `id_ta`, `id_kelas`, `id_ap`, `id_guru`, `hari`, `waktu`, `quota`) VALUES (\'1\', (\'5\',\'2022/2023\',\'Ganjil\',\'1\'), \'2\', \'1\', \'11\', \'rabu\', \'08:30 - 10:00\', \'23\')')
 4 SYSTEMPATH\Database\BaseBuilder.php(1916): CodeIgniter\Database\BaseConnection->query('INSERT INTO `tbl_jadwal` (`id_prodi`, `id_ta`, `id_kelas`, `id_ap`, `id_guru`, `hari`, `waktu`, `quota`) VALUES (:id_prodi:, :id_ta:, :id_kelas:, :id_ap:, :id_guru:, :hari:, :waktu:, :quota:)', [...], false)
 5 APPPATH\Models\ModelJadwal.php(31): CodeIgniter\Database\BaseBuilder->insert([...])
 6 APPPATH\Controllers\JadwalTk.php(110): App\Models\ModelJadwal->add([...])
 7 SYSTEMPATH\CodeIgniter.php(927): App\Controllers\JadwalTk->add('1')
 8 SYSTEMPATH\CodeIgniter.php(482): CodeIgniter\CodeIgniter->runController(Object(App\Controllers\JadwalTk))
 9 SYSTEMPATH\CodeIgniter.php(351): CodeIgniter\CodeIgniter->handleRequest(null, Object(Config\Cache), false)
10 FCPATH\index.php(67): CodeIgniter\CodeIgniter->run()
ERROR - 2022-12-03 20:45:52 --> mysqli_sql_exception: Operand should contain 1 column(s) in C:\xampp\htdocs\siakad2\vendor\codeigniter4\framework\system\Database\MySQLi\Connection.php:292
Stack trace:
#0 C:\xampp\htdocs\siakad2\vendor\codeigniter4\framework\system\Database\MySQLi\Connection.php(292): mysqli->query('INSERT INTO `tb...', 0)
#1 C:\xampp\htdocs\siakad2\vendor\codeigniter4\framework\system\Database\BaseConnection.php(666): CodeIgniter\Database\MySQLi\Connection->execute('INSERT INTO `tb...')
#2 C:\xampp\htdocs\siakad2\vendor\codeigniter4\framework\system\Database\BaseConnection.php(593): CodeIgniter\Database\BaseConnection->simpleQuery('INSERT INTO `tb...')
#3 C:\xampp\htdocs\siakad2\vendor\codeigniter4\framework\system\Database\BaseBuilder.php(1916): CodeIgniter\Database\BaseConnection->query('INSERT INTO `tb...', Array, false)
#4 C:\xampp\htdocs\siakad2\app\Models\ModelJadwal.php(31): CodeIgniter\Database\BaseBuilder->insert(Array)
#5 C:\xampp\htdocs\siakad2\app\Controllers\JadwalTk.php(110): App\Models\ModelJadwal->add(Array)
#6 C:\xampp\htdocs\siakad2\vendor\codeigniter4\framework\system\CodeIgniter.php(927): App\Controllers\JadwalTk->add('1')
#7 C:\xampp\htdocs\siakad2\vendor\codeigniter4\framework\system\CodeIgniter.php(482): CodeIgniter\CodeIgniter->runController(Object(App\Controllers\JadwalTk))
#8 C:\xampp\htdocs\siakad2\vendor\codeigniter4\framework\system\CodeIgniter.php(351): CodeIgniter\CodeIgniter->handleRequest(NULL, Object(Config\Cache), false)
#9 C:\xampp\htdocs\siakad2\public\index.php(67): CodeIgniter\CodeIgniter->run()
#10 {main}
CRITICAL - 2022-12-03 20:45:52 --> Operand should contain 1 column(s)
in SYSTEMPATH\Database\MySQLi\Connection.php on line 292.
 1 SYSTEMPATH\Database\MySQLi\Connection.php(292): mysqli->query('INSERT INTO `tbl_jadwal` (`id_prodi`, `id_ta`, `id_kelas`, `id_ap`, `id_guru`, `hari`, `waktu`, `quota`) VALUES (\'1\', (\'5\',\'2022/2023\',\'Ganjil\',\'1\'), \'2\', \'1\', \'11\', \'rabu\', \'08:30 - 10:00\', \'23\')', 0)
 2 SYSTEMPATH\Database\BaseConnection.php(666): CodeIgniter\Database\MySQLi\Connection->execute('INSERT INTO `tbl_jadwal` (`id_prodi`, `id_ta`, `id_kelas`, `id_ap`, `id_guru`, `hari`, `waktu`, `quota`) VALUES (\'1\', (\'5\',\'2022/2023\',\'Ganjil\',\'1\'), \'2\', \'1\', \'11\', \'rabu\', \'08:30 - 10:00\', \'23\')')
 3 SYSTEMPATH\Database\BaseConnection.php(593): CodeIgniter\Database\BaseConnection->simpleQuery('INSERT INTO `tbl_jadwal` (`id_prodi`, `id_ta`, `id_kelas`, `id_ap`, `id_guru`, `hari`, `waktu`, `quota`) VALUES (\'1\', (\'5\',\'2022/2023\',\'Ganjil\',\'1\'), \'2\', \'1\', \'11\', \'rabu\', \'08:30 - 10:00\', \'23\')')
 4 SYSTEMPATH\Database\BaseBuilder.php(1916): CodeIgniter\Database\BaseConnection->query('INSERT INTO `tbl_jadwal` (`id_prodi`, `id_ta`, `id_kelas`, `id_ap`, `id_guru`, `hari`, `waktu`, `quota`) VALUES (:id_prodi:, :id_ta:, :id_kelas:, :id_ap:, :id_guru:, :hari:, :waktu:, :quota:)', [...], false)
 5 APPPATH\Models\ModelJadwal.php(31): CodeIgniter\Database\BaseBuilder->insert([...])
 6 APPPATH\Controllers\JadwalTk.php(110): App\Models\ModelJadwal->add([...])
 7 SYSTEMPATH\CodeIgniter.php(927): App\Controllers\JadwalTk->add('1')
 8 SYSTEMPATH\CodeIgniter.php(482): CodeIgniter\CodeIgniter->runController(Object(App\Controllers\JadwalTk))
 9 SYSTEMPATH\CodeIgniter.php(351): CodeIgniter\CodeIgniter->handleRequest(null, Object(Config\Cache), false)
10 FCPATH\index.php(67): CodeIgniter\CodeIgniter->run()
ERROR - 2022-12-03 20:46:42 --> mysqli_sql_exception: Operand should contain 1 column(s) in C:\xampp\htdocs\siakad2\vendor\codeigniter4\framework\system\Database\MySQLi\Connection.php:292
Stack trace:
#0 C:\xampp\htdocs\siakad2\vendor\codeigniter4\framework\system\Database\MySQLi\Connection.php(292): mysqli->query('INSERT INTO `tb...', 0)
#1 C:\xampp\htdocs\siakad2\vendor\codeigniter4\framework\system\Database\BaseConnection.php(666): CodeIgniter\Database\MySQLi\Connection->execute('INSERT INTO `tb...')
#2 C:\xampp\htdocs\siakad2\vendor\codeigniter4\framework\system\Database\BaseConnection.php(593): CodeIgniter\Database\BaseConnection->simpleQuery('INSERT INTO `tb...')
#3 C:\xampp\htdocs\siakad2\vendor\codeigniter4\framework\system\Database\BaseBuilder.php(1916): CodeIgniter\Database\BaseConnection->query('INSERT INTO `tb...', Array, false)
#4 C:\xampp\htdocs\siakad2\app\Models\ModelJadwal.php(31): CodeIgniter\Database\BaseBuilder->insert(Array)
#5 C:\xampp\htdocs\siakad2\app\Controllers\JadwalTk.php(110): App\Models\ModelJadwal->add(Array)
#6 C:\xampp\htdocs\siakad2\vendor\codeigniter4\framework\system\CodeIgniter.php(927): App\Controllers\JadwalTk->add('1')
#7 C:\xampp\htdocs\siakad2\vendor\codeigniter4\framework\system\CodeIgniter.php(482): CodeIgniter\CodeIgniter->runController(Object(App\Controllers\JadwalTk))
#8 C:\xampp\htdocs\siakad2\vendor\codeigniter4\framework\system\CodeIgniter.php(351): CodeIgniter\CodeIgniter->handleRequest(NULL, Object(Config\Cache), false)
#9 C:\xampp\htdocs\siakad2\public\index.php(67): CodeIgniter\CodeIgniter->run()
#10 {main}
CRITICAL - 2022-12-03 20:46:42 --> Operand should contain 1 column(s)
in SYSTEMPATH\Database\MySQLi\Connection.php on line 292.
 1 SYSTEMPATH\Database\MySQLi\Connection.php(292): mysqli->query('INSERT INTO `tbl_jadwal` (`id_prodi`, `id_ta`, `id_kelas`, `id_ap`, `id_guru`, `hari`, `waktu`, `quota`) VALUES (\'1\', (\'5\',\'2022/2023\',\'Ganjil\',\'1\'), \'2\', \'1\', \'11\', \'rabu\', \'08:30 - 10:00\', \'23\')', 0)
 2 SYSTEMPATH\Database\BaseConnection.php(666): CodeIgniter\Database\MySQLi\Connection->execute('INSERT INTO `tbl_jadwal` (`id_prodi`, `id_ta`, `id_kelas`, `id_ap`, `id_guru`, `hari`, `waktu`, `quota`) VALUES (\'1\', (\'5\',\'2022/2023\',\'Ganjil\',\'1\'), \'2\', \'1\', \'11\', \'rabu\', \'08:30 - 10:00\', \'23\')')
 3 SYSTEMPATH\Database\BaseConnection.php(593): CodeIgniter\Database\BaseConnection->simpleQuery('INSERT INTO `tbl_jadwal` (`id_prodi`, `id_ta`, `id_kelas`, `id_ap`, `id_guru`, `hari`, `waktu`, `quota`) VALUES (\'1\', (\'5\',\'2022/2023\',\'Ganjil\',\'1\'), \'2\', \'1\', \'11\', \'rabu\', \'08:30 - 10:00\', \'23\')')
 4 SYSTEMPATH\Database\BaseBuilder.php(1916): CodeIgniter\Database\BaseConnection->query('INSERT INTO `tbl_jadwal` (`id_prodi`, `id_ta`, `id_kelas`, `id_ap`, `id_guru`, `hari`, `waktu`, `quota`) VALUES (:id_prodi:, :id_ta:, :id_kelas:, :id_ap:, :id_guru:, :hari:, :waktu:, :quota:)', [...], false)
 5 APPPATH\Models\ModelJadwal.php(31): CodeIgniter\Database\BaseBuilder->insert([...])
 6 APPPATH\Controllers\JadwalTk.php(110): App\Models\ModelJadwal->add([...])
 7 SYSTEMPATH\CodeIgniter.php(927): App\Controllers\JadwalTk->add('1')
 8 SYSTEMPATH\CodeIgniter.php(482): CodeIgniter\CodeIgniter->runController(Object(App\Controllers\JadwalTk))
 9 SYSTEMPATH\CodeIgniter.php(351): CodeIgniter\CodeIgniter->handleRequest(null, Object(Config\Cache), false)
10 FCPATH\index.php(67): CodeIgniter\CodeIgniter->run()
ERROR - 2022-12-03 20:50:19 --> mysqli_sql_exception: Operand should contain 1 column(s) in C:\xampp\htdocs\siakad2\vendor\codeigniter4\framework\system\Database\MySQLi\Connection.php:292
Stack trace:
#0 C:\xampp\htdocs\siakad2\vendor\codeigniter4\framework\system\Database\MySQLi\Connection.php(292): mysqli->query('INSERT INTO `tb...', 0)
#1 C:\xampp\htdocs\siakad2\vendor\codeigniter4\framework\system\Database\BaseConnection.php(666): CodeIgniter\Database\MySQLi\Connection->execute('INSERT INTO `tb...')
#2 C:\xampp\htdocs\siakad2\vendor\codeigniter4\framework\system\Database\BaseConnection.php(593): CodeIgniter\Database\BaseConnection->simpleQuery('INSERT INTO `tb...')
#3 C:\xampp\htdocs\siakad2\vendor\codeigniter4\framework\system\Database\BaseBuilder.php(1916): CodeIgniter\Database\BaseConnection->query('INSERT INTO `tb...', Array, false)
#4 C:\xampp\htdocs\siakad2\app\Models\ModelJadwal.php(31): CodeIgniter\Database\BaseBuilder->insert(Array)
#5 C:\xampp\htdocs\siakad2\app\Controllers\JadwalTk.php(109): App\Models\ModelJadwal->add(Array)
#6 C:\xampp\htdocs\siakad2\vendor\codeigniter4\framework\system\CodeIgniter.php(927): App\Controllers\JadwalTk->add('1')
#7 C:\xampp\htdocs\siakad2\vendor\codeigniter4\framework\system\CodeIgniter.php(482): CodeIgniter\CodeIgniter->runController(Object(App\Controllers\JadwalTk))
#8 C:\xampp\htdocs\siakad2\vendor\codeigniter4\framework\system\CodeIgniter.php(351): CodeIgniter\CodeIgniter->handleRequest(NULL, Object(Config\Cache), false)
#9 C:\xampp\htdocs\siakad2\public\index.php(67): CodeIgniter\CodeIgniter->run()
#10 {main}
CRITICAL - 2022-12-03 20:50:19 --> Operand should contain 1 column(s)
in SYSTEMPATH\Database\MySQLi\Connection.php on line 292.
 1 SYSTEMPATH\Database\MySQLi\Connection.php(292): mysqli->query('INSERT INTO `tbl_jadwal` (`id_prodi`, `id_ta`, `id_kelas`, `id_ap`, `id_guru`, `hari`, `waktu`, `quota`) VALUES (\'1\', (\'5\',\'2022/2023\',\'Ganjil\',\'1\'), \'1\', \'1\', \'2\', \'senin\', \'08:30 - 10:00\', \'23\')', 0)
 2 SYSTEMPATH\Database\BaseConnection.php(666): CodeIgniter\Database\MySQLi\Connection->execute('INSERT INTO `tbl_jadwal` (`id_prodi`, `id_ta`, `id_kelas`, `id_ap`, `id_guru`, `hari`, `waktu`, `quota`) VALUES (\'1\', (\'5\',\'2022/2023\',\'Ganjil\',\'1\'), \'1\', \'1\', \'2\', \'senin\', \'08:30 - 10:00\', \'23\')')
 3 SYSTEMPATH\Database\BaseConnection.php(593): CodeIgniter\Database\BaseConnection->simpleQuery('INSERT INTO `tbl_jadwal` (`id_prodi`, `id_ta`, `id_kelas`, `id_ap`, `id_guru`, `hari`, `waktu`, `quota`) VALUES (\'1\', (\'5\',\'2022/2023\',\'Ganjil\',\'1\'), \'1\', \'1\', \'2\', \'senin\', \'08:30 - 10:00\', \'23\')')
 4 SYSTEMPATH\Database\BaseBuilder.php(1916): CodeIgniter\Database\BaseConnection->query('INSERT INTO `tbl_jadwal` (`id_prodi`, `id_ta`, `id_kelas`, `id_ap`, `id_guru`, `hari`, `waktu`, `quota`) VALUES (:id_prodi:, :id_ta:, :id_kelas:, :id_ap:, :id_guru:, :hari:, :waktu:, :quota:)', [...], false)
 5 APPPATH\Models\ModelJadwal.php(31): CodeIgniter\Database\BaseBuilder->insert([...])
 6 APPPATH\Controllers\JadwalTk.php(109): App\Models\ModelJadwal->add([...])
 7 SYSTEMPATH\CodeIgniter.php(927): App\Controllers\JadwalTk->add('1')
 8 SYSTEMPATH\CodeIgniter.php(482): CodeIgniter\CodeIgniter->runController(Object(App\Controllers\JadwalTk))
 9 SYSTEMPATH\CodeIgniter.php(351): CodeIgniter\CodeIgniter->handleRequest(null, Object(Config\Cache), false)
10 FCPATH\index.php(67): CodeIgniter\CodeIgniter->run()
ERROR - 2022-12-03 20:50:53 --> mysqli_sql_exception: Operand should contain 1 column(s) in C:\xampp\htdocs\siakad2\vendor\codeigniter4\framework\system\Database\MySQLi\Connection.php:292
Stack trace:
#0 C:\xampp\htdocs\siakad2\vendor\codeigniter4\framework\system\Database\MySQLi\Connection.php(292): mysqli->query('INSERT INTO `tb...', 0)
#1 C:\xampp\htdocs\siakad2\vendor\codeigniter4\framework\system\Database\BaseConnection.php(666): CodeIgniter\Database\MySQLi\Connection->execute('INSERT INTO `tb...')
#2 C:\xampp\htdocs\siakad2\vendor\codeigniter4\framework\system\Database\BaseConnection.php(593): CodeIgniter\Database\BaseConnection->simpleQuery('INSERT INTO `tb...')
#3 C:\xampp\htdocs\siakad2\vendor\codeigniter4\framework\system\Database\BaseBuilder.php(1916): CodeIgniter\Database\BaseConnection->query('INSERT INTO `tb...', Array, false)
#4 C:\xampp\htdocs\siakad2\app\Models\ModelJadwal.php(31): CodeIgniter\Database\BaseBuilder->insert(Array)
#5 C:\xampp\htdocs\siakad2\app\Controllers\JadwalTk.php(109): App\Models\ModelJadwal->add(Array)
#6 C:\xampp\htdocs\siakad2\vendor\codeigniter4\framework\system\CodeIgniter.php(927): App\Controllers\JadwalTk->add('1')
#7 C:\xampp\htdocs\siakad2\vendor\codeigniter4\framework\system\CodeIgniter.php(482): CodeIgniter\CodeIgniter->runController(Object(App\Controllers\JadwalTk))
#8 C:\xampp\htdocs\siakad2\vendor\codeigniter4\framework\system\CodeIgniter.php(351): CodeIgniter\CodeIgniter->handleRequest(NULL, Object(Config\Cache), false)
#9 C:\xampp\htdocs\siakad2\public\index.php(67): CodeIgniter\CodeIgniter->run()
#10 {main}
CRITICAL - 2022-12-03 20:50:53 --> Operand should contain 1 column(s)
in SYSTEMPATH\Database\MySQLi\Connection.php on line 292.
 1 SYSTEMPATH\Database\MySQLi\Connection.php(292): mysqli->query('INSERT INTO `tbl_jadwal` (`id_prodi`, `id_ta`, `id_kelas`, `id_ap`, `id_guru`, `hari`, `waktu`, `quota`) VALUES (\'1\', (\'5\',\'2022/2023\',\'Ganjil\',\'1\'), \'1\', \'1\', \'2\', \'senin\', \'08:30-10:00\', \'23\')', 0)
 2 SYSTEMPATH\Database\BaseConnection.php(666): CodeIgniter\Database\MySQLi\Connection->execute('INSERT INTO `tbl_jadwal` (`id_prodi`, `id_ta`, `id_kelas`, `id_ap`, `id_guru`, `hari`, `waktu`, `quota`) VALUES (\'1\', (\'5\',\'2022/2023\',\'Ganjil\',\'1\'), \'1\', \'1\', \'2\', \'senin\', \'08:30-10:00\', \'23\')')
 3 SYSTEMPATH\Database\BaseConnection.php(593): CodeIgniter\Database\BaseConnection->simpleQuery('INSERT INTO `tbl_jadwal` (`id_prodi`, `id_ta`, `id_kelas`, `id_ap`, `id_guru`, `hari`, `waktu`, `quota`) VALUES (\'1\', (\'5\',\'2022/2023\',\'Ganjil\',\'1\'), \'1\', \'1\', \'2\', \'senin\', \'08:30-10:00\', \'23\')')
 4 SYSTEMPATH\Database\BaseBuilder.php(1916): CodeIgniter\Database\BaseConnection->query('INSERT INTO `tbl_jadwal` (`id_prodi`, `id_ta`, `id_kelas`, `id_ap`, `id_guru`, `hari`, `waktu`, `quota`) VALUES (:id_prodi:, :id_ta:, :id_kelas:, :id_ap:, :id_guru:, :hari:, :waktu:, :quota:)', [...], false)
 5 APPPATH\Models\ModelJadwal.php(31): CodeIgniter\Database\BaseBuilder->insert([...])
 6 APPPATH\Controllers\JadwalTk.php(109): App\Models\ModelJadwal->add([...])
 7 SYSTEMPATH\CodeIgniter.php(927): App\Controllers\JadwalTk->add('1')
 8 SYSTEMPATH\CodeIgniter.php(482): CodeIgniter\CodeIgniter->runController(Object(App\Controllers\JadwalTk))
 9 SYSTEMPATH\CodeIgniter.php(351): CodeIgniter\CodeIgniter->handleRequest(null, Object(Config\Cache), false)
10 FCPATH\index.php(67): CodeIgniter\CodeIgniter->run()
CRITICAL - 2022-12-03 21:17:25 --> Undefined index: id_jadwal
in APPPATH\Views\krs\v_krs.php on line 111.
 1 APPPATH\Views\krs\v_krs.php(111): CodeIgniter\Debug\Exceptions->errorHandler(8, 'Undefined index: id_jadwal', 'APPPATH\\Views\\krs\\v_krs.php', 111, [...])
 2 SYSTEMPATH\View\View.php(213): include('APPPATH\\Views\\krs\\v_krs.php')
 3 SYSTEMPATH\View\View.php(216): CodeIgniter\View\View->CodeIgniter\View\{closure}()
 4 SYSTEMPATH\Common.php(1134): CodeIgniter\View\View->render('krs/v_krs', [], true)
 5 APPPATH\Views\tampilan.php(359): view('krs/v_krs')
 6 SYSTEMPATH\View\View.php(213): include('APPPATH\\Views\\tampilan.php')
 7 SYSTEMPATH\View\View.php(216): CodeIgniter\View\View->CodeIgniter\View\{closure}()
 8 SYSTEMPATH\Common.php(1134): CodeIgniter\View\View->render('tampilan', [], true)
 9 APPPATH\Controllers\Krs.php(31): view('tampilan', [...])
10 SYSTEMPATH\CodeIgniter.php(927): App\Controllers\Krs->index()
11 SYSTEMPATH\CodeIgniter.php(482): CodeIgniter\CodeIgniter->runController(Object(App\Controllers\Krs))
12 SYSTEMPATH\CodeIgniter.php(351): CodeIgniter\CodeIgniter->handleRequest(null, Object(Config\Cache), false)
13 FCPATH\index.php(67): CodeIgniter\CodeIgniter->run()
CRITICAL - 2022-12-03 21:18:15 --> Undefined index: id_jadwal
in APPPATH\Views\krs\v_krs.php on line 111.
 1 APPPATH\Views\krs\v_krs.php(111): CodeIgniter\Debug\Exceptions->errorHandler(8, 'Undefined index: id_jadwal', 'APPPATH\\Views\\krs\\v_krs.php', 111, [...])
 2 SYSTEMPATH\View\View.php(213): include('APPPATH\\Views\\krs\\v_krs.php')
 3 SYSTEMPATH\View\View.php(216): CodeIgniter\View\View->CodeIgniter\View\{closure}()
 4 SYSTEMPATH\Common.php(1134): CodeIgniter\View\View->render('krs/v_krs', [], true)
 5 APPPATH\Views\tampilan.php(359): view('krs/v_krs')
 6 SYSTEMPATH\View\View.php(213): include('APPPATH\\Views\\tampilan.php')
 7 SYSTEMPATH\View\View.php(216): CodeIgniter\View\View->CodeIgniter\View\{closure}()
 8 SYSTEMPATH\Common.php(1134): CodeIgniter\View\View->render('tampilan', [], true)
 9 APPPATH\Controllers\Krs.php(31): view('tampilan', [...])
10 SYSTEMPATH\CodeIgniter.php(927): App\Controllers\Krs->index()
11 SYSTEMPATH\CodeIgniter.php(482): CodeIgniter\CodeIgniter->runController(Object(App\Controllers\Krs))
12 SYSTEMPATH\CodeIgniter.php(351): CodeIgniter\CodeIgniter->handleRequest(null, Object(Config\Cache), false)
13 FCPATH\index.php(67): CodeIgniter\CodeIgniter->run()
CRITICAL - 2022-12-03 21:18:45 --> Undefined index: id_jadwal
in APPPATH\Views\krs\v_krs.php on line 111.
 1 APPPATH\Views\krs\v_krs.php(111): CodeIgniter\Debug\Exceptions->errorHandler(8, 'Undefined index: id_jadwal', 'APPPATH\\Views\\krs\\v_krs.php', 111, [...])
 2 SYSTEMPATH\View\View.php(213): include('APPPATH\\Views\\krs\\v_krs.php')
 3 SYSTEMPATH\View\View.php(216): CodeIgniter\View\View->CodeIgniter\View\{closure}()
 4 SYSTEMPATH\Common.php(1134): CodeIgniter\View\View->render('krs/v_krs', [], true)
 5 APPPATH\Views\tampilan.php(359): view('krs/v_krs')
 6 SYSTEMPATH\View\View.php(213): include('APPPATH\\Views\\tampilan.php')
 7 SYSTEMPATH\View\View.php(216): CodeIgniter\View\View->CodeIgniter\View\{closure}()
 8 SYSTEMPATH\Common.php(1134): CodeIgniter\View\View->render('tampilan', [], true)
 9 APPPATH\Controllers\Krs.php(31): view('tampilan', [...])
10 SYSTEMPATH\CodeIgniter.php(927): App\Controllers\Krs->index()
11 SYSTEMPATH\CodeIgniter.php(482): CodeIgniter\CodeIgniter->runController(Object(App\Controllers\Krs))
12 SYSTEMPATH\CodeIgniter.php(351): CodeIgniter\CodeIgniter->handleRequest(null, Object(Config\Cache), false)
13 FCPATH\index.php(67): CodeIgniter\CodeIgniter->run()
CRITICAL - 2022-12-03 21:19:54 --> Undefined index: nama_kelas
in APPPATH\Views\krs\v_krs.php on line 107.
 1 APPPATH\Views\krs\v_krs.php(107): CodeIgniter\Debug\Exceptions->errorHandler(8, 'Undefined index: nama_kelas', 'APPPATH\\Views\\krs\\v_krs.php', 107, [...])
 2 SYSTEMPATH\View\View.php(213): include('APPPATH\\Views\\krs\\v_krs.php')
 3 SYSTEMPATH\View\View.php(216): CodeIgniter\View\View->CodeIgniter\View\{closure}()
 4 SYSTEMPATH\Common.php(1134): CodeIgniter\View\View->render('krs/v_krs', [], true)
 5 APPPATH\Views\tampilan.php(359): view('krs/v_krs')
 6 SYSTEMPATH\View\View.php(213): include('APPPATH\\Views\\tampilan.php')
 7 SYSTEMPATH\View\View.php(216): CodeIgniter\View\View->CodeIgniter\View\{closure}()
 8 SYSTEMPATH\Common.php(1134): CodeIgniter\View\View->render('tampilan', [], true)
 9 APPPATH\Controllers\Krs.php(31): view('tampilan', [...])
10 SYSTEMPATH\CodeIgniter.php(927): App\Controllers\Krs->index()
11 SYSTEMPATH\CodeIgniter.php(482): CodeIgniter\CodeIgniter->runController(Object(App\Controllers\Krs))
12 SYSTEMPATH\CodeIgniter.php(351): CodeIgniter\CodeIgniter->handleRequest(null, Object(Config\Cache), false)
13 FCPATH\index.php(67): CodeIgniter\CodeIgniter->run()
CRITICAL - 2022-12-03 22:42:09 --> Undefined index: nama_kelas
in APPPATH\Views\krs\v_krs.php on line 80.
 1 APPPATH\Views\krs\v_krs.php(80): CodeIgniter\Debug\Exceptions->errorHandler(8, 'Undefined index: nama_kelas', 'APPPATH\\Views\\krs\\v_krs.php', 80, [...])
 2 SYSTEMPATH\View\View.php(213): include('APPPATH\\Views\\krs\\v_krs.php')
 3 SYSTEMPATH\View\View.php(216): CodeIgniter\View\View->CodeIgniter\View\{closure}()
 4 SYSTEMPATH\Common.php(1134): CodeIgniter\View\View->render('krs/v_krs', [], true)
 5 APPPATH\Views\tampilan.php(359): view('krs/v_krs')
 6 SYSTEMPATH\View\View.php(213): include('APPPATH\\Views\\tampilan.php')
 7 SYSTEMPATH\View\View.php(216): CodeIgniter\View\View->CodeIgniter\View\{closure}()
 8 SYSTEMPATH\Common.php(1134): CodeIgniter\View\View->render('tampilan', [], true)
 9 APPPATH\Controllers\Krs.php(32): view('tampilan', [...])
10 SYSTEMPATH\CodeIgniter.php(927): App\Controllers\Krs->index()
11 SYSTEMPATH\CodeIgniter.php(482): CodeIgniter\CodeIgniter->runController(Object(App\Controllers\Krs))
12 SYSTEMPATH\CodeIgniter.php(351): CodeIgniter\CodeIgniter->handleRequest(null, Object(Config\Cache), false)
13 FCPATH\index.php(67): CodeIgniter\CodeIgniter->run()
CRITICAL - 2022-12-03 22:43:13 --> Undefined index: nama_guru
in APPPATH\Views\krs\v_krs.php on line 82.
 1 APPPATH\Views\krs\v_krs.php(82): CodeIgniter\Debug\Exceptions->errorHandler(8, 'Undefined index: nama_guru', 'APPPATH\\Views\\krs\\v_krs.php', 82, [...])
 2 SYSTEMPATH\View\View.php(213): include('APPPATH\\Views\\krs\\v_krs.php')
 3 SYSTEMPATH\View\View.php(216): CodeIgniter\View\View->CodeIgniter\View\{closure}()
 4 SYSTEMPATH\Common.php(1134): CodeIgniter\View\View->render('krs/v_krs', [], true)
 5 APPPATH\Views\tampilan.php(359): view('krs/v_krs')
 6 SYSTEMPATH\View\View.php(213): include('APPPATH\\Views\\tampilan.php')
 7 SYSTEMPATH\View\View.php(216): CodeIgniter\View\View->CodeIgniter\View\{closure}()
 8 SYSTEMPATH\Common.php(1134): CodeIgniter\View\View->render('tampilan', [], true)
 9 APPPATH\Controllers\Krs.php(32): view('tampilan', [...])
10 SYSTEMPATH\CodeIgniter.php(927): App\Controllers\Krs->index()
11 SYSTEMPATH\CodeIgniter.php(482): CodeIgniter\CodeIgniter->runController(Object(App\Controllers\Krs))
12 SYSTEMPATH\CodeIgniter.php(351): CodeIgniter\CodeIgniter->handleRequest(null, Object(Config\Cache), false)
13 FCPATH\index.php(67): CodeIgniter\CodeIgniter->run()
