CRITICAL - 2023-03-15 09:38:30 --> preg_match(): Unknown modifier '('
in SYSTEMPATH\Validation\FormatRules.php on line 171.
 1 [internal function]: CodeIgniter\Debug\Exceptions->errorHandler(2, 'preg_match(): Unknown modifier \'(\'', 'SYSTEMPATH\\Validation\\FormatRules.php', 171, [...])
 2 SYSTEMPATH\Validation\FormatRules.php(171): preg_match('/^(20\\d{2})/(20\\d{2})$/', '2024')
 3 SYSTEMPATH\Validation\Validation.php(312): CodeIgniter\Validation\FormatRules->regex_match('2024', '/^(20\\d{2})/(20\\d{2})$/', [...], null, 'ta')
 4 SYSTEMPATH\Validation\Validation.php(170): CodeIgniter\Validation\Validation->processRules('ta', 'Tahun Pelajaran', '2024', [...], [...])
 5 SYSTEMPATH\Controller.php(140): CodeIgniter\Validation\Validation->run()
 6 APPPATH\Controllers\Ta.php(31): CodeIgniter\Controller->validate([...])
 7 SYSTEMPATH\CodeIgniter.php(934): App\Controllers\Ta->add()
 8 SYSTEMPATH\CodeIgniter.php(499): CodeIgniter\CodeIgniter->runController(Object(App\Controllers\Ta))
 9 SYSTEMPATH\CodeIgniter.php(368): CodeIgniter\CodeIgniter->handleRequest(null, Object(Config\Cache), false)
10 FCPATH\index.php(67): CodeIgniter\CodeIgniter->run()
CRITICAL - 2023-03-15 09:39:20 --> preg_match(): Unknown modifier '('
in SYSTEMPATH\Validation\FormatRules.php on line 171.
 1 [internal function]: CodeIgniter\Debug\Exceptions->errorHandler(2, 'preg_match(): Unknown modifier \'(\'', 'SYSTEMPATH\\Validation\\FormatRules.php', 171, [...])
 2 SYSTEMPATH\Validation\FormatRules.php(171): preg_match('/^(20\\d{2})/(20\\d{2})$/', '2024')
 3 SYSTEMPATH\Validation\Validation.php(312): CodeIgniter\Validation\FormatRules->regex_match('2024', '/^(20\\d{2})/(20\\d{2})$/', [...], null, 'ta')
 4 SYSTEMPATH\Validation\Validation.php(170): CodeIgniter\Validation\Validation->processRules('ta', 'Tahun Pelajaran', '2024', [...], [...])
 5 SYSTEMPATH\Controller.php(140): CodeIgniter\Validation\Validation->run()
 6 APPPATH\Controllers\Ta.php(31): CodeIgniter\Controller->validate([...])
 7 SYSTEMPATH\CodeIgniter.php(934): App\Controllers\Ta->add()
 8 SYSTEMPATH\CodeIgniter.php(499): CodeIgniter\CodeIgniter->runController(Object(App\Controllers\Ta))
 9 SYSTEMPATH\CodeIgniter.php(368): CodeIgniter\CodeIgniter->handleRequest(null, Object(Config\Cache), false)
10 FCPATH\index.php(67): CodeIgniter\CodeIgniter->run()
CRITICAL - 2023-03-15 09:40:11 --> preg_match(): Unknown modifier '('
in SYSTEMPATH\Validation\FormatRules.php on line 171.
 1 [internal function]: CodeIgniter\Debug\Exceptions->errorHandler(2, 'preg_match(): Unknown modifier \'(\'', 'SYSTEMPATH\\Validation\\FormatRules.php', 171, [...])
 2 SYSTEMPATH\Validation\FormatRules.php(171): preg_match('/(20\\d{2})/(20\\d{2})/', '2024')
 3 SYSTEMPATH\Validation\Validation.php(312): CodeIgniter\Validation\FormatRules->regex_match('2024', '/(20\\d{2})/(20\\d{2})/', [...], null, 'ta')
 4 SYSTEMPATH\Validation\Validation.php(170): CodeIgniter\Validation\Validation->processRules('ta', 'Tahun Pelajaran', '2024', [...], [...])
 5 SYSTEMPATH\Controller.php(140): CodeIgniter\Validation\Validation->run()
 6 APPPATH\Controllers\Ta.php(31): CodeIgniter\Controller->validate([...])
 7 SYSTEMPATH\CodeIgniter.php(934): App\Controllers\Ta->add()
 8 SYSTEMPATH\CodeIgniter.php(499): CodeIgniter\CodeIgniter->runController(Object(App\Controllers\Ta))
 9 SYSTEMPATH\CodeIgniter.php(368): CodeIgniter\CodeIgniter->handleRequest(null, Object(Config\Cache), false)
10 FCPATH\index.php(67): CodeIgniter\CodeIgniter->run()
CRITICAL - 2023-03-15 09:40:39 --> preg_match(): Unknown modifier '2'
in SYSTEMPATH\Validation\FormatRules.php on line 171.
 1 [internal function]: CodeIgniter\Debug\Exceptions->errorHandler(2, 'preg_match(): Unknown modifier \'2\'', 'SYSTEMPATH\\Validation\\FormatRules.php', 171, [...])
 2 SYSTEMPATH\Validation\FormatRules.php(171): preg_match('/20\\d{2}/20\\d{2}/', '2024')
 3 SYSTEMPATH\Validation\Validation.php(312): CodeIgniter\Validation\FormatRules->regex_match('2024', '/20\\d{2}/20\\d{2}/', [...], null, 'ta')
 4 SYSTEMPATH\Validation\Validation.php(170): CodeIgniter\Validation\Validation->processRules('ta', 'Tahun Pelajaran', '2024', [...], [...])
 5 SYSTEMPATH\Controller.php(140): CodeIgniter\Validation\Validation->run()
 6 APPPATH\Controllers\Ta.php(31): CodeIgniter\Controller->validate([...])
 7 SYSTEMPATH\CodeIgniter.php(934): App\Controllers\Ta->add()
 8 SYSTEMPATH\CodeIgniter.php(499): CodeIgniter\CodeIgniter->runController(Object(App\Controllers\Ta))
 9 SYSTEMPATH\CodeIgniter.php(368): CodeIgniter\CodeIgniter->handleRequest(null, Object(Config\Cache), false)
10 FCPATH\index.php(67): CodeIgniter\CodeIgniter->run()
CRITICAL - 2023-03-15 09:41:10 --> preg_match(): Unknown modifier '2'
in SYSTEMPATH\Validation\FormatRules.php on line 171.
 1 [internal function]: CodeIgniter\Debug\Exceptions->errorHandler(2, 'preg_match(): Unknown modifier \'2\'', 'SYSTEMPATH\\Validation\\FormatRules.php', 171, [...])
 2 SYSTEMPATH\Validation\FormatRules.php(171): preg_match('/20\\d{2}/20\\d{2}/', '2024')
 3 SYSTEMPATH\Validation\Validation.php(312): CodeIgniter\Validation\FormatRules->regex_match('2024', '/20\\d{2}/20\\d{2}/', [...], null, 'ta')
 4 SYSTEMPATH\Validation\Validation.php(170): CodeIgniter\Validation\Validation->processRules('ta', 'Tahun Pelajaran', '2024', [...], [...])
 5 SYSTEMPATH\Controller.php(140): CodeIgniter\Validation\Validation->run()
 6 APPPATH\Controllers\Ta.php(31): CodeIgniter\Controller->validate([...])
 7 SYSTEMPATH\CodeIgniter.php(934): App\Controllers\Ta->add()
 8 SYSTEMPATH\CodeIgniter.php(499): CodeIgniter\CodeIgniter->runController(Object(App\Controllers\Ta))
 9 SYSTEMPATH\CodeIgniter.php(368): CodeIgniter\CodeIgniter->handleRequest(null, Object(Config\Cache), false)
10 FCPATH\index.php(67): CodeIgniter\CodeIgniter->run()
ERROR - 2023-03-15 22:27:33 --> mysqli_sql_exception: Duplicate entry '1' for key 'PRIMARY' in C:\xampp\htdocs\siakad2\vendor\codeigniter4\framework\system\Database\MySQLi\Connection.php:295
Stack trace:
#0 C:\xampp\htdocs\siakad2\vendor\codeigniter4\framework\system\Database\MySQLi\Connection.php(295): mysqli->query('UPDATE `tbl_gur...', 0)
#1 C:\xampp\htdocs\siakad2\vendor\codeigniter4\framework\system\Database\BaseConnection.php(691): CodeIgniter\Database\MySQLi\Connection->execute('UPDATE `tbl_gur...')
#2 C:\xampp\htdocs\siakad2\vendor\codeigniter4\framework\system\Database\BaseConnection.php(605): CodeIgniter\Database\BaseConnection->simpleQuery('UPDATE `tbl_gur...')
#3 C:\xampp\htdocs\siakad2\vendor\codeigniter4\framework\system\Database\BaseBuilder.php(2476): CodeIgniter\Database\BaseConnection->query('UPDATE `tbl_gur...', Array, false)
#4 C:\xampp\htdocs\siakad2\app\Models\ModelGuru.php(35): CodeIgniter\Database\BaseBuilder->update(Array)
#5 C:\xampp\htdocs\siakad2\app\Controllers\Guru.php(222): App\Models\ModelGuru->edit(Array)
#6 C:\xampp\htdocs\siakad2\vendor\codeigniter4\framework\system\CodeIgniter.php(934): App\Controllers\Guru->update('1')
#7 C:\xampp\htdocs\siakad2\vendor\codeigniter4\framework\system\CodeIgniter.php(499): CodeIgniter\CodeIgniter->runController(Object(App\Controllers\Guru))
#8 C:\xampp\htdocs\siakad2\vendor\codeigniter4\framework\system\CodeIgniter.php(368): CodeIgniter\CodeIgniter->handleRequest(NULL, Object(Config\Cache), false)
#9 C:\xampp\htdocs\siakad2\public\index.php(67): CodeIgniter\CodeIgniter->run()
#10 {main}
CRITICAL - 2023-03-15 22:27:33 --> Duplicate entry '1' for key 'PRIMARY'
in SYSTEMPATH\Database\BaseConnection.php on line 645.
 1 SYSTEMPATH\Database\BaseBuilder.php(2476): CodeIgniter\Database\BaseConnection->query('UPDATE `tbl_guru` SET `id_guru` = :id_guru.1:, `kode_guru` = :kode_guru:, `nip` = :nip:, `nama_guru` = :nama_guru:, `ttl` = :ttl:, `jk` = :jk:, `alamat` = :alamat:, `password` = :password:
WHERE `id_guru` != :id_guru:', [...], false)
 2 APPPATH\Models\ModelGuru.php(35): CodeIgniter\Database\BaseBuilder->update([...])
 3 APPPATH\Controllers\Guru.php(222): App\Models\ModelGuru->edit([...])
 4 SYSTEMPATH\CodeIgniter.php(934): App\Controllers\Guru->update('1')
 5 SYSTEMPATH\CodeIgniter.php(499): CodeIgniter\CodeIgniter->runController(Object(App\Controllers\Guru))
 6 SYSTEMPATH\CodeIgniter.php(368): CodeIgniter\CodeIgniter->handleRequest(null, Object(Config\Cache), false)
 7 FCPATH\index.php(67): CodeIgniter\CodeIgniter->run()
CRITICAL - 2023-03-15 23:02:34 --> Undefined variable: id_ta
in APPPATH\Controllers\Kelas.php on line 61.
 1 APPPATH\Controllers\Kelas.php(61): CodeIgniter\Debug\Exceptions->errorHandler(8, 'Undefined variable: id_ta', 'APPPATH\\Controllers\\Kelas.php', 61, [])
 2 SYSTEMPATH\CodeIgniter.php(934): App\Controllers\Kelas->add()
 3 SYSTEMPATH\CodeIgniter.php(499): CodeIgniter\CodeIgniter->runController(Object(App\Controllers\Kelas))
 4 SYSTEMPATH\CodeIgniter.php(368): CodeIgniter\CodeIgniter->handleRequest(null, Object(Config\Cache), false)
 5 FCPATH\index.php(67): CodeIgniter\CodeIgniter->run()
CRITICAL - 2023-03-15 23:05:09 --> Undefined index: semester
in APPPATH\Views\kelas\v_kelas.php on line 72.
 1 APPPATH\Views\kelas\v_kelas.php(72): CodeIgniter\Debug\Exceptions->errorHandler(8, 'Undefined index: semester', 'APPPATH\\Views\\kelas\\v_kelas.php', 72, [...])
 2 SYSTEMPATH\View\View.php(213): include('APPPATH\\Views\\kelas\\v_kelas.php')
 3 SYSTEMPATH\View\View.php(216): CodeIgniter\View\View->CodeIgniter\View\{closure}()
 4 SYSTEMPATH\Common.php(1184): CodeIgniter\View\View->render('kelas/v_kelas', [], true)
 5 APPPATH\Views\tampilan.php(413): view('kelas/v_kelas')
 6 SYSTEMPATH\View\View.php(213): include('APPPATH\\Views\\tampilan.php')
 7 SYSTEMPATH\View\View.php(216): CodeIgniter\View\View->CodeIgniter\View\{closure}()
 8 SYSTEMPATH\Common.php(1184): CodeIgniter\View\View->render('tampilan', [], true)
 9 APPPATH\Controllers\Kelas.php(29): view('tampilan', [...])
10 SYSTEMPATH\CodeIgniter.php(934): App\Controllers\Kelas->index()
11 SYSTEMPATH\CodeIgniter.php(499): CodeIgniter\CodeIgniter->runController(Object(App\Controllers\Kelas))
12 SYSTEMPATH\CodeIgniter.php(368): CodeIgniter\CodeIgniter->handleRequest(null, Object(Config\Cache), false)
13 FCPATH\index.php(67): CodeIgniter\CodeIgniter->run()
CRITICAL - 2023-03-15 23:12:59 --> Undefined index: ta
in APPPATH\Views\kelas\v_rincian_kelas.php on line 26.
 1 APPPATH\Views\kelas\v_rincian_kelas.php(26): CodeIgniter\Debug\Exceptions->errorHandler(8, 'Undefined index: ta', 'APPPATH\\Views\\kelas\\v_rincian_kelas.php', 26, [...])
 2 SYSTEMPATH\View\View.php(213): include('APPPATH\\Views\\kelas\\v_rincian_kelas.php')
 3 SYSTEMPATH\View\View.php(216): CodeIgniter\View\View->CodeIgniter\View\{closure}()
 4 SYSTEMPATH\Common.php(1184): CodeIgniter\View\View->render('kelas/v_rincian_kelas', [], true)
 5 APPPATH\Views\tampilan.php(413): view('kelas/v_rincian_kelas')
 6 SYSTEMPATH\View\View.php(213): include('APPPATH\\Views\\tampilan.php')
 7 SYSTEMPATH\View\View.php(216): CodeIgniter\View\View->CodeIgniter\View\{closure}()
 8 SYSTEMPATH\Common.php(1184): CodeIgniter\View\View->render('tampilan', [], true)
 9 APPPATH\Controllers\Kelas.php(115): view('tampilan', [...])
10 SYSTEMPATH\CodeIgniter.php(934): App\Controllers\Kelas->rincian_kelas('1')
11 SYSTEMPATH\CodeIgniter.php(499): CodeIgniter\CodeIgniter->runController(Object(App\Controllers\Kelas))
12 SYSTEMPATH\CodeIgniter.php(368): CodeIgniter\CodeIgniter->handleRequest(null, Object(Config\Cache), false)
13 FCPATH\index.php(67): CodeIgniter\CodeIgniter->run()
ERROR - 2023-03-15 23:22:55 --> mysqli_sql_exception: Column 'id_kelas' in where clause is ambiguous in C:\xampp\htdocs\siakad2\vendor\codeigniter4\framework\system\Database\MySQLi\Connection.php:295
Stack trace:
#0 C:\xampp\htdocs\siakad2\vendor\codeigniter4\framework\system\Database\MySQLi\Connection.php(295): mysqli->query('SELECT *\nFROM `...', 0)
#1 C:\xampp\htdocs\siakad2\vendor\codeigniter4\framework\system\Database\BaseConnection.php(691): CodeIgniter\Database\MySQLi\Connection->execute('SELECT *\nFROM `...')
#2 C:\xampp\htdocs\siakad2\vendor\codeigniter4\framework\system\Database\BaseConnection.php(605): CodeIgniter\Database\BaseConnection->simpleQuery('SELECT *\nFROM `...')
#3 C:\xampp\htdocs\siakad2\vendor\codeigniter4\framework\system\Database\BaseBuilder.php(1616): CodeIgniter\Database\BaseConnection->query('SELECT *\nFROM `...', Array, false)
#4 C:\xampp\htdocs\siakad2\app\Models\ModelMapel.php(23): CodeIgniter\Database\BaseBuilder->get()
#5 C:\xampp\htdocs\siakad2\app\Controllers\Mapel.php(38): App\Models\ModelMapel->allDataMapel('1')
#6 C:\xampp\htdocs\siakad2\vendor\codeigniter4\framework\system\CodeIgniter.php(934): App\Controllers\Mapel->detail('1')
#7 C:\xampp\htdocs\siakad2\vendor\codeigniter4\framework\system\CodeIgniter.php(499): CodeIgniter\CodeIgniter->runController(Object(App\Controllers\Mapel))
#8 C:\xampp\htdocs\siakad2\vendor\codeigniter4\framework\system\CodeIgniter.php(368): CodeIgniter\CodeIgniter->handleRequest(NULL, Object(Config\Cache), false)
#9 C:\xampp\htdocs\siakad2\public\index.php(67): CodeIgniter\CodeIgniter->run()
#10 {main}
CRITICAL - 2023-03-15 23:22:55 --> Column 'id_kelas' in where clause is ambiguous
in SYSTEMPATH\Database\BaseConnection.php on line 645.
 1 SYSTEMPATH\Database\BaseBuilder.php(1616): CodeIgniter\Database\BaseConnection->query('SELECT *
FROM `tbl_mapel`
LEFT JOIN `tbl_kelas` ON `tbl_kelas`.`id_kelas` = `tbl_mapel`.`id_kelas`
LEFT JOIN `tbl_ta` ON `tbl_ta`.`id_ta` = `tbl_kelas`.`id_ta`
WHERE `id_kelas` = :id_kelas:
ORDER BY `smt` DESC', [...], false)
 2 APPPATH\Models\ModelMapel.php(23): CodeIgniter\Database\BaseBuilder->get()
 3 APPPATH\Controllers\Mapel.php(38): App\Models\ModelMapel->allDataMapel('1')
 4 SYSTEMPATH\CodeIgniter.php(934): App\Controllers\Mapel->detail('1')
 5 SYSTEMPATH\CodeIgniter.php(499): CodeIgniter\CodeIgniter->runController(Object(App\Controllers\Mapel))
 6 SYSTEMPATH\CodeIgniter.php(368): CodeIgniter\CodeIgniter->handleRequest(null, Object(Config\Cache), false)
 7 FCPATH\index.php(67): CodeIgniter\CodeIgniter->run()
ERROR - 2023-03-15 23:23:15 --> mysqli_sql_exception: Column 'id_kelas' in where clause is ambiguous in C:\xampp\htdocs\siakad2\vendor\codeigniter4\framework\system\Database\MySQLi\Connection.php:295
Stack trace:
#0 C:\xampp\htdocs\siakad2\vendor\codeigniter4\framework\system\Database\MySQLi\Connection.php(295): mysqli->query('SELECT *\nFROM `...', 0)
#1 C:\xampp\htdocs\siakad2\vendor\codeigniter4\framework\system\Database\BaseConnection.php(691): CodeIgniter\Database\MySQLi\Connection->execute('SELECT *\nFROM `...')
#2 C:\xampp\htdocs\siakad2\vendor\codeigniter4\framework\system\Database\BaseConnection.php(605): CodeIgniter\Database\BaseConnection->simpleQuery('SELECT *\nFROM `...')
#3 C:\xampp\htdocs\siakad2\vendor\codeigniter4\framework\system\Database\BaseBuilder.php(1616): CodeIgniter\Database\BaseConnection->query('SELECT *\nFROM `...', Array, false)
#4 C:\xampp\htdocs\siakad2\app\Models\ModelMapel.php(23): CodeIgniter\Database\BaseBuilder->get()
#5 C:\xampp\htdocs\siakad2\app\Controllers\Mapel.php(38): App\Models\ModelMapel->allDataMapel('1')
#6 C:\xampp\htdocs\siakad2\vendor\codeigniter4\framework\system\CodeIgniter.php(934): App\Controllers\Mapel->detail('1')
#7 C:\xampp\htdocs\siakad2\vendor\codeigniter4\framework\system\CodeIgniter.php(499): CodeIgniter\CodeIgniter->runController(Object(App\Controllers\Mapel))
#8 C:\xampp\htdocs\siakad2\vendor\codeigniter4\framework\system\CodeIgniter.php(368): CodeIgniter\CodeIgniter->handleRequest(NULL, Object(Config\Cache), false)
#9 C:\xampp\htdocs\siakad2\public\index.php(67): CodeIgniter\CodeIgniter->run()
#10 {main}
CRITICAL - 2023-03-15 23:23:15 --> Column 'id_kelas' in where clause is ambiguous
in SYSTEMPATH\Database\BaseConnection.php on line 645.
 1 SYSTEMPATH\Database\BaseBuilder.php(1616): CodeIgniter\Database\BaseConnection->query('SELECT *
FROM `tbl_mapel`
LEFT JOIN `tbl_kelas` ON `tbl_kelas`.`id_kelas` = `tbl_mapel`.`id_kelas`
LEFT JOIN `tbl_ta` ON `tbl_ta`.`id_ta` = `tbl_kelas`.`id_ta`
WHERE `id_kelas` = :id_kelas:
ORDER BY `smt` DESC', [...], false)
 2 APPPATH\Models\ModelMapel.php(23): CodeIgniter\Database\BaseBuilder->get()
 3 APPPATH\Controllers\Mapel.php(38): App\Models\ModelMapel->allDataMapel('1')
 4 SYSTEMPATH\CodeIgniter.php(934): App\Controllers\Mapel->detail('1')
 5 SYSTEMPATH\CodeIgniter.php(499): CodeIgniter\CodeIgniter->runController(Object(App\Controllers\Mapel))
 6 SYSTEMPATH\CodeIgniter.php(368): CodeIgniter\CodeIgniter->handleRequest(null, Object(Config\Cache), false)
 7 FCPATH\index.php(67): CodeIgniter\CodeIgniter->run()
CRITICAL - 2023-03-15 23:23:30 --> Undefined index: ta
in APPPATH\Views\master\mapel\v_detail_mapel.php on line 82.
 1 APPPATH\Views\master\mapel\v_detail_mapel.php(82): CodeIgniter\Debug\Exceptions->errorHandler(8, 'Undefined index: ta', 'APPPATH\\Views\\master\\mapel\\v_detail_mapel.php', 82, [...])
 2 SYSTEMPATH\View\View.php(213): include('APPPATH\\Views\\master\\mapel\\v_detail_mapel.php')
 3 SYSTEMPATH\View\View.php(216): CodeIgniter\View\View->CodeIgniter\View\{closure}()
 4 SYSTEMPATH\Common.php(1184): CodeIgniter\View\View->render('master/mapel/v_detail_mapel', [], true)
 5 APPPATH\Views\tampilan.php(413): view('master/mapel/v_detail_mapel')
 6 SYSTEMPATH\View\View.php(213): include('APPPATH\\Views\\tampilan.php')
 7 SYSTEMPATH\View\View.php(216): CodeIgniter\View\View->CodeIgniter\View\{closure}()
 8 SYSTEMPATH\Common.php(1184): CodeIgniter\View\View->render('tampilan', [], true)
 9 APPPATH\Controllers\Mapel.php(40): view('tampilan', [...])
10 SYSTEMPATH\CodeIgniter.php(934): App\Controllers\Mapel->detail('1')
11 SYSTEMPATH\CodeIgniter.php(499): CodeIgniter\CodeIgniter->runController(Object(App\Controllers\Mapel))
12 SYSTEMPATH\CodeIgniter.php(368): CodeIgniter\CodeIgniter->handleRequest(null, Object(Config\Cache), false)
13 FCPATH\index.php(67): CodeIgniter\CodeIgniter->run()
