CRITICAL - 2022-11-28 04:24:54 --> Too few arguments to function App\Controllers\Ap::add(), 0 passed in C:\xampp\htdocs\siakad2\vendor\codeigniter4\framework\system\CodeIgniter.php on line 927 and exactly 1 expected
in APPPATH\Controllers\Ap.php on line 41.
 1 SYSTEMPATH\CodeIgniter.php(927): App\Controllers\Ap->add()
 2 SYSTEMPATH\CodeIgniter.php(482): CodeIgniter\CodeIgniter->runController(Object(App\Controllers\Ap))
 3 SYSTEMPATH\CodeIgniter.php(351): CodeIgniter\CodeIgniter->handleRequest(null, Object(Config\Cache), false)
 4 FCPATH\index.php(67): CodeIgniter\CodeIgniter->run()
CRITICAL - 2022-11-28 04:25:01 --> Too few arguments to function App\Controllers\Ap::add(), 0 passed in C:\xampp\htdocs\siakad2\vendor\codeigniter4\framework\system\CodeIgniter.php on line 927 and exactly 1 expected
in APPPATH\Controllers\Ap.php on line 41.
 1 SYSTEMPATH\CodeIgniter.php(927): App\Controllers\Ap->add()
 2 SYSTEMPATH\CodeIgniter.php(482): CodeIgniter\CodeIgniter->runController(Object(App\Controllers\Ap))
 3 SYSTEMPATH\CodeIgniter.php(351): CodeIgniter\CodeIgniter->handleRequest(null, Object(Config\Cache), false)
 4 FCPATH\index.php(67): CodeIgniter\CodeIgniter->run()
CRITICAL - 2022-11-28 04:25:03 --> Undefined variable: id_prodi
in APPPATH\Views\master\ap\detail.php on line 125.
 1 APPPATH\Views\master\ap\detail.php(125): CodeIgniter\Debug\Exceptions->errorHandler(8, 'Undefined variable: id_prodi', 'APPPATH\\Views\\master\\ap\\detail.php', 125, [...])
 2 SYSTEMPATH\View\View.php(213): include('APPPATH\\Views\\master\\ap\\detail.php')
 3 SYSTEMPATH\View\View.php(216): CodeIgniter\View\View->CodeIgniter\View\{closure}()
 4 SYSTEMPATH\Common.php(1134): CodeIgniter\View\View->render('master/ap/detail', [], true)
 5 APPPATH\Views\tampilan.php(215): view('master/ap/detail')
 6 SYSTEMPATH\View\View.php(213): include('APPPATH\\Views\\tampilan.php')
 7 SYSTEMPATH\View\View.php(216): CodeIgniter\View\View->CodeIgniter\View\{closure}()
 8 SYSTEMPATH\Common.php(1134): CodeIgniter\View\View->render('tampilan', [], true)
 9 APPPATH\Controllers\Ap.php(38): view('tampilan', [...])
10 SYSTEMPATH\CodeIgniter.php(927): App\Controllers\Ap->detail('2')
11 SYSTEMPATH\CodeIgniter.php(482): CodeIgniter\CodeIgniter->runController(Object(App\Controllers\Ap))
12 SYSTEMPATH\CodeIgniter.php(351): CodeIgniter\CodeIgniter->handleRequest(null, Object(Config\Cache), false)
13 FCPATH\index.php(67): CodeIgniter\CodeIgniter->run()
CRITICAL - 2022-11-28 04:25:08 --> Undefined variable: id_prodi
in APPPATH\Views\master\ap\detail.php on line 125.
 1 APPPATH\Views\master\ap\detail.php(125): CodeIgniter\Debug\Exceptions->errorHandler(8, 'Undefined variable: id_prodi', 'APPPATH\\Views\\master\\ap\\detail.php', 125, [...])
 2 SYSTEMPATH\View\View.php(213): include('APPPATH\\Views\\master\\ap\\detail.php')
 3 SYSTEMPATH\View\View.php(216): CodeIgniter\View\View->CodeIgniter\View\{closure}()
 4 SYSTEMPATH\Common.php(1134): CodeIgniter\View\View->render('master/ap/detail', [], true)
 5 APPPATH\Views\tampilan.php(215): view('master/ap/detail')
 6 SYSTEMPATH\View\View.php(213): include('APPPATH\\Views\\tampilan.php')
 7 SYSTEMPATH\View\View.php(216): CodeIgniter\View\View->CodeIgniter\View\{closure}()
 8 SYSTEMPATH\Common.php(1134): CodeIgniter\View\View->render('tampilan', [], true)
 9 APPPATH\Controllers\Ap.php(38): view('tampilan', [...])
10 SYSTEMPATH\CodeIgniter.php(927): App\Controllers\Ap->detail('3')
11 SYSTEMPATH\CodeIgniter.php(482): CodeIgniter\CodeIgniter->runController(Object(App\Controllers\Ap))
12 SYSTEMPATH\CodeIgniter.php(351): CodeIgniter\CodeIgniter->handleRequest(null, Object(Config\Cache), false)
13 FCPATH\index.php(67): CodeIgniter\CodeIgniter->run()
CRITICAL - 2022-11-28 08:02:44 --> Trying to access array offset on value of type null
in APPPATH\Views\master\ap\detail.php on line 10.
 1 APPPATH\Views\master\ap\detail.php(10): CodeIgniter\Debug\Exceptions->errorHandler(8, 'Trying to access array offset on value of type null', 'APPPATH\\Views\\master\\ap\\detail.php', 10, [...])
 2 SYSTEMPATH\View\View.php(213): include('APPPATH\\Views\\master\\ap\\detail.php')
 3 SYSTEMPATH\View\View.php(216): CodeIgniter\View\View->CodeIgniter\View\{closure}()
 4 SYSTEMPATH\Common.php(1134): CodeIgniter\View\View->render('master/ap/detail', [], true)
 5 APPPATH\Views\tampilan.php(215): view('master/ap/detail')
 6 SYSTEMPATH\View\View.php(213): include('APPPATH\\Views\\tampilan.php')
 7 SYSTEMPATH\View\View.php(216): CodeIgniter\View\View->CodeIgniter\View\{closure}()
 8 SYSTEMPATH\Common.php(1134): CodeIgniter\View\View->render('tampilan', [], true)
 9 APPPATH\Controllers\Ap.php(39): view('tampilan', [...])
10 SYSTEMPATH\CodeIgniter.php(927): App\Controllers\Ap->detail('ruangan')
11 SYSTEMPATH\CodeIgniter.php(482): CodeIgniter\CodeIgniter->runController(Object(App\Controllers\Ap))
12 SYSTEMPATH\CodeIgniter.php(351): CodeIgniter\CodeIgniter->handleRequest(null, Object(Config\Cache), false)
13 FCPATH\index.php(67): CodeIgniter\CodeIgniter->run()
CRITICAL - 2022-11-28 08:02:51 --> Trying to access array offset on value of type null
in APPPATH\Views\master\ap\detail.php on line 10.
 1 APPPATH\Views\master\ap\detail.php(10): CodeIgniter\Debug\Exceptions->errorHandler(8, 'Trying to access array offset on value of type null', 'APPPATH\\Views\\master\\ap\\detail.php', 10, [...])
 2 SYSTEMPATH\View\View.php(213): include('APPPATH\\Views\\master\\ap\\detail.php')
 3 SYSTEMPATH\View\View.php(216): CodeIgniter\View\View->CodeIgniter\View\{closure}()
 4 SYSTEMPATH\Common.php(1134): CodeIgniter\View\View->render('master/ap/detail', [], true)
 5 APPPATH\Views\tampilan.php(215): view('master/ap/detail')
 6 SYSTEMPATH\View\View.php(213): include('APPPATH\\Views\\tampilan.php')
 7 SYSTEMPATH\View\View.php(216): CodeIgniter\View\View->CodeIgniter\View\{closure}()
 8 SYSTEMPATH\Common.php(1134): CodeIgniter\View\View->render('tampilan', [], true)
 9 APPPATH\Controllers\Ap.php(39): view('tampilan', [...])
10 SYSTEMPATH\CodeIgniter.php(927): App\Controllers\Ap->detail('ruangan')
11 SYSTEMPATH\CodeIgniter.php(482): CodeIgniter\CodeIgniter->runController(Object(App\Controllers\Ap))
12 SYSTEMPATH\CodeIgniter.php(351): CodeIgniter\CodeIgniter->handleRequest(null, Object(Config\Cache), false)
13 FCPATH\index.php(67): CodeIgniter\CodeIgniter->run()
