CRITICAL - 2023-03-17 21:13:14 --> Undefined variable: ta_aktif
in APPPATH\Views\master\mapel\v_mapel.php on line 66.
 1 APPPATH\Views\master\mapel\v_mapel.php(66): CodeIgniter\Debug\Exceptions->errorHandler(8, 'Undefined variable: ta_aktif', 'APPPATH\\Views\\master\\mapel\\v_mapel.php', 66, [...])
 2 SYSTEMPATH\View\View.php(213): include('APPPATH\\Views\\master\\mapel\\v_mapel.php')
 3 SYSTEMPATH\View\View.php(216): CodeIgniter\View\View->CodeIgniter\View\{closure}()
 4 SYSTEMPATH\Common.php(1184): CodeIgniter\View\View->render('master/mapel/v_mapel', [], true)
 5 APPPATH\Views\tampilan.php(413): view('master/mapel/v_mapel')
 6 SYSTEMPATH\View\View.php(213): include('APPPATH\\Views\\tampilan.php')
 7 SYSTEMPATH\View\View.php(216): CodeIgniter\View\View->CodeIgniter\View\{closure}()
 8 SYSTEMPATH\Common.php(1184): CodeIgniter\View\View->render('tampilan', [], true)
 9 APPPATH\Controllers\Mapel.php(28): view('tampilan', [...])
10 SYSTEMPATH\CodeIgniter.php(934): App\Controllers\Mapel->index()
11 SYSTEMPATH\CodeIgniter.php(499): CodeIgniter\CodeIgniter->runController(Object(App\Controllers\Mapel))
12 SYSTEMPATH\CodeIgniter.php(368): CodeIgniter\CodeIgniter->handleRequest(null, Object(Config\Cache), false)
13 FCPATH\index.php(67): CodeIgniter\CodeIgniter->run()
CRITICAL - 2023-03-17 21:14:17 --> Undefined property: App\Controllers\Mapel::$ModelTa
in APPPATH\Controllers\Mapel.php on line 27.
 1 APPPATH\Controllers\Mapel.php(27): CodeIgniter\Debug\Exceptions->errorHandler(8, 'Undefined property: App\\Controllers\\Mapel::$ModelTa', 'APPPATH\\Controllers\\Mapel.php', 27, [])
 2 SYSTEMPATH\CodeIgniter.php(934): App\Controllers\Mapel->index()
 3 SYSTEMPATH\CodeIgniter.php(499): CodeIgniter\CodeIgniter->runController(Object(App\Controllers\Mapel))
 4 SYSTEMPATH\CodeIgniter.php(368): CodeIgniter\CodeIgniter->handleRequest(null, Object(Config\Cache), false)
 5 FCPATH\index.php(67): CodeIgniter\CodeIgniter->run()
CRITICAL - 2023-03-17 21:14:42 --> Undefined property: App\Controllers\Mapel::$ModelTa
in APPPATH\Controllers\Mapel.php on line 29.
 1 APPPATH\Controllers\Mapel.php(29): CodeIgniter\Debug\Exceptions->errorHandler(8, 'Undefined property: App\\Controllers\\Mapel::$ModelTa', 'APPPATH\\Controllers\\Mapel.php', 29, [])
 2 SYSTEMPATH\CodeIgniter.php(934): App\Controllers\Mapel->index()
 3 SYSTEMPATH\CodeIgniter.php(499): CodeIgniter\CodeIgniter->runController(Object(App\Controllers\Mapel))
 4 SYSTEMPATH\CodeIgniter.php(368): CodeIgniter\CodeIgniter->handleRequest(null, Object(Config\Cache), false)
 5 FCPATH\index.php(67): CodeIgniter\CodeIgniter->run()
CRITICAL - 2023-03-17 21:14:45 --> Undefined property: App\Controllers\Mapel::$ModelTa
in APPPATH\Controllers\Mapel.php on line 29.
 1 APPPATH\Controllers\Mapel.php(29): CodeIgniter\Debug\Exceptions->errorHandler(8, 'Undefined property: App\\Controllers\\Mapel::$ModelTa', 'APPPATH\\Controllers\\Mapel.php', 29, [])
 2 SYSTEMPATH\CodeIgniter.php(934): App\Controllers\Mapel->index()
 3 SYSTEMPATH\CodeIgniter.php(499): CodeIgniter\CodeIgniter->runController(Object(App\Controllers\Mapel))
 4 SYSTEMPATH\CodeIgniter.php(368): CodeIgniter\CodeIgniter->handleRequest(null, Object(Config\Cache), false)
 5 FCPATH\index.php(67): CodeIgniter\CodeIgniter->run()
CRITICAL - 2023-03-17 21:16:50 --> Undefined variable: ta_aktif
in APPPATH\Views\master\mapel\v_mapel.php on line 66.
 1 APPPATH\Views\master\mapel\v_mapel.php(66): CodeIgniter\Debug\Exceptions->errorHandler(8, 'Undefined variable: ta_aktif', 'APPPATH\\Views\\master\\mapel\\v_mapel.php', 66, [...])
 2 SYSTEMPATH\View\View.php(213): include('APPPATH\\Views\\master\\mapel\\v_mapel.php')
 3 SYSTEMPATH\View\View.php(216): CodeIgniter\View\View->CodeIgniter\View\{closure}()
 4 SYSTEMPATH\Common.php(1184): CodeIgniter\View\View->render('master/mapel/v_mapel', [], true)
 5 APPPATH\Views\tampilan.php(413): view('master/mapel/v_mapel')
 6 SYSTEMPATH\View\View.php(213): include('APPPATH\\Views\\tampilan.php')
 7 SYSTEMPATH\View\View.php(216): CodeIgniter\View\View->CodeIgniter\View\{closure}()
 8 SYSTEMPATH\Common.php(1184): CodeIgniter\View\View->render('tampilan', [], true)
 9 APPPATH\Controllers\Mapel.php(31): view('tampilan', [...])
10 SYSTEMPATH\CodeIgniter.php(934): App\Controllers\Mapel->index()
11 SYSTEMPATH\CodeIgniter.php(499): CodeIgniter\CodeIgniter->runController(Object(App\Controllers\Mapel))
12 SYSTEMPATH\CodeIgniter.php(368): CodeIgniter\CodeIgniter->handleRequest(null, Object(Config\Cache), false)
13 FCPATH\index.php(67): CodeIgniter\CodeIgniter->run()
CRITICAL - 2023-03-17 21:25:25 --> syntax error, unexpected '}', expecting ';' or ','
in APPPATH\Views\kelas\v_kelas.php on line 133.
 1 SYSTEMPATH\View\View.php(216): CodeIgniter\View\View->CodeIgniter\View\{closure}()
 2 SYSTEMPATH\Common.php(1184): CodeIgniter\View\View->render('kelas/v_kelas', [], true)
 3 APPPATH\Views\tampilan.php(413): view('kelas/v_kelas')
 4 SYSTEMPATH\View\View.php(213): include('APPPATH\\Views\\tampilan.php')
 5 SYSTEMPATH\View\View.php(216): CodeIgniter\View\View->CodeIgniter\View\{closure}()
 6 SYSTEMPATH\Common.php(1184): CodeIgniter\View\View->render('tampilan', [], true)
 7 APPPATH\Controllers\Kelas.php(29): view('tampilan', [...])
 8 SYSTEMPATH\CodeIgniter.php(934): App\Controllers\Kelas->index()
 9 SYSTEMPATH\CodeIgniter.php(499): CodeIgniter\CodeIgniter->runController(Object(App\Controllers\Kelas))
10 SYSTEMPATH\CodeIgniter.php(368): CodeIgniter\CodeIgniter->handleRequest(null, Object(Config\Cache), false)
11 FCPATH\index.php(67): CodeIgniter\CodeIgniter->run()
CRITICAL - 2023-03-17 21:25:38 --> syntax error, unexpected '}', expecting ';' or ','
in APPPATH\Views\kelas\v_kelas.php on line 133.
 1 SYSTEMPATH\View\View.php(216): CodeIgniter\View\View->CodeIgniter\View\{closure}()
 2 SYSTEMPATH\Common.php(1184): CodeIgniter\View\View->render('kelas/v_kelas', [], true)
 3 APPPATH\Views\tampilan.php(413): view('kelas/v_kelas')
 4 SYSTEMPATH\View\View.php(213): include('APPPATH\\Views\\tampilan.php')
 5 SYSTEMPATH\View\View.php(216): CodeIgniter\View\View->CodeIgniter\View\{closure}()
 6 SYSTEMPATH\Common.php(1184): CodeIgniter\View\View->render('tampilan', [], true)
 7 APPPATH\Controllers\Kelas.php(29): view('tampilan', [...])
 8 SYSTEMPATH\CodeIgniter.php(934): App\Controllers\Kelas->index()
 9 SYSTEMPATH\CodeIgniter.php(499): CodeIgniter\CodeIgniter->runController(Object(App\Controllers\Kelas))
10 SYSTEMPATH\CodeIgniter.php(368): CodeIgniter\CodeIgniter->handleRequest(null, Object(Config\Cache), false)
11 FCPATH\index.php(67): CodeIgniter\CodeIgniter->run()
CRITICAL - 2023-03-17 21:25:52 --> Undefined variable: I
in APPPATH\Views\kelas\v_kelas.php on line 127.
 1 APPPATH\Views\kelas\v_kelas.php(127): CodeIgniter\Debug\Exceptions->errorHandler(8, 'Undefined variable: I', 'APPPATH\\Views\\kelas\\v_kelas.php', 127, [...])
 2 SYSTEMPATH\View\View.php(213): include('APPPATH\\Views\\kelas\\v_kelas.php')
 3 SYSTEMPATH\View\View.php(216): CodeIgniter\View\View->CodeIgniter\View\{closure}()
 4 SYSTEMPATH\Common.php(1184): CodeIgniter\View\View->render('kelas/v_kelas', [], true)
 5 APPPATH\Views\tampilan.php(413): view('kelas/v_kelas')
 6 SYSTEMPATH\View\View.php(213): include('APPPATH\\Views\\tampilan.php')
 7 SYSTEMPATH\View\View.php(216): CodeIgniter\View\View->CodeIgniter\View\{closure}()
 8 SYSTEMPATH\Common.php(1184): CodeIgniter\View\View->render('tampilan', [], true)
 9 APPPATH\Controllers\Kelas.php(29): view('tampilan', [...])
10 SYSTEMPATH\CodeIgniter.php(934): App\Controllers\Kelas->index()
11 SYSTEMPATH\CodeIgniter.php(499): CodeIgniter\CodeIgniter->runController(Object(App\Controllers\Kelas))
12 SYSTEMPATH\CodeIgniter.php(368): CodeIgniter\CodeIgniter->handleRequest(null, Object(Config\Cache), false)
13 FCPATH\index.php(67): CodeIgniter\CodeIgniter->run()
