CRITICAL - 2023-02-20 00:30:44 --> Undefined variable: smt
in APPPATH\Views\laporan\v_printl.php on line 75.
 1 APPPATH\Views\laporan\v_printl.php(75): CodeIgniter\Debug\Exceptions->errorHandler(8, 'Undefined variable: smt', 'APPPATH\\Views\\laporan\\v_printl.php', 75, [...])
 2 SYSTEMPATH\View\View.php(213): include('APPPATH\\Views\\laporan\\v_printl.php')
 3 SYSTEMPATH\View\View.php(216): CodeIgniter\View\View->CodeIgniter\View\{closure}()
 4 SYSTEMPATH\Common.php(1135): CodeIgniter\View\View->render('laporan/v_printl', [], true)
 5 APPPATH\Views\tampilan.php(406): view('laporan/v_printl')
 6 SYSTEMPATH\View\View.php(213): include('APPPATH\\Views\\tampilan.php')
 7 SYSTEMPATH\View\View.php(216): CodeIgniter\View\View->CodeIgniter\View\{closure}()
 8 SYSTEMPATH\Common.php(1135): CodeIgniter\View\View->render('tampilan', [], true)
 9 APPPATH\Controllers\Laporan.php(83): view('tampilan', [...])
10 SYSTEMPATH\CodeIgniter.php(925): App\Controllers\Laporan->Print('1', '2022', '2023', 'kognitif', 'Kelas A')
11 SYSTEMPATH\CodeIgniter.php(480): CodeIgniter\CodeIgniter->runController(Object(App\Controllers\Laporan))
12 SYSTEMPATH\CodeIgniter.php(349): CodeIgniter\CodeIgniter->handleRequest(null, Object(Config\Cache), false)
13 FCPATH\index.php(67): CodeIgniter\CodeIgniter->run()
CRITICAL - 2023-02-20 00:31:12 --> Undefined variable: smt
in APPPATH\Views\laporan\v_printl.php on line 75.
 1 APPPATH\Views\laporan\v_printl.php(75): CodeIgniter\Debug\Exceptions->errorHandler(8, 'Undefined variable: smt', 'APPPATH\\Views\\laporan\\v_printl.php', 75, [...])
 2 SYSTEMPATH\View\View.php(213): include('APPPATH\\Views\\laporan\\v_printl.php')
 3 SYSTEMPATH\View\View.php(216): CodeIgniter\View\View->CodeIgniter\View\{closure}()
 4 SYSTEMPATH\Common.php(1135): CodeIgniter\View\View->render('laporan/v_printl', [], true)
 5 APPPATH\Views\tampilan.php(406): view('laporan/v_printl')
 6 SYSTEMPATH\View\View.php(213): include('APPPATH\\Views\\tampilan.php')
 7 SYSTEMPATH\View\View.php(216): CodeIgniter\View\View->CodeIgniter\View\{closure}()
 8 SYSTEMPATH\Common.php(1135): CodeIgniter\View\View->render('tampilan', [], true)
 9 APPPATH\Controllers\Laporan.php(83): view('tampilan', [...])
10 SYSTEMPATH\CodeIgniter.php(925): App\Controllers\Laporan->Print('1', '2022', '2023', 'kognitif', 'Kelas A')
11 SYSTEMPATH\CodeIgniter.php(480): CodeIgniter\CodeIgniter->runController(Object(App\Controllers\Laporan))
12 SYSTEMPATH\CodeIgniter.php(349): CodeIgniter\CodeIgniter->handleRequest(null, Object(Config\Cache), false)
13 FCPATH\index.php(67): CodeIgniter\CodeIgniter->run()
CRITICAL - 2023-02-20 00:36:23 --> Undefined variable: laporan
in APPPATH\Views\laporan\v_printl.php on line 80.
 1 APPPATH\Views\laporan\v_printl.php(80): CodeIgniter\Debug\Exceptions->errorHandler(8, 'Undefined variable: laporan', 'APPPATH\\Views\\laporan\\v_printl.php', 80, [...])
 2 SYSTEMPATH\View\View.php(213): include('APPPATH\\Views\\laporan\\v_printl.php')
 3 SYSTEMPATH\View\View.php(216): CodeIgniter\View\View->CodeIgniter\View\{closure}()
 4 SYSTEMPATH\Common.php(1135): CodeIgniter\View\View->render('laporan/v_printl', [], true)
 5 APPPATH\Views\tampilan.php(406): view('laporan/v_printl')
 6 SYSTEMPATH\View\View.php(213): include('APPPATH\\Views\\tampilan.php')
 7 SYSTEMPATH\View\View.php(216): CodeIgniter\View\View->CodeIgniter\View\{closure}()
 8 SYSTEMPATH\Common.php(1135): CodeIgniter\View\View->render('tampilan', [], true)
 9 APPPATH\Controllers\Laporan.php(83): view('tampilan', [...])
10 SYSTEMPATH\CodeIgniter.php(925): App\Controllers\Laporan->Print('1', '2022', '2023', 'kognitif', 'Kelas A')
11 SYSTEMPATH\CodeIgniter.php(480): CodeIgniter\CodeIgniter->runController(Object(App\Controllers\Laporan))
12 SYSTEMPATH\CodeIgniter.php(349): CodeIgniter\CodeIgniter->handleRequest(null, Object(Config\Cache), false)
13 FCPATH\index.php(67): CodeIgniter\CodeIgniter->run()
CRITICAL - 2023-02-20 00:36:45 --> Undefined variable: mapel
in APPPATH\Views\laporan\v_printl.php on line 75.
 1 APPPATH\Views\laporan\v_printl.php(75): CodeIgniter\Debug\Exceptions->errorHandler(8, 'Undefined variable: mapel', 'APPPATH\\Views\\laporan\\v_printl.php', 75, [...])
 2 SYSTEMPATH\View\View.php(213): include('APPPATH\\Views\\laporan\\v_printl.php')
 3 SYSTEMPATH\View\View.php(216): CodeIgniter\View\View->CodeIgniter\View\{closure}()
 4 SYSTEMPATH\Common.php(1135): CodeIgniter\View\View->render('laporan/v_printl', [], true)
 5 APPPATH\Views\tampilan.php(406): view('laporan/v_printl')
 6 SYSTEMPATH\View\View.php(213): include('APPPATH\\Views\\tampilan.php')
 7 SYSTEMPATH\View\View.php(216): CodeIgniter\View\View->CodeIgniter\View\{closure}()
 8 SYSTEMPATH\Common.php(1135): CodeIgniter\View\View->render('tampilan', [], true)
 9 APPPATH\Controllers\Laporan.php(83): view('tampilan', [...])
10 SYSTEMPATH\CodeIgniter.php(925): App\Controllers\Laporan->Print('1', '2022', '2023', 'kognitif', 'Kelas A')
11 SYSTEMPATH\CodeIgniter.php(480): CodeIgniter\CodeIgniter->runController(Object(App\Controllers\Laporan))
12 SYSTEMPATH\CodeIgniter.php(349): CodeIgniter\CodeIgniter->handleRequest(null, Object(Config\Cache), false)
13 FCPATH\index.php(67): CodeIgniter\CodeIgniter->run()
CRITICAL - 2023-02-20 00:36:56 --> Undefined variable: mapel
in APPPATH\Views\laporan\v_printl.php on line 75.
 1 APPPATH\Views\laporan\v_printl.php(75): CodeIgniter\Debug\Exceptions->errorHandler(8, 'Undefined variable: mapel', 'APPPATH\\Views\\laporan\\v_printl.php', 75, [...])
 2 SYSTEMPATH\View\View.php(213): include('APPPATH\\Views\\laporan\\v_printl.php')
 3 SYSTEMPATH\View\View.php(216): CodeIgniter\View\View->CodeIgniter\View\{closure}()
 4 SYSTEMPATH\Common.php(1135): CodeIgniter\View\View->render('laporan/v_printl', [], true)
 5 APPPATH\Views\tampilan.php(406): view('laporan/v_printl')
 6 SYSTEMPATH\View\View.php(213): include('APPPATH\\Views\\tampilan.php')
 7 SYSTEMPATH\View\View.php(216): CodeIgniter\View\View->CodeIgniter\View\{closure}()
 8 SYSTEMPATH\Common.php(1135): CodeIgniter\View\View->render('tampilan', [], true)
 9 APPPATH\Controllers\Laporan.php(83): view('tampilan', [...])
10 SYSTEMPATH\CodeIgniter.php(925): App\Controllers\Laporan->Print('1', '2022', '2023', 'kognitif', 'Kelas A')
11 SYSTEMPATH\CodeIgniter.php(480): CodeIgniter\CodeIgniter->runController(Object(App\Controllers\Laporan))
12 SYSTEMPATH\CodeIgniter.php(349): CodeIgniter\CodeIgniter->handleRequest(null, Object(Config\Cache), false)
13 FCPATH\index.php(67): CodeIgniter\CodeIgniter->run()
CRITICAL - 2023-02-20 00:37:22 --> Undefined variable: mapel
in APPPATH\Controllers\Laporan.php on line 77.
 1 APPPATH\Controllers\Laporan.php(77): CodeIgniter\Debug\Exceptions->errorHandler(8, 'Undefined variable: mapel', 'APPPATH\\Controllers\\Laporan.php', 77, [])
 2 SYSTEMPATH\CodeIgniter.php(925): App\Controllers\Laporan->Print('1', '2022', '2023', 'kognitif', 'Kelas A')
 3 SYSTEMPATH\CodeIgniter.php(480): CodeIgniter\CodeIgniter->runController(Object(App\Controllers\Laporan))
 4 SYSTEMPATH\CodeIgniter.php(349): CodeIgniter\CodeIgniter->handleRequest(null, Object(Config\Cache), false)
 5 FCPATH\index.php(67): CodeIgniter\CodeIgniter->run()
CRITICAL - 2023-02-20 00:38:45 --> Undefined variable: ta
in APPPATH\Views\laporan\v_printl.php on line 75.
 1 APPPATH\Views\laporan\v_printl.php(75): CodeIgniter\Debug\Exceptions->errorHandler(8, 'Undefined variable: ta', 'APPPATH\\Views\\laporan\\v_printl.php', 75, [...])
 2 SYSTEMPATH\View\View.php(213): include('APPPATH\\Views\\laporan\\v_printl.php')
 3 SYSTEMPATH\View\View.php(216): CodeIgniter\View\View->CodeIgniter\View\{closure}()
 4 SYSTEMPATH\Common.php(1135): CodeIgniter\View\View->render('laporan/v_printl', [], true)
 5 APPPATH\Views\tampilan.php(406): view('laporan/v_printl')
 6 SYSTEMPATH\View\View.php(213): include('APPPATH\\Views\\tampilan.php')
 7 SYSTEMPATH\View\View.php(216): CodeIgniter\View\View->CodeIgniter\View\{closure}()
 8 SYSTEMPATH\Common.php(1135): CodeIgniter\View\View->render('tampilan', [], true)
 9 APPPATH\Controllers\Laporan.php(83): view('tampilan', [...])
10 SYSTEMPATH\CodeIgniter.php(925): App\Controllers\Laporan->Print('1', '2022', '2023', 'kognitif', 'Kelas A')
11 SYSTEMPATH\CodeIgniter.php(480): CodeIgniter\CodeIgniter->runController(Object(App\Controllers\Laporan))
12 SYSTEMPATH\CodeIgniter.php(349): CodeIgniter\CodeIgniter->handleRequest(null, Object(Config\Cache), false)
13 FCPATH\index.php(67): CodeIgniter\CodeIgniter->run()
CRITICAL - 2023-02-20 00:43:16 --> Undefined variable: laporan
in APPPATH\Views\laporan\v_printl.php on line 25.
 1 APPPATH\Views\laporan\v_printl.php(25): CodeIgniter\Debug\Exceptions->errorHandler(8, 'Undefined variable: laporan', 'APPPATH\\Views\\laporan\\v_printl.php', 25, [...])
 2 SYSTEMPATH\View\View.php(213): include('APPPATH\\Views\\laporan\\v_printl.php')
 3 SYSTEMPATH\View\View.php(216): CodeIgniter\View\View->CodeIgniter\View\{closure}()
 4 SYSTEMPATH\Common.php(1135): CodeIgniter\View\View->render('laporan/v_printl', [], true)
 5 APPPATH\Views\tampilan.php(406): view('laporan/v_printl')
 6 SYSTEMPATH\View\View.php(213): include('APPPATH\\Views\\tampilan.php')
 7 SYSTEMPATH\View\View.php(216): CodeIgniter\View\View->CodeIgniter\View\{closure}()
 8 SYSTEMPATH\Common.php(1135): CodeIgniter\View\View->render('tampilan', [], true)
 9 APPPATH\Controllers\Laporan.php(83): view('tampilan', [...])
10 SYSTEMPATH\CodeIgniter.php(925): App\Controllers\Laporan->Print('1', '2022', '2023', 'kognitif', 'Kelas A')
11 SYSTEMPATH\CodeIgniter.php(480): CodeIgniter\CodeIgniter->runController(Object(App\Controllers\Laporan))
12 SYSTEMPATH\CodeIgniter.php(349): CodeIgniter\CodeIgniter->handleRequest(null, Object(Config\Cache), false)
13 FCPATH\index.php(67): CodeIgniter\CodeIgniter->run()
CRITICAL - 2023-02-20 00:48:48 --> Undefined variable: ta
in APPPATH\Controllers\Laporan.php on line 76.
 1 APPPATH\Controllers\Laporan.php(76): CodeIgniter\Debug\Exceptions->errorHandler(8, 'Undefined variable: ta', 'APPPATH\\Controllers\\Laporan.php', 76, [...])
 2 SYSTEMPATH\CodeIgniter.php(925): App\Controllers\Laporan->Print('1', 'kognitif', 'Kelas A')
 3 SYSTEMPATH\CodeIgniter.php(480): CodeIgniter\CodeIgniter->runController(Object(App\Controllers\Laporan))
 4 SYSTEMPATH\CodeIgniter.php(349): CodeIgniter\CodeIgniter->handleRequest(null, Object(Config\Cache), false)
 5 FCPATH\index.php(67): CodeIgniter\CodeIgniter->run()
CRITICAL - 2023-02-20 00:49:19 --> Undefined variable: ta
in APPPATH\Views\laporan\v_printl.php on line 21.
 1 APPPATH\Views\laporan\v_printl.php(21): CodeIgniter\Debug\Exceptions->errorHandler(8, 'Undefined variable: ta', 'APPPATH\\Views\\laporan\\v_printl.php', 21, [...])
 2 SYSTEMPATH\View\View.php(213): include('APPPATH\\Views\\laporan\\v_printl.php')
 3 SYSTEMPATH\View\View.php(216): CodeIgniter\View\View->CodeIgniter\View\{closure}()
 4 SYSTEMPATH\Common.php(1135): CodeIgniter\View\View->render('laporan/v_printl', [], true)
 5 APPPATH\Views\tampilan.php(406): view('laporan/v_printl')
 6 SYSTEMPATH\View\View.php(213): include('APPPATH\\Views\\tampilan.php')
 7 SYSTEMPATH\View\View.php(216): CodeIgniter\View\View->CodeIgniter\View\{closure}()
 8 SYSTEMPATH\Common.php(1135): CodeIgniter\View\View->render('tampilan', [], true)
 9 APPPATH\Controllers\Laporan.php(83): view('tampilan', [...])
10 SYSTEMPATH\CodeIgniter.php(925): App\Controllers\Laporan->Print('1', 'kognitif', 'Kelas A')
11 SYSTEMPATH\CodeIgniter.php(480): CodeIgniter\CodeIgniter->runController(Object(App\Controllers\Laporan))
12 SYSTEMPATH\CodeIgniter.php(349): CodeIgniter\CodeIgniter->handleRequest(null, Object(Config\Cache), false)
13 FCPATH\index.php(67): CodeIgniter\CodeIgniter->run()
CRITICAL - 2023-02-20 00:49:53 --> Undefined variable: ta
in APPPATH\Views\laporan\v_printl.php on line 21.
 1 APPPATH\Views\laporan\v_printl.php(21): CodeIgniter\Debug\Exceptions->errorHandler(8, 'Undefined variable: ta', 'APPPATH\\Views\\laporan\\v_printl.php', 21, [...])
 2 SYSTEMPATH\View\View.php(213): include('APPPATH\\Views\\laporan\\v_printl.php')
 3 SYSTEMPATH\View\View.php(216): CodeIgniter\View\View->CodeIgniter\View\{closure}()
 4 SYSTEMPATH\Common.php(1135): CodeIgniter\View\View->render('laporan/v_printl', [], true)
 5 APPPATH\Views\tampilan.php(406): view('laporan/v_printl')
 6 SYSTEMPATH\View\View.php(213): include('APPPATH\\Views\\tampilan.php')
 7 SYSTEMPATH\View\View.php(216): CodeIgniter\View\View->CodeIgniter\View\{closure}()
 8 SYSTEMPATH\Common.php(1135): CodeIgniter\View\View->render('tampilan', [], true)
 9 APPPATH\Controllers\Laporan.php(83): view('tampilan', [...])
10 SYSTEMPATH\CodeIgniter.php(925): App\Controllers\Laporan->Print('1', 'kognitif', 'Kelas A')
11 SYSTEMPATH\CodeIgniter.php(480): CodeIgniter\CodeIgniter->runController(Object(App\Controllers\Laporan))
12 SYSTEMPATH\CodeIgniter.php(349): CodeIgniter\CodeIgniter->handleRequest(null, Object(Config\Cache), false)
13 FCPATH\index.php(67): CodeIgniter\CodeIgniter->run()
CRITICAL - 2023-02-20 00:50:24 --> Undefined variable: ta
in APPPATH\Views\laporan\v_tabel_laporan.php on line 21.
 1 APPPATH\Views\laporan\v_tabel_laporan.php(21): CodeIgniter\Debug\Exceptions->errorHandler(8, 'Undefined variable: ta', 'APPPATH\\Views\\laporan\\v_tabel_laporan.php', 21, [...])
 2 SYSTEMPATH\View\View.php(213): include('APPPATH\\Views\\laporan\\v_tabel_laporan.php')
 3 SYSTEMPATH\View\View.php(216): CodeIgniter\View\View->CodeIgniter\View\{closure}()
 4 SYSTEMPATH\Common.php(1135): CodeIgniter\View\View->render('laporan/v_tabel_laporan', [], true)
 5 APPPATH\Controllers\Laporan.php(62): view('laporan/v_tabel_laporan', [...])
 6 SYSTEMPATH\CodeIgniter.php(925): App\Controllers\Laporan->Viewlaporan()
 7 SYSTEMPATH\CodeIgniter.php(480): CodeIgniter\CodeIgniter->runController(Object(App\Controllers\Laporan))
 8 SYSTEMPATH\CodeIgniter.php(349): CodeIgniter\CodeIgniter->handleRequest(null, Object(Config\Cache), false)
 9 FCPATH\index.php(67): CodeIgniter\CodeIgniter->run()
CRITICAL - 2023-02-20 00:50:25 --> Undefined variable: ta
in APPPATH\Views\laporan\v_tabel_laporan.php on line 21.
 1 APPPATH\Views\laporan\v_tabel_laporan.php(21): CodeIgniter\Debug\Exceptions->errorHandler(8, 'Undefined variable: ta', 'APPPATH\\Views\\laporan\\v_tabel_laporan.php', 21, [...])
 2 SYSTEMPATH\View\View.php(213): include('APPPATH\\Views\\laporan\\v_tabel_laporan.php')
 3 SYSTEMPATH\View\View.php(216): CodeIgniter\View\View->CodeIgniter\View\{closure}()
 4 SYSTEMPATH\Common.php(1135): CodeIgniter\View\View->render('laporan/v_tabel_laporan', [], true)
 5 APPPATH\Controllers\Laporan.php(62): view('laporan/v_tabel_laporan', [...])
 6 SYSTEMPATH\CodeIgniter.php(925): App\Controllers\Laporan->Viewlaporan()
 7 SYSTEMPATH\CodeIgniter.php(480): CodeIgniter\CodeIgniter->runController(Object(App\Controllers\Laporan))
 8 SYSTEMPATH\CodeIgniter.php(349): CodeIgniter\CodeIgniter->handleRequest(null, Object(Config\Cache), false)
 9 FCPATH\index.php(67): CodeIgniter\CodeIgniter->run()
CRITICAL - 2023-02-20 00:50:25 --> Undefined variable: ta
in APPPATH\Views\laporan\v_tabel_laporan.php on line 21.
 1 APPPATH\Views\laporan\v_tabel_laporan.php(21): CodeIgniter\Debug\Exceptions->errorHandler(8, 'Undefined variable: ta', 'APPPATH\\Views\\laporan\\v_tabel_laporan.php', 21, [...])
 2 SYSTEMPATH\View\View.php(213): include('APPPATH\\Views\\laporan\\v_tabel_laporan.php')
 3 SYSTEMPATH\View\View.php(216): CodeIgniter\View\View->CodeIgniter\View\{closure}()
 4 SYSTEMPATH\Common.php(1135): CodeIgniter\View\View->render('laporan/v_tabel_laporan', [], true)
 5 APPPATH\Controllers\Laporan.php(62): view('laporan/v_tabel_laporan', [...])
 6 SYSTEMPATH\CodeIgniter.php(925): App\Controllers\Laporan->Viewlaporan()
 7 SYSTEMPATH\CodeIgniter.php(480): CodeIgniter\CodeIgniter->runController(Object(App\Controllers\Laporan))
 8 SYSTEMPATH\CodeIgniter.php(349): CodeIgniter\CodeIgniter->handleRequest(null, Object(Config\Cache), false)
 9 FCPATH\index.php(67): CodeIgniter\CodeIgniter->run()
CRITICAL - 2023-02-20 00:50:25 --> Undefined variable: ta
in APPPATH\Views\laporan\v_tabel_laporan.php on line 21.
 1 APPPATH\Views\laporan\v_tabel_laporan.php(21): CodeIgniter\Debug\Exceptions->errorHandler(8, 'Undefined variable: ta', 'APPPATH\\Views\\laporan\\v_tabel_laporan.php', 21, [...])
 2 SYSTEMPATH\View\View.php(213): include('APPPATH\\Views\\laporan\\v_tabel_laporan.php')
 3 SYSTEMPATH\View\View.php(216): CodeIgniter\View\View->CodeIgniter\View\{closure}()
 4 SYSTEMPATH\Common.php(1135): CodeIgniter\View\View->render('laporan/v_tabel_laporan', [], true)
 5 APPPATH\Controllers\Laporan.php(62): view('laporan/v_tabel_laporan', [...])
 6 SYSTEMPATH\CodeIgniter.php(925): App\Controllers\Laporan->Viewlaporan()
 7 SYSTEMPATH\CodeIgniter.php(480): CodeIgniter\CodeIgniter->runController(Object(App\Controllers\Laporan))
 8 SYSTEMPATH\CodeIgniter.php(349): CodeIgniter\CodeIgniter->handleRequest(null, Object(Config\Cache), false)
 9 FCPATH\index.php(67): CodeIgniter\CodeIgniter->run()
CRITICAL - 2023-02-20 00:50:26 --> Undefined variable: ta
in APPPATH\Views\laporan\v_tabel_laporan.php on line 21.
 1 APPPATH\Views\laporan\v_tabel_laporan.php(21): CodeIgniter\Debug\Exceptions->errorHandler(8, 'Undefined variable: ta', 'APPPATH\\Views\\laporan\\v_tabel_laporan.php', 21, [...])
 2 SYSTEMPATH\View\View.php(213): include('APPPATH\\Views\\laporan\\v_tabel_laporan.php')
 3 SYSTEMPATH\View\View.php(216): CodeIgniter\View\View->CodeIgniter\View\{closure}()
 4 SYSTEMPATH\Common.php(1135): CodeIgniter\View\View->render('laporan/v_tabel_laporan', [], true)
 5 APPPATH\Controllers\Laporan.php(62): view('laporan/v_tabel_laporan', [...])
 6 SYSTEMPATH\CodeIgniter.php(925): App\Controllers\Laporan->Viewlaporan()
 7 SYSTEMPATH\CodeIgniter.php(480): CodeIgniter\CodeIgniter->runController(Object(App\Controllers\Laporan))
 8 SYSTEMPATH\CodeIgniter.php(349): CodeIgniter\CodeIgniter->handleRequest(null, Object(Config\Cache), false)
 9 FCPATH\index.php(67): CodeIgniter\CodeIgniter->run()
CRITICAL - 2023-02-20 00:50:26 --> Undefined variable: ta
in APPPATH\Views\laporan\v_tabel_laporan.php on line 21.
 1 APPPATH\Views\laporan\v_tabel_laporan.php(21): CodeIgniter\Debug\Exceptions->errorHandler(8, 'Undefined variable: ta', 'APPPATH\\Views\\laporan\\v_tabel_laporan.php', 21, [...])
 2 SYSTEMPATH\View\View.php(213): include('APPPATH\\Views\\laporan\\v_tabel_laporan.php')
 3 SYSTEMPATH\View\View.php(216): CodeIgniter\View\View->CodeIgniter\View\{closure}()
 4 SYSTEMPATH\Common.php(1135): CodeIgniter\View\View->render('laporan/v_tabel_laporan', [], true)
 5 APPPATH\Controllers\Laporan.php(62): view('laporan/v_tabel_laporan', [...])
 6 SYSTEMPATH\CodeIgniter.php(925): App\Controllers\Laporan->Viewlaporan()
 7 SYSTEMPATH\CodeIgniter.php(480): CodeIgniter\CodeIgniter->runController(Object(App\Controllers\Laporan))
 8 SYSTEMPATH\CodeIgniter.php(349): CodeIgniter\CodeIgniter->handleRequest(null, Object(Config\Cache), false)
 9 FCPATH\index.php(67): CodeIgniter\CodeIgniter->run()
CRITICAL - 2023-02-20 00:50:26 --> Undefined variable: ta
in APPPATH\Views\laporan\v_tabel_laporan.php on line 21.
 1 APPPATH\Views\laporan\v_tabel_laporan.php(21): CodeIgniter\Debug\Exceptions->errorHandler(8, 'Undefined variable: ta', 'APPPATH\\Views\\laporan\\v_tabel_laporan.php', 21, [...])
 2 SYSTEMPATH\View\View.php(213): include('APPPATH\\Views\\laporan\\v_tabel_laporan.php')
 3 SYSTEMPATH\View\View.php(216): CodeIgniter\View\View->CodeIgniter\View\{closure}()
 4 SYSTEMPATH\Common.php(1135): CodeIgniter\View\View->render('laporan/v_tabel_laporan', [], true)
 5 APPPATH\Controllers\Laporan.php(62): view('laporan/v_tabel_laporan', [...])
 6 SYSTEMPATH\CodeIgniter.php(925): App\Controllers\Laporan->Viewlaporan()
 7 SYSTEMPATH\CodeIgniter.php(480): CodeIgniter\CodeIgniter->runController(Object(App\Controllers\Laporan))
 8 SYSTEMPATH\CodeIgniter.php(349): CodeIgniter\CodeIgniter->handleRequest(null, Object(Config\Cache), false)
 9 FCPATH\index.php(67): CodeIgniter\CodeIgniter->run()
CRITICAL - 2023-02-20 00:50:56 --> Undefined variable: ta
in APPPATH\Views\laporan\v_tabel_laporan.php on line 21.
 1 APPPATH\Views\laporan\v_tabel_laporan.php(21): CodeIgniter\Debug\Exceptions->errorHandler(8, 'Undefined variable: ta', 'APPPATH\\Views\\laporan\\v_tabel_laporan.php', 21, [...])
 2 SYSTEMPATH\View\View.php(213): include('APPPATH\\Views\\laporan\\v_tabel_laporan.php')
 3 SYSTEMPATH\View\View.php(216): CodeIgniter\View\View->CodeIgniter\View\{closure}()
 4 SYSTEMPATH\Common.php(1135): CodeIgniter\View\View->render('laporan/v_tabel_laporan', [], true)
 5 APPPATH\Controllers\Laporan.php(62): view('laporan/v_tabel_laporan', [...])
 6 SYSTEMPATH\CodeIgniter.php(925): App\Controllers\Laporan->Viewlaporan()
 7 SYSTEMPATH\CodeIgniter.php(480): CodeIgniter\CodeIgniter->runController(Object(App\Controllers\Laporan))
 8 SYSTEMPATH\CodeIgniter.php(349): CodeIgniter\CodeIgniter->handleRequest(null, Object(Config\Cache), false)
 9 FCPATH\index.php(67): CodeIgniter\CodeIgniter->run()
CRITICAL - 2023-02-20 00:50:57 --> Undefined variable: ta
in APPPATH\Views\laporan\v_tabel_laporan.php on line 21.
 1 APPPATH\Views\laporan\v_tabel_laporan.php(21): CodeIgniter\Debug\Exceptions->errorHandler(8, 'Undefined variable: ta', 'APPPATH\\Views\\laporan\\v_tabel_laporan.php', 21, [...])
 2 SYSTEMPATH\View\View.php(213): include('APPPATH\\Views\\laporan\\v_tabel_laporan.php')
 3 SYSTEMPATH\View\View.php(216): CodeIgniter\View\View->CodeIgniter\View\{closure}()
 4 SYSTEMPATH\Common.php(1135): CodeIgniter\View\View->render('laporan/v_tabel_laporan', [], true)
 5 APPPATH\Controllers\Laporan.php(62): view('laporan/v_tabel_laporan', [...])
 6 SYSTEMPATH\CodeIgniter.php(925): App\Controllers\Laporan->Viewlaporan()
 7 SYSTEMPATH\CodeIgniter.php(480): CodeIgniter\CodeIgniter->runController(Object(App\Controllers\Laporan))
 8 SYSTEMPATH\CodeIgniter.php(349): CodeIgniter\CodeIgniter->handleRequest(null, Object(Config\Cache), false)
 9 FCPATH\index.php(67): CodeIgniter\CodeIgniter->run()
CRITICAL - 2023-02-20 00:50:57 --> Undefined variable: ta
in APPPATH\Views\laporan\v_tabel_laporan.php on line 21.
 1 APPPATH\Views\laporan\v_tabel_laporan.php(21): CodeIgniter\Debug\Exceptions->errorHandler(8, 'Undefined variable: ta', 'APPPATH\\Views\\laporan\\v_tabel_laporan.php', 21, [...])
 2 SYSTEMPATH\View\View.php(213): include('APPPATH\\Views\\laporan\\v_tabel_laporan.php')
 3 SYSTEMPATH\View\View.php(216): CodeIgniter\View\View->CodeIgniter\View\{closure}()
 4 SYSTEMPATH\Common.php(1135): CodeIgniter\View\View->render('laporan/v_tabel_laporan', [], true)
 5 APPPATH\Controllers\Laporan.php(62): view('laporan/v_tabel_laporan', [...])
 6 SYSTEMPATH\CodeIgniter.php(925): App\Controllers\Laporan->Viewlaporan()
 7 SYSTEMPATH\CodeIgniter.php(480): CodeIgniter\CodeIgniter->runController(Object(App\Controllers\Laporan))
 8 SYSTEMPATH\CodeIgniter.php(349): CodeIgniter\CodeIgniter->handleRequest(null, Object(Config\Cache), false)
 9 FCPATH\index.php(67): CodeIgniter\CodeIgniter->run()
CRITICAL - 2023-02-20 00:50:57 --> Undefined variable: ta
in APPPATH\Views\laporan\v_tabel_laporan.php on line 21.
 1 APPPATH\Views\laporan\v_tabel_laporan.php(21): CodeIgniter\Debug\Exceptions->errorHandler(8, 'Undefined variable: ta', 'APPPATH\\Views\\laporan\\v_tabel_laporan.php', 21, [...])
 2 SYSTEMPATH\View\View.php(213): include('APPPATH\\Views\\laporan\\v_tabel_laporan.php')
 3 SYSTEMPATH\View\View.php(216): CodeIgniter\View\View->CodeIgniter\View\{closure}()
 4 SYSTEMPATH\Common.php(1135): CodeIgniter\View\View->render('laporan/v_tabel_laporan', [], true)
 5 APPPATH\Controllers\Laporan.php(62): view('laporan/v_tabel_laporan', [...])
 6 SYSTEMPATH\CodeIgniter.php(925): App\Controllers\Laporan->Viewlaporan()
 7 SYSTEMPATH\CodeIgniter.php(480): CodeIgniter\CodeIgniter->runController(Object(App\Controllers\Laporan))
 8 SYSTEMPATH\CodeIgniter.php(349): CodeIgniter\CodeIgniter->handleRequest(null, Object(Config\Cache), false)
 9 FCPATH\index.php(67): CodeIgniter\CodeIgniter->run()
CRITICAL - 2023-02-20 00:50:58 --> Undefined variable: ta
in APPPATH\Views\laporan\v_tabel_laporan.php on line 21.
 1 APPPATH\Views\laporan\v_tabel_laporan.php(21): CodeIgniter\Debug\Exceptions->errorHandler(8, 'Undefined variable: ta', 'APPPATH\\Views\\laporan\\v_tabel_laporan.php', 21, [...])
 2 SYSTEMPATH\View\View.php(213): include('APPPATH\\Views\\laporan\\v_tabel_laporan.php')
 3 SYSTEMPATH\View\View.php(216): CodeIgniter\View\View->CodeIgniter\View\{closure}()
 4 SYSTEMPATH\Common.php(1135): CodeIgniter\View\View->render('laporan/v_tabel_laporan', [], true)
 5 APPPATH\Controllers\Laporan.php(62): view('laporan/v_tabel_laporan', [...])
 6 SYSTEMPATH\CodeIgniter.php(925): App\Controllers\Laporan->Viewlaporan()
 7 SYSTEMPATH\CodeIgniter.php(480): CodeIgniter\CodeIgniter->runController(Object(App\Controllers\Laporan))
 8 SYSTEMPATH\CodeIgniter.php(349): CodeIgniter\CodeIgniter->handleRequest(null, Object(Config\Cache), false)
 9 FCPATH\index.php(67): CodeIgniter\CodeIgniter->run()
CRITICAL - 2023-02-20 00:51:02 --> Undefined variable: ta
in APPPATH\Views\laporan\v_tabel_laporan.php on line 21.
 1 APPPATH\Views\laporan\v_tabel_laporan.php(21): CodeIgniter\Debug\Exceptions->errorHandler(8, 'Undefined variable: ta', 'APPPATH\\Views\\laporan\\v_tabel_laporan.php', 21, [...])
 2 SYSTEMPATH\View\View.php(213): include('APPPATH\\Views\\laporan\\v_tabel_laporan.php')
 3 SYSTEMPATH\View\View.php(216): CodeIgniter\View\View->CodeIgniter\View\{closure}()
 4 SYSTEMPATH\Common.php(1135): CodeIgniter\View\View->render('laporan/v_tabel_laporan', [], true)
 5 APPPATH\Controllers\Laporan.php(62): view('laporan/v_tabel_laporan', [...])
 6 SYSTEMPATH\CodeIgniter.php(925): App\Controllers\Laporan->Viewlaporan()
 7 SYSTEMPATH\CodeIgniter.php(480): CodeIgniter\CodeIgniter->runController(Object(App\Controllers\Laporan))
 8 SYSTEMPATH\CodeIgniter.php(349): CodeIgniter\CodeIgniter->handleRequest(null, Object(Config\Cache), false)
 9 FCPATH\index.php(67): CodeIgniter\CodeIgniter->run()
CRITICAL - 2023-02-20 00:51:49 --> Undefined variable: ta
in APPPATH\Views\laporan\v_tabel_laporan.php on line 21.
 1 APPPATH\Views\laporan\v_tabel_laporan.php(21): CodeIgniter\Debug\Exceptions->errorHandler(8, 'Undefined variable: ta', 'APPPATH\\Views\\laporan\\v_tabel_laporan.php', 21, [...])
 2 SYSTEMPATH\View\View.php(213): include('APPPATH\\Views\\laporan\\v_tabel_laporan.php')
 3 SYSTEMPATH\View\View.php(216): CodeIgniter\View\View->CodeIgniter\View\{closure}()
 4 SYSTEMPATH\Common.php(1135): CodeIgniter\View\View->render('laporan/v_tabel_laporan', [], true)
 5 APPPATH\Controllers\Laporan.php(62): view('laporan/v_tabel_laporan', [...])
 6 SYSTEMPATH\CodeIgniter.php(925): App\Controllers\Laporan->Viewlaporan()
 7 SYSTEMPATH\CodeIgniter.php(480): CodeIgniter\CodeIgniter->runController(Object(App\Controllers\Laporan))
 8 SYSTEMPATH\CodeIgniter.php(349): CodeIgniter\CodeIgniter->handleRequest(null, Object(Config\Cache), false)
 9 FCPATH\index.php(67): CodeIgniter\CodeIgniter->run()
CRITICAL - 2023-02-20 00:52:10 --> Undefined variable: ta
in APPPATH\Views\laporan\v_tabel_laporan.php on line 21.
 1 APPPATH\Views\laporan\v_tabel_laporan.php(21): CodeIgniter\Debug\Exceptions->errorHandler(8, 'Undefined variable: ta', 'APPPATH\\Views\\laporan\\v_tabel_laporan.php', 21, [...])
 2 SYSTEMPATH\View\View.php(213): include('APPPATH\\Views\\laporan\\v_tabel_laporan.php')
 3 SYSTEMPATH\View\View.php(216): CodeIgniter\View\View->CodeIgniter\View\{closure}()
 4 SYSTEMPATH\Common.php(1135): CodeIgniter\View\View->render('laporan/v_tabel_laporan', [], true)
 5 APPPATH\Controllers\Laporan.php(62): view('laporan/v_tabel_laporan', [...])
 6 SYSTEMPATH\CodeIgniter.php(925): App\Controllers\Laporan->Viewlaporan()
 7 SYSTEMPATH\CodeIgniter.php(480): CodeIgniter\CodeIgniter->runController(Object(App\Controllers\Laporan))
 8 SYSTEMPATH\CodeIgniter.php(349): CodeIgniter\CodeIgniter->handleRequest(null, Object(Config\Cache), false)
 9 FCPATH\index.php(67): CodeIgniter\CodeIgniter->run()
CRITICAL - 2023-02-20 00:52:10 --> Undefined variable: ta
in APPPATH\Views\laporan\v_tabel_laporan.php on line 21.
 1 APPPATH\Views\laporan\v_tabel_laporan.php(21): CodeIgniter\Debug\Exceptions->errorHandler(8, 'Undefined variable: ta', 'APPPATH\\Views\\laporan\\v_tabel_laporan.php', 21, [...])
 2 SYSTEMPATH\View\View.php(213): include('APPPATH\\Views\\laporan\\v_tabel_laporan.php')
 3 SYSTEMPATH\View\View.php(216): CodeIgniter\View\View->CodeIgniter\View\{closure}()
 4 SYSTEMPATH\Common.php(1135): CodeIgniter\View\View->render('laporan/v_tabel_laporan', [], true)
 5 APPPATH\Controllers\Laporan.php(62): view('laporan/v_tabel_laporan', [...])
 6 SYSTEMPATH\CodeIgniter.php(925): App\Controllers\Laporan->Viewlaporan()
 7 SYSTEMPATH\CodeIgniter.php(480): CodeIgniter\CodeIgniter->runController(Object(App\Controllers\Laporan))
 8 SYSTEMPATH\CodeIgniter.php(349): CodeIgniter\CodeIgniter->handleRequest(null, Object(Config\Cache), false)
 9 FCPATH\index.php(67): CodeIgniter\CodeIgniter->run()
CRITICAL - 2023-02-20 00:53:41 --> Undefined variable: ta
in APPPATH\Views\laporan\v_tabel_laporan.php on line 21.
 1 APPPATH\Views\laporan\v_tabel_laporan.php(21): CodeIgniter\Debug\Exceptions->errorHandler(8, 'Undefined variable: ta', 'APPPATH\\Views\\laporan\\v_tabel_laporan.php', 21, [...])
 2 SYSTEMPATH\View\View.php(213): include('APPPATH\\Views\\laporan\\v_tabel_laporan.php')
 3 SYSTEMPATH\View\View.php(216): CodeIgniter\View\View->CodeIgniter\View\{closure}()
 4 SYSTEMPATH\Common.php(1135): CodeIgniter\View\View->render('laporan/v_tabel_laporan', [], true)
 5 APPPATH\Controllers\Laporan.php(62): view('laporan/v_tabel_laporan', [...])
 6 SYSTEMPATH\CodeIgniter.php(925): App\Controllers\Laporan->Viewlaporan()
 7 SYSTEMPATH\CodeIgniter.php(480): CodeIgniter\CodeIgniter->runController(Object(App\Controllers\Laporan))
 8 SYSTEMPATH\CodeIgniter.php(349): CodeIgniter\CodeIgniter->handleRequest(null, Object(Config\Cache), false)
 9 FCPATH\index.php(67): CodeIgniter\CodeIgniter->run()
CRITICAL - 2023-02-20 01:42:00 --> Too few arguments to function App\Controllers\Laporan::Print(), 0 passed in C:\xampp\htdocs\siakad2\vendor\codeigniter4\framework\system\CodeIgniter.php on line 925 and exactly 3 expected
in APPPATH\Controllers\Laporan.php on line 67.
 1 SYSTEMPATH\CodeIgniter.php(925): App\Controllers\Laporan->Print()
 2 SYSTEMPATH\CodeIgniter.php(480): CodeIgniter\CodeIgniter->runController(Object(App\Controllers\Laporan))
 3 SYSTEMPATH\CodeIgniter.php(349): CodeIgniter\CodeIgniter->handleRequest(null, Object(Config\Cache), false)
 4 FCPATH\index.php(67): CodeIgniter\CodeIgniter->run()
CRITICAL - 2023-02-20 01:42:18 --> Too few arguments to function App\Controllers\Laporan::Print(), 0 passed in C:\xampp\htdocs\siakad2\vendor\codeigniter4\framework\system\CodeIgniter.php on line 925 and exactly 3 expected
in APPPATH\Controllers\Laporan.php on line 67.
 1 SYSTEMPATH\CodeIgniter.php(925): App\Controllers\Laporan->Print()
 2 SYSTEMPATH\CodeIgniter.php(480): CodeIgniter\CodeIgniter->runController(Object(App\Controllers\Laporan))
 3 SYSTEMPATH\CodeIgniter.php(349): CodeIgniter\CodeIgniter->handleRequest(null, Object(Config\Cache), false)
 4 FCPATH\index.php(67): CodeIgniter\CodeIgniter->run()
CRITICAL - 2023-02-20 01:42:36 --> Too few arguments to function App\Controllers\Laporan::Print(), 0 passed in C:\xampp\htdocs\siakad2\vendor\codeigniter4\framework\system\CodeIgniter.php on line 925 and exactly 3 expected
in APPPATH\Controllers\Laporan.php on line 67.
 1 SYSTEMPATH\CodeIgniter.php(925): App\Controllers\Laporan->Print()
 2 SYSTEMPATH\CodeIgniter.php(480): CodeIgniter\CodeIgniter->runController(Object(App\Controllers\Laporan))
 3 SYSTEMPATH\CodeIgniter.php(349): CodeIgniter\CodeIgniter->handleRequest(null, Object(Config\Cache), false)
 4 FCPATH\index.php(67): CodeIgniter\CodeIgniter->run()
CRITICAL - 2023-02-20 01:46:47 --> Too few arguments to function App\Controllers\JadwalTk::delete(), 0 passed in C:\xampp\htdocs\siakad2\vendor\codeigniter4\framework\system\CodeIgniter.php on line 925 and exactly 2 expected
in APPPATH\Controllers\JadwalTk.php on line 94.
 1 SYSTEMPATH\CodeIgniter.php(925): App\Controllers\JadwalTk->delete()
 2 SYSTEMPATH\CodeIgniter.php(480): CodeIgniter\CodeIgniter->runController(Object(App\Controllers\JadwalTk))
 3 SYSTEMPATH\CodeIgniter.php(349): CodeIgniter\CodeIgniter->handleRequest(null, Object(Config\Cache), false)
 4 FCPATH\index.php(67): CodeIgniter\CodeIgniter->run()
CRITICAL - 2023-02-20 01:48:21 --> Undefined variable: smt
in APPPATH\Views\laporan\v_tabel_laporan.php on line 19.
 1 APPPATH\Views\laporan\v_tabel_laporan.php(19): CodeIgniter\Debug\Exceptions->errorHandler(8, 'Undefined variable: smt', 'APPPATH\\Views\\laporan\\v_tabel_laporan.php', 19, [...])
 2 SYSTEMPATH\View\View.php(213): include('APPPATH\\Views\\laporan\\v_tabel_laporan.php')
 3 SYSTEMPATH\View\View.php(216): CodeIgniter\View\View->CodeIgniter\View\{closure}()
 4 SYSTEMPATH\Common.php(1135): CodeIgniter\View\View->render('laporan/v_tabel_laporan', [], true)
 5 APPPATH\Controllers\Laporan.php(62): view('laporan/v_tabel_laporan', [...])
 6 SYSTEMPATH\CodeIgniter.php(925): App\Controllers\Laporan->Viewlaporan()
 7 SYSTEMPATH\CodeIgniter.php(480): CodeIgniter\CodeIgniter->runController(Object(App\Controllers\Laporan))
 8 SYSTEMPATH\CodeIgniter.php(349): CodeIgniter\CodeIgniter->handleRequest(null, Object(Config\Cache), false)
 9 FCPATH\index.php(67): CodeIgniter\CodeIgniter->run()
CRITICAL - 2023-02-20 01:48:22 --> Undefined variable: smt
in APPPATH\Views\laporan\v_tabel_laporan.php on line 19.
 1 APPPATH\Views\laporan\v_tabel_laporan.php(19): CodeIgniter\Debug\Exceptions->errorHandler(8, 'Undefined variable: smt', 'APPPATH\\Views\\laporan\\v_tabel_laporan.php', 19, [...])
 2 SYSTEMPATH\View\View.php(213): include('APPPATH\\Views\\laporan\\v_tabel_laporan.php')
 3 SYSTEMPATH\View\View.php(216): CodeIgniter\View\View->CodeIgniter\View\{closure}()
 4 SYSTEMPATH\Common.php(1135): CodeIgniter\View\View->render('laporan/v_tabel_laporan', [], true)
 5 APPPATH\Controllers\Laporan.php(62): view('laporan/v_tabel_laporan', [...])
 6 SYSTEMPATH\CodeIgniter.php(925): App\Controllers\Laporan->Viewlaporan()
 7 SYSTEMPATH\CodeIgniter.php(480): CodeIgniter\CodeIgniter->runController(Object(App\Controllers\Laporan))
 8 SYSTEMPATH\CodeIgniter.php(349): CodeIgniter\CodeIgniter->handleRequest(null, Object(Config\Cache), false)
 9 FCPATH\index.php(67): CodeIgniter\CodeIgniter->run()
CRITICAL - 2023-02-20 01:50:17 --> Trying to access array offset on value of type null
in APPPATH\Views\laporan\v_printl.php on line 19.
 1 APPPATH\Views\laporan\v_printl.php(19): CodeIgniter\Debug\Exceptions->errorHandler(8, 'Trying to access array offset on value of type null', 'APPPATH\\Views\\laporan\\v_printl.php', 19, [...])
 2 SYSTEMPATH\View\View.php(213): include('APPPATH\\Views\\laporan\\v_printl.php')
 3 SYSTEMPATH\View\View.php(216): CodeIgniter\View\View->CodeIgniter\View\{closure}()
 4 SYSTEMPATH\Common.php(1135): CodeIgniter\View\View->render('laporan/v_printl', [], true)
 5 APPPATH\Views\tampilan.php(406): view('laporan/v_printl')
 6 SYSTEMPATH\View\View.php(213): include('APPPATH\\Views\\tampilan.php')
 7 SYSTEMPATH\View\View.php(216): CodeIgniter\View\View->CodeIgniter\View\{closure}()
 8 SYSTEMPATH\Common.php(1135): CodeIgniter\View\View->render('tampilan', [], true)
 9 APPPATH\Controllers\Laporan.php(83): view('tampilan', [...])
10 SYSTEMPATH\CodeIgniter.php(925): App\Controllers\Laporan->Print('1', 'kognitif', 'Kelas A')
11 SYSTEMPATH\CodeIgniter.php(480): CodeIgniter\CodeIgniter->runController(Object(App\Controllers\Laporan))
12 SYSTEMPATH\CodeIgniter.php(349): CodeIgniter\CodeIgniter->handleRequest(null, Object(Config\Cache), false)
13 FCPATH\index.php(67): CodeIgniter\CodeIgniter->run()
CRITICAL - 2023-02-20 06:49:29 --> Undefined variable: smt
in APPPATH\Views\laporan\v_tabel_laporan.php on line 19.
 1 APPPATH\Views\laporan\v_tabel_laporan.php(19): CodeIgniter\Debug\Exceptions->errorHandler(8, 'Undefined variable: smt', 'APPPATH\\Views\\laporan\\v_tabel_laporan.php', 19, [...])
 2 SYSTEMPATH\View\View.php(213): include('APPPATH\\Views\\laporan\\v_tabel_laporan.php')
 3 SYSTEMPATH\View\View.php(216): CodeIgniter\View\View->CodeIgniter\View\{closure}()
 4 SYSTEMPATH\Common.php(1135): CodeIgniter\View\View->render('laporan/v_tabel_laporan', [], true)
 5 APPPATH\Controllers\Laporan.php(62): view('laporan/v_tabel_laporan', [...])
 6 SYSTEMPATH\CodeIgniter.php(925): App\Controllers\Laporan->Viewlaporan()
 7 SYSTEMPATH\CodeIgniter.php(480): CodeIgniter\CodeIgniter->runController(Object(App\Controllers\Laporan))
 8 SYSTEMPATH\CodeIgniter.php(349): CodeIgniter\CodeIgniter->handleRequest(null, Object(Config\Cache), false)
 9 FCPATH\index.php(67): CodeIgniter\CodeIgniter->run()
CRITICAL - 2023-02-20 06:49:30 --> Undefined variable: smt
in APPPATH\Views\laporan\v_tabel_laporan.php on line 19.
 1 APPPATH\Views\laporan\v_tabel_laporan.php(19): CodeIgniter\Debug\Exceptions->errorHandler(8, 'Undefined variable: smt', 'APPPATH\\Views\\laporan\\v_tabel_laporan.php', 19, [...])
 2 SYSTEMPATH\View\View.php(213): include('APPPATH\\Views\\laporan\\v_tabel_laporan.php')
 3 SYSTEMPATH\View\View.php(216): CodeIgniter\View\View->CodeIgniter\View\{closure}()
 4 SYSTEMPATH\Common.php(1135): CodeIgniter\View\View->render('laporan/v_tabel_laporan', [], true)
 5 APPPATH\Controllers\Laporan.php(62): view('laporan/v_tabel_laporan', [...])
 6 SYSTEMPATH\CodeIgniter.php(925): App\Controllers\Laporan->Viewlaporan()
 7 SYSTEMPATH\CodeIgniter.php(480): CodeIgniter\CodeIgniter->runController(Object(App\Controllers\Laporan))
 8 SYSTEMPATH\CodeIgniter.php(349): CodeIgniter\CodeIgniter->handleRequest(null, Object(Config\Cache), false)
 9 FCPATH\index.php(67): CodeIgniter\CodeIgniter->run()
CRITICAL - 2023-02-20 06:49:43 --> Undefined variable: ta
in APPPATH\Controllers\Laporan.php on line 58.
 1 APPPATH\Controllers\Laporan.php(58): CodeIgniter\Debug\Exceptions->errorHandler(8, 'Undefined variable: ta', 'APPPATH\\Controllers\\Laporan.php', 58, [...])
 2 SYSTEMPATH\CodeIgniter.php(925): App\Controllers\Laporan->Viewlaporan()
 3 SYSTEMPATH\CodeIgniter.php(480): CodeIgniter\CodeIgniter->runController(Object(App\Controllers\Laporan))
 4 SYSTEMPATH\CodeIgniter.php(349): CodeIgniter\CodeIgniter->handleRequest(null, Object(Config\Cache), false)
 5 FCPATH\index.php(67): CodeIgniter\CodeIgniter->run()
CRITICAL - 2023-02-20 06:49:46 --> Undefined variable: ta
in APPPATH\Controllers\Laporan.php on line 58.
 1 APPPATH\Controllers\Laporan.php(58): CodeIgniter\Debug\Exceptions->errorHandler(8, 'Undefined variable: ta', 'APPPATH\\Controllers\\Laporan.php', 58, [...])
 2 SYSTEMPATH\CodeIgniter.php(925): App\Controllers\Laporan->Viewlaporan()
 3 SYSTEMPATH\CodeIgniter.php(480): CodeIgniter\CodeIgniter->runController(Object(App\Controllers\Laporan))
 4 SYSTEMPATH\CodeIgniter.php(349): CodeIgniter\CodeIgniter->handleRequest(null, Object(Config\Cache), false)
 5 FCPATH\index.php(67): CodeIgniter\CodeIgniter->run()
CRITICAL - 2023-02-20 06:49:50 --> Undefined variable: ta
in APPPATH\Controllers\Laporan.php on line 58.
 1 APPPATH\Controllers\Laporan.php(58): CodeIgniter\Debug\Exceptions->errorHandler(8, 'Undefined variable: ta', 'APPPATH\\Controllers\\Laporan.php', 58, [...])
 2 SYSTEMPATH\CodeIgniter.php(925): App\Controllers\Laporan->Viewlaporan()
 3 SYSTEMPATH\CodeIgniter.php(480): CodeIgniter\CodeIgniter->runController(Object(App\Controllers\Laporan))
 4 SYSTEMPATH\CodeIgniter.php(349): CodeIgniter\CodeIgniter->handleRequest(null, Object(Config\Cache), false)
 5 FCPATH\index.php(67): CodeIgniter\CodeIgniter->run()
CRITICAL - 2023-02-20 06:50:06 --> Undefined variable: ta
in APPPATH\Controllers\Laporan.php on line 58.
 1 APPPATH\Controllers\Laporan.php(58): CodeIgniter\Debug\Exceptions->errorHandler(8, 'Undefined variable: ta', 'APPPATH\\Controllers\\Laporan.php', 58, [...])
 2 SYSTEMPATH\CodeIgniter.php(925): App\Controllers\Laporan->Viewlaporan()
 3 SYSTEMPATH\CodeIgniter.php(480): CodeIgniter\CodeIgniter->runController(Object(App\Controllers\Laporan))
 4 SYSTEMPATH\CodeIgniter.php(349): CodeIgniter\CodeIgniter->handleRequest(null, Object(Config\Cache), false)
 5 FCPATH\index.php(67): CodeIgniter\CodeIgniter->run()
CRITICAL - 2023-02-20 07:01:33 --> Too few arguments to function App\Models\LaporanModel::DataLaporan(), 1 passed in C:\xampp\htdocs\siakad2\app\Controllers\Laporan.php on line 54 and exactly 3 expected
in APPPATH\Models\LaporanModel.php on line 9.
 1 APPPATH\Controllers\Laporan.php(54): App\Models\LaporanModel->DataLaporan('1')
 2 SYSTEMPATH\CodeIgniter.php(925): App\Controllers\Laporan->Viewlaporan()
 3 SYSTEMPATH\CodeIgniter.php(480): CodeIgniter\CodeIgniter->runController(Object(App\Controllers\Laporan))
 4 SYSTEMPATH\CodeIgniter.php(349): CodeIgniter\CodeIgniter->handleRequest(null, Object(Config\Cache), false)
 5 FCPATH\index.php(67): CodeIgniter\CodeIgniter->run()
CRITICAL - 2023-02-20 07:01:34 --> Too few arguments to function App\Models\LaporanModel::DataLaporan(), 1 passed in C:\xampp\htdocs\siakad2\app\Controllers\Laporan.php on line 54 and exactly 3 expected
in APPPATH\Models\LaporanModel.php on line 9.
 1 APPPATH\Controllers\Laporan.php(54): App\Models\LaporanModel->DataLaporan('1')
 2 SYSTEMPATH\CodeIgniter.php(925): App\Controllers\Laporan->Viewlaporan()
 3 SYSTEMPATH\CodeIgniter.php(480): CodeIgniter\CodeIgniter->runController(Object(App\Controllers\Laporan))
 4 SYSTEMPATH\CodeIgniter.php(349): CodeIgniter\CodeIgniter->handleRequest(null, Object(Config\Cache), false)
 5 FCPATH\index.php(67): CodeIgniter\CodeIgniter->run()
CRITICAL - 2023-02-20 07:04:12 --> Trying to access array offset on value of type null
in APPPATH\Views\laporan\v_printl.php on line 19.
 1 APPPATH\Views\laporan\v_printl.php(19): CodeIgniter\Debug\Exceptions->errorHandler(8, 'Trying to access array offset on value of type null', 'APPPATH\\Views\\laporan\\v_printl.php', 19, [...])
 2 SYSTEMPATH\View\View.php(213): include('APPPATH\\Views\\laporan\\v_printl.php')
 3 SYSTEMPATH\View\View.php(216): CodeIgniter\View\View->CodeIgniter\View\{closure}()
 4 SYSTEMPATH\Common.php(1135): CodeIgniter\View\View->render('laporan/v_printl', [], true)
 5 APPPATH\Views\tampilan.php(406): view('laporan/v_printl')
 6 SYSTEMPATH\View\View.php(213): include('APPPATH\\Views\\tampilan.php')
 7 SYSTEMPATH\View\View.php(216): CodeIgniter\View\View->CodeIgniter\View\{closure}()
 8 SYSTEMPATH\Common.php(1135): CodeIgniter\View\View->render('tampilan', [], true)
 9 APPPATH\Controllers\Laporan.php(83): view('tampilan', [...])
10 SYSTEMPATH\CodeIgniter.php(925): App\Controllers\Laporan->Printlaporan('1', 'kognitif', 'Kelas A')
11 SYSTEMPATH\CodeIgniter.php(480): CodeIgniter\CodeIgniter->runController(Object(App\Controllers\Laporan))
12 SYSTEMPATH\CodeIgniter.php(349): CodeIgniter\CodeIgniter->handleRequest(null, Object(Config\Cache), false)
13 FCPATH\index.php(67): CodeIgniter\CodeIgniter->run()
CRITICAL - 2023-02-20 07:04:30 --> Too few arguments to function App\Controllers\Laporan::Printlaporan(), 0 passed in C:\xampp\htdocs\siakad2\vendor\codeigniter4\framework\system\CodeIgniter.php on line 925 and exactly 3 expected
in APPPATH\Controllers\Laporan.php on line 67.
 1 SYSTEMPATH\CodeIgniter.php(925): App\Controllers\Laporan->Printlaporan()
 2 SYSTEMPATH\CodeIgniter.php(480): CodeIgniter\CodeIgniter->runController(Object(App\Controllers\Laporan))
 3 SYSTEMPATH\CodeIgniter.php(349): CodeIgniter\CodeIgniter->handleRequest(null, Object(Config\Cache), false)
 4 FCPATH\index.php(67): CodeIgniter\CodeIgniter->run()
CRITICAL - 2023-02-20 07:04:50 --> Too few arguments to function App\Controllers\Laporan::Printlaporan(), 0 passed in C:\xampp\htdocs\siakad2\vendor\codeigniter4\framework\system\CodeIgniter.php on line 925 and exactly 3 expected
in APPPATH\Controllers\Laporan.php on line 67.
 1 SYSTEMPATH\CodeIgniter.php(925): App\Controllers\Laporan->Printlaporan()
 2 SYSTEMPATH\CodeIgniter.php(480): CodeIgniter\CodeIgniter->runController(Object(App\Controllers\Laporan))
 3 SYSTEMPATH\CodeIgniter.php(349): CodeIgniter\CodeIgniter->handleRequest(null, Object(Config\Cache), false)
 4 FCPATH\index.php(67): CodeIgniter\CodeIgniter->run()
CRITICAL - 2023-02-20 07:15:25 --> Undefined variable: ta_aktif
in APPPATH\Views\laporan\v_printl.php on line 83.
 1 APPPATH\Views\laporan\v_printl.php(83): CodeIgniter\Debug\Exceptions->errorHandler(8, 'Undefined variable: ta_aktif', 'APPPATH\\Views\\laporan\\v_printl.php', 83, [...])
 2 SYSTEMPATH\View\View.php(213): include('APPPATH\\Views\\laporan\\v_printl.php')
 3 SYSTEMPATH\View\View.php(216): CodeIgniter\View\View->CodeIgniter\View\{closure}()
 4 SYSTEMPATH\Common.php(1135): CodeIgniter\View\View->render('laporan/v_printl', [], true)
 5 APPPATH\Views\tampilan.php(406): view('laporan/v_printl')
 6 SYSTEMPATH\View\View.php(213): include('APPPATH\\Views\\tampilan.php')
 7 SYSTEMPATH\View\View.php(216): CodeIgniter\View\View->CodeIgniter\View\{closure}()
 8 SYSTEMPATH\Common.php(1135): CodeIgniter\View\View->render('tampilan', [], true)
 9 APPPATH\Controllers\Laporan.php(83): view('tampilan', [...])
10 SYSTEMPATH\CodeIgniter.php(925): App\Controllers\Laporan->Printlaporan('1', 'agama dan moral', 'Kelas A')
11 SYSTEMPATH\CodeIgniter.php(480): CodeIgniter\CodeIgniter->runController(Object(App\Controllers\Laporan))
12 SYSTEMPATH\CodeIgniter.php(349): CodeIgniter\CodeIgniter->handleRequest(null, Object(Config\Cache), false)
13 FCPATH\index.php(67): CodeIgniter\CodeIgniter->run()
CRITICAL - 2023-02-20 07:16:41 --> Undefined variable: ta_aktif
in APPPATH\Views\laporan\v_printl.php on line 83.
 1 APPPATH\Views\laporan\v_printl.php(83): CodeIgniter\Debug\Exceptions->errorHandler(8, 'Undefined variable: ta_aktif', 'APPPATH\\Views\\laporan\\v_printl.php', 83, [...])
 2 SYSTEMPATH\View\View.php(213): include('APPPATH\\Views\\laporan\\v_printl.php')
 3 SYSTEMPATH\View\View.php(216): CodeIgniter\View\View->CodeIgniter\View\{closure}()
 4 SYSTEMPATH\Common.php(1135): CodeIgniter\View\View->render('laporan/v_printl', [], true)
 5 APPPATH\Views\tampilan.php(406): view('laporan/v_printl')
 6 SYSTEMPATH\View\View.php(213): include('APPPATH\\Views\\tampilan.php')
 7 SYSTEMPATH\View\View.php(216): CodeIgniter\View\View->CodeIgniter\View\{closure}()
 8 SYSTEMPATH\Common.php(1135): CodeIgniter\View\View->render('tampilan', [], true)
 9 APPPATH\Controllers\Laporan.php(84): view('tampilan', [...])
10 SYSTEMPATH\CodeIgniter.php(925): App\Controllers\Laporan->Printlaporan('1', 'agama dan moral', 'Kelas A')
11 SYSTEMPATH\CodeIgniter.php(480): CodeIgniter\CodeIgniter->runController(Object(App\Controllers\Laporan))
12 SYSTEMPATH\CodeIgniter.php(349): CodeIgniter\CodeIgniter->handleRequest(null, Object(Config\Cache), false)
13 FCPATH\index.php(67): CodeIgniter\CodeIgniter->run()
CRITICAL - 2023-02-20 07:17:00 --> Undefined variable: ta_aktif
in APPPATH\Views\laporan\v_printl.php on line 83.
 1 APPPATH\Views\laporan\v_printl.php(83): CodeIgniter\Debug\Exceptions->errorHandler(8, 'Undefined variable: ta_aktif', 'APPPATH\\Views\\laporan\\v_printl.php', 83, [...])
 2 SYSTEMPATH\View\View.php(213): include('APPPATH\\Views\\laporan\\v_printl.php')
 3 SYSTEMPATH\View\View.php(216): CodeIgniter\View\View->CodeIgniter\View\{closure}()
 4 SYSTEMPATH\Common.php(1135): CodeIgniter\View\View->render('laporan/v_printl', [], true)
 5 APPPATH\Views\tampilan.php(406): view('laporan/v_printl')
 6 SYSTEMPATH\View\View.php(213): include('APPPATH\\Views\\tampilan.php')
 7 SYSTEMPATH\View\View.php(216): CodeIgniter\View\View->CodeIgniter\View\{closure}()
 8 SYSTEMPATH\Common.php(1135): CodeIgniter\View\View->render('tampilan', [], true)
 9 APPPATH\Controllers\Laporan.php(83): view('tampilan', [...])
10 SYSTEMPATH\CodeIgniter.php(925): App\Controllers\Laporan->Printlaporan('1', 'agama dan moral', 'Kelas A')
11 SYSTEMPATH\CodeIgniter.php(480): CodeIgniter\CodeIgniter->runController(Object(App\Controllers\Laporan))
12 SYSTEMPATH\CodeIgniter.php(349): CodeIgniter\CodeIgniter->handleRequest(null, Object(Config\Cache), false)
13 FCPATH\index.php(67): CodeIgniter\CodeIgniter->run()
CRITICAL - 2023-02-20 07:17:29 --> Undefined variable: data_ap
in APPPATH\Views\laporan\v_printl.php on line 121.
 1 APPPATH\Views\laporan\v_printl.php(121): CodeIgniter\Debug\Exceptions->errorHandler(8, 'Undefined variable: data_ap', 'APPPATH\\Views\\laporan\\v_printl.php', 121, [...])
 2 SYSTEMPATH\View\View.php(213): include('APPPATH\\Views\\laporan\\v_printl.php')
 3 SYSTEMPATH\View\View.php(216): CodeIgniter\View\View->CodeIgniter\View\{closure}()
 4 SYSTEMPATH\Common.php(1135): CodeIgniter\View\View->render('laporan/v_printl', [], true)
 5 APPPATH\Views\tampilan.php(406): view('laporan/v_printl')
 6 SYSTEMPATH\View\View.php(213): include('APPPATH\\Views\\tampilan.php')
 7 SYSTEMPATH\View\View.php(216): CodeIgniter\View\View->CodeIgniter\View\{closure}()
 8 SYSTEMPATH\Common.php(1135): CodeIgniter\View\View->render('tampilan', [], true)
 9 APPPATH\Controllers\Laporan.php(83): view('tampilan', [...])
10 SYSTEMPATH\CodeIgniter.php(925): App\Controllers\Laporan->Printlaporan('1', 'agama dan moral', 'Kelas A')
11 SYSTEMPATH\CodeIgniter.php(480): CodeIgniter\CodeIgniter->runController(Object(App\Controllers\Laporan))
12 SYSTEMPATH\CodeIgniter.php(349): CodeIgniter\CodeIgniter->handleRequest(null, Object(Config\Cache), false)
13 FCPATH\index.php(67): CodeIgniter\CodeIgniter->run()
