CRITICAL - 2022-12-01 04:33:55 --> Trying to access array offset on value of type int
in APPPATH\Views\kelas\v_rincian_kelas.php on line 32.
 1 APPPATH\Views\kelas\v_rincian_kelas.php(32): CodeIgniter\Debug\Exceptions->errorHandler(8, 'Trying to access array offset on value of type int', 'APPPATH\\Views\\kelas\\v_rincian_kelas.php', 32, [...])
 2 SYSTEMPATH\View\View.php(213): include('APPPATH\\Views\\kelas\\v_rincian_kelas.php')
 3 SYSTEMPATH\View\View.php(216): CodeIgniter\View\View->CodeIgniter\View\{closure}()
 4 SYSTEMPATH\Common.php(1134): CodeIgniter\View\View->render('kelas/v_rincian_kelas', [], true)
 5 APPPATH\Views\tampilan.php(226): view('kelas/v_rincian_kelas')
 6 SYSTEMPATH\View\View.php(213): include('APPPATH\\Views\\tampilan.php')
 7 SYSTEMPATH\View\View.php(216): CodeIgniter\View\View->CodeIgniter\View\{closure}()
 8 SYSTEMPATH\Common.php(1134): CodeIgniter\View\View->render('tampilan', [], true)
 9 APPPATH\Controllers\Kelas.php(87): view('tampilan', [...])
10 SYSTEMPATH\CodeIgniter.php(927): App\Controllers\Kelas->rincian_kelas('1')
11 SYSTEMPATH\CodeIgniter.php(482): CodeIgniter\CodeIgniter->runController(Object(App\Controllers\Kelas))
12 SYSTEMPATH\CodeIgniter.php(351): CodeIgniter\CodeIgniter->handleRequest(null, Object(Config\Cache), false)
13 FCPATH\index.php(67): CodeIgniter\CodeIgniter->run()
CRITICAL - 2022-12-01 04:34:23 --> Undefined variable: jumlah
in APPPATH\Views\kelas\v_rincian_kelas.php on line 32.
 1 APPPATH\Views\kelas\v_rincian_kelas.php(32): CodeIgniter\Debug\Exceptions->errorHandler(8, 'Undefined variable: jumlah', 'APPPATH\\Views\\kelas\\v_rincian_kelas.php', 32, [...])
 2 SYSTEMPATH\View\View.php(213): include('APPPATH\\Views\\kelas\\v_rincian_kelas.php')
 3 SYSTEMPATH\View\View.php(216): CodeIgniter\View\View->CodeIgniter\View\{closure}()
 4 SYSTEMPATH\Common.php(1134): CodeIgniter\View\View->render('kelas/v_rincian_kelas', [], true)
 5 APPPATH\Views\tampilan.php(226): view('kelas/v_rincian_kelas')
 6 SYSTEMPATH\View\View.php(213): include('APPPATH\\Views\\tampilan.php')
 7 SYSTEMPATH\View\View.php(216): CodeIgniter\View\View->CodeIgniter\View\{closure}()
 8 SYSTEMPATH\Common.php(1134): CodeIgniter\View\View->render('tampilan', [], true)
 9 APPPATH\Controllers\Kelas.php(87): view('tampilan', [...])
10 SYSTEMPATH\CodeIgniter.php(927): App\Controllers\Kelas->rincian_kelas('1')
11 SYSTEMPATH\CodeIgniter.php(482): CodeIgniter\CodeIgniter->runController(Object(App\Controllers\Kelas))
12 SYSTEMPATH\CodeIgniter.php(351): CodeIgniter\CodeIgniter->handleRequest(null, Object(Config\Cache), false)
13 FCPATH\index.php(67): CodeIgniter\CodeIgniter->run()
CRITICAL - 2022-12-01 04:40:13 --> Undefined index: id_prodi
in APPPATH\Views\kelas\v_kelas.php on line 59.
 1 APPPATH\Views\kelas\v_kelas.php(59): CodeIgniter\Debug\Exceptions->errorHandler(8, 'Undefined index: id_prodi', 'APPPATH\\Views\\kelas\\v_kelas.php', 59, [...])
 2 SYSTEMPATH\View\View.php(213): include('APPPATH\\Views\\kelas\\v_kelas.php')
 3 SYSTEMPATH\View\View.php(216): CodeIgniter\View\View->CodeIgniter\View\{closure}()
 4 SYSTEMPATH\Common.php(1134): CodeIgniter\View\View->render('kelas/v_kelas', [], true)
 5 APPPATH\Views\tampilan.php(226): view('kelas/v_kelas')
 6 SYSTEMPATH\View\View.php(213): include('APPPATH\\Views\\tampilan.php')
 7 SYSTEMPATH\View\View.php(216): CodeIgniter\View\View->CodeIgniter\View\{closure}()
 8 SYSTEMPATH\Common.php(1134): CodeIgniter\View\View->render('tampilan', [], true)
 9 APPPATH\Controllers\Kelas.php(25): view('tampilan', [...])
10 SYSTEMPATH\CodeIgniter.php(927): App\Controllers\Kelas->index()
11 SYSTEMPATH\CodeIgniter.php(482): CodeIgniter\CodeIgniter->runController(Object(App\Controllers\Kelas))
12 SYSTEMPATH\CodeIgniter.php(351): CodeIgniter\CodeIgniter->handleRequest(null, Object(Config\Cache), false)
13 FCPATH\index.php(67): CodeIgniter\CodeIgniter->run()
CRITICAL - 2022-12-01 06:46:42 --> Undefined variable: mhs
in APPPATH\Views\kelas\v_rincian_kelas.php on line 104.
 1 APPPATH\Views\kelas\v_rincian_kelas.php(104): CodeIgniter\Debug\Exceptions->errorHandler(8, 'Undefined variable: mhs', 'APPPATH\\Views\\kelas\\v_rincian_kelas.php', 104, [...])
 2 SYSTEMPATH\View\View.php(213): include('APPPATH\\Views\\kelas\\v_rincian_kelas.php')
 3 SYSTEMPATH\View\View.php(216): CodeIgniter\View\View->CodeIgniter\View\{closure}()
 4 SYSTEMPATH\Common.php(1134): CodeIgniter\View\View->render('kelas/v_rincian_kelas', [], true)
 5 APPPATH\Views\tampilan.php(226): view('kelas/v_rincian_kelas')
 6 SYSTEMPATH\View\View.php(213): include('APPPATH\\Views\\tampilan.php')
 7 SYSTEMPATH\View\View.php(216): CodeIgniter\View\View->CodeIgniter\View\{closure}()
 8 SYSTEMPATH\Common.php(1134): CodeIgniter\View\View->render('tampilan', [], true)
 9 APPPATH\Controllers\Kelas.php(88): view('tampilan', [...])
10 SYSTEMPATH\CodeIgniter.php(927): App\Controllers\Kelas->rincian_kelas('1')
11 SYSTEMPATH\CodeIgniter.php(482): CodeIgniter\CodeIgniter->runController(Object(App\Controllers\Kelas))
12 SYSTEMPATH\CodeIgniter.php(351): CodeIgniter\CodeIgniter->handleRequest(null, Object(Config\Cache), false)
13 FCPATH\index.php(67): CodeIgniter\CodeIgniter->run()
CRITICAL - 2022-12-01 07:37:55 --> Too few arguments to function App\Controllers\Kelas::add_anggota_kelas(), 1 passed in C:\xampp\htdocs\siakad2\vendor\codeigniter4\framework\system\CodeIgniter.php on line 927 and exactly 2 expected
in APPPATH\Controllers\Kelas.php on line 91.
 1 SYSTEMPATH\CodeIgniter.php(927): App\Controllers\Kelas->add_anggota_kelas('12')
 2 SYSTEMPATH\CodeIgniter.php(482): CodeIgniter\CodeIgniter->runController(Object(App\Controllers\Kelas))
 3 SYSTEMPATH\CodeIgniter.php(351): CodeIgniter\CodeIgniter->handleRequest(null, Object(Config\Cache), false)
 4 FCPATH\index.php(67): CodeIgniter\CodeIgniter->run()
CRITICAL - 2022-12-01 07:39:20 --> Too few arguments to function App\Controllers\Kelas::add_anggota_kelas(), 1 passed in C:\xampp\htdocs\siakad2\vendor\codeigniter4\framework\system\CodeIgniter.php on line 927 and exactly 2 expected
in APPPATH\Controllers\Kelas.php on line 91.
 1 SYSTEMPATH\CodeIgniter.php(927): App\Controllers\Kelas->add_anggota_kelas('12')
 2 SYSTEMPATH\CodeIgniter.php(482): CodeIgniter\CodeIgniter->runController(Object(App\Controllers\Kelas))
 3 SYSTEMPATH\CodeIgniter.php(351): CodeIgniter\CodeIgniter->handleRequest(null, Object(Config\Cache), false)
 4 FCPATH\index.php(67): CodeIgniter\CodeIgniter->run()
CRITICAL - 2022-12-01 08:06:17 --> Invalid file: master/setting/v_set_ta.php
in SYSTEMPATH\Exceptions\FrameworkException.php on line 33.
 1 SYSTEMPATH\View\View.php(201): CodeIgniter\Exceptions\FrameworkException::forInvalidFile('master/setting/v_set_ta.php')
 2 SYSTEMPATH\Common.php(1134): CodeIgniter\View\View->render('master/setting/v_set_ta', [], true)
 3 APPPATH\Views\tampilan.php(232): view('master/setting/v_set_ta')
 4 SYSTEMPATH\View\View.php(213): include('APPPATH\\Views\\tampilan.php')
 5 SYSTEMPATH\View\View.php(216): CodeIgniter\View\View->CodeIgniter\View\{closure}()
 6 SYSTEMPATH\Common.php(1134): CodeIgniter\View\View->render('tampilan', [], true)
 7 APPPATH\Controllers\Ta.php(60): view('tampilan', [...])
 8 SYSTEMPATH\CodeIgniter.php(927): App\Controllers\Ta->setting()
 9 SYSTEMPATH\CodeIgniter.php(482): CodeIgniter\CodeIgniter->runController(Object(App\Controllers\Ta))
10 SYSTEMPATH\CodeIgniter.php(351): CodeIgniter\CodeIgniter->handleRequest(null, Object(Config\Cache), false)
11 FCPATH\index.php(67): CodeIgniter\CodeIgniter->run()
CRITICAL - 2022-12-01 09:36:21 --> Array to string conversion
in APPPATH\Views\tampilan.php on line 224.
 1 APPPATH\Views\tampilan.php(224): CodeIgniter\Debug\Exceptions->errorHandler(8, 'Array to string conversion', 'APPPATH\\Views\\tampilan.php', 224, [...])
 2 SYSTEMPATH\View\View.php(213): include('APPPATH\\Views\\tampilan.php')
 3 SYSTEMPATH\View\View.php(216): CodeIgniter\View\View->CodeIgniter\View\{closure}()
 4 SYSTEMPATH\Common.php(1134): CodeIgniter\View\View->render('tampilan', [], true)
 5 APPPATH\Controllers\JadwalTk.php(22): view('tampilan', [...])
 6 SYSTEMPATH\CodeIgniter.php(927): App\Controllers\JadwalTk->index()
 7 SYSTEMPATH\CodeIgniter.php(482): CodeIgniter\CodeIgniter->runController(Object(App\Controllers\JadwalTk))
 8 SYSTEMPATH\CodeIgniter.php(351): CodeIgniter\CodeIgniter->handleRequest(null, Object(Config\Cache), false)
 9 FCPATH\index.php(67): CodeIgniter\CodeIgniter->run()
CRITICAL - 2022-12-01 09:36:28 --> Undefined variable: ta_aktif
in APPPATH\Views\tampilan.php on line 224.
 1 APPPATH\Views\tampilan.php(224): CodeIgniter\Debug\Exceptions->errorHandler(8, 'Undefined variable: ta_aktif', 'APPPATH\\Views\\tampilan.php', 224, [...])
 2 SYSTEMPATH\View\View.php(213): include('APPPATH\\Views\\tampilan.php')
 3 SYSTEMPATH\View\View.php(216): CodeIgniter\View\View->CodeIgniter\View\{closure}()
 4 SYSTEMPATH\Common.php(1134): CodeIgniter\View\View->render('tampilan', [], true)
 5 APPPATH\Controllers\Admin.php(19): view('tampilan', [...])
 6 SYSTEMPATH\CodeIgniter.php(927): App\Controllers\Admin->index()
 7 SYSTEMPATH\CodeIgniter.php(482): CodeIgniter\CodeIgniter->runController(Object(App\Controllers\Admin))
 8 SYSTEMPATH\CodeIgniter.php(351): CodeIgniter\CodeIgniter->handleRequest(null, Object(Config\Cache), false)
 9 FCPATH\index.php(67): CodeIgniter\CodeIgniter->run()
CRITICAL - 2022-12-01 09:37:01 --> Undefined variable: ta_aktif
in APPPATH\Views\tampilan.php on line 225.
 1 APPPATH\Views\tampilan.php(225): CodeIgniter\Debug\Exceptions->errorHandler(8, 'Undefined variable: ta_aktif', 'APPPATH\\Views\\tampilan.php', 225, [...])
 2 SYSTEMPATH\View\View.php(213): include('APPPATH\\Views\\tampilan.php')
 3 SYSTEMPATH\View\View.php(216): CodeIgniter\View\View->CodeIgniter\View\{closure}()
 4 SYSTEMPATH\Common.php(1134): CodeIgniter\View\View->render('tampilan', [], true)
 5 APPPATH\Controllers\Admin.php(19): view('tampilan', [...])
 6 SYSTEMPATH\CodeIgniter.php(927): App\Controllers\Admin->index()
 7 SYSTEMPATH\CodeIgniter.php(482): CodeIgniter\CodeIgniter->runController(Object(App\Controllers\Admin))
 8 SYSTEMPATH\CodeIgniter.php(351): CodeIgniter\CodeIgniter->handleRequest(null, Object(Config\Cache), false)
 9 FCPATH\index.php(67): CodeIgniter\CodeIgniter->run()
CRITICAL - 2022-12-01 09:37:02 --> Undefined variable: ta_aktif
in APPPATH\Views\tampilan.php on line 225.
 1 APPPATH\Views\tampilan.php(225): CodeIgniter\Debug\Exceptions->errorHandler(8, 'Undefined variable: ta_aktif', 'APPPATH\\Views\\tampilan.php', 225, [...])
 2 SYSTEMPATH\View\View.php(213): include('APPPATH\\Views\\tampilan.php')
 3 SYSTEMPATH\View\View.php(216): CodeIgniter\View\View->CodeIgniter\View\{closure}()
 4 SYSTEMPATH\Common.php(1134): CodeIgniter\View\View->render('tampilan', [], true)
 5 APPPATH\Controllers\Admin.php(19): view('tampilan', [...])
 6 SYSTEMPATH\CodeIgniter.php(927): App\Controllers\Admin->index()
 7 SYSTEMPATH\CodeIgniter.php(482): CodeIgniter\CodeIgniter->runController(Object(App\Controllers\Admin))
 8 SYSTEMPATH\CodeIgniter.php(351): CodeIgniter\CodeIgniter->handleRequest(null, Object(Config\Cache), false)
 9 FCPATH\index.php(67): CodeIgniter\CodeIgniter->run()
CRITICAL - 2022-12-01 09:37:33 --> Undefined variable: ta_aktif
in APPPATH\Views\tampilan.php on line 225.
 1 APPPATH\Views\tampilan.php(225): CodeIgniter\Debug\Exceptions->errorHandler(8, 'Undefined variable: ta_aktif', 'APPPATH\\Views\\tampilan.php', 225, [...])
 2 SYSTEMPATH\View\View.php(213): include('APPPATH\\Views\\tampilan.php')
 3 SYSTEMPATH\View\View.php(216): CodeIgniter\View\View->CodeIgniter\View\{closure}()
 4 SYSTEMPATH\Common.php(1134): CodeIgniter\View\View->render('tampilan', [], true)
 5 APPPATH\Controllers\Admin.php(19): view('tampilan', [...])
 6 SYSTEMPATH\CodeIgniter.php(927): App\Controllers\Admin->index()
 7 SYSTEMPATH\CodeIgniter.php(482): CodeIgniter\CodeIgniter->runController(Object(App\Controllers\Admin))
 8 SYSTEMPATH\CodeIgniter.php(351): CodeIgniter\CodeIgniter->handleRequest(null, Object(Config\Cache), false)
 9 FCPATH\index.php(67): CodeIgniter\CodeIgniter->run()
CRITICAL - 2022-12-01 23:31:01 --> Too few arguments to function App\Models\ModelProdi::detail_Data(), 0 passed in C:\xampp\htdocs\siakad2\app\Controllers\JadwalTk.php on line 34 and exactly 1 expected
in APPPATH\Models\ModelProdi.php on line 13.
 1 APPPATH\Controllers\JadwalTk.php(34): App\Models\ModelProdi->detail_Data()
 2 SYSTEMPATH\CodeIgniter.php(927): App\Controllers\JadwalTk->detail_jadwal('2')
 3 SYSTEMPATH\CodeIgniter.php(482): CodeIgniter\CodeIgniter->runController(Object(App\Controllers\JadwalTk))
 4 SYSTEMPATH\CodeIgniter.php(351): CodeIgniter\CodeIgniter->handleRequest(null, Object(Config\Cache), false)
 5 FCPATH\index.php(67): CodeIgniter\CodeIgniter->run()
CRITICAL - 2022-12-01 23:31:28 --> Too few arguments to function App\Models\ModelProdi::detail_Data(), 0 passed in C:\xampp\htdocs\siakad2\app\Controllers\JadwalTk.php on line 34 and exactly 1 expected
in APPPATH\Models\ModelProdi.php on line 13.
 1 APPPATH\Controllers\JadwalTk.php(34): App\Models\ModelProdi->detail_Data()
 2 SYSTEMPATH\CodeIgniter.php(927): App\Controllers\JadwalTk->detail_jadwal('2')
 3 SYSTEMPATH\CodeIgniter.php(482): CodeIgniter\CodeIgniter->runController(Object(App\Controllers\JadwalTk))
 4 SYSTEMPATH\CodeIgniter.php(351): CodeIgniter\CodeIgniter->handleRequest(null, Object(Config\Cache), false)
 5 FCPATH\index.php(67): CodeIgniter\CodeIgniter->run()
CRITICAL - 2022-12-01 23:31:29 --> Undefined index: id_prodi
in APPPATH\Views\jadwaltk\v_jadwal.php on line 27.
 1 APPPATH\Views\jadwaltk\v_jadwal.php(27): CodeIgniter\Debug\Exceptions->errorHandler(8, 'Undefined index: id_prodi', 'APPPATH\\Views\\jadwaltk\\v_jadwal.php', 27, [...])
 2 SYSTEMPATH\View\View.php(213): include('APPPATH\\Views\\jadwaltk\\v_jadwal.php')
 3 SYSTEMPATH\View\View.php(216): CodeIgniter\View\View->CodeIgniter\View\{closure}()
 4 SYSTEMPATH\Common.php(1134): CodeIgniter\View\View->render('jadwaltk/v_jadwal', [], true)
 5 APPPATH\Views\tampilan.php(239): view('jadwaltk/v_jadwal')
 6 SYSTEMPATH\View\View.php(213): include('APPPATH\\Views\\tampilan.php')
 7 SYSTEMPATH\View\View.php(216): CodeIgniter\View\View->CodeIgniter\View\{closure}()
 8 SYSTEMPATH\Common.php(1134): CodeIgniter\View\View->render('tampilan', [], true)
 9 APPPATH\Controllers\JadwalTk.php(25): view('tampilan', [...])
10 SYSTEMPATH\CodeIgniter.php(927): App\Controllers\JadwalTk->index()
11 SYSTEMPATH\CodeIgniter.php(482): CodeIgniter\CodeIgniter->runController(Object(App\Controllers\JadwalTk))
12 SYSTEMPATH\CodeIgniter.php(351): CodeIgniter\CodeIgniter->handleRequest(null, Object(Config\Cache), false)
13 FCPATH\index.php(67): CodeIgniter\CodeIgniter->run()
CRITICAL - 2022-12-01 23:31:31 --> Undefined index: id_prodi
in APPPATH\Views\jadwaltk\v_jadwal.php on line 27.
 1 APPPATH\Views\jadwaltk\v_jadwal.php(27): CodeIgniter\Debug\Exceptions->errorHandler(8, 'Undefined index: id_prodi', 'APPPATH\\Views\\jadwaltk\\v_jadwal.php', 27, [...])
 2 SYSTEMPATH\View\View.php(213): include('APPPATH\\Views\\jadwaltk\\v_jadwal.php')
 3 SYSTEMPATH\View\View.php(216): CodeIgniter\View\View->CodeIgniter\View\{closure}()
 4 SYSTEMPATH\Common.php(1134): CodeIgniter\View\View->render('jadwaltk/v_jadwal', [], true)
 5 APPPATH\Views\tampilan.php(239): view('jadwaltk/v_jadwal')
 6 SYSTEMPATH\View\View.php(213): include('APPPATH\\Views\\tampilan.php')
 7 SYSTEMPATH\View\View.php(216): CodeIgniter\View\View->CodeIgniter\View\{closure}()
 8 SYSTEMPATH\Common.php(1134): CodeIgniter\View\View->render('tampilan', [], true)
 9 APPPATH\Controllers\JadwalTk.php(25): view('tampilan', [...])
10 SYSTEMPATH\CodeIgniter.php(927): App\Controllers\JadwalTk->index()
11 SYSTEMPATH\CodeIgniter.php(482): CodeIgniter\CodeIgniter->runController(Object(App\Controllers\JadwalTk))
12 SYSTEMPATH\CodeIgniter.php(351): CodeIgniter\CodeIgniter->handleRequest(null, Object(Config\Cache), false)
13 FCPATH\index.php(67): CodeIgniter\CodeIgniter->run()
CRITICAL - 2022-12-01 23:31:39 --> Too few arguments to function App\Models\ModelProdi::detail_Data(), 0 passed in C:\xampp\htdocs\siakad2\app\Controllers\JadwalTk.php on line 34 and exactly 1 expected
in APPPATH\Models\ModelProdi.php on line 13.
 1 APPPATH\Controllers\JadwalTk.php(34): App\Models\ModelProdi->detail_Data()
 2 SYSTEMPATH\CodeIgniter.php(927): App\Controllers\JadwalTk->detail_jadwal('2')
 3 SYSTEMPATH\CodeIgniter.php(482): CodeIgniter\CodeIgniter->runController(Object(App\Controllers\JadwalTk))
 4 SYSTEMPATH\CodeIgniter.php(351): CodeIgniter\CodeIgniter->handleRequest(null, Object(Config\Cache), false)
 5 FCPATH\index.php(67): CodeIgniter\CodeIgniter->run()
