CRITICAL - 2023-01-08 01:16:34 --> Undefined property: App\Controllers\Laporan::$laporanmodel
in APPPATH\Controllers\Laporan.php on line 18.
 1 APPPATH\Controllers\Laporan.php(18): CodeIgniter\Debug\Exceptions->errorHandler(8, 'Undefined property: App\\Controllers\\Laporan::$laporanmodel', 'APPPATH\\Controllers\\Laporan.php', 18, [...])
 2 SYSTEMPATH\CodeIgniter.php(925): App\Controllers\Laporan->index()
 3 SYSTEMPATH\CodeIgniter.php(480): CodeIgniter\CodeIgniter->runController(Object(App\Controllers\Laporan))
 4 SYSTEMPATH\CodeIgniter.php(349): CodeIgniter\CodeIgniter->handleRequest(null, Object(Config\Cache), false)
 5 FCPATH\index.php(67): CodeIgniter\CodeIgniter->run()
CRITICAL - 2023-01-08 01:17:17 --> Undefined property: App\Controllers\Laporan::$laporanmodel
in APPPATH\Controllers\Laporan.php on line 20.
 1 APPPATH\Controllers\Laporan.php(20): CodeIgniter\Debug\Exceptions->errorHandler(8, 'Undefined property: App\\Controllers\\Laporan::$laporanmodel', 'APPPATH\\Controllers\\Laporan.php', 20, [...])
 2 SYSTEMPATH\CodeIgniter.php(925): App\Controllers\Laporan->index()
 3 SYSTEMPATH\CodeIgniter.php(480): CodeIgniter\CodeIgniter->runController(Object(App\Controllers\Laporan))
 4 SYSTEMPATH\CodeIgniter.php(349): CodeIgniter\CodeIgniter->handleRequest(null, Object(Config\Cache), false)
 5 FCPATH\index.php(67): CodeIgniter\CodeIgniter->run()
CRITICAL - 2023-01-08 01:18:02 --> Undefined property: App\Controllers\Laporan::$laporanmodel
in APPPATH\Controllers\Laporan.php on line 20.
 1 APPPATH\Controllers\Laporan.php(20): CodeIgniter\Debug\Exceptions->errorHandler(8, 'Undefined property: App\\Controllers\\Laporan::$laporanmodel', 'APPPATH\\Controllers\\Laporan.php', 20, [...])
 2 SYSTEMPATH\CodeIgniter.php(925): App\Controllers\Laporan->index()
 3 SYSTEMPATH\CodeIgniter.php(480): CodeIgniter\CodeIgniter->runController(Object(App\Controllers\Laporan))
 4 SYSTEMPATH\CodeIgniter.php(349): CodeIgniter\CodeIgniter->handleRequest(null, Object(Config\Cache), false)
 5 FCPATH\index.php(67): CodeIgniter\CodeIgniter->run()
CRITICAL - 2023-01-08 01:18:23 --> You must set the database table to be used with your query.
in SYSTEMPATH\Database\BaseConnection.php on line 845.
 1 SYSTEMPATH\Model.php(611): CodeIgniter\Database\BaseConnection->table(null)
 2 SYSTEMPATH\Model.php(797): CodeIgniter\Model->builder()
 3 APPPATH\Models\LaporanModel.php(10): CodeIgniter\Model->__call('table', [...])
 4 APPPATH\Controllers\Laporan.php(20): App\Models\LaporanModel->search('1234')
 5 SYSTEMPATH\CodeIgniter.php(925): App\Controllers\Laporan->index()
 6 SYSTEMPATH\CodeIgniter.php(480): CodeIgniter\CodeIgniter->runController(Object(App\Controllers\Laporan))
 7 SYSTEMPATH\CodeIgniter.php(349): CodeIgniter\CodeIgniter->handleRequest(null, Object(Config\Cache), false)
 8 FCPATH\index.php(67): CodeIgniter\CodeIgniter->run()
CRITICAL - 2023-01-08 01:18:34 --> You must set the database table to be used with your query.
in SYSTEMPATH\Database\BaseConnection.php on line 845.
 1 SYSTEMPATH\Model.php(611): CodeIgniter\Database\BaseConnection->table(null)
 2 SYSTEMPATH\Model.php(797): CodeIgniter\Model->builder()
 3 APPPATH\Models\LaporanModel.php(10): CodeIgniter\Model->__call('table', [...])
 4 APPPATH\Controllers\Laporan.php(20): App\Models\LaporanModel->search('1234')
 5 SYSTEMPATH\CodeIgniter.php(925): App\Controllers\Laporan->index()
 6 SYSTEMPATH\CodeIgniter.php(480): CodeIgniter\CodeIgniter->runController(Object(App\Controllers\Laporan))
 7 SYSTEMPATH\CodeIgniter.php(349): CodeIgniter\CodeIgniter->handleRequest(null, Object(Config\Cache), false)
 8 FCPATH\index.php(67): CodeIgniter\CodeIgniter->run()
CRITICAL - 2023-01-08 07:41:23 --> Undefined variable: id_siswa
in APPPATH\Controllers\Laporan.php on line 30.
 1 APPPATH\Controllers\Laporan.php(30): CodeIgniter\Debug\Exceptions->errorHandler(8, 'Undefined variable: id_siswa', 'APPPATH\\Controllers\\Laporan.php', 30, [])
 2 SYSTEMPATH\CodeIgniter.php(925): App\Controllers\Laporan->index()
 3 SYSTEMPATH\CodeIgniter.php(480): CodeIgniter\CodeIgniter->runController(Object(App\Controllers\Laporan))
 4 SYSTEMPATH\CodeIgniter.php(349): CodeIgniter\CodeIgniter->handleRequest(null, Object(Config\Cache), false)
 5 FCPATH\index.php(67): CodeIgniter\CodeIgniter->run()
CRITICAL - 2023-01-08 07:42:06 --> Undefined index: nama_siswa
in APPPATH\Views\laporan\v_laporan.php on line 44.
 1 APPPATH\Views\laporan\v_laporan.php(44): CodeIgniter\Debug\Exceptions->errorHandler(8, 'Undefined index: nama_siswa', 'APPPATH\\Views\\laporan\\v_laporan.php', 44, [...])
 2 SYSTEMPATH\View\View.php(213): include('APPPATH\\Views\\laporan\\v_laporan.php')
 3 SYSTEMPATH\View\View.php(216): CodeIgniter\View\View->CodeIgniter\View\{closure}()
 4 SYSTEMPATH\Common.php(1135): CodeIgniter\View\View->render('laporan/v_laporan', [], true)
 5 APPPATH\Views\tampilan.php(403): view('laporan/v_laporan')
 6 SYSTEMPATH\View\View.php(213): include('APPPATH\\Views\\tampilan.php')
 7 SYSTEMPATH\View\View.php(216): CodeIgniter\View\View->CodeIgniter\View\{closure}()
 8 SYSTEMPATH\Common.php(1135): CodeIgniter\View\View->render('tampilan', [], true)
 9 APPPATH\Controllers\Laporan.php(33): view('tampilan', [...])
10 SYSTEMPATH\CodeIgniter.php(925): App\Controllers\Laporan->index()
11 SYSTEMPATH\CodeIgniter.php(480): CodeIgniter\CodeIgniter->runController(Object(App\Controllers\Laporan))
12 SYSTEMPATH\CodeIgniter.php(349): CodeIgniter\CodeIgniter->handleRequest(null, Object(Config\Cache), false)
13 FCPATH\index.php(67): CodeIgniter\CodeIgniter->run()
CRITICAL - 2023-01-08 07:43:11 --> Undefined index: password
in APPPATH\Views\laporan\v_laporan.php on line 44.
 1 APPPATH\Views\laporan\v_laporan.php(44): CodeIgniter\Debug\Exceptions->errorHandler(8, 'Undefined index: password', 'APPPATH\\Views\\laporan\\v_laporan.php', 44, [...])
 2 SYSTEMPATH\View\View.php(213): include('APPPATH\\Views\\laporan\\v_laporan.php')
 3 SYSTEMPATH\View\View.php(216): CodeIgniter\View\View->CodeIgniter\View\{closure}()
 4 SYSTEMPATH\Common.php(1135): CodeIgniter\View\View->render('laporan/v_laporan', [], true)
 5 APPPATH\Views\tampilan.php(403): view('laporan/v_laporan')
 6 SYSTEMPATH\View\View.php(213): include('APPPATH\\Views\\tampilan.php')
 7 SYSTEMPATH\View\View.php(216): CodeIgniter\View\View->CodeIgniter\View\{closure}()
 8 SYSTEMPATH\Common.php(1135): CodeIgniter\View\View->render('tampilan', [], true)
 9 APPPATH\Controllers\Laporan.php(33): view('tampilan', [...])
10 SYSTEMPATH\CodeIgniter.php(925): App\Controllers\Laporan->index()
11 SYSTEMPATH\CodeIgniter.php(480): CodeIgniter\CodeIgniter->runController(Object(App\Controllers\Laporan))
12 SYSTEMPATH\CodeIgniter.php(349): CodeIgniter\CodeIgniter->handleRequest(null, Object(Config\Cache), false)
13 FCPATH\index.php(67): CodeIgniter\CodeIgniter->run()
CRITICAL - 2023-01-08 07:45:54 --> Undefined index: nama_siswa
in APPPATH\Views\laporan\v_laporan.php on line 42.
 1 APPPATH\Views\laporan\v_laporan.php(42): CodeIgniter\Debug\Exceptions->errorHandler(8, 'Undefined index: nama_siswa', 'APPPATH\\Views\\laporan\\v_laporan.php', 42, [...])
 2 SYSTEMPATH\View\View.php(213): include('APPPATH\\Views\\laporan\\v_laporan.php')
 3 SYSTEMPATH\View\View.php(216): CodeIgniter\View\View->CodeIgniter\View\{closure}()
 4 SYSTEMPATH\Common.php(1135): CodeIgniter\View\View->render('laporan/v_laporan', [], true)
 5 APPPATH\Views\tampilan.php(403): view('laporan/v_laporan')
 6 SYSTEMPATH\View\View.php(213): include('APPPATH\\Views\\tampilan.php')
 7 SYSTEMPATH\View\View.php(216): CodeIgniter\View\View->CodeIgniter\View\{closure}()
 8 SYSTEMPATH\Common.php(1135): CodeIgniter\View\View->render('tampilan', [], true)
 9 APPPATH\Controllers\Laporan.php(33): view('tampilan', [...])
10 SYSTEMPATH\CodeIgniter.php(925): App\Controllers\Laporan->index()
11 SYSTEMPATH\CodeIgniter.php(480): CodeIgniter\CodeIgniter->runController(Object(App\Controllers\Laporan))
12 SYSTEMPATH\CodeIgniter.php(349): CodeIgniter\CodeIgniter->handleRequest(null, Object(Config\Cache), false)
13 FCPATH\index.php(67): CodeIgniter\CodeIgniter->run()
CRITICAL - 2023-01-08 07:48:13 --> You must set the database table to be used with your query.
in SYSTEMPATH\Database\BaseConnection.php on line 845.
 1 SYSTEMPATH\Model.php(611): CodeIgniter\Database\BaseConnection->table(null)
 2 SYSTEMPATH\Model.php(797): CodeIgniter\Model->builder()
 3 APPPATH\Models\LaporanModel.php(10): CodeIgniter\Model->__call('table', [...])
 4 APPPATH\Controllers\Laporan.php(22): App\Models\LaporanModel->search('4323')
 5 SYSTEMPATH\CodeIgniter.php(925): App\Controllers\Laporan->index()
 6 SYSTEMPATH\CodeIgniter.php(480): CodeIgniter\CodeIgniter->runController(Object(App\Controllers\Laporan))
 7 SYSTEMPATH\CodeIgniter.php(349): CodeIgniter\CodeIgniter->handleRequest(null, Object(Config\Cache), false)
 8 FCPATH\index.php(67): CodeIgniter\CodeIgniter->run()
CRITICAL - 2023-01-08 07:49:58 --> You must set the database table to be used with your query.
in SYSTEMPATH\Database\BaseConnection.php on line 845.
 1 SYSTEMPATH\Model.php(611): CodeIgniter\Database\BaseConnection->table(null)
 2 SYSTEMPATH\Model.php(797): CodeIgniter\Model->builder()
 3 APPPATH\Models\LaporanModel.php(14): CodeIgniter\Model->__call('table', [...])
 4 APPPATH\Controllers\Laporan.php(22): App\Models\LaporanModel->search('4323')
 5 SYSTEMPATH\CodeIgniter.php(925): App\Controllers\Laporan->index()
 6 SYSTEMPATH\CodeIgniter.php(480): CodeIgniter\CodeIgniter->runController(Object(App\Controllers\Laporan))
 7 SYSTEMPATH\CodeIgniter.php(349): CodeIgniter\CodeIgniter->handleRequest(null, Object(Config\Cache), false)
 8 FCPATH\index.php(67): CodeIgniter\CodeIgniter->run()
CRITICAL - 2023-01-08 07:50:08 --> You must set the database table to be used with your query.
in SYSTEMPATH\Database\BaseConnection.php on line 845.
 1 SYSTEMPATH\Model.php(611): CodeIgniter\Database\BaseConnection->table(null)
 2 SYSTEMPATH\Model.php(797): CodeIgniter\Model->builder()
 3 APPPATH\Models\LaporanModel.php(14): CodeIgniter\Model->__call('table', [...])
 4 APPPATH\Controllers\Laporan.php(22): App\Models\LaporanModel->search('1234')
 5 SYSTEMPATH\CodeIgniter.php(925): App\Controllers\Laporan->index()
 6 SYSTEMPATH\CodeIgniter.php(480): CodeIgniter\CodeIgniter->runController(Object(App\Controllers\Laporan))
 7 SYSTEMPATH\CodeIgniter.php(349): CodeIgniter\CodeIgniter->handleRequest(null, Object(Config\Cache), false)
 8 FCPATH\index.php(67): CodeIgniter\CodeIgniter->run()
CRITICAL - 2023-01-08 07:50:35 --> You must set the database table to be used with your query.
in SYSTEMPATH\Database\BaseConnection.php on line 845.
 1 SYSTEMPATH\Model.php(611): CodeIgniter\Database\BaseConnection->table(null)
 2 SYSTEMPATH\Model.php(797): CodeIgniter\Model->builder()
 3 APPPATH\Models\LaporanModel.php(14): CodeIgniter\Model->__call('table', [...])
 4 APPPATH\Controllers\Laporan.php(22): App\Models\LaporanModel->search('1234')
 5 SYSTEMPATH\CodeIgniter.php(925): App\Controllers\Laporan->index()
 6 SYSTEMPATH\CodeIgniter.php(480): CodeIgniter\CodeIgniter->runController(Object(App\Controllers\Laporan))
 7 SYSTEMPATH\CodeIgniter.php(349): CodeIgniter\CodeIgniter->handleRequest(null, Object(Config\Cache), false)
 8 FCPATH\index.php(67): CodeIgniter\CodeIgniter->run()
CRITICAL - 2023-01-08 07:50:58 --> You must set the database table to be used with your query.
in SYSTEMPATH\Database\BaseConnection.php on line 845.
 1 SYSTEMPATH\Model.php(611): CodeIgniter\Database\BaseConnection->table(null)
 2 SYSTEMPATH\Model.php(797): CodeIgniter\Model->builder()
 3 APPPATH\Models\LaporanModel.php(14): CodeIgniter\Model->__call('table', [...])
 4 APPPATH\Controllers\Laporan.php(22): App\Models\LaporanModel->search('1234')
 5 SYSTEMPATH\CodeIgniter.php(925): App\Controllers\Laporan->index()
 6 SYSTEMPATH\CodeIgniter.php(480): CodeIgniter\CodeIgniter->runController(Object(App\Controllers\Laporan))
 7 SYSTEMPATH\CodeIgniter.php(349): CodeIgniter\CodeIgniter->handleRequest(null, Object(Config\Cache), false)
 8 FCPATH\index.php(67): CodeIgniter\CodeIgniter->run()
CRITICAL - 2023-01-08 07:51:10 --> You must set the database table to be used with your query.
in SYSTEMPATH\Database\BaseConnection.php on line 845.
 1 SYSTEMPATH\Model.php(611): CodeIgniter\Database\BaseConnection->table(null)
 2 SYSTEMPATH\Model.php(797): CodeIgniter\Model->builder()
 3 APPPATH\Models\LaporanModel.php(14): CodeIgniter\Model->__call('table', [...])
 4 APPPATH\Controllers\Laporan.php(22): App\Models\LaporanModel->search('1234')
 5 SYSTEMPATH\CodeIgniter.php(925): App\Controllers\Laporan->index()
 6 SYSTEMPATH\CodeIgniter.php(480): CodeIgniter\CodeIgniter->runController(Object(App\Controllers\Laporan))
 7 SYSTEMPATH\CodeIgniter.php(349): CodeIgniter\CodeIgniter->handleRequest(null, Object(Config\Cache), false)
 8 FCPATH\index.php(67): CodeIgniter\CodeIgniter->run()
CRITICAL - 2023-01-08 07:52:36 --> You must set the database table to be used with your query.
in SYSTEMPATH\Database\BaseConnection.php on line 845.
 1 SYSTEMPATH\Model.php(611): CodeIgniter\Database\BaseConnection->table(null)
 2 SYSTEMPATH\Model.php(797): CodeIgniter\Model->builder()
 3 APPPATH\Controllers\Laporan.php(22): CodeIgniter\Model->__call('search', [...])
 4 SYSTEMPATH\CodeIgniter.php(925): App\Controllers\Laporan->index()
 5 SYSTEMPATH\CodeIgniter.php(480): CodeIgniter\CodeIgniter->runController(Object(App\Controllers\Laporan))
 6 SYSTEMPATH\CodeIgniter.php(349): CodeIgniter\CodeIgniter->handleRequest(null, Object(Config\Cache), false)
 7 FCPATH\index.php(67): CodeIgniter\CodeIgniter->run()
CRITICAL - 2023-01-08 07:56:14 --> Undefined index: nama_siswa
in APPPATH\Views\laporan\v_laporan.php on line 43.
 1 APPPATH\Views\laporan\v_laporan.php(43): CodeIgniter\Debug\Exceptions->errorHandler(8, 'Undefined index: nama_siswa', 'APPPATH\\Views\\laporan\\v_laporan.php', 43, [...])
 2 SYSTEMPATH\View\View.php(213): include('APPPATH\\Views\\laporan\\v_laporan.php')
 3 SYSTEMPATH\View\View.php(216): CodeIgniter\View\View->CodeIgniter\View\{closure}()
 4 SYSTEMPATH\Common.php(1135): CodeIgniter\View\View->render('laporan/v_laporan', [], true)
 5 APPPATH\Views\tampilan.php(403): view('laporan/v_laporan')
 6 SYSTEMPATH\View\View.php(213): include('APPPATH\\Views\\tampilan.php')
 7 SYSTEMPATH\View\View.php(216): CodeIgniter\View\View->CodeIgniter\View\{closure}()
 8 SYSTEMPATH\Common.php(1135): CodeIgniter\View\View->render('tampilan', [], true)
 9 APPPATH\Controllers\Laporan.php(34): view('tampilan', [...])
10 SYSTEMPATH\CodeIgniter.php(925): App\Controllers\Laporan->index()
11 SYSTEMPATH\CodeIgniter.php(480): CodeIgniter\CodeIgniter->runController(Object(App\Controllers\Laporan))
12 SYSTEMPATH\CodeIgniter.php(349): CodeIgniter\CodeIgniter->handleRequest(null, Object(Config\Cache), false)
13 FCPATH\index.php(67): CodeIgniter\CodeIgniter->run()
CRITICAL - 2023-01-08 07:58:20 --> You must set the database table to be used with your query.
in SYSTEMPATH\Database\BaseConnection.php on line 845.
 1 SYSTEMPATH\Model.php(611): CodeIgniter\Database\BaseConnection->table(null)
 2 SYSTEMPATH\Model.php(797): CodeIgniter\Model->builder()
 3 APPPATH\Models\LaporanModel.php(14): CodeIgniter\Model->__call('table', [...])
 4 APPPATH\Controllers\Laporan.php(22): App\Models\LaporanModel->search('1234')
 5 SYSTEMPATH\CodeIgniter.php(925): App\Controllers\Laporan->index()
 6 SYSTEMPATH\CodeIgniter.php(480): CodeIgniter\CodeIgniter->runController(Object(App\Controllers\Laporan))
 7 SYSTEMPATH\CodeIgniter.php(349): CodeIgniter\CodeIgniter->handleRequest(null, Object(Config\Cache), false)
 8 FCPATH\index.php(67): CodeIgniter\CodeIgniter->run()
CRITICAL - 2023-01-08 08:26:52 --> Undefined variable: guru
in APPPATH\Views\laporan\v_laporan.php on line 58.
 1 APPPATH\Views\laporan\v_laporan.php(58): CodeIgniter\Debug\Exceptions->errorHandler(8, 'Undefined variable: guru', 'APPPATH\\Views\\laporan\\v_laporan.php', 58, [...])
 2 SYSTEMPATH\View\View.php(213): include('APPPATH\\Views\\laporan\\v_laporan.php')
 3 SYSTEMPATH\View\View.php(216): CodeIgniter\View\View->CodeIgniter\View\{closure}()
 4 SYSTEMPATH\Common.php(1135): CodeIgniter\View\View->render('laporan/v_laporan', [], true)
 5 APPPATH\Views\tampilan.php(403): view('laporan/v_laporan')
 6 SYSTEMPATH\View\View.php(213): include('APPPATH\\Views\\tampilan.php')
 7 SYSTEMPATH\View\View.php(216): CodeIgniter\View\View->CodeIgniter\View\{closure}()
 8 SYSTEMPATH\Common.php(1135): CodeIgniter\View\View->render('tampilan', [], true)
 9 APPPATH\Controllers\Laporan.php(37): view('tampilan', [...])
10 SYSTEMPATH\CodeIgniter.php(925): App\Controllers\Laporan->index()
11 SYSTEMPATH\CodeIgniter.php(480): CodeIgniter\CodeIgniter->runController(Object(App\Controllers\Laporan))
12 SYSTEMPATH\CodeIgniter.php(349): CodeIgniter\CodeIgniter->handleRequest(null, Object(Config\Cache), false)
13 FCPATH\index.php(67): CodeIgniter\CodeIgniter->run()
CRITICAL - 2023-01-08 08:27:04 --> Undefined variable: guru
in APPPATH\Views\laporan\v_laporan.php on line 58.
 1 APPPATH\Views\laporan\v_laporan.php(58): CodeIgniter\Debug\Exceptions->errorHandler(8, 'Undefined variable: guru', 'APPPATH\\Views\\laporan\\v_laporan.php', 58, [...])
 2 SYSTEMPATH\View\View.php(213): include('APPPATH\\Views\\laporan\\v_laporan.php')
 3 SYSTEMPATH\View\View.php(216): CodeIgniter\View\View->CodeIgniter\View\{closure}()
 4 SYSTEMPATH\Common.php(1135): CodeIgniter\View\View->render('laporan/v_laporan', [], true)
 5 APPPATH\Views\tampilan.php(403): view('laporan/v_laporan')
 6 SYSTEMPATH\View\View.php(213): include('APPPATH\\Views\\tampilan.php')
 7 SYSTEMPATH\View\View.php(216): CodeIgniter\View\View->CodeIgniter\View\{closure}()
 8 SYSTEMPATH\Common.php(1135): CodeIgniter\View\View->render('tampilan', [], true)
 9 APPPATH\Controllers\Laporan.php(37): view('tampilan', [...])
10 SYSTEMPATH\CodeIgniter.php(925): App\Controllers\Laporan->index()
11 SYSTEMPATH\CodeIgniter.php(480): CodeIgniter\CodeIgniter->runController(Object(App\Controllers\Laporan))
12 SYSTEMPATH\CodeIgniter.php(349): CodeIgniter\CodeIgniter->handleRequest(null, Object(Config\Cache), false)
13 FCPATH\index.php(67): CodeIgniter\CodeIgniter->run()
CRITICAL - 2023-01-08 08:28:11 --> Undefined index: nama_siswa
in APPPATH\Views\laporan\v_laporan.php on line 25.
 1 APPPATH\Views\laporan\v_laporan.php(25): CodeIgniter\Debug\Exceptions->errorHandler(8, 'Undefined index: nama_siswa', 'APPPATH\\Views\\laporan\\v_laporan.php', 25, [...])
 2 SYSTEMPATH\View\View.php(213): include('APPPATH\\Views\\laporan\\v_laporan.php')
 3 SYSTEMPATH\View\View.php(216): CodeIgniter\View\View->CodeIgniter\View\{closure}()
 4 SYSTEMPATH\Common.php(1135): CodeIgniter\View\View->render('laporan/v_laporan', [], true)
 5 APPPATH\Views\tampilan.php(403): view('laporan/v_laporan')
 6 SYSTEMPATH\View\View.php(213): include('APPPATH\\Views\\tampilan.php')
 7 SYSTEMPATH\View\View.php(216): CodeIgniter\View\View->CodeIgniter\View\{closure}()
 8 SYSTEMPATH\Common.php(1135): CodeIgniter\View\View->render('tampilan', [], true)
 9 APPPATH\Controllers\Laporan.php(37): view('tampilan', [...])
10 SYSTEMPATH\CodeIgniter.php(925): App\Controllers\Laporan->index()
11 SYSTEMPATH\CodeIgniter.php(480): CodeIgniter\CodeIgniter->runController(Object(App\Controllers\Laporan))
12 SYSTEMPATH\CodeIgniter.php(349): CodeIgniter\CodeIgniter->handleRequest(null, Object(Config\Cache), false)
13 FCPATH\index.php(67): CodeIgniter\CodeIgniter->run()
CRITICAL - 2023-01-08 08:28:55 --> Undefined index: kode_guru
in APPPATH\Views\laporan\v_laporan.php on line 79.
 1 APPPATH\Views\laporan\v_laporan.php(79): CodeIgniter\Debug\Exceptions->errorHandler(8, 'Undefined index: kode_guru', 'APPPATH\\Views\\laporan\\v_laporan.php', 79, [...])
 2 SYSTEMPATH\View\View.php(213): include('APPPATH\\Views\\laporan\\v_laporan.php')
 3 SYSTEMPATH\View\View.php(216): CodeIgniter\View\View->CodeIgniter\View\{closure}()
 4 SYSTEMPATH\Common.php(1135): CodeIgniter\View\View->render('laporan/v_laporan', [], true)
 5 APPPATH\Views\tampilan.php(403): view('laporan/v_laporan')
 6 SYSTEMPATH\View\View.php(213): include('APPPATH\\Views\\tampilan.php')
 7 SYSTEMPATH\View\View.php(216): CodeIgniter\View\View->CodeIgniter\View\{closure}()
 8 SYSTEMPATH\Common.php(1135): CodeIgniter\View\View->render('tampilan', [], true)
 9 APPPATH\Controllers\Laporan.php(37): view('tampilan', [...])
10 SYSTEMPATH\CodeIgniter.php(925): App\Controllers\Laporan->index()
11 SYSTEMPATH\CodeIgniter.php(480): CodeIgniter\CodeIgniter->runController(Object(App\Controllers\Laporan))
12 SYSTEMPATH\CodeIgniter.php(349): CodeIgniter\CodeIgniter->handleRequest(null, Object(Config\Cache), false)
13 FCPATH\index.php(67): CodeIgniter\CodeIgniter->run()
CRITICAL - 2023-01-08 08:33:47 --> Undefined index: nama_siswa
in APPPATH\Views\laporan\v_laporan.php on line 35.
 1 APPPATH\Views\laporan\v_laporan.php(35): CodeIgniter\Debug\Exceptions->errorHandler(8, 'Undefined index: nama_siswa', 'APPPATH\\Views\\laporan\\v_laporan.php', 35, [...])
 2 SYSTEMPATH\View\View.php(213): include('APPPATH\\Views\\laporan\\v_laporan.php')
 3 SYSTEMPATH\View\View.php(216): CodeIgniter\View\View->CodeIgniter\View\{closure}()
 4 SYSTEMPATH\Common.php(1135): CodeIgniter\View\View->render('laporan/v_laporan', [], true)
 5 APPPATH\Views\tampilan.php(403): view('laporan/v_laporan')
 6 SYSTEMPATH\View\View.php(213): include('APPPATH\\Views\\tampilan.php')
 7 SYSTEMPATH\View\View.php(216): CodeIgniter\View\View->CodeIgniter\View\{closure}()
 8 SYSTEMPATH\Common.php(1135): CodeIgniter\View\View->render('tampilan', [], true)
 9 APPPATH\Controllers\Laporan.php(38): view('tampilan', [...])
10 SYSTEMPATH\CodeIgniter.php(925): App\Controllers\Laporan->index()
11 SYSTEMPATH\CodeIgniter.php(480): CodeIgniter\CodeIgniter->runController(Object(App\Controllers\Laporan))
12 SYSTEMPATH\CodeIgniter.php(349): CodeIgniter\CodeIgniter->handleRequest(null, Object(Config\Cache), false)
13 FCPATH\index.php(67): CodeIgniter\CodeIgniter->run()
CRITICAL - 2023-01-08 08:37:40 --> Undefined variable: value
in APPPATH\Views\laporan\v_laporan.php on line 13.
 1 APPPATH\Views\laporan\v_laporan.php(13): CodeIgniter\Debug\Exceptions->errorHandler(8, 'Undefined variable: value', 'APPPATH\\Views\\laporan\\v_laporan.php', 13, [...])
 2 SYSTEMPATH\View\View.php(213): include('APPPATH\\Views\\laporan\\v_laporan.php')
 3 SYSTEMPATH\View\View.php(216): CodeIgniter\View\View->CodeIgniter\View\{closure}()
 4 SYSTEMPATH\Common.php(1135): CodeIgniter\View\View->render('laporan/v_laporan', [], true)
 5 APPPATH\Views\tampilan.php(403): view('laporan/v_laporan')
 6 SYSTEMPATH\View\View.php(213): include('APPPATH\\Views\\tampilan.php')
 7 SYSTEMPATH\View\View.php(216): CodeIgniter\View\View->CodeIgniter\View\{closure}()
 8 SYSTEMPATH\Common.php(1135): CodeIgniter\View\View->render('tampilan', [], true)
 9 APPPATH\Controllers\Laporan.php(38): view('tampilan', [...])
10 SYSTEMPATH\CodeIgniter.php(925): App\Controllers\Laporan->index()
11 SYSTEMPATH\CodeIgniter.php(480): CodeIgniter\CodeIgniter->runController(Object(App\Controllers\Laporan))
12 SYSTEMPATH\CodeIgniter.php(349): CodeIgniter\CodeIgniter->handleRequest(null, Object(Config\Cache), false)
13 FCPATH\index.php(67): CodeIgniter\CodeIgniter->run()
CRITICAL - 2023-01-08 08:45:25 --> Trying to access array offset on value of type null
in APPPATH\Controllers\Krs.php on line 84.
 1 APPPATH\Controllers\Krs.php(84): CodeIgniter\Debug\Exceptions->errorHandler(8, 'Trying to access array offset on value of type null', 'APPPATH\\Controllers\\Krs.php', 84, [...])
 2 SYSTEMPATH\CodeIgniter.php(925): App\Controllers\Krs->Print()
 3 SYSTEMPATH\CodeIgniter.php(480): CodeIgniter\CodeIgniter->runController(Object(App\Controllers\Krs))
 4 SYSTEMPATH\CodeIgniter.php(349): CodeIgniter\CodeIgniter->handleRequest(null, Object(Config\Cache), false)
 5 FCPATH\index.php(67): CodeIgniter\CodeIgniter->run()
