CRITICAL - 2022-11-19 04:00:30 --> Invalid file: admin/fakultas.php
in SYSTEMPATH\Exceptions\FrameworkException.php on line 33.
 1 SYSTEMPATH\View\View.php(201): CodeIgniter\Exceptions\FrameworkException::forInvalidFile('admin/fakultas.php')
 2 SYSTEMPATH\Common.php(1134): CodeIgniter\View\View->render('admin/fakultas', [], true)
 3 APPPATH\Controllers\Fakultas.php(18): view('admin/fakultas', [...])
 4 SYSTEMPATH\CodeIgniter.php(927): App\Controllers\Fakultas->index()
 5 SYSTEMPATH\CodeIgniter.php(482): CodeIgniter\CodeIgniter->runController(Object(App\Controllers\Fakultas))
 6 SYSTEMPATH\CodeIgniter.php(351): CodeIgniter\CodeIgniter->handleRequest(null, Object(Config\Cache), false)
 7 FCPATH\index.php(67): CodeIgniter\CodeIgniter->run()
CRITICAL - 2022-11-19 04:17:02 --> Undefined variable: page
in APPPATH\Views\v_admin.php on line 157.
 1 APPPATH\Views\v_admin.php(157): CodeIgniter\Debug\Exceptions->errorHandler(8, 'Undefined variable: page', 'APPPATH\\Views\\v_admin.php', 157, [...])
 2 SYSTEMPATH\View\View.php(213): include('APPPATH\\Views\\v_admin.php')
 3 SYSTEMPATH\View\View.php(216): CodeIgniter\View\View->CodeIgniter\View\{closure}()
 4 SYSTEMPATH\Common.php(1134): CodeIgniter\View\View->render('v_admin', [], true)
 5 APPPATH\Controllers\Admin.php(18): view('v_admin', [...])
 6 SYSTEMPATH\CodeIgniter.php(927): App\Controllers\Admin->index()
 7 SYSTEMPATH\CodeIgniter.php(482): CodeIgniter\CodeIgniter->runController(Object(App\Controllers\Admin))
 8 SYSTEMPATH\CodeIgniter.php(351): CodeIgniter\CodeIgniter->handleRequest(null, Object(Config\Cache), false)
 9 FCPATH\index.php(67): CodeIgniter\CodeIgniter->run()
CRITICAL - 2022-11-19 04:27:05 --> Invalid file: v_dashboard.php
in SYSTEMPATH\Exceptions\FrameworkException.php on line 33.
 1 SYSTEMPATH\View\View.php(201): CodeIgniter\Exceptions\FrameworkException::forInvalidFile('v_dashboard.php')
 2 SYSTEMPATH\Common.php(1134): CodeIgniter\View\View->render('v_dashboard', [], true)
 3 APPPATH\Views\tampilan.php(158): view('v_dashboard')
 4 SYSTEMPATH\View\View.php(213): include('APPPATH\\Views\\tampilan.php')
 5 SYSTEMPATH\View\View.php(216): CodeIgniter\View\View->CodeIgniter\View\{closure}()
 6 SYSTEMPATH\Common.php(1134): CodeIgniter\View\View->render('tampilan', [], true)
 7 APPPATH\Controllers\Admin.php(19): view('tampilan', [...])
 8 SYSTEMPATH\CodeIgniter.php(927): App\Controllers\Admin->index()
 9 SYSTEMPATH\CodeIgniter.php(482): CodeIgniter\CodeIgniter->runController(Object(App\Controllers\Admin))
10 SYSTEMPATH\CodeIgniter.php(351): CodeIgniter\CodeIgniter->handleRequest(null, Object(Config\Cache), false)
11 FCPATH\index.php(67): CodeIgniter\CodeIgniter->run()
CRITICAL - 2022-11-19 04:27:50 --> Invalid file: v_dashboard.php
in SYSTEMPATH\Exceptions\FrameworkException.php on line 33.
 1 SYSTEMPATH\View\View.php(201): CodeIgniter\Exceptions\FrameworkException::forInvalidFile('v_dashboard.php')
 2 SYSTEMPATH\Common.php(1134): CodeIgniter\View\View->render('v_dashboard', [], true)
 3 APPPATH\Views\tampilan.php(158): view('v_dashboard')
 4 SYSTEMPATH\View\View.php(213): include('APPPATH\\Views\\tampilan.php')
 5 SYSTEMPATH\View\View.php(216): CodeIgniter\View\View->CodeIgniter\View\{closure}()
 6 SYSTEMPATH\Common.php(1134): CodeIgniter\View\View->render('tampilan', [], true)
 7 APPPATH\Controllers\Admin.php(19): view('tampilan', [...])
 8 SYSTEMPATH\CodeIgniter.php(927): App\Controllers\Admin->index()
 9 SYSTEMPATH\CodeIgniter.php(482): CodeIgniter\CodeIgniter->runController(Object(App\Controllers\Admin))
10 SYSTEMPATH\CodeIgniter.php(351): CodeIgniter\CodeIgniter->handleRequest(null, Object(Config\Cache), false)
11 FCPATH\index.php(67): CodeIgniter\CodeIgniter->run()
CRITICAL - 2022-11-19 04:28:42 --> Invalid file: v_dashboard.php
in SYSTEMPATH\Exceptions\FrameworkException.php on line 33.
 1 SYSTEMPATH\View\View.php(201): CodeIgniter\Exceptions\FrameworkException::forInvalidFile('v_dashboard.php')
 2 SYSTEMPATH\Common.php(1134): CodeIgniter\View\View->render('v_dashboard', [], true)
 3 APPPATH\Views\tampilan.php(158): view('v_dashboard')
 4 SYSTEMPATH\View\View.php(213): include('APPPATH\\Views\\tampilan.php')
 5 SYSTEMPATH\View\View.php(216): CodeIgniter\View\View->CodeIgniter\View\{closure}()
 6 SYSTEMPATH\Common.php(1134): CodeIgniter\View\View->render('tampilan', [], true)
 7 APPPATH\Controllers\Admin.php(19): view('tampilan', [...])
 8 SYSTEMPATH\CodeIgniter.php(927): App\Controllers\Admin->index()
 9 SYSTEMPATH\CodeIgniter.php(482): CodeIgniter\CodeIgniter->runController(Object(App\Controllers\Admin))
10 SYSTEMPATH\CodeIgniter.php(351): CodeIgniter\CodeIgniter->handleRequest(null, Object(Config\Cache), false)
11 FCPATH\index.php(67): CodeIgniter\CodeIgniter->run()
CRITICAL - 2022-11-19 04:28:57 --> Invalid file: v_dashboard.php
in SYSTEMPATH\Exceptions\FrameworkException.php on line 33.
 1 SYSTEMPATH\View\View.php(201): CodeIgniter\Exceptions\FrameworkException::forInvalidFile('v_dashboard.php')
 2 SYSTEMPATH\Common.php(1134): CodeIgniter\View\View->render('v_dashboard', [], true)
 3 APPPATH\Views\tampilan.php(158): view('v_dashboard')
 4 SYSTEMPATH\View\View.php(213): include('APPPATH\\Views\\tampilan.php')
 5 SYSTEMPATH\View\View.php(216): CodeIgniter\View\View->CodeIgniter\View\{closure}()
 6 SYSTEMPATH\Common.php(1134): CodeIgniter\View\View->render('tampilan', [], true)
 7 APPPATH\Controllers\Admin.php(19): view('tampilan', [...])
 8 SYSTEMPATH\CodeIgniter.php(927): App\Controllers\Admin->index()
 9 SYSTEMPATH\CodeIgniter.php(482): CodeIgniter\CodeIgniter->runController(Object(App\Controllers\Admin))
10 SYSTEMPATH\CodeIgniter.php(351): CodeIgniter\CodeIgniter->handleRequest(null, Object(Config\Cache), false)
11 FCPATH\index.php(67): CodeIgniter\CodeIgniter->run()
CRITICAL - 2022-11-19 04:28:58 --> Invalid file: v_dashboard.php
in SYSTEMPATH\Exceptions\FrameworkException.php on line 33.
 1 SYSTEMPATH\View\View.php(201): CodeIgniter\Exceptions\FrameworkException::forInvalidFile('v_dashboard.php')
 2 SYSTEMPATH\Common.php(1134): CodeIgniter\View\View->render('v_dashboard', [], true)
 3 APPPATH\Views\tampilan.php(158): view('v_dashboard')
 4 SYSTEMPATH\View\View.php(213): include('APPPATH\\Views\\tampilan.php')
 5 SYSTEMPATH\View\View.php(216): CodeIgniter\View\View->CodeIgniter\View\{closure}()
 6 SYSTEMPATH\Common.php(1134): CodeIgniter\View\View->render('tampilan', [], true)
 7 APPPATH\Controllers\Admin.php(19): view('tampilan', [...])
 8 SYSTEMPATH\CodeIgniter.php(927): App\Controllers\Admin->index()
 9 SYSTEMPATH\CodeIgniter.php(482): CodeIgniter\CodeIgniter->runController(Object(App\Controllers\Admin))
10 SYSTEMPATH\CodeIgniter.php(351): CodeIgniter\CodeIgniter->handleRequest(null, Object(Config\Cache), false)
11 FCPATH\index.php(67): CodeIgniter\CodeIgniter->run()
CRITICAL - 2022-11-19 04:29:30 --> Invalid file: v_dashboard.php
in SYSTEMPATH\Exceptions\FrameworkException.php on line 33.
 1 SYSTEMPATH\View\View.php(201): CodeIgniter\Exceptions\FrameworkException::forInvalidFile('v_dashboard.php')
 2 SYSTEMPATH\Common.php(1134): CodeIgniter\View\View->render('v_dashboard', [], true)
 3 APPPATH\Views\tampilan.php(158): view('v_dashboard')
 4 SYSTEMPATH\View\View.php(213): include('APPPATH\\Views\\tampilan.php')
 5 SYSTEMPATH\View\View.php(216): CodeIgniter\View\View->CodeIgniter\View\{closure}()
 6 SYSTEMPATH\Common.php(1134): CodeIgniter\View\View->render('tampilan', [], true)
 7 APPPATH\Controllers\Admin.php(19): view('tampilan', [...])
 8 SYSTEMPATH\CodeIgniter.php(927): App\Controllers\Admin->index()
 9 SYSTEMPATH\CodeIgniter.php(482): CodeIgniter\CodeIgniter->runController(Object(App\Controllers\Admin))
10 SYSTEMPATH\CodeIgniter.php(351): CodeIgniter\CodeIgniter->handleRequest(null, Object(Config\Cache), false)
11 FCPATH\index.php(67): CodeIgniter\CodeIgniter->run()
CRITICAL - 2022-11-19 04:30:45 --> Invalid file: v_dashboard.php
in SYSTEMPATH\Exceptions\FrameworkException.php on line 33.
 1 SYSTEMPATH\View\View.php(201): CodeIgniter\Exceptions\FrameworkException::forInvalidFile('v_dashboard.php')
 2 SYSTEMPATH\Common.php(1134): CodeIgniter\View\View->render('v_dashboard', [], true)
 3 APPPATH\Views\tampilan.php(158): view('v_dashboard')
 4 SYSTEMPATH\View\View.php(213): include('APPPATH\\Views\\tampilan.php')
 5 SYSTEMPATH\View\View.php(216): CodeIgniter\View\View->CodeIgniter\View\{closure}()
 6 SYSTEMPATH\Common.php(1134): CodeIgniter\View\View->render('tampilan', [], true)
 7 APPPATH\Controllers\Admin.php(19): view('tampilan', [...])
 8 SYSTEMPATH\CodeIgniter.php(927): App\Controllers\Admin->index()
 9 SYSTEMPATH\CodeIgniter.php(482): CodeIgniter\CodeIgniter->runController(Object(App\Controllers\Admin))
10 SYSTEMPATH\CodeIgniter.php(351): CodeIgniter\CodeIgniter->handleRequest(null, Object(Config\Cache), false)
11 FCPATH\index.php(67): CodeIgniter\CodeIgniter->run()
CRITICAL - 2022-11-19 04:33:10 --> Invalid file: v_progdi.php
in SYSTEMPATH\Exceptions\FrameworkException.php on line 33.
 1 SYSTEMPATH\View\View.php(201): CodeIgniter\Exceptions\FrameworkException::forInvalidFile('v_progdi.php')
 2 SYSTEMPATH\Common.php(1134): CodeIgniter\View\View->render('v_progdi', [], true)
 3 APPPATH\Views\tampilan.php(158): view('v_progdi')
 4 SYSTEMPATH\View\View.php(213): include('APPPATH\\Views\\tampilan.php')
 5 SYSTEMPATH\View\View.php(216): CodeIgniter\View\View->CodeIgniter\View\{closure}()
 6 SYSTEMPATH\Common.php(1134): CodeIgniter\View\View->render('tampilan', [], true)
 7 APPPATH\Controllers\Progdi.php(19): view('tampilan', [...])
 8 SYSTEMPATH\CodeIgniter.php(927): App\Controllers\Progdi->index()
 9 SYSTEMPATH\CodeIgniter.php(482): CodeIgniter\CodeIgniter->runController(Object(App\Controllers\Progdi))
10 SYSTEMPATH\CodeIgniter.php(351): CodeIgniter\CodeIgniter->handleRequest(null, Object(Config\Cache), false)
11 FCPATH\index.php(67): CodeIgniter\CodeIgniter->run()
CRITICAL - 2022-11-19 04:34:05 --> Invalid file: v_admin.php
in SYSTEMPATH\Exceptions\FrameworkException.php on line 33.
 1 SYSTEMPATH\View\View.php(201): CodeIgniter\Exceptions\FrameworkException::forInvalidFile('v_admin.php')
 2 SYSTEMPATH\Common.php(1134): CodeIgniter\View\View->render('v_admin', [], true)
 3 APPPATH\Views\tampilan.php(158): view('v_admin')
 4 SYSTEMPATH\View\View.php(213): include('APPPATH\\Views\\tampilan.php')
 5 SYSTEMPATH\View\View.php(216): CodeIgniter\View\View->CodeIgniter\View\{closure}()
 6 SYSTEMPATH\Common.php(1134): CodeIgniter\View\View->render('tampilan', [], true)
 7 APPPATH\Controllers\Admin.php(19): view('tampilan', [...])
 8 SYSTEMPATH\CodeIgniter.php(927): App\Controllers\Admin->index()
 9 SYSTEMPATH\CodeIgniter.php(482): CodeIgniter\CodeIgniter->runController(Object(App\Controllers\Admin))
10 SYSTEMPATH\CodeIgniter.php(351): CodeIgniter\CodeIgniter->handleRequest(null, Object(Config\Cache), false)
11 FCPATH\index.php(67): CodeIgniter\CodeIgniter->run()
