CRITICAL - 2022-11-29 07:04:41 --> Undefined index: user
in APPPATH\Views\setting\v_user.php on line 150.
 1 APPPATH\Views\setting\v_user.php(150): CodeIgniter\Debug\Exceptions->errorHandler(8, 'Undefined index: user', 'APPPATH\\Views\\setting\\v_user.php', 150, [...])
 2 SYSTEMPATH\View\View.php(213): include('APPPATH\\Views\\setting\\v_user.php')
 3 SYSTEMPATH\View\View.php(216): CodeIgniter\View\View->CodeIgniter\View\{closure}()
 4 SYSTEMPATH\Common.php(1134): CodeIgniter\View\View->render('setting/v_user', [], true)
 5 APPPATH\Views\tampilan.php(226): view('setting/v_user')
 6 SYSTEMPATH\View\View.php(213): include('APPPATH\\Views\\tampilan.php')
 7 SYSTEMPATH\View\View.php(216): CodeIgniter\View\View->CodeIgniter\View\{closure}()
 8 SYSTEMPATH\Common.php(1134): CodeIgniter\View\View->render('tampilan', [], true)
 9 APPPATH\Controllers\User.php(24): view('tampilan', [...])
10 SYSTEMPATH\CodeIgniter.php(927): App\Controllers\User->index()
11 SYSTEMPATH\CodeIgniter.php(482): CodeIgniter\CodeIgniter->runController(Object(App\Controllers\User))
12 SYSTEMPATH\CodeIgniter.php(351): CodeIgniter\CodeIgniter->handleRequest(null, Object(Config\Cache), false)
13 FCPATH\index.php(67): CodeIgniter\CodeIgniter->run()
CRITICAL - 2022-11-29 07:35:09 --> Undefined index: user
in APPPATH\Views\setting\v_user.php on line 196.
 1 APPPATH\Views\setting\v_user.php(196): CodeIgniter\Debug\Exceptions->errorHandler(8, 'Undefined index: user', 'APPPATH\\Views\\setting\\v_user.php', 196, [...])
 2 SYSTEMPATH\View\View.php(213): include('APPPATH\\Views\\setting\\v_user.php')
 3 SYSTEMPATH\View\View.php(216): CodeIgniter\View\View->CodeIgniter\View\{closure}()
 4 SYSTEMPATH\Common.php(1134): CodeIgniter\View\View->render('setting/v_user', [], true)
 5 APPPATH\Views\tampilan.php(226): view('setting/v_user')
 6 SYSTEMPATH\View\View.php(213): include('APPPATH\\Views\\tampilan.php')
 7 SYSTEMPATH\View\View.php(216): CodeIgniter\View\View->CodeIgniter\View\{closure}()
 8 SYSTEMPATH\Common.php(1134): CodeIgniter\View\View->render('tampilan', [], true)
 9 APPPATH\Controllers\User.php(24): view('tampilan', [...])
10 SYSTEMPATH\CodeIgniter.php(927): App\Controllers\User->index()
11 SYSTEMPATH\CodeIgniter.php(482): CodeIgniter\CodeIgniter->runController(Object(App\Controllers\User))
12 SYSTEMPATH\CodeIgniter.php(351): CodeIgniter\CodeIgniter->handleRequest(null, Object(Config\Cache), false)
13 FCPATH\index.php(67): CodeIgniter\CodeIgniter->run()
CRITICAL - 2022-11-29 20:25:05 --> Invalid file: setting/v_guru.php
in SYSTEMPATH\Exceptions\FrameworkException.php on line 33.
 1 SYSTEMPATH\View\View.php(201): CodeIgniter\Exceptions\FrameworkException::forInvalidFile('setting/v_guru.php')
 2 SYSTEMPATH\Common.php(1134): CodeIgniter\View\View->render('setting/v_guru', [], true)
 3 APPPATH\Views\tampilan.php(226): view('setting/v_guru')
 4 SYSTEMPATH\View\View.php(213): include('APPPATH\\Views\\tampilan.php')
 5 SYSTEMPATH\View\View.php(216): CodeIgniter\View\View->CodeIgniter\View\{closure}()
 6 SYSTEMPATH\Common.php(1134): CodeIgniter\View\View->render('tampilan', [], true)
 7 APPPATH\Controllers\Guru.php(19): view('tampilan', [...])
 8 SYSTEMPATH\CodeIgniter.php(927): App\Controllers\Guru->index()
 9 SYSTEMPATH\CodeIgniter.php(482): CodeIgniter\CodeIgniter->runController(Object(App\Controllers\Guru))
10 SYSTEMPATH\CodeIgniter.php(351): CodeIgniter\CodeIgniter->handleRequest(null, Object(Config\Cache), false)
11 FCPATH\index.php(67): CodeIgniter\CodeIgniter->run()
CRITICAL - 2022-11-29 20:25:16 --> Invalid file: guru/v_guru.php
in SYSTEMPATH\Exceptions\FrameworkException.php on line 33.
 1 SYSTEMPATH\View\View.php(201): CodeIgniter\Exceptions\FrameworkException::forInvalidFile('guru/v_guru.php')
 2 SYSTEMPATH\Common.php(1134): CodeIgniter\View\View->render('guru/v_guru', [], true)
 3 APPPATH\Views\tampilan.php(226): view('guru/v_guru')
 4 SYSTEMPATH\View\View.php(213): include('APPPATH\\Views\\tampilan.php')
 5 SYSTEMPATH\View\View.php(216): CodeIgniter\View\View->CodeIgniter\View\{closure}()
 6 SYSTEMPATH\Common.php(1134): CodeIgniter\View\View->render('tampilan', [], true)
 7 APPPATH\Controllers\Guru.php(19): view('tampilan', [...])
 8 SYSTEMPATH\CodeIgniter.php(927): App\Controllers\Guru->index()
 9 SYSTEMPATH\CodeIgniter.php(482): CodeIgniter\CodeIgniter->runController(Object(App\Controllers\Guru))
10 SYSTEMPATH\CodeIgniter.php(351): CodeIgniter\CodeIgniter->handleRequest(null, Object(Config\Cache), false)
11 FCPATH\index.php(67): CodeIgniter\CodeIgniter->run()
CRITICAL - 2022-11-29 20:25:24 --> Invalid file: guru/v_guru.php
in SYSTEMPATH\Exceptions\FrameworkException.php on line 33.
 1 SYSTEMPATH\View\View.php(201): CodeIgniter\Exceptions\FrameworkException::forInvalidFile('guru/v_guru.php')
 2 SYSTEMPATH\Common.php(1134): CodeIgniter\View\View->render('guru/v_guru', [], true)
 3 APPPATH\Views\tampilan.php(226): view('guru/v_guru')
 4 SYSTEMPATH\View\View.php(213): include('APPPATH\\Views\\tampilan.php')
 5 SYSTEMPATH\View\View.php(216): CodeIgniter\View\View->CodeIgniter\View\{closure}()
 6 SYSTEMPATH\Common.php(1134): CodeIgniter\View\View->render('tampilan', [], true)
 7 APPPATH\Controllers\Guru.php(19): view('tampilan', [...])
 8 SYSTEMPATH\CodeIgniter.php(927): App\Controllers\Guru->index()
 9 SYSTEMPATH\CodeIgniter.php(482): CodeIgniter\CodeIgniter->runController(Object(App\Controllers\Guru))
10 SYSTEMPATH\CodeIgniter.php(351): CodeIgniter\CodeIgniter->handleRequest(null, Object(Config\Cache), false)
11 FCPATH\index.php(67): CodeIgniter\CodeIgniter->run()
CRITICAL - 2022-11-29 20:26:31 --> Invalid file: guru/v_index.php
in SYSTEMPATH\Exceptions\FrameworkException.php on line 33.
 1 SYSTEMPATH\View\View.php(201): CodeIgniter\Exceptions\FrameworkException::forInvalidFile('guru/v_index.php')
 2 SYSTEMPATH\Common.php(1134): CodeIgniter\View\View->render('guru/v_index', [], true)
 3 APPPATH\Views\tampilan.php(226): view('guru/v_index')
 4 SYSTEMPATH\View\View.php(213): include('APPPATH\\Views\\tampilan.php')
 5 SYSTEMPATH\View\View.php(216): CodeIgniter\View\View->CodeIgniter\View\{closure}()
 6 SYSTEMPATH\Common.php(1134): CodeIgniter\View\View->render('tampilan', [], true)
 7 APPPATH\Controllers\Guru.php(19): view('tampilan', [...])
 8 SYSTEMPATH\CodeIgniter.php(927): App\Controllers\Guru->index()
 9 SYSTEMPATH\CodeIgniter.php(482): CodeIgniter\CodeIgniter->runController(Object(App\Controllers\Guru))
10 SYSTEMPATH\CodeIgniter.php(351): CodeIgniter\CodeIgniter->handleRequest(null, Object(Config\Cache), false)
11 FCPATH\index.php(67): CodeIgniter\CodeIgniter->run()
CRITICAL - 2022-11-29 20:27:26 --> Invalid file: guru/v_index.php
in SYSTEMPATH\Exceptions\FrameworkException.php on line 33.
 1 SYSTEMPATH\View\View.php(201): CodeIgniter\Exceptions\FrameworkException::forInvalidFile('guru/v_index.php')
 2 SYSTEMPATH\Common.php(1134): CodeIgniter\View\View->render('guru/v_index', [], true)
 3 APPPATH\Views\tampilan.php(226): view('guru/v_index')
 4 SYSTEMPATH\View\View.php(213): include('APPPATH\\Views\\tampilan.php')
 5 SYSTEMPATH\View\View.php(216): CodeIgniter\View\View->CodeIgniter\View\{closure}()
 6 SYSTEMPATH\Common.php(1134): CodeIgniter\View\View->render('tampilan', [], true)
 7 APPPATH\Controllers\Guru.php(19): view('tampilan', [...])
 8 SYSTEMPATH\CodeIgniter.php(927): App\Controllers\Guru->index()
 9 SYSTEMPATH\CodeIgniter.php(482): CodeIgniter\CodeIgniter->runController(Object(App\Controllers\Guru))
10 SYSTEMPATH\CodeIgniter.php(351): CodeIgniter\CodeIgniter->handleRequest(null, Object(Config\Cache), false)
11 FCPATH\index.php(67): CodeIgniter\CodeIgniter->run()
CRITICAL - 2022-11-29 20:57:39 --> Undefined variable: fakultas
in APPPATH\Views\master\guru\v_add.php on line 37.
 1 APPPATH\Views\master\guru\v_add.php(37): CodeIgniter\Debug\Exceptions->errorHandler(8, 'Undefined variable: fakultas', 'APPPATH\\Views\\master\\guru\\v_add.php', 37, [...])
 2 SYSTEMPATH\View\View.php(213): include('APPPATH\\Views\\master\\guru\\v_add.php')
 3 SYSTEMPATH\View\View.php(216): CodeIgniter\View\View->CodeIgniter\View\{closure}()
 4 SYSTEMPATH\Common.php(1134): CodeIgniter\View\View->render('master/guru/v_add', [], true)
 5 APPPATH\Views\tampilan.php(226): view('master/guru/v_add')
 6 SYSTEMPATH\View\View.php(213): include('APPPATH\\Views\\tampilan.php')
 7 SYSTEMPATH\View\View.php(216): CodeIgniter\View\View->CodeIgniter\View\{closure}()
 8 SYSTEMPATH\Common.php(1134): CodeIgniter\View\View->render('tampilan', [], true)
 9 APPPATH\Controllers\Guru.php(35): view('tampilan', [...])
10 SYSTEMPATH\CodeIgniter.php(927): App\Controllers\Guru->add()
11 SYSTEMPATH\CodeIgniter.php(482): CodeIgniter\CodeIgniter->runController(Object(App\Controllers\Guru))
12 SYSTEMPATH\CodeIgniter.php(351): CodeIgniter\CodeIgniter->handleRequest(null, Object(Config\Cache), false)
13 FCPATH\index.php(67): CodeIgniter\CodeIgniter->run()
