CRITICAL - 2023-08-02 22:05:12 --> Trying to access array offset on value of type null
in APPPATH\Views\jadwaltk\detail.php on line 10.
 1 APPPATH\Views\jadwaltk\detail.php(10): CodeIgniter\Debug\Exceptions->errorHandler(8, 'Trying to access array offset on value of type null', 'APPPATH\\Views\\jadwaltk\\detail.php', 10, [...])
 2 SYSTEMPATH\View\View.php(213): include('APPPATH\\Views\\jadwaltk\\detail.php')
 3 SYSTEMPATH\View\View.php(216): CodeIgniter\View\View->CodeIgniter\View\{closure}()
 4 SYSTEMPATH\Common.php(1184): CodeIgniter\View\View->render('jadwaltk/detail', [], true)
 5 APPPATH\Views\tampilan.php(419): view('jadwaltk/detail')
 6 SYSTEMPATH\View\View.php(213): include('APPPATH\\Views\\tampilan.php')
 7 SYSTEMPATH\View\View.php(216): CodeIgniter\View\View->CodeIgniter\View\{closure}()
 8 SYSTEMPATH\Common.php(1184): CodeIgniter\View\View->render('tampilan', [], true)
 9 APPPATH\Controllers\Jadwaltk.php(51): view('tampilan', [...])
10 SYSTEMPATH\CodeIgniter.php(934): App\Controllers\JadwalTk->detail_jadwal('FCPATH\\gambar', 'yayasan.png')
11 SYSTEMPATH\CodeIgniter.php(499): CodeIgniter\CodeIgniter->runController(Object(App\Controllers\JadwalTk))
12 SYSTEMPATH\CodeIgniter.php(368): CodeIgniter\CodeIgniter->handleRequest(null, Object(Config\Cache), false)
13 FCPATH\index.php(67): CodeIgniter\CodeIgniter->run()
CRITICAL - 2023-08-02 22:05:41 --> Trying to access array offset on value of type null
in APPPATH\Views\kelas\v_rincian_kelas.php on line 4.
 1 APPPATH\Views\kelas\v_rincian_kelas.php(4): CodeIgniter\Debug\Exceptions->errorHandler(8, 'Trying to access array offset on value of type null', 'APPPATH\\Views\\kelas\\v_rincian_kelas.php', 4, [...])
 2 SYSTEMPATH\View\View.php(213): include('APPPATH\\Views\\kelas\\v_rincian_kelas.php')
 3 SYSTEMPATH\View\View.php(216): CodeIgniter\View\View->CodeIgniter\View\{closure}()
 4 SYSTEMPATH\Common.php(1184): CodeIgniter\View\View->render('kelas/v_rincian_kelas', [], true)
 5 APPPATH\Views\tampilan.php(419): view('kelas/v_rincian_kelas')
 6 SYSTEMPATH\View\View.php(213): include('APPPATH\\Views\\tampilan.php')
 7 SYSTEMPATH\View\View.php(216): CodeIgniter\View\View->CodeIgniter\View\{closure}()
 8 SYSTEMPATH\Common.php(1184): CodeIgniter\View\View->render('tampilan', [], true)
 9 APPPATH\Controllers\Kelas.php(147): view('tampilan', [...])
10 SYSTEMPATH\CodeIgniter.php(934): App\Controllers\Kelas->rincian_kelas('FCPATH\\gambar', 'yayasan.png')
11 SYSTEMPATH\CodeIgniter.php(499): CodeIgniter\CodeIgniter->runController(Object(App\Controllers\Kelas))
12 SYSTEMPATH\CodeIgniter.php(368): CodeIgniter\CodeIgniter->handleRequest(null, Object(Config\Cache), false)
13 FCPATH\index.php(67): CodeIgniter\CodeIgniter->run()
