CRITICAL - 2022-11-27 09:03:28 --> Undefined variable: ta
in APPPATH\Views\master\v_ta.php on line 38.
 1 APPPATH\Views\master\v_ta.php(38): CodeIgniter\Debug\Exceptions->errorHandler(8, 'Undefined variable: ta', 'APPPATH\\Views\\master\\v_ta.php', 38, [...])
 2 SYSTEMPATH\View\View.php(213): include('APPPATH\\Views\\master\\v_ta.php')
 3 SYSTEMPATH\View\View.php(216): CodeIgniter\View\View->CodeIgniter\View\{closure}()
 4 SYSTEMPATH\Common.php(1134): CodeIgniter\View\View->render('master/v_ta', [], true)
 5 APPPATH\Views\tampilan.php(203): view('master/v_ta')
 6 SYSTEMPATH\View\View.php(213): include('APPPATH\\Views\\tampilan.php')
 7 SYSTEMPATH\View\View.php(216): CodeIgniter\View\View->CodeIgniter\View\{closure}()
 8 SYSTEMPATH\Common.php(1134): CodeIgniter\View\View->render('tampilan', [], true)
 9 APPPATH\Controllers\Ta.php(22): view('tampilan', [...])
10 SYSTEMPATH\CodeIgniter.php(927): App\Controllers\Ta->index()
11 SYSTEMPATH\CodeIgniter.php(482): CodeIgniter\CodeIgniter->runController(Object(App\Controllers\Ta))
12 SYSTEMPATH\CodeIgniter.php(351): CodeIgniter\CodeIgniter->handleRequest(null, Object(Config\Cache), false)
13 FCPATH\index.php(67): CodeIgniter\CodeIgniter->run()
CRITICAL - 2022-11-27 09:04:39 --> Undefined variable: ta
in APPPATH\Views\master\v_ta.php on line 38.
 1 APPPATH\Views\master\v_ta.php(38): CodeIgniter\Debug\Exceptions->errorHandler(8, 'Undefined variable: ta', 'APPPATH\\Views\\master\\v_ta.php', 38, [...])
 2 SYSTEMPATH\View\View.php(213): include('APPPATH\\Views\\master\\v_ta.php')
 3 SYSTEMPATH\View\View.php(216): CodeIgniter\View\View->CodeIgniter\View\{closure}()
 4 SYSTEMPATH\Common.php(1134): CodeIgniter\View\View->render('master/v_ta', [], true)
 5 APPPATH\Views\tampilan.php(203): view('master/v_ta')
 6 SYSTEMPATH\View\View.php(213): include('APPPATH\\Views\\tampilan.php')
 7 SYSTEMPATH\View\View.php(216): CodeIgniter\View\View->CodeIgniter\View\{closure}()
 8 SYSTEMPATH\Common.php(1134): CodeIgniter\View\View->render('tampilan', [], true)
 9 APPPATH\Controllers\Ta.php(22): view('tampilan', [...])
10 SYSTEMPATH\CodeIgniter.php(927): App\Controllers\Ta->index()
11 SYSTEMPATH\CodeIgniter.php(482): CodeIgniter\CodeIgniter->runController(Object(App\Controllers\Ta))
12 SYSTEMPATH\CodeIgniter.php(351): CodeIgniter\CodeIgniter->handleRequest(null, Object(Config\Cache), false)
13 FCPATH\index.php(67): CodeIgniter\CodeIgniter->run()
ERROR - 2022-11-27 09:31:54 --> mysqli_sql_exception: Duplicate entry '6' for key 'PRIMARY' in C:\xampp\htdocs\siakad2\vendor\codeigniter4\framework\system\Database\MySQLi\Connection.php:292
Stack trace:
#0 C:\xampp\htdocs\siakad2\vendor\codeigniter4\framework\system\Database\MySQLi\Connection.php(292): mysqli->query('INSERT INTO `tb...', 0)
#1 C:\xampp\htdocs\siakad2\vendor\codeigniter4\framework\system\Database\BaseConnection.php(666): CodeIgniter\Database\MySQLi\Connection->execute('INSERT INTO `tb...')
#2 C:\xampp\htdocs\siakad2\vendor\codeigniter4\framework\system\Database\BaseConnection.php(593): CodeIgniter\Database\BaseConnection->simpleQuery('INSERT INTO `tb...')
#3 C:\xampp\htdocs\siakad2\vendor\codeigniter4\framework\system\Database\BaseBuilder.php(1916): CodeIgniter\Database\BaseConnection->query('INSERT INTO `tb...', Array, false)
#4 C:\xampp\htdocs\siakad2\app\Models\ModelTa.php(13): CodeIgniter\Database\BaseBuilder->insert(Array)
#5 C:\xampp\htdocs\siakad2\app\Controllers\Ta.php(40): App\Models\ModelTa->add(Array)
#6 C:\xampp\htdocs\siakad2\vendor\codeigniter4\framework\system\CodeIgniter.php(927): App\Controllers\Ta->edit('6')
#7 C:\xampp\htdocs\siakad2\vendor\codeigniter4\framework\system\CodeIgniter.php(482): CodeIgniter\CodeIgniter->runController(Object(App\Controllers\Ta))
#8 C:\xampp\htdocs\siakad2\vendor\codeigniter4\framework\system\CodeIgniter.php(351): CodeIgniter\CodeIgniter->handleRequest(NULL, Object(Config\Cache), false)
#9 C:\xampp\htdocs\siakad2\public\index.php(67): CodeIgniter\CodeIgniter->run()
#10 {main}
CRITICAL - 2022-11-27 09:31:54 --> Duplicate entry '6' for key 'PRIMARY'
in SYSTEMPATH\Database\MySQLi\Connection.php on line 292.
 1 SYSTEMPATH\Database\MySQLi\Connection.php(292): mysqli->query('INSERT INTO `tbl_ta` (`id_ta`, `ta`, `semester`) VALUES (\'6\', \'2022/2023\', \'Ganjil\')', 0)
 2 SYSTEMPATH\Database\BaseConnection.php(666): CodeIgniter\Database\MySQLi\Connection->execute('INSERT INTO `tbl_ta` (`id_ta`, `ta`, `semester`) VALUES (\'6\', \'2022/2023\', \'Ganjil\')')
 3 SYSTEMPATH\Database\BaseConnection.php(593): CodeIgniter\Database\BaseConnection->simpleQuery('INSERT INTO `tbl_ta` (`id_ta`, `ta`, `semester`) VALUES (\'6\', \'2022/2023\', \'Ganjil\')')
 4 SYSTEMPATH\Database\BaseBuilder.php(1916): CodeIgniter\Database\BaseConnection->query('INSERT INTO `tbl_ta` (`id_ta`, `ta`, `semester`) VALUES (:id_ta:, :ta:, :semester:)', [...], false)
 5 APPPATH\Models\ModelTa.php(13): CodeIgniter\Database\BaseBuilder->insert([...])
 6 APPPATH\Controllers\Ta.php(40): App\Models\ModelTa->add([...])
 7 SYSTEMPATH\CodeIgniter.php(927): App\Controllers\Ta->edit('6')
 8 SYSTEMPATH\CodeIgniter.php(482): CodeIgniter\CodeIgniter->runController(Object(App\Controllers\Ta))
 9 SYSTEMPATH\CodeIgniter.php(351): CodeIgniter\CodeIgniter->handleRequest(null, Object(Config\Cache), false)
10 FCPATH\index.php(67): CodeIgniter\CodeIgniter->run()
