CRITICAL - 2023-07-29 10:33:04 --> Trying to access array offset on value of type null
in APPPATH\Views\jadwaltk\detail.php on line 10.
 1 APPPATH\Views\jadwaltk\detail.php(10): CodeIgniter\Debug\Exceptions->errorHandler(8, 'Trying to access array offset on value of type null', 'APPPATH\\Views\\jadwaltk\\detail.php', 10, [...])
 2 SYSTEMPATH\View\View.php(213): include('APPPATH\\Views\\jadwaltk\\detail.php')
 3 SYSTEMPATH\View\View.php(216): CodeIgniter\View\View->CodeIgniter\View\{closure}()
 4 SYSTEMPATH\Common.php(1184): CodeIgniter\View\View->render('jadwaltk/detail', [], true)
 5 APPPATH\Views\tampilan.php(419): view('jadwaltk/detail')
 6 SYSTEMPATH\View\View.php(213): include('APPPATH\\Views\\tampilan.php')
 7 SYSTEMPATH\View\View.php(216): CodeIgniter\View\View->CodeIgniter\View\{closure}()
 8 SYSTEMPATH\Common.php(1184): CodeIgniter\View\View->render('tampilan', [], true)
 9 APPPATH\Controllers\Jadwaltk.php(51): view('tampilan', [...])
10 SYSTEMPATH\CodeIgniter.php(934): App\Controllers\JadwalTk->detail_jadwal('FCPATH\\gambar', 'yayasan.png')
11 SYSTEMPATH\CodeIgniter.php(499): CodeIgniter\CodeIgniter->runController(Object(App\Controllers\JadwalTk))
12 SYSTEMPATH\CodeIgniter.php(368): CodeIgniter\CodeIgniter->handleRequest(null, Object(Config\Cache), false)
13 FCPATH\index.php(67): CodeIgniter\CodeIgniter->run()
CRITICAL - 2023-07-29 10:33:34 --> Trying to access array offset on value of type null
in APPPATH\Views\jadwaltk\detail.php on line 10.
 1 APPPATH\Views\jadwaltk\detail.php(10): CodeIgniter\Debug\Exceptions->errorHandler(8, 'Trying to access array offset on value of type null', 'APPPATH\\Views\\jadwaltk\\detail.php', 10, [...])
 2 SYSTEMPATH\View\View.php(213): include('APPPATH\\Views\\jadwaltk\\detail.php')
 3 SYSTEMPATH\View\View.php(216): CodeIgniter\View\View->CodeIgniter\View\{closure}()
 4 SYSTEMPATH\Common.php(1184): CodeIgniter\View\View->render('jadwaltk/detail', [], true)
 5 APPPATH\Views\tampilan.php(419): view('jadwaltk/detail')
 6 SYSTEMPATH\View\View.php(213): include('APPPATH\\Views\\tampilan.php')
 7 SYSTEMPATH\View\View.php(216): CodeIgniter\View\View->CodeIgniter\View\{closure}()
 8 SYSTEMPATH\Common.php(1184): CodeIgniter\View\View->render('tampilan', [], true)
 9 APPPATH\Controllers\Jadwaltk.php(51): view('tampilan', [...])
10 SYSTEMPATH\CodeIgniter.php(934): App\Controllers\JadwalTk->detail_jadwal('FCPATH\\gambar', 'yayasan.png')
11 SYSTEMPATH\CodeIgniter.php(499): CodeIgniter\CodeIgniter->runController(Object(App\Controllers\JadwalTk))
12 SYSTEMPATH\CodeIgniter.php(368): CodeIgniter\CodeIgniter->handleRequest(null, Object(Config\Cache), false)
13 FCPATH\index.php(67): CodeIgniter\CodeIgniter->run()
CRITICAL - 2023-07-29 10:33:56 --> Trying to access array offset on value of type null
in APPPATH\Views\jadwaltk\detail.php on line 10.
 1 APPPATH\Views\jadwaltk\detail.php(10): CodeIgniter\Debug\Exceptions->errorHandler(8, 'Trying to access array offset on value of type null', 'APPPATH\\Views\\jadwaltk\\detail.php', 10, [...])
 2 SYSTEMPATH\View\View.php(213): include('APPPATH\\Views\\jadwaltk\\detail.php')
 3 SYSTEMPATH\View\View.php(216): CodeIgniter\View\View->CodeIgniter\View\{closure}()
 4 SYSTEMPATH\Common.php(1184): CodeIgniter\View\View->render('jadwaltk/detail', [], true)
 5 APPPATH\Views\tampilan.php(419): view('jadwaltk/detail')
 6 SYSTEMPATH\View\View.php(213): include('APPPATH\\Views\\tampilan.php')
 7 SYSTEMPATH\View\View.php(216): CodeIgniter\View\View->CodeIgniter\View\{closure}()
 8 SYSTEMPATH\Common.php(1184): CodeIgniter\View\View->render('tampilan', [], true)
 9 APPPATH\Controllers\Jadwaltk.php(51): view('tampilan', [...])
10 SYSTEMPATH\CodeIgniter.php(934): App\Controllers\JadwalTk->detail_jadwal('FCPATH\\gambar', 'yayasan.png')
11 SYSTEMPATH\CodeIgniter.php(499): CodeIgniter\CodeIgniter->runController(Object(App\Controllers\JadwalTk))
12 SYSTEMPATH\CodeIgniter.php(368): CodeIgniter\CodeIgniter->handleRequest(null, Object(Config\Cache), false)
13 FCPATH\index.php(67): CodeIgniter\CodeIgniter->run()
CRITICAL - 2023-07-29 10:37:18 --> Trying to access array offset on value of type null
in APPPATH\Views\nilai\v_datanilai.php on line 10.
 1 APPPATH\Views\nilai\v_datanilai.php(10): CodeIgniter\Debug\Exceptions->errorHandler(8, 'Trying to access array offset on value of type null', 'APPPATH\\Views\\nilai\\v_datanilai.php', 10, [...])
 2 SYSTEMPATH\View\View.php(213): include('APPPATH\\Views\\nilai\\v_datanilai.php')
 3 SYSTEMPATH\View\View.php(216): CodeIgniter\View\View->CodeIgniter\View\{closure}()
 4 SYSTEMPATH\Common.php(1184): CodeIgniter\View\View->render('nilai/v_datanilai', [], true)
 5 APPPATH\Views\tampilan.php(419): view('nilai/v_datanilai')
 6 SYSTEMPATH\View\View.php(213): include('APPPATH\\Views\\tampilan.php')
 7 SYSTEMPATH\View\View.php(216): CodeIgniter\View\View->CodeIgniter\View\{closure}()
 8 SYSTEMPATH\Common.php(1184): CodeIgniter\View\View->render('tampilan', [], true)
 9 APPPATH\Controllers\Loginguru1.php(160): view('tampilan', [...])
10 SYSTEMPATH\CodeIgniter.php(934): App\Controllers\loginguru1->datanilai('FCPATH\\gambar', 'yayasan.png')
11 SYSTEMPATH\CodeIgniter.php(499): CodeIgniter\CodeIgniter->runController(Object(App\Controllers\loginguru1))
12 SYSTEMPATH\CodeIgniter.php(368): CodeIgniter\CodeIgniter->handleRequest(null, Object(Config\Cache), false)
13 FCPATH\index.php(67): CodeIgniter\CodeIgniter->run()
CRITICAL - 2023-07-29 10:37:58 --> Trying to access array offset on value of type null
in APPPATH\Views\jadwaltk\detail.php on line 10.
 1 APPPATH\Views\jadwaltk\detail.php(10): CodeIgniter\Debug\Exceptions->errorHandler(8, 'Trying to access array offset on value of type null', 'APPPATH\\Views\\jadwaltk\\detail.php', 10, [...])
 2 SYSTEMPATH\View\View.php(213): include('APPPATH\\Views\\jadwaltk\\detail.php')
 3 SYSTEMPATH\View\View.php(216): CodeIgniter\View\View->CodeIgniter\View\{closure}()
 4 SYSTEMPATH\Common.php(1184): CodeIgniter\View\View->render('jadwaltk/detail', [], true)
 5 APPPATH\Views\tampilan.php(419): view('jadwaltk/detail')
 6 SYSTEMPATH\View\View.php(213): include('APPPATH\\Views\\tampilan.php')
 7 SYSTEMPATH\View\View.php(216): CodeIgniter\View\View->CodeIgniter\View\{closure}()
 8 SYSTEMPATH\Common.php(1184): CodeIgniter\View\View->render('tampilan', [], true)
 9 APPPATH\Controllers\Jadwaltk.php(51): view('tampilan', [...])
10 SYSTEMPATH\CodeIgniter.php(934): App\Controllers\JadwalTk->detail_jadwal('FCPATH\\gambar', 'yayasan.png')
11 SYSTEMPATH\CodeIgniter.php(499): CodeIgniter\CodeIgniter->runController(Object(App\Controllers\JadwalTk))
12 SYSTEMPATH\CodeIgniter.php(368): CodeIgniter\CodeIgniter->handleRequest(null, Object(Config\Cache), false)
13 FCPATH\index.php(67): CodeIgniter\CodeIgniter->run()
CRITICAL - 2023-07-29 10:38:03 --> Trying to access array offset on value of type null
in APPPATH\Views\jadwaltk\detail.php on line 10.
 1 APPPATH\Views\jadwaltk\detail.php(10): CodeIgniter\Debug\Exceptions->errorHandler(8, 'Trying to access array offset on value of type null', 'APPPATH\\Views\\jadwaltk\\detail.php', 10, [...])
 2 SYSTEMPATH\View\View.php(213): include('APPPATH\\Views\\jadwaltk\\detail.php')
 3 SYSTEMPATH\View\View.php(216): CodeIgniter\View\View->CodeIgniter\View\{closure}()
 4 SYSTEMPATH\Common.php(1184): CodeIgniter\View\View->render('jadwaltk/detail', [], true)
 5 APPPATH\Views\tampilan.php(419): view('jadwaltk/detail')
 6 SYSTEMPATH\View\View.php(213): include('APPPATH\\Views\\tampilan.php')
 7 SYSTEMPATH\View\View.php(216): CodeIgniter\View\View->CodeIgniter\View\{closure}()
 8 SYSTEMPATH\Common.php(1184): CodeIgniter\View\View->render('tampilan', [], true)
 9 APPPATH\Controllers\Jadwaltk.php(51): view('tampilan', [...])
10 SYSTEMPATH\CodeIgniter.php(934): App\Controllers\JadwalTk->detail_jadwal('FCPATH\\gambar', 'yayasan.png')
11 SYSTEMPATH\CodeIgniter.php(499): CodeIgniter\CodeIgniter->runController(Object(App\Controllers\JadwalTk))
12 SYSTEMPATH\CodeIgniter.php(368): CodeIgniter\CodeIgniter->handleRequest(null, Object(Config\Cache), false)
13 FCPATH\index.php(67): CodeIgniter\CodeIgniter->run()
CRITICAL - 2023-07-29 10:38:45 --> Trying to access array offset on value of type null
in APPPATH\Views\nilai\v_datanilai.php on line 10.
 1 APPPATH\Views\nilai\v_datanilai.php(10): CodeIgniter\Debug\Exceptions->errorHandler(8, 'Trying to access array offset on value of type null', 'APPPATH\\Views\\nilai\\v_datanilai.php', 10, [...])
 2 SYSTEMPATH\View\View.php(213): include('APPPATH\\Views\\nilai\\v_datanilai.php')
 3 SYSTEMPATH\View\View.php(216): CodeIgniter\View\View->CodeIgniter\View\{closure}()
 4 SYSTEMPATH\Common.php(1184): CodeIgniter\View\View->render('nilai/v_datanilai', [], true)
 5 APPPATH\Views\tampilan.php(419): view('nilai/v_datanilai')
 6 SYSTEMPATH\View\View.php(213): include('APPPATH\\Views\\tampilan.php')
 7 SYSTEMPATH\View\View.php(216): CodeIgniter\View\View->CodeIgniter\View\{closure}()
 8 SYSTEMPATH\Common.php(1184): CodeIgniter\View\View->render('tampilan', [], true)
 9 APPPATH\Controllers\Loginguru1.php(160): view('tampilan', [...])
10 SYSTEMPATH\CodeIgniter.php(934): App\Controllers\loginguru1->datanilai('FCPATH\\gambar', 'yayasan.png')
11 SYSTEMPATH\CodeIgniter.php(499): CodeIgniter\CodeIgniter->runController(Object(App\Controllers\loginguru1))
12 SYSTEMPATH\CodeIgniter.php(368): CodeIgniter\CodeIgniter->handleRequest(null, Object(Config\Cache), false)
13 FCPATH\index.php(67): CodeIgniter\CodeIgniter->run()
CRITICAL - 2023-07-29 10:38:56 --> Too few arguments to function App\Controllers\Loginguru::printnilai(), 0 passed in C:\xampp\htdocs\siakad2\vendor\codeigniter4\framework\system\CodeIgniter.php on line 934 and exactly 1 expected
in APPPATH\Controllers\Loginguru.php on line 201.
 1 SYSTEMPATH\CodeIgniter.php(934): App\Controllers\Loginguru->printnilai()
 2 SYSTEMPATH\CodeIgniter.php(499): CodeIgniter\CodeIgniter->runController(Object(App\Controllers\Loginguru))
 3 SYSTEMPATH\CodeIgniter.php(368): CodeIgniter\CodeIgniter->handleRequest(null, Object(Config\Cache), false)
 4 FCPATH\index.php(67): CodeIgniter\CodeIgniter->run()
CRITICAL - 2023-07-29 10:39:02 --> Too few arguments to function App\Controllers\Loginguru::printnilai(), 0 passed in C:\xampp\htdocs\siakad2\vendor\codeigniter4\framework\system\CodeIgniter.php on line 934 and exactly 1 expected
in APPPATH\Controllers\Loginguru.php on line 201.
 1 SYSTEMPATH\CodeIgniter.php(934): App\Controllers\Loginguru->printnilai()
 2 SYSTEMPATH\CodeIgniter.php(499): CodeIgniter\CodeIgniter->runController(Object(App\Controllers\Loginguru))
 3 SYSTEMPATH\CodeIgniter.php(368): CodeIgniter\CodeIgniter->handleRequest(null, Object(Config\Cache), false)
 4 FCPATH\index.php(67): CodeIgniter\CodeIgniter->run()
CRITICAL - 2023-07-29 10:39:20 --> Trying to access array offset on value of type null
in APPPATH\Views\nilai\v_datanilai.php on line 10.
 1 APPPATH\Views\nilai\v_datanilai.php(10): CodeIgniter\Debug\Exceptions->errorHandler(8, 'Trying to access array offset on value of type null', 'APPPATH\\Views\\nilai\\v_datanilai.php', 10, [...])
 2 SYSTEMPATH\View\View.php(213): include('APPPATH\\Views\\nilai\\v_datanilai.php')
 3 SYSTEMPATH\View\View.php(216): CodeIgniter\View\View->CodeIgniter\View\{closure}()
 4 SYSTEMPATH\Common.php(1184): CodeIgniter\View\View->render('nilai/v_datanilai', [], true)
 5 APPPATH\Views\tampilan.php(419): view('nilai/v_datanilai')
 6 SYSTEMPATH\View\View.php(213): include('APPPATH\\Views\\tampilan.php')
 7 SYSTEMPATH\View\View.php(216): CodeIgniter\View\View->CodeIgniter\View\{closure}()
 8 SYSTEMPATH\Common.php(1184): CodeIgniter\View\View->render('tampilan', [], true)
 9 APPPATH\Controllers\Loginguru1.php(160): view('tampilan', [...])
10 SYSTEMPATH\CodeIgniter.php(934): App\Controllers\loginguru1->datanilai('FCPATH\\gambar', 'yayasan.png')
11 SYSTEMPATH\CodeIgniter.php(499): CodeIgniter\CodeIgniter->runController(Object(App\Controllers\loginguru1))
12 SYSTEMPATH\CodeIgniter.php(368): CodeIgniter\CodeIgniter->handleRequest(null, Object(Config\Cache), false)
13 FCPATH\index.php(67): CodeIgniter\CodeIgniter->run()
CRITICAL - 2023-07-29 10:40:18 --> Too few arguments to function App\Controllers\Loginguru::printnilai(), 0 passed in C:\xampp\htdocs\siakad2\vendor\codeigniter4\framework\system\CodeIgniter.php on line 934 and exactly 1 expected
in APPPATH\Controllers\Loginguru.php on line 201.
 1 SYSTEMPATH\CodeIgniter.php(934): App\Controllers\Loginguru->printnilai()
 2 SYSTEMPATH\CodeIgniter.php(499): CodeIgniter\CodeIgniter->runController(Object(App\Controllers\Loginguru))
 3 SYSTEMPATH\CodeIgniter.php(368): CodeIgniter\CodeIgniter->handleRequest(null, Object(Config\Cache), false)
 4 FCPATH\index.php(67): CodeIgniter\CodeIgniter->run()
CRITICAL - 2023-07-29 10:40:27 --> Too few arguments to function App\Controllers\Loginguru::printnilai(), 0 passed in C:\xampp\htdocs\siakad2\vendor\codeigniter4\framework\system\CodeIgniter.php on line 934 and exactly 1 expected
in APPPATH\Controllers\Loginguru.php on line 201.
 1 SYSTEMPATH\CodeIgniter.php(934): App\Controllers\Loginguru->printnilai()
 2 SYSTEMPATH\CodeIgniter.php(499): CodeIgniter\CodeIgniter->runController(Object(App\Controllers\Loginguru))
 3 SYSTEMPATH\CodeIgniter.php(368): CodeIgniter\CodeIgniter->handleRequest(null, Object(Config\Cache), false)
 4 FCPATH\index.php(67): CodeIgniter\CodeIgniter->run()
CRITICAL - 2023-07-29 10:40:36 --> Trying to access array offset on value of type null
in APPPATH\Views\nilai\v_datanilai.php on line 10.
 1 APPPATH\Views\nilai\v_datanilai.php(10): CodeIgniter\Debug\Exceptions->errorHandler(8, 'Trying to access array offset on value of type null', 'APPPATH\\Views\\nilai\\v_datanilai.php', 10, [...])
 2 SYSTEMPATH\View\View.php(213): include('APPPATH\\Views\\nilai\\v_datanilai.php')
 3 SYSTEMPATH\View\View.php(216): CodeIgniter\View\View->CodeIgniter\View\{closure}()
 4 SYSTEMPATH\Common.php(1184): CodeIgniter\View\View->render('nilai/v_datanilai', [], true)
 5 APPPATH\Views\tampilan.php(419): view('nilai/v_datanilai')
 6 SYSTEMPATH\View\View.php(213): include('APPPATH\\Views\\tampilan.php')
 7 SYSTEMPATH\View\View.php(216): CodeIgniter\View\View->CodeIgniter\View\{closure}()
 8 SYSTEMPATH\Common.php(1184): CodeIgniter\View\View->render('tampilan', [], true)
 9 APPPATH\Controllers\Loginguru1.php(160): view('tampilan', [...])
10 SYSTEMPATH\CodeIgniter.php(934): App\Controllers\loginguru1->datanilai('FCPATH\\gambar', 'yayasan.png')
11 SYSTEMPATH\CodeIgniter.php(499): CodeIgniter\CodeIgniter->runController(Object(App\Controllers\loginguru1))
12 SYSTEMPATH\CodeIgniter.php(368): CodeIgniter\CodeIgniter->handleRequest(null, Object(Config\Cache), false)
13 FCPATH\index.php(67): CodeIgniter\CodeIgniter->run()
CRITICAL - 2023-07-29 10:40:37 --> Too few arguments to function App\Controllers\Loginguru::printnilai(), 0 passed in C:\xampp\htdocs\siakad2\vendor\codeigniter4\framework\system\CodeIgniter.php on line 934 and exactly 1 expected
in APPPATH\Controllers\Loginguru.php on line 201.
 1 SYSTEMPATH\CodeIgniter.php(934): App\Controllers\Loginguru->printnilai()
 2 SYSTEMPATH\CodeIgniter.php(499): CodeIgniter\CodeIgniter->runController(Object(App\Controllers\Loginguru))
 3 SYSTEMPATH\CodeIgniter.php(368): CodeIgniter\CodeIgniter->handleRequest(null, Object(Config\Cache), false)
 4 FCPATH\index.php(67): CodeIgniter\CodeIgniter->run()
CRITICAL - 2023-07-29 10:43:30 --> Too few arguments to function App\Controllers\Loginguru::printnilai(), 0 passed in C:\xampp\htdocs\siakad2\vendor\codeigniter4\framework\system\CodeIgniter.php on line 934 and exactly 1 expected
in APPPATH\Controllers\Loginguru.php on line 201.
 1 SYSTEMPATH\CodeIgniter.php(934): App\Controllers\Loginguru->printnilai()
 2 SYSTEMPATH\CodeIgniter.php(499): CodeIgniter\CodeIgniter->runController(Object(App\Controllers\Loginguru))
 3 SYSTEMPATH\CodeIgniter.php(368): CodeIgniter\CodeIgniter->handleRequest(null, Object(Config\Cache), false)
 4 FCPATH\index.php(67): CodeIgniter\CodeIgniter->run()
CRITICAL - 2023-07-29 10:44:06 --> Trying to access array offset on value of type null
in APPPATH\Views\nilai\v_datanilai.php on line 10.
 1 APPPATH\Views\nilai\v_datanilai.php(10): CodeIgniter\Debug\Exceptions->errorHandler(8, 'Trying to access array offset on value of type null', 'APPPATH\\Views\\nilai\\v_datanilai.php', 10, [...])
 2 SYSTEMPATH\View\View.php(213): include('APPPATH\\Views\\nilai\\v_datanilai.php')
 3 SYSTEMPATH\View\View.php(216): CodeIgniter\View\View->CodeIgniter\View\{closure}()
 4 SYSTEMPATH\Common.php(1184): CodeIgniter\View\View->render('nilai/v_datanilai', [], true)
 5 APPPATH\Views\tampilan.php(419): view('nilai/v_datanilai')
 6 SYSTEMPATH\View\View.php(213): include('APPPATH\\Views\\tampilan.php')
 7 SYSTEMPATH\View\View.php(216): CodeIgniter\View\View->CodeIgniter\View\{closure}()
 8 SYSTEMPATH\Common.php(1184): CodeIgniter\View\View->render('tampilan', [], true)
 9 APPPATH\Controllers\Loginguru.php(156): view('tampilan', [...])
10 SYSTEMPATH\CodeIgniter.php(934): App\Controllers\Loginguru->datanilai('FCPATH\\gambar', 'yayasan.png')
11 SYSTEMPATH\CodeIgniter.php(499): CodeIgniter\CodeIgniter->runController(Object(App\Controllers\Loginguru))
12 SYSTEMPATH\CodeIgniter.php(368): CodeIgniter\CodeIgniter->handleRequest(null, Object(Config\Cache), false)
13 FCPATH\index.php(67): CodeIgniter\CodeIgniter->run()
CRITICAL - 2023-07-29 10:44:07 --> Too few arguments to function App\Controllers\Loginguru::printnilai(), 0 passed in C:\xampp\htdocs\siakad2\vendor\codeigniter4\framework\system\CodeIgniter.php on line 934 and exactly 1 expected
in APPPATH\Controllers\Loginguru.php on line 201.
 1 SYSTEMPATH\CodeIgniter.php(934): App\Controllers\Loginguru->printnilai()
 2 SYSTEMPATH\CodeIgniter.php(499): CodeIgniter\CodeIgniter->runController(Object(App\Controllers\Loginguru))
 3 SYSTEMPATH\CodeIgniter.php(368): CodeIgniter\CodeIgniter->handleRequest(null, Object(Config\Cache), false)
 4 FCPATH\index.php(67): CodeIgniter\CodeIgniter->run()
CRITICAL - 2023-07-29 10:52:47 --> Trying to access array offset on value of type null
in APPPATH\Views\nilai\v_datanilai.php on line 10.
 1 APPPATH\Views\nilai\v_datanilai.php(10): CodeIgniter\Debug\Exceptions->errorHandler(8, 'Trying to access array offset on value of type null', 'APPPATH\\Views\\nilai\\v_datanilai.php', 10, [...])
 2 SYSTEMPATH\View\View.php(213): include('APPPATH\\Views\\nilai\\v_datanilai.php')
 3 SYSTEMPATH\View\View.php(216): CodeIgniter\View\View->CodeIgniter\View\{closure}()
 4 SYSTEMPATH\Common.php(1184): CodeIgniter\View\View->render('nilai/v_datanilai', [], true)
 5 APPPATH\Views\tampilan.php(419): view('nilai/v_datanilai')
 6 SYSTEMPATH\View\View.php(213): include('APPPATH\\Views\\tampilan.php')
 7 SYSTEMPATH\View\View.php(216): CodeIgniter\View\View->CodeIgniter\View\{closure}()
 8 SYSTEMPATH\Common.php(1184): CodeIgniter\View\View->render('tampilan', [], true)
 9 APPPATH\Controllers\Loginguru1.php(160): view('tampilan', [...])
10 SYSTEMPATH\CodeIgniter.php(934): App\Controllers\loginguru1->datanilai('FCPATH\\gambar', 'yayasan.png')
11 SYSTEMPATH\CodeIgniter.php(499): CodeIgniter\CodeIgniter->runController(Object(App\Controllers\loginguru1))
12 SYSTEMPATH\CodeIgniter.php(368): CodeIgniter\CodeIgniter->handleRequest(null, Object(Config\Cache), false)
13 FCPATH\index.php(67): CodeIgniter\CodeIgniter->run()
CRITICAL - 2023-07-29 10:54:22 --> Too few arguments to function App\Controllers\Loginguru::printnilai(), 0 passed in C:\xampp\htdocs\siakad2\vendor\codeigniter4\framework\system\CodeIgniter.php on line 934 and exactly 1 expected
in APPPATH\Controllers\Loginguru.php on line 201.
 1 SYSTEMPATH\CodeIgniter.php(934): App\Controllers\Loginguru->printnilai()
 2 SYSTEMPATH\CodeIgniter.php(499): CodeIgniter\CodeIgniter->runController(Object(App\Controllers\Loginguru))
 3 SYSTEMPATH\CodeIgniter.php(368): CodeIgniter\CodeIgniter->handleRequest(null, Object(Config\Cache), false)
 4 FCPATH\index.php(67): CodeIgniter\CodeIgniter->run()
CRITICAL - 2023-07-29 10:54:26 --> Too few arguments to function App\Controllers\Loginguru::printnilai(), 0 passed in C:\xampp\htdocs\siakad2\vendor\codeigniter4\framework\system\CodeIgniter.php on line 934 and exactly 1 expected
in APPPATH\Controllers\Loginguru.php on line 201.
 1 SYSTEMPATH\CodeIgniter.php(934): App\Controllers\Loginguru->printnilai()
 2 SYSTEMPATH\CodeIgniter.php(499): CodeIgniter\CodeIgniter->runController(Object(App\Controllers\Loginguru))
 3 SYSTEMPATH\CodeIgniter.php(368): CodeIgniter\CodeIgniter->handleRequest(null, Object(Config\Cache), false)
 4 FCPATH\index.php(67): CodeIgniter\CodeIgniter->run()
CRITICAL - 2023-07-29 10:56:02 --> Trying to access array offset on value of type null
in APPPATH\Views\nilai\v_datanilai.php on line 10.
 1 APPPATH\Views\nilai\v_datanilai.php(10): CodeIgniter\Debug\Exceptions->errorHandler(8, 'Trying to access array offset on value of type null', 'APPPATH\\Views\\nilai\\v_datanilai.php', 10, [...])
 2 SYSTEMPATH\View\View.php(213): include('APPPATH\\Views\\nilai\\v_datanilai.php')
 3 SYSTEMPATH\View\View.php(216): CodeIgniter\View\View->CodeIgniter\View\{closure}()
 4 SYSTEMPATH\Common.php(1184): CodeIgniter\View\View->render('nilai/v_datanilai', [], true)
 5 APPPATH\Views\tampilan.php(419): view('nilai/v_datanilai')
 6 SYSTEMPATH\View\View.php(213): include('APPPATH\\Views\\tampilan.php')
 7 SYSTEMPATH\View\View.php(216): CodeIgniter\View\View->CodeIgniter\View\{closure}()
 8 SYSTEMPATH\Common.php(1184): CodeIgniter\View\View->render('tampilan', [], true)
 9 APPPATH\Controllers\Loginguru1.php(160): view('tampilan', [...])
10 SYSTEMPATH\CodeIgniter.php(934): App\Controllers\loginguru1->datanilai('FCPATH\\gambar', 'yayasan.png')
11 SYSTEMPATH\CodeIgniter.php(499): CodeIgniter\CodeIgniter->runController(Object(App\Controllers\loginguru1))
12 SYSTEMPATH\CodeIgniter.php(368): CodeIgniter\CodeIgniter->handleRequest(null, Object(Config\Cache), false)
13 FCPATH\index.php(67): CodeIgniter\CodeIgniter->run()
CRITICAL - 2023-07-29 10:56:02 --> Too few arguments to function App\Controllers\Loginguru::printnilai(), 0 passed in C:\xampp\htdocs\siakad2\vendor\codeigniter4\framework\system\CodeIgniter.php on line 934 and exactly 1 expected
in APPPATH\Controllers\Loginguru.php on line 201.
 1 SYSTEMPATH\CodeIgniter.php(934): App\Controllers\Loginguru->printnilai()
 2 SYSTEMPATH\CodeIgniter.php(499): CodeIgniter\CodeIgniter->runController(Object(App\Controllers\Loginguru))
 3 SYSTEMPATH\CodeIgniter.php(368): CodeIgniter\CodeIgniter->handleRequest(null, Object(Config\Cache), false)
 4 FCPATH\index.php(67): CodeIgniter\CodeIgniter->run()
CRITICAL - 2023-07-29 10:56:33 --> Trying to access array offset on value of type null
in APPPATH\Views\nilai\v_datanilai.php on line 10.
 1 APPPATH\Views\nilai\v_datanilai.php(10): CodeIgniter\Debug\Exceptions->errorHandler(8, 'Trying to access array offset on value of type null', 'APPPATH\\Views\\nilai\\v_datanilai.php', 10, [...])
 2 SYSTEMPATH\View\View.php(213): include('APPPATH\\Views\\nilai\\v_datanilai.php')
 3 SYSTEMPATH\View\View.php(216): CodeIgniter\View\View->CodeIgniter\View\{closure}()
 4 SYSTEMPATH\Common.php(1184): CodeIgniter\View\View->render('nilai/v_datanilai', [], true)
 5 APPPATH\Views\tampilan.php(419): view('nilai/v_datanilai')
 6 SYSTEMPATH\View\View.php(213): include('APPPATH\\Views\\tampilan.php')
 7 SYSTEMPATH\View\View.php(216): CodeIgniter\View\View->CodeIgniter\View\{closure}()
 8 SYSTEMPATH\Common.php(1184): CodeIgniter\View\View->render('tampilan', [], true)
 9 APPPATH\Controllers\Loginguru1.php(160): view('tampilan', [...])
10 SYSTEMPATH\CodeIgniter.php(934): App\Controllers\loginguru1->datanilai('FCPATH\\gambar', 'yayasan.png')
11 SYSTEMPATH\CodeIgniter.php(499): CodeIgniter\CodeIgniter->runController(Object(App\Controllers\loginguru1))
12 SYSTEMPATH\CodeIgniter.php(368): CodeIgniter\CodeIgniter->handleRequest(null, Object(Config\Cache), false)
13 FCPATH\index.php(67): CodeIgniter\CodeIgniter->run()
CRITICAL - 2023-07-29 10:56:43 --> Trying to access array offset on value of type null
in APPPATH\Views\nilai\v_datanilai.php on line 10.
 1 APPPATH\Views\nilai\v_datanilai.php(10): CodeIgniter\Debug\Exceptions->errorHandler(8, 'Trying to access array offset on value of type null', 'APPPATH\\Views\\nilai\\v_datanilai.php', 10, [...])
 2 SYSTEMPATH\View\View.php(213): include('APPPATH\\Views\\nilai\\v_datanilai.php')
 3 SYSTEMPATH\View\View.php(216): CodeIgniter\View\View->CodeIgniter\View\{closure}()
 4 SYSTEMPATH\Common.php(1184): CodeIgniter\View\View->render('nilai/v_datanilai', [], true)
 5 APPPATH\Views\tampilan.php(419): view('nilai/v_datanilai')
 6 SYSTEMPATH\View\View.php(213): include('APPPATH\\Views\\tampilan.php')
 7 SYSTEMPATH\View\View.php(216): CodeIgniter\View\View->CodeIgniter\View\{closure}()
 8 SYSTEMPATH\Common.php(1184): CodeIgniter\View\View->render('tampilan', [], true)
 9 APPPATH\Controllers\Loginguru1.php(160): view('tampilan', [...])
10 SYSTEMPATH\CodeIgniter.php(934): App\Controllers\loginguru1->datanilai('FCPATH\\gambar', 'yayasan.png')
11 SYSTEMPATH\CodeIgniter.php(499): CodeIgniter\CodeIgniter->runController(Object(App\Controllers\loginguru1))
12 SYSTEMPATH\CodeIgniter.php(368): CodeIgniter\CodeIgniter->handleRequest(null, Object(Config\Cache), false)
13 FCPATH\index.php(67): CodeIgniter\CodeIgniter->run()
CRITICAL - 2023-07-29 10:56:47 --> Trying to access array offset on value of type null
in APPPATH\Views\nilai\v_datanilai.php on line 10.
 1 APPPATH\Views\nilai\v_datanilai.php(10): CodeIgniter\Debug\Exceptions->errorHandler(8, 'Trying to access array offset on value of type null', 'APPPATH\\Views\\nilai\\v_datanilai.php', 10, [...])
 2 SYSTEMPATH\View\View.php(213): include('APPPATH\\Views\\nilai\\v_datanilai.php')
 3 SYSTEMPATH\View\View.php(216): CodeIgniter\View\View->CodeIgniter\View\{closure}()
 4 SYSTEMPATH\Common.php(1184): CodeIgniter\View\View->render('nilai/v_datanilai', [], true)
 5 APPPATH\Views\tampilan.php(419): view('nilai/v_datanilai')
 6 SYSTEMPATH\View\View.php(213): include('APPPATH\\Views\\tampilan.php')
 7 SYSTEMPATH\View\View.php(216): CodeIgniter\View\View->CodeIgniter\View\{closure}()
 8 SYSTEMPATH\Common.php(1184): CodeIgniter\View\View->render('tampilan', [], true)
 9 APPPATH\Controllers\Loginguru1.php(160): view('tampilan', [...])
10 SYSTEMPATH\CodeIgniter.php(934): App\Controllers\loginguru1->datanilai('FCPATH\\gambar', 'yayasan.png')
11 SYSTEMPATH\CodeIgniter.php(499): CodeIgniter\CodeIgniter->runController(Object(App\Controllers\loginguru1))
12 SYSTEMPATH\CodeIgniter.php(368): CodeIgniter\CodeIgniter->handleRequest(null, Object(Config\Cache), false)
13 FCPATH\index.php(67): CodeIgniter\CodeIgniter->run()
CRITICAL - 2023-07-29 10:56:55 --> Trying to access array offset on value of type null
in APPPATH\Views\nilai\v_datanilai.php on line 10.
 1 APPPATH\Views\nilai\v_datanilai.php(10): CodeIgniter\Debug\Exceptions->errorHandler(8, 'Trying to access array offset on value of type null', 'APPPATH\\Views\\nilai\\v_datanilai.php', 10, [...])
 2 SYSTEMPATH\View\View.php(213): include('APPPATH\\Views\\nilai\\v_datanilai.php')
 3 SYSTEMPATH\View\View.php(216): CodeIgniter\View\View->CodeIgniter\View\{closure}()
 4 SYSTEMPATH\Common.php(1184): CodeIgniter\View\View->render('nilai/v_datanilai', [], true)
 5 APPPATH\Views\tampilan.php(419): view('nilai/v_datanilai')
 6 SYSTEMPATH\View\View.php(213): include('APPPATH\\Views\\tampilan.php')
 7 SYSTEMPATH\View\View.php(216): CodeIgniter\View\View->CodeIgniter\View\{closure}()
 8 SYSTEMPATH\Common.php(1184): CodeIgniter\View\View->render('tampilan', [], true)
 9 APPPATH\Controllers\Loginguru1.php(160): view('tampilan', [...])
10 SYSTEMPATH\CodeIgniter.php(934): App\Controllers\loginguru1->datanilai('FCPATH\\gambar', 'yayasan.png')
11 SYSTEMPATH\CodeIgniter.php(499): CodeIgniter\CodeIgniter->runController(Object(App\Controllers\loginguru1))
12 SYSTEMPATH\CodeIgniter.php(368): CodeIgniter\CodeIgniter->handleRequest(null, Object(Config\Cache), false)
13 FCPATH\index.php(67): CodeIgniter\CodeIgniter->run()
CRITICAL - 2023-07-29 10:56:56 --> Too few arguments to function App\Controllers\Loginguru::printnilai(), 0 passed in C:\xampp\htdocs\siakad2\vendor\codeigniter4\framework\system\CodeIgniter.php on line 934 and exactly 1 expected
in APPPATH\Controllers\Loginguru.php on line 201.
 1 SYSTEMPATH\CodeIgniter.php(934): App\Controllers\Loginguru->printnilai()
 2 SYSTEMPATH\CodeIgniter.php(499): CodeIgniter\CodeIgniter->runController(Object(App\Controllers\Loginguru))
 3 SYSTEMPATH\CodeIgniter.php(368): CodeIgniter\CodeIgniter->handleRequest(null, Object(Config\Cache), false)
 4 FCPATH\index.php(67): CodeIgniter\CodeIgniter->run()
CRITICAL - 2023-07-29 11:00:12 --> Trying to access array offset on value of type null
in APPPATH\Views\nilai\v_datanilai.php on line 10.
 1 APPPATH\Views\nilai\v_datanilai.php(10): CodeIgniter\Debug\Exceptions->errorHandler(8, 'Trying to access array offset on value of type null', 'APPPATH\\Views\\nilai\\v_datanilai.php', 10, [...])
 2 SYSTEMPATH\View\View.php(213): include('APPPATH\\Views\\nilai\\v_datanilai.php')
 3 SYSTEMPATH\View\View.php(216): CodeIgniter\View\View->CodeIgniter\View\{closure}()
 4 SYSTEMPATH\Common.php(1184): CodeIgniter\View\View->render('nilai/v_datanilai', [], true)
 5 APPPATH\Views\tampilan.php(419): view('nilai/v_datanilai')
 6 SYSTEMPATH\View\View.php(213): include('APPPATH\\Views\\tampilan.php')
 7 SYSTEMPATH\View\View.php(216): CodeIgniter\View\View->CodeIgniter\View\{closure}()
 8 SYSTEMPATH\Common.php(1184): CodeIgniter\View\View->render('tampilan', [], true)
 9 APPPATH\Controllers\Loginguru1.php(160): view('tampilan', [...])
10 SYSTEMPATH\CodeIgniter.php(934): App\Controllers\loginguru1->datanilai('FCPATH\\gambar', 'yayasan.png')
11 SYSTEMPATH\CodeIgniter.php(499): CodeIgniter\CodeIgniter->runController(Object(App\Controllers\loginguru1))
12 SYSTEMPATH\CodeIgniter.php(368): CodeIgniter\CodeIgniter->handleRequest(null, Object(Config\Cache), false)
13 FCPATH\index.php(67): CodeIgniter\CodeIgniter->run()
CRITICAL - 2023-07-29 11:00:13 --> Too few arguments to function App\Controllers\loginguru1::printnilai(), 0 passed in C:\xampp\htdocs\siakad2\vendor\codeigniter4\framework\system\CodeIgniter.php on line 934 and exactly 1 expected
in APPPATH\Controllers\Loginguru1.php on line 234.
 1 SYSTEMPATH\CodeIgniter.php(934): App\Controllers\loginguru1->printnilai()
 2 SYSTEMPATH\CodeIgniter.php(499): CodeIgniter\CodeIgniter->runController(Object(App\Controllers\loginguru1))
 3 SYSTEMPATH\CodeIgniter.php(368): CodeIgniter\CodeIgniter->handleRequest(null, Object(Config\Cache), false)
 4 FCPATH\index.php(67): CodeIgniter\CodeIgniter->run()
CRITICAL - 2023-07-29 11:00:30 --> Trying to access array offset on value of type null
in APPPATH\Views\nilai\v_datanilai.php on line 10.
 1 APPPATH\Views\nilai\v_datanilai.php(10): CodeIgniter\Debug\Exceptions->errorHandler(8, 'Trying to access array offset on value of type null', 'APPPATH\\Views\\nilai\\v_datanilai.php', 10, [...])
 2 SYSTEMPATH\View\View.php(213): include('APPPATH\\Views\\nilai\\v_datanilai.php')
 3 SYSTEMPATH\View\View.php(216): CodeIgniter\View\View->CodeIgniter\View\{closure}()
 4 SYSTEMPATH\Common.php(1184): CodeIgniter\View\View->render('nilai/v_datanilai', [], true)
 5 APPPATH\Views\tampilan.php(419): view('nilai/v_datanilai')
 6 SYSTEMPATH\View\View.php(213): include('APPPATH\\Views\\tampilan.php')
 7 SYSTEMPATH\View\View.php(216): CodeIgniter\View\View->CodeIgniter\View\{closure}()
 8 SYSTEMPATH\Common.php(1184): CodeIgniter\View\View->render('tampilan', [], true)
 9 APPPATH\Controllers\Loginguru1.php(160): view('tampilan', [...])
10 SYSTEMPATH\CodeIgniter.php(934): App\Controllers\loginguru1->datanilai('FCPATH\\gambar', 'yayasan.png')
11 SYSTEMPATH\CodeIgniter.php(499): CodeIgniter\CodeIgniter->runController(Object(App\Controllers\loginguru1))
12 SYSTEMPATH\CodeIgniter.php(368): CodeIgniter\CodeIgniter->handleRequest(null, Object(Config\Cache), false)
13 FCPATH\index.php(67): CodeIgniter\CodeIgniter->run()
CRITICAL - 2023-07-29 11:05:40 --> Trying to access array offset on value of type null
in APPPATH\Views\nilai\v_datanilai.php on line 10.
 1 APPPATH\Views\nilai\v_datanilai.php(10): CodeIgniter\Debug\Exceptions->errorHandler(8, 'Trying to access array offset on value of type null', 'APPPATH\\Views\\nilai\\v_datanilai.php', 10, [...])
 2 SYSTEMPATH\View\View.php(213): include('APPPATH\\Views\\nilai\\v_datanilai.php')
 3 SYSTEMPATH\View\View.php(216): CodeIgniter\View\View->CodeIgniter\View\{closure}()
 4 SYSTEMPATH\Common.php(1184): CodeIgniter\View\View->render('nilai/v_datanilai', [], true)
 5 APPPATH\Views\tampilan.php(419): view('nilai/v_datanilai')
 6 SYSTEMPATH\View\View.php(213): include('APPPATH\\Views\\tampilan.php')
 7 SYSTEMPATH\View\View.php(216): CodeIgniter\View\View->CodeIgniter\View\{closure}()
 8 SYSTEMPATH\Common.php(1184): CodeIgniter\View\View->render('tampilan', [], true)
 9 APPPATH\Controllers\Loginguru1.php(160): view('tampilan', [...])
10 SYSTEMPATH\CodeIgniter.php(934): App\Controllers\loginguru1->datanilai('FCPATH\\gambar', 'yayasan.png')
11 SYSTEMPATH\CodeIgniter.php(499): CodeIgniter\CodeIgniter->runController(Object(App\Controllers\loginguru1))
12 SYSTEMPATH\CodeIgniter.php(368): CodeIgniter\CodeIgniter->handleRequest(null, Object(Config\Cache), false)
13 FCPATH\index.php(67): CodeIgniter\CodeIgniter->run()
CRITICAL - 2023-07-29 11:05:41 --> Too few arguments to function App\Controllers\loginguru1::printnilai(), 0 passed in C:\xampp\htdocs\siakad2\vendor\codeigniter4\framework\system\CodeIgniter.php on line 934 and exactly 1 expected
in APPPATH\Controllers\Loginguru1.php on line 234.
 1 SYSTEMPATH\CodeIgniter.php(934): App\Controllers\loginguru1->printnilai()
 2 SYSTEMPATH\CodeIgniter.php(499): CodeIgniter\CodeIgniter->runController(Object(App\Controllers\loginguru1))
 3 SYSTEMPATH\CodeIgniter.php(368): CodeIgniter\CodeIgniter->handleRequest(null, Object(Config\Cache), false)
 4 FCPATH\index.php(67): CodeIgniter\CodeIgniter->run()
CRITICAL - 2023-07-29 11:06:14 --> Trying to access array offset on value of type null
in APPPATH\Views\nilai\v_datanilai.php on line 10.
 1 APPPATH\Views\nilai\v_datanilai.php(10): CodeIgniter\Debug\Exceptions->errorHandler(8, 'Trying to access array offset on value of type null', 'APPPATH\\Views\\nilai\\v_datanilai.php', 10, [...])
 2 SYSTEMPATH\View\View.php(213): include('APPPATH\\Views\\nilai\\v_datanilai.php')
 3 SYSTEMPATH\View\View.php(216): CodeIgniter\View\View->CodeIgniter\View\{closure}()
 4 SYSTEMPATH\Common.php(1184): CodeIgniter\View\View->render('nilai/v_datanilai', [], true)
 5 APPPATH\Views\tampilan.php(419): view('nilai/v_datanilai')
 6 SYSTEMPATH\View\View.php(213): include('APPPATH\\Views\\tampilan.php')
 7 SYSTEMPATH\View\View.php(216): CodeIgniter\View\View->CodeIgniter\View\{closure}()
 8 SYSTEMPATH\Common.php(1184): CodeIgniter\View\View->render('tampilan', [], true)
 9 APPPATH\Controllers\Loginguru1.php(160): view('tampilan', [...])
10 SYSTEMPATH\CodeIgniter.php(934): App\Controllers\loginguru1->datanilai('FCPATH\\gambar', 'yayasan.png')
11 SYSTEMPATH\CodeIgniter.php(499): CodeIgniter\CodeIgniter->runController(Object(App\Controllers\loginguru1))
12 SYSTEMPATH\CodeIgniter.php(368): CodeIgniter\CodeIgniter->handleRequest(null, Object(Config\Cache), false)
13 FCPATH\index.php(67): CodeIgniter\CodeIgniter->run()
CRITICAL - 2023-07-29 11:06:15 --> Too few arguments to function App\Controllers\loginguru1::printnilai(), 0 passed in C:\xampp\htdocs\siakad2\vendor\codeigniter4\framework\system\CodeIgniter.php on line 934 and exactly 1 expected
in APPPATH\Controllers\Loginguru1.php on line 234.
 1 SYSTEMPATH\CodeIgniter.php(934): App\Controllers\loginguru1->printnilai()
 2 SYSTEMPATH\CodeIgniter.php(499): CodeIgniter\CodeIgniter->runController(Object(App\Controllers\loginguru1))
 3 SYSTEMPATH\CodeIgniter.php(368): CodeIgniter\CodeIgniter->handleRequest(null, Object(Config\Cache), false)
 4 FCPATH\index.php(67): CodeIgniter\CodeIgniter->run()
CRITICAL - 2023-07-29 11:06:53 --> Too few arguments to function App\Controllers\loginguru1::printnilai(), 0 passed in C:\xampp\htdocs\siakad2\vendor\codeigniter4\framework\system\CodeIgniter.php on line 934 and exactly 1 expected
in APPPATH\Controllers\Loginguru1.php on line 234.
 1 SYSTEMPATH\CodeIgniter.php(934): App\Controllers\loginguru1->printnilai()
 2 SYSTEMPATH\CodeIgniter.php(499): CodeIgniter\CodeIgniter->runController(Object(App\Controllers\loginguru1))
 3 SYSTEMPATH\CodeIgniter.php(368): CodeIgniter\CodeIgniter->handleRequest(null, Object(Config\Cache), false)
 4 FCPATH\index.php(67): CodeIgniter\CodeIgniter->run()
CRITICAL - 2023-07-29 11:06:53 --> Trying to access array offset on value of type null
in APPPATH\Views\nilai\v_datanilai.php on line 10.
 1 APPPATH\Views\nilai\v_datanilai.php(10): CodeIgniter\Debug\Exceptions->errorHandler(8, 'Trying to access array offset on value of type null', 'APPPATH\\Views\\nilai\\v_datanilai.php', 10, [...])
 2 SYSTEMPATH\View\View.php(213): include('APPPATH\\Views\\nilai\\v_datanilai.php')
 3 SYSTEMPATH\View\View.php(216): CodeIgniter\View\View->CodeIgniter\View\{closure}()
 4 SYSTEMPATH\Common.php(1184): CodeIgniter\View\View->render('nilai/v_datanilai', [], true)
 5 APPPATH\Views\tampilan.php(419): view('nilai/v_datanilai')
 6 SYSTEMPATH\View\View.php(213): include('APPPATH\\Views\\tampilan.php')
 7 SYSTEMPATH\View\View.php(216): CodeIgniter\View\View->CodeIgniter\View\{closure}()
 8 SYSTEMPATH\Common.php(1184): CodeIgniter\View\View->render('tampilan', [], true)
 9 APPPATH\Controllers\Loginguru1.php(160): view('tampilan', [...])
10 SYSTEMPATH\CodeIgniter.php(934): App\Controllers\loginguru1->datanilai('FCPATH\\gambar', 'yayasan.png')
11 SYSTEMPATH\CodeIgniter.php(499): CodeIgniter\CodeIgniter->runController(Object(App\Controllers\loginguru1))
12 SYSTEMPATH\CodeIgniter.php(368): CodeIgniter\CodeIgniter->handleRequest(null, Object(Config\Cache), false)
13 FCPATH\index.php(67): CodeIgniter\CodeIgniter->run()
CRITICAL - 2023-07-29 11:14:09 --> Too few arguments to function App\Controllers\loginguru1::printnilai(), 0 passed in C:\xampp\htdocs\siakad2\vendor\codeigniter4\framework\system\CodeIgniter.php on line 934 and exactly 1 expected
in APPPATH\Controllers\Loginguru1.php on line 234.
 1 SYSTEMPATH\CodeIgniter.php(934): App\Controllers\loginguru1->printnilai()
 2 SYSTEMPATH\CodeIgniter.php(499): CodeIgniter\CodeIgniter->runController(Object(App\Controllers\loginguru1))
 3 SYSTEMPATH\CodeIgniter.php(368): CodeIgniter\CodeIgniter->handleRequest(null, Object(Config\Cache), false)
 4 FCPATH\index.php(67): CodeIgniter\CodeIgniter->run()
CRITICAL - 2023-07-29 11:14:09 --> Trying to access array offset on value of type null
in APPPATH\Views\nilai\v_datanilai.php on line 10.
 1 APPPATH\Views\nilai\v_datanilai.php(10): CodeIgniter\Debug\Exceptions->errorHandler(8, 'Trying to access array offset on value of type null', 'APPPATH\\Views\\nilai\\v_datanilai.php', 10, [...])
 2 SYSTEMPATH\View\View.php(213): include('APPPATH\\Views\\nilai\\v_datanilai.php')
 3 SYSTEMPATH\View\View.php(216): CodeIgniter\View\View->CodeIgniter\View\{closure}()
 4 SYSTEMPATH\Common.php(1184): CodeIgniter\View\View->render('nilai/v_datanilai', [], true)
 5 APPPATH\Views\tampilan.php(419): view('nilai/v_datanilai')
 6 SYSTEMPATH\View\View.php(213): include('APPPATH\\Views\\tampilan.php')
 7 SYSTEMPATH\View\View.php(216): CodeIgniter\View\View->CodeIgniter\View\{closure}()
 8 SYSTEMPATH\Common.php(1184): CodeIgniter\View\View->render('tampilan', [], true)
 9 APPPATH\Controllers\Loginguru1.php(160): view('tampilan', [...])
10 SYSTEMPATH\CodeIgniter.php(934): App\Controllers\loginguru1->datanilai('FCPATH\\gambar', 'yayasan.png')
11 SYSTEMPATH\CodeIgniter.php(499): CodeIgniter\CodeIgniter->runController(Object(App\Controllers\loginguru1))
12 SYSTEMPATH\CodeIgniter.php(368): CodeIgniter\CodeIgniter->handleRequest(null, Object(Config\Cache), false)
13 FCPATH\index.php(67): CodeIgniter\CodeIgniter->run()
CRITICAL - 2023-07-29 11:16:42 --> Trying to access array offset on value of type null
in APPPATH\Views\nilai\v_datanilai.php on line 10.
 1 APPPATH\Views\nilai\v_datanilai.php(10): CodeIgniter\Debug\Exceptions->errorHandler(8, 'Trying to access array offset on value of type null', 'APPPATH\\Views\\nilai\\v_datanilai.php', 10, [...])
 2 SYSTEMPATH\View\View.php(213): include('APPPATH\\Views\\nilai\\v_datanilai.php')
 3 SYSTEMPATH\View\View.php(216): CodeIgniter\View\View->CodeIgniter\View\{closure}()
 4 SYSTEMPATH\Common.php(1184): CodeIgniter\View\View->render('nilai/v_datanilai', [], true)
 5 APPPATH\Views\tampilan.php(419): view('nilai/v_datanilai')
 6 SYSTEMPATH\View\View.php(213): include('APPPATH\\Views\\tampilan.php')
 7 SYSTEMPATH\View\View.php(216): CodeIgniter\View\View->CodeIgniter\View\{closure}()
 8 SYSTEMPATH\Common.php(1184): CodeIgniter\View\View->render('tampilan', [], true)
 9 APPPATH\Controllers\Loginguru1.php(160): view('tampilan', [...])
10 SYSTEMPATH\CodeIgniter.php(934): App\Controllers\loginguru1->datanilai('FCPATH\\gambar', 'yayasan.png')
11 SYSTEMPATH\CodeIgniter.php(499): CodeIgniter\CodeIgniter->runController(Object(App\Controllers\loginguru1))
12 SYSTEMPATH\CodeIgniter.php(368): CodeIgniter\CodeIgniter->handleRequest(null, Object(Config\Cache), false)
13 FCPATH\index.php(67): CodeIgniter\CodeIgniter->run()
CRITICAL - 2023-07-29 11:17:01 --> Trying to access array offset on value of type null
in APPPATH\Views\nilai\v_datanilai.php on line 10.
 1 APPPATH\Views\nilai\v_datanilai.php(10): CodeIgniter\Debug\Exceptions->errorHandler(8, 'Trying to access array offset on value of type null', 'APPPATH\\Views\\nilai\\v_datanilai.php', 10, [...])
 2 SYSTEMPATH\View\View.php(213): include('APPPATH\\Views\\nilai\\v_datanilai.php')
 3 SYSTEMPATH\View\View.php(216): CodeIgniter\View\View->CodeIgniter\View\{closure}()
 4 SYSTEMPATH\Common.php(1184): CodeIgniter\View\View->render('nilai/v_datanilai', [], true)
 5 APPPATH\Views\tampilan.php(419): view('nilai/v_datanilai')
 6 SYSTEMPATH\View\View.php(213): include('APPPATH\\Views\\tampilan.php')
 7 SYSTEMPATH\View\View.php(216): CodeIgniter\View\View->CodeIgniter\View\{closure}()
 8 SYSTEMPATH\Common.php(1184): CodeIgniter\View\View->render('tampilan', [], true)
 9 APPPATH\Controllers\Loginguru.php(156): view('tampilan', [...])
10 SYSTEMPATH\CodeIgniter.php(934): App\Controllers\Loginguru->datanilai('FCPATH\\gambar', 'yayasan.png')
11 SYSTEMPATH\CodeIgniter.php(499): CodeIgniter\CodeIgniter->runController(Object(App\Controllers\Loginguru))
12 SYSTEMPATH\CodeIgniter.php(368): CodeIgniter\CodeIgniter->handleRequest(null, Object(Config\Cache), false)
13 FCPATH\index.php(67): CodeIgniter\CodeIgniter->run()
CRITICAL - 2023-07-29 11:17:07 --> Too few arguments to function App\Controllers\loginguru1::printnilai(), 0 passed in C:\xampp\htdocs\siakad2\vendor\codeigniter4\framework\system\CodeIgniter.php on line 934 and exactly 1 expected
in APPPATH\Controllers\Loginguru1.php on line 234.
 1 SYSTEMPATH\CodeIgniter.php(934): App\Controllers\loginguru1->printnilai()
 2 SYSTEMPATH\CodeIgniter.php(499): CodeIgniter\CodeIgniter->runController(Object(App\Controllers\loginguru1))
 3 SYSTEMPATH\CodeIgniter.php(368): CodeIgniter\CodeIgniter->handleRequest(null, Object(Config\Cache), false)
 4 FCPATH\index.php(67): CodeIgniter\CodeIgniter->run()
CRITICAL - 2023-07-29 11:19:22 --> Too few arguments to function App\Controllers\loginguru1::printnilai(), 0 passed in C:\xampp\htdocs\siakad2\vendor\codeigniter4\framework\system\CodeIgniter.php on line 934 and exactly 1 expected
in APPPATH\Controllers\Loginguru1.php on line 234.
 1 SYSTEMPATH\CodeIgniter.php(934): App\Controllers\loginguru1->printnilai()
 2 SYSTEMPATH\CodeIgniter.php(499): CodeIgniter\CodeIgniter->runController(Object(App\Controllers\loginguru1))
 3 SYSTEMPATH\CodeIgniter.php(368): CodeIgniter\CodeIgniter->handleRequest(null, Object(Config\Cache), false)
 4 FCPATH\index.php(67): CodeIgniter\CodeIgniter->run()
CRITICAL - 2023-07-29 11:19:22 --> Trying to access array offset on value of type null
in APPPATH\Views\nilai\v_datanilai.php on line 10.
 1 APPPATH\Views\nilai\v_datanilai.php(10): CodeIgniter\Debug\Exceptions->errorHandler(8, 'Trying to access array offset on value of type null', 'APPPATH\\Views\\nilai\\v_datanilai.php', 10, [...])
 2 SYSTEMPATH\View\View.php(213): include('APPPATH\\Views\\nilai\\v_datanilai.php')
 3 SYSTEMPATH\View\View.php(216): CodeIgniter\View\View->CodeIgniter\View\{closure}()
 4 SYSTEMPATH\Common.php(1184): CodeIgniter\View\View->render('nilai/v_datanilai', [], true)
 5 APPPATH\Views\tampilan.php(419): view('nilai/v_datanilai')
 6 SYSTEMPATH\View\View.php(213): include('APPPATH\\Views\\tampilan.php')
 7 SYSTEMPATH\View\View.php(216): CodeIgniter\View\View->CodeIgniter\View\{closure}()
 8 SYSTEMPATH\Common.php(1184): CodeIgniter\View\View->render('tampilan', [], true)
 9 APPPATH\Controllers\Loginguru.php(156): view('tampilan', [...])
10 SYSTEMPATH\CodeIgniter.php(934): App\Controllers\Loginguru->datanilai('FCPATH\\gambar', 'yayasan.png')
11 SYSTEMPATH\CodeIgniter.php(499): CodeIgniter\CodeIgniter->runController(Object(App\Controllers\Loginguru))
12 SYSTEMPATH\CodeIgniter.php(368): CodeIgniter\CodeIgniter->handleRequest(null, Object(Config\Cache), false)
13 FCPATH\index.php(67): CodeIgniter\CodeIgniter->run()
CRITICAL - 2023-07-29 11:22:43 --> Trying to access array offset on value of type null
in APPPATH\Views\nilai\v_datanilai.php on line 10.
 1 APPPATH\Views\nilai\v_datanilai.php(10): CodeIgniter\Debug\Exceptions->errorHandler(8, 'Trying to access array offset on value of type null', 'APPPATH\\Views\\nilai\\v_datanilai.php', 10, [...])
 2 SYSTEMPATH\View\View.php(213): include('APPPATH\\Views\\nilai\\v_datanilai.php')
 3 SYSTEMPATH\View\View.php(216): CodeIgniter\View\View->CodeIgniter\View\{closure}()
 4 SYSTEMPATH\Common.php(1184): CodeIgniter\View\View->render('nilai/v_datanilai', [], true)
 5 APPPATH\Views\tampilan.php(419): view('nilai/v_datanilai')
 6 SYSTEMPATH\View\View.php(213): include('APPPATH\\Views\\tampilan.php')
 7 SYSTEMPATH\View\View.php(216): CodeIgniter\View\View->CodeIgniter\View\{closure}()
 8 SYSTEMPATH\Common.php(1184): CodeIgniter\View\View->render('tampilan', [], true)
 9 APPPATH\Controllers\Loginguru1.php(160): view('tampilan', [...])
10 SYSTEMPATH\CodeIgniter.php(934): App\Controllers\loginguru1->datanilai('FCPATH\\gambar', 'yayasan.png')
11 SYSTEMPATH\CodeIgniter.php(499): CodeIgniter\CodeIgniter->runController(Object(App\Controllers\loginguru1))
12 SYSTEMPATH\CodeIgniter.php(368): CodeIgniter\CodeIgniter->handleRequest(null, Object(Config\Cache), false)
13 FCPATH\index.php(67): CodeIgniter\CodeIgniter->run()
CRITICAL - 2023-07-29 11:22:51 --> Too few arguments to function App\Controllers\loginguru1::printnilai(), 0 passed in C:\xampp\htdocs\siakad2\vendor\codeigniter4\framework\system\CodeIgniter.php on line 934 and exactly 1 expected
in APPPATH\Controllers\Loginguru1.php on line 234.
 1 SYSTEMPATH\CodeIgniter.php(934): App\Controllers\loginguru1->printnilai()
 2 SYSTEMPATH\CodeIgniter.php(499): CodeIgniter\CodeIgniter->runController(Object(App\Controllers\loginguru1))
 3 SYSTEMPATH\CodeIgniter.php(368): CodeIgniter\CodeIgniter->handleRequest(null, Object(Config\Cache), false)
 4 FCPATH\index.php(67): CodeIgniter\CodeIgniter->run()
CRITICAL - 2023-07-29 11:25:13 --> Trying to access array offset on value of type null
in APPPATH\Views\nilai\v_datanilai.php on line 10.
 1 APPPATH\Views\nilai\v_datanilai.php(10): CodeIgniter\Debug\Exceptions->errorHandler(8, 'Trying to access array offset on value of type null', 'APPPATH\\Views\\nilai\\v_datanilai.php', 10, [...])
 2 SYSTEMPATH\View\View.php(213): include('APPPATH\\Views\\nilai\\v_datanilai.php')
 3 SYSTEMPATH\View\View.php(216): CodeIgniter\View\View->CodeIgniter\View\{closure}()
 4 SYSTEMPATH\Common.php(1184): CodeIgniter\View\View->render('nilai/v_datanilai', [], true)
 5 APPPATH\Views\tampilan.php(419): view('nilai/v_datanilai')
 6 SYSTEMPATH\View\View.php(213): include('APPPATH\\Views\\tampilan.php')
 7 SYSTEMPATH\View\View.php(216): CodeIgniter\View\View->CodeIgniter\View\{closure}()
 8 SYSTEMPATH\Common.php(1184): CodeIgniter\View\View->render('tampilan', [], true)
 9 APPPATH\Controllers\Loginguru1.php(160): view('tampilan', [...])
10 SYSTEMPATH\CodeIgniter.php(934): App\Controllers\loginguru1->datanilai('FCPATH\\gambar', 'yayasan.png')
11 SYSTEMPATH\CodeIgniter.php(499): CodeIgniter\CodeIgniter->runController(Object(App\Controllers\loginguru1))
12 SYSTEMPATH\CodeIgniter.php(368): CodeIgniter\CodeIgniter->handleRequest(null, Object(Config\Cache), false)
13 FCPATH\index.php(67): CodeIgniter\CodeIgniter->run()
ERROR - 2023-07-29 11:25:14 --> mysqli_sql_exception: Not unique table/alias: 'tbl_nilai' in C:\xampp\htdocs\siakad2\vendor\codeigniter4\framework\system\Database\MySQLi\Connection.php:295
Stack trace:
#0 C:\xampp\htdocs\siakad2\vendor\codeigniter4\framework\system\Database\MySQLi\Connection.php(295): mysqli->query('SELECT `tbl_sis...', 0)
#1 C:\xampp\htdocs\siakad2\vendor\codeigniter4\framework\system\Database\BaseConnection.php(691): CodeIgniter\Database\MySQLi\Connection->execute('SELECT `tbl_sis...')
#2 C:\xampp\htdocs\siakad2\vendor\codeigniter4\framework\system\Database\BaseConnection.php(605): CodeIgniter\Database\BaseConnection->simpleQuery('SELECT `tbl_sis...')
#3 C:\xampp\htdocs\siakad2\vendor\codeigniter4\framework\system\Database\BaseBuilder.php(1616): CodeIgniter\Database\BaseConnection->query('SELECT `tbl_sis...', Array, false)
#4 C:\xampp\htdocs\siakad2\app\Models\ModelGr.php(192): CodeIgniter\Database\BaseBuilder->get()
#5 C:\xampp\htdocs\siakad2\app\Controllers\Loginguru1.php(241): App\Models\ModelGr->print('137')
#6 C:\xampp\htdocs\siakad2\vendor\codeigniter4\framework\system\CodeIgniter.php(934): App\Controllers\loginguru1->printnilai('137')
#7 C:\xampp\htdocs\siakad2\vendor\codeigniter4\framework\system\CodeIgniter.php(499): CodeIgniter\CodeIgniter->runController(Object(App\Controllers\loginguru1))
#8 C:\xampp\htdocs\siakad2\vendor\codeigniter4\framework\system\CodeIgniter.php(368): CodeIgniter\CodeIgniter->handleRequest(NULL, Object(Config\Cache), false)
#9 C:\xampp\htdocs\siakad2\public\index.php(67): CodeIgniter\CodeIgniter->run()
#10 {main}
CRITICAL - 2023-07-29 11:25:14 --> Not unique table/alias: 'tbl_nilai'
in SYSTEMPATH\Database\BaseConnection.php on line 645.
 1 SYSTEMPATH\Database\BaseBuilder.php(1616): CodeIgniter\Database\BaseConnection->query('SELECT `tbl_siswa`.`nisn`, `tbl_siswa`.`nama_siswa`, `tbl_nilai`.`nilai_quis`, `tbl_nilai`.`nilai_ketrampilan`, `tbl_nilai`.`nilai_kerajinan`, `tbl_nilai`.`na`, `tbl_nilai`.`nilai_huruf`, `tbl_nilai`.`deskripsi`
FROM `tbl_nilai`
LEFT JOIN `tbl_jadwal` ON `tbl_jadwal`.`id_jadwal` = `tbl_nilai`.`id_jadwal`
LEFT JOIN `tbl_kelas` ON `tbl_kelas`.`id_kelas` = `tbl_jadwal`.`id_kelas`
LEFT JOIN `tbl_siswa` ON `tbl_siswa`.`id_kelas` = `tbl_kelas`.`id_kelas`
LEFT JOIN `tbl_nilai` ON `tbl_nilai`.`nisn` = `tbl_siswa`.`nisn` AND `tbl_jadwal`.`id_jadwal` = `tbl_nilai`.`id_jadwal`
WHERE `tbl_nilai`.`id_jadwal` = :tbl_nilai.id_jadwal:
GROUP BY `tbl_siswa`.`nisn`', [...], false)
 2 APPPATH\Models\ModelGr.php(192): CodeIgniter\Database\BaseBuilder->get()
 3 APPPATH\Controllers\Loginguru1.php(241): App\Models\ModelGr->print('137')
 4 SYSTEMPATH\CodeIgniter.php(934): App\Controllers\loginguru1->printnilai('137')
 5 SYSTEMPATH\CodeIgniter.php(499): CodeIgniter\CodeIgniter->runController(Object(App\Controllers\loginguru1))
 6 SYSTEMPATH\CodeIgniter.php(368): CodeIgniter\CodeIgniter->handleRequest(null, Object(Config\Cache), false)
 7 FCPATH\index.php(67): CodeIgniter\CodeIgniter->run()
CRITICAL - 2023-07-29 11:26:01 --> Trying to access array offset on value of type null
in APPPATH\Views\nilai\v_datanilai.php on line 10.
 1 APPPATH\Views\nilai\v_datanilai.php(10): CodeIgniter\Debug\Exceptions->errorHandler(8, 'Trying to access array offset on value of type null', 'APPPATH\\Views\\nilai\\v_datanilai.php', 10, [...])
 2 SYSTEMPATH\View\View.php(213): include('APPPATH\\Views\\nilai\\v_datanilai.php')
 3 SYSTEMPATH\View\View.php(216): CodeIgniter\View\View->CodeIgniter\View\{closure}()
 4 SYSTEMPATH\Common.php(1184): CodeIgniter\View\View->render('nilai/v_datanilai', [], true)
 5 APPPATH\Views\tampilan.php(419): view('nilai/v_datanilai')
 6 SYSTEMPATH\View\View.php(213): include('APPPATH\\Views\\tampilan.php')
 7 SYSTEMPATH\View\View.php(216): CodeIgniter\View\View->CodeIgniter\View\{closure}()
 8 SYSTEMPATH\Common.php(1184): CodeIgniter\View\View->render('tampilan', [], true)
 9 APPPATH\Controllers\Loginguru1.php(160): view('tampilan', [...])
10 SYSTEMPATH\CodeIgniter.php(934): App\Controllers\loginguru1->datanilai('FCPATH\\gambar', 'yayasan.png')
11 SYSTEMPATH\CodeIgniter.php(499): CodeIgniter\CodeIgniter->runController(Object(App\Controllers\loginguru1))
12 SYSTEMPATH\CodeIgniter.php(368): CodeIgniter\CodeIgniter->handleRequest(null, Object(Config\Cache), false)
13 FCPATH\index.php(67): CodeIgniter\CodeIgniter->run()
CRITICAL - 2023-07-29 11:26:43 --> Trying to access array offset on value of type null
in APPPATH\Views\nilai\v_datanilai.php on line 10.
 1 APPPATH\Views\nilai\v_datanilai.php(10): CodeIgniter\Debug\Exceptions->errorHandler(8, 'Trying to access array offset on value of type null', 'APPPATH\\Views\\nilai\\v_datanilai.php', 10, [...])
 2 SYSTEMPATH\View\View.php(213): include('APPPATH\\Views\\nilai\\v_datanilai.php')
 3 SYSTEMPATH\View\View.php(216): CodeIgniter\View\View->CodeIgniter\View\{closure}()
 4 SYSTEMPATH\Common.php(1184): CodeIgniter\View\View->render('nilai/v_datanilai', [], true)
 5 APPPATH\Views\tampilan.php(419): view('nilai/v_datanilai')
 6 SYSTEMPATH\View\View.php(213): include('APPPATH\\Views\\tampilan.php')
 7 SYSTEMPATH\View\View.php(216): CodeIgniter\View\View->CodeIgniter\View\{closure}()
 8 SYSTEMPATH\Common.php(1184): CodeIgniter\View\View->render('tampilan', [], true)
 9 APPPATH\Controllers\Loginguru1.php(160): view('tampilan', [...])
10 SYSTEMPATH\CodeIgniter.php(934): App\Controllers\loginguru1->datanilai('FCPATH\\gambar', 'yayasan.png')
11 SYSTEMPATH\CodeIgniter.php(499): CodeIgniter\CodeIgniter->runController(Object(App\Controllers\loginguru1))
12 SYSTEMPATH\CodeIgniter.php(368): CodeIgniter\CodeIgniter->handleRequest(null, Object(Config\Cache), false)
13 FCPATH\index.php(67): CodeIgniter\CodeIgniter->run()
CRITICAL - 2023-07-29 11:26:46 --> Undefined index: pendahuluan
in APPPATH\Views\nilai\v_printnilai.php on line 116.
 1 APPPATH\Views\nilai\v_printnilai.php(116): CodeIgniter\Debug\Exceptions->errorHandler(8, 'Undefined index: pendahuluan', 'APPPATH\\Views\\nilai\\v_printnilai.php', 116, [...])
 2 SYSTEMPATH\View\View.php(213): include('APPPATH\\Views\\nilai\\v_printnilai.php')
 3 SYSTEMPATH\View\View.php(216): CodeIgniter\View\View->CodeIgniter\View\{closure}()
 4 SYSTEMPATH\Common.php(1184): CodeIgniter\View\View->render('nilai/v_printnilai', [], true)
 5 APPPATH\Controllers\Loginguru1.php(242): view('nilai/v_printnilai', [...])
 6 SYSTEMPATH\CodeIgniter.php(934): App\Controllers\loginguru1->printnilai('137')
 7 SYSTEMPATH\CodeIgniter.php(499): CodeIgniter\CodeIgniter->runController(Object(App\Controllers\loginguru1))
 8 SYSTEMPATH\CodeIgniter.php(368): CodeIgniter\CodeIgniter->handleRequest(null, Object(Config\Cache), false)
 9 FCPATH\index.php(67): CodeIgniter\CodeIgniter->run()
CRITICAL - 2023-07-29 11:27:11 --> Trying to access array offset on value of type null
in APPPATH\Views\nilai\v_datanilai.php on line 10.
 1 APPPATH\Views\nilai\v_datanilai.php(10): CodeIgniter\Debug\Exceptions->errorHandler(8, 'Trying to access array offset on value of type null', 'APPPATH\\Views\\nilai\\v_datanilai.php', 10, [...])
 2 SYSTEMPATH\View\View.php(213): include('APPPATH\\Views\\nilai\\v_datanilai.php')
 3 SYSTEMPATH\View\View.php(216): CodeIgniter\View\View->CodeIgniter\View\{closure}()
 4 SYSTEMPATH\Common.php(1184): CodeIgniter\View\View->render('nilai/v_datanilai', [], true)
 5 APPPATH\Views\tampilan.php(419): view('nilai/v_datanilai')
 6 SYSTEMPATH\View\View.php(213): include('APPPATH\\Views\\tampilan.php')
 7 SYSTEMPATH\View\View.php(216): CodeIgniter\View\View->CodeIgniter\View\{closure}()
 8 SYSTEMPATH\Common.php(1184): CodeIgniter\View\View->render('tampilan', [], true)
 9 APPPATH\Controllers\Loginguru1.php(160): view('tampilan', [...])
10 SYSTEMPATH\CodeIgniter.php(934): App\Controllers\loginguru1->datanilai('FCPATH\\gambar', 'yayasan.png')
11 SYSTEMPATH\CodeIgniter.php(499): CodeIgniter\CodeIgniter->runController(Object(App\Controllers\loginguru1))
12 SYSTEMPATH\CodeIgniter.php(368): CodeIgniter\CodeIgniter->handleRequest(null, Object(Config\Cache), false)
13 FCPATH\index.php(67): CodeIgniter\CodeIgniter->run()
CRITICAL - 2023-07-29 11:28:54 --> Trying to access array offset on value of type null
in APPPATH\Views\nilai\v_datanilai.php on line 10.
 1 APPPATH\Views\nilai\v_datanilai.php(10): CodeIgniter\Debug\Exceptions->errorHandler(8, 'Trying to access array offset on value of type null', 'APPPATH\\Views\\nilai\\v_datanilai.php', 10, [...])
 2 SYSTEMPATH\View\View.php(213): include('APPPATH\\Views\\nilai\\v_datanilai.php')
 3 SYSTEMPATH\View\View.php(216): CodeIgniter\View\View->CodeIgniter\View\{closure}()
 4 SYSTEMPATH\Common.php(1184): CodeIgniter\View\View->render('nilai/v_datanilai', [], true)
 5 APPPATH\Views\tampilan.php(419): view('nilai/v_datanilai')
 6 SYSTEMPATH\View\View.php(213): include('APPPATH\\Views\\tampilan.php')
 7 SYSTEMPATH\View\View.php(216): CodeIgniter\View\View->CodeIgniter\View\{closure}()
 8 SYSTEMPATH\Common.php(1184): CodeIgniter\View\View->render('tampilan', [], true)
 9 APPPATH\Controllers\Loginguru.php(156): view('tampilan', [...])
10 SYSTEMPATH\CodeIgniter.php(934): App\Controllers\Loginguru->datanilai('FCPATH\\gambar', 'yayasan.png')
11 SYSTEMPATH\CodeIgniter.php(499): CodeIgniter\CodeIgniter->runController(Object(App\Controllers\Loginguru))
12 SYSTEMPATH\CodeIgniter.php(368): CodeIgniter\CodeIgniter->handleRequest(null, Object(Config\Cache), false)
13 FCPATH\index.php(67): CodeIgniter\CodeIgniter->run()
CRITICAL - 2023-07-29 19:05:10 --> Trying to access array offset on value of type null
in APPPATH\Views\jadwaltk\detail.php on line 10.
 1 APPPATH\Views\jadwaltk\detail.php(10): CodeIgniter\Debug\Exceptions->errorHandler(8, 'Trying to access array offset on value of type null', 'APPPATH\\Views\\jadwaltk\\detail.php', 10, [...])
 2 SYSTEMPATH\View\View.php(213): include('APPPATH\\Views\\jadwaltk\\detail.php')
 3 SYSTEMPATH\View\View.php(216): CodeIgniter\View\View->CodeIgniter\View\{closure}()
 4 SYSTEMPATH\Common.php(1184): CodeIgniter\View\View->render('jadwaltk/detail', [], true)
 5 APPPATH\Views\tampilan.php(419): view('jadwaltk/detail')
 6 SYSTEMPATH\View\View.php(213): include('APPPATH\\Views\\tampilan.php')
 7 SYSTEMPATH\View\View.php(216): CodeIgniter\View\View->CodeIgniter\View\{closure}()
 8 SYSTEMPATH\Common.php(1184): CodeIgniter\View\View->render('tampilan', [], true)
 9 APPPATH\Controllers\Jadwaltk.php(51): view('tampilan', [...])
10 SYSTEMPATH\CodeIgniter.php(934): App\Controllers\JadwalTk->detail_jadwal('FCPATH\\gambar', 'yayasan.png')
11 SYSTEMPATH\CodeIgniter.php(499): CodeIgniter\CodeIgniter->runController(Object(App\Controllers\JadwalTk))
12 SYSTEMPATH\CodeIgniter.php(368): CodeIgniter\CodeIgniter->handleRequest(null, Object(Config\Cache), false)
13 FCPATH\index.php(67): CodeIgniter\CodeIgniter->run()
CRITICAL - 2023-07-29 19:07:08 --> Trying to access array offset on value of type null
in APPPATH\Views\jadwaltk\detail.php on line 10.
 1 APPPATH\Views\jadwaltk\detail.php(10): CodeIgniter\Debug\Exceptions->errorHandler(8, 'Trying to access array offset on value of type null', 'APPPATH\\Views\\jadwaltk\\detail.php', 10, [...])
 2 SYSTEMPATH\View\View.php(213): include('APPPATH\\Views\\jadwaltk\\detail.php')
 3 SYSTEMPATH\View\View.php(216): CodeIgniter\View\View->CodeIgniter\View\{closure}()
 4 SYSTEMPATH\Common.php(1184): CodeIgniter\View\View->render('jadwaltk/detail', [], true)
 5 APPPATH\Views\tampilan.php(419): view('jadwaltk/detail')
 6 SYSTEMPATH\View\View.php(213): include('APPPATH\\Views\\tampilan.php')
 7 SYSTEMPATH\View\View.php(216): CodeIgniter\View\View->CodeIgniter\View\{closure}()
 8 SYSTEMPATH\Common.php(1184): CodeIgniter\View\View->render('tampilan', [], true)
 9 APPPATH\Controllers\Jadwaltk.php(51): view('tampilan', [...])
10 SYSTEMPATH\CodeIgniter.php(934): App\Controllers\JadwalTk->detail_jadwal('FCPATH\\gambar', 'yayasan.png')
11 SYSTEMPATH\CodeIgniter.php(499): CodeIgniter\CodeIgniter->runController(Object(App\Controllers\JadwalTk))
12 SYSTEMPATH\CodeIgniter.php(368): CodeIgniter\CodeIgniter->handleRequest(null, Object(Config\Cache), false)
13 FCPATH\index.php(67): CodeIgniter\CodeIgniter->run()
CRITICAL - 2023-07-29 19:20:27 --> Trying to access array offset on value of type null
in APPPATH\Views\kelas\v_rincian_kelas.php on line 4.
 1 APPPATH\Views\kelas\v_rincian_kelas.php(4): CodeIgniter\Debug\Exceptions->errorHandler(8, 'Trying to access array offset on value of type null', 'APPPATH\\Views\\kelas\\v_rincian_kelas.php', 4, [...])
 2 SYSTEMPATH\View\View.php(213): include('APPPATH\\Views\\kelas\\v_rincian_kelas.php')
 3 SYSTEMPATH\View\View.php(216): CodeIgniter\View\View->CodeIgniter\View\{closure}()
 4 SYSTEMPATH\Common.php(1184): CodeIgniter\View\View->render('kelas/v_rincian_kelas', [], true)
 5 APPPATH\Views\tampilan.php(419): view('kelas/v_rincian_kelas')
 6 SYSTEMPATH\View\View.php(213): include('APPPATH\\Views\\tampilan.php')
 7 SYSTEMPATH\View\View.php(216): CodeIgniter\View\View->CodeIgniter\View\{closure}()
 8 SYSTEMPATH\Common.php(1184): CodeIgniter\View\View->render('tampilan', [], true)
 9 APPPATH\Controllers\Kelas.php(147): view('tampilan', [...])
10 SYSTEMPATH\CodeIgniter.php(934): App\Controllers\Kelas->rincian_kelas('FCPATH\\gambar', 'yayasan.png')
11 SYSTEMPATH\CodeIgniter.php(499): CodeIgniter\CodeIgniter->runController(Object(App\Controllers\Kelas))
12 SYSTEMPATH\CodeIgniter.php(368): CodeIgniter\CodeIgniter->handleRequest(null, Object(Config\Cache), false)
13 FCPATH\index.php(67): CodeIgniter\CodeIgniter->run()
CRITICAL - 2023-07-29 19:20:38 --> Trying to access array offset on value of type null
in APPPATH\Views\jadwaltk\detail.php on line 10.
 1 APPPATH\Views\jadwaltk\detail.php(10): CodeIgniter\Debug\Exceptions->errorHandler(8, 'Trying to access array offset on value of type null', 'APPPATH\\Views\\jadwaltk\\detail.php', 10, [...])
 2 SYSTEMPATH\View\View.php(213): include('APPPATH\\Views\\jadwaltk\\detail.php')
 3 SYSTEMPATH\View\View.php(216): CodeIgniter\View\View->CodeIgniter\View\{closure}()
 4 SYSTEMPATH\Common.php(1184): CodeIgniter\View\View->render('jadwaltk/detail', [], true)
 5 APPPATH\Views\tampilan.php(419): view('jadwaltk/detail')
 6 SYSTEMPATH\View\View.php(213): include('APPPATH\\Views\\tampilan.php')
 7 SYSTEMPATH\View\View.php(216): CodeIgniter\View\View->CodeIgniter\View\{closure}()
 8 SYSTEMPATH\Common.php(1184): CodeIgniter\View\View->render('tampilan', [], true)
 9 APPPATH\Controllers\Jadwaltk.php(51): view('tampilan', [...])
10 SYSTEMPATH\CodeIgniter.php(934): App\Controllers\JadwalTk->detail_jadwal('FCPATH\\gambar', 'yayasan.png')
11 SYSTEMPATH\CodeIgniter.php(499): CodeIgniter\CodeIgniter->runController(Object(App\Controllers\JadwalTk))
12 SYSTEMPATH\CodeIgniter.php(368): CodeIgniter\CodeIgniter->handleRequest(null, Object(Config\Cache), false)
13 FCPATH\index.php(67): CodeIgniter\CodeIgniter->run()
CRITICAL - 2023-07-29 19:21:19 --> Trying to access array offset on value of type null
in APPPATH\Views\nilai\v_datanilai.php on line 10.
 1 APPPATH\Views\nilai\v_datanilai.php(10): CodeIgniter\Debug\Exceptions->errorHandler(8, 'Trying to access array offset on value of type null', 'APPPATH\\Views\\nilai\\v_datanilai.php', 10, [...])
 2 SYSTEMPATH\View\View.php(213): include('APPPATH\\Views\\nilai\\v_datanilai.php')
 3 SYSTEMPATH\View\View.php(216): CodeIgniter\View\View->CodeIgniter\View\{closure}()
 4 SYSTEMPATH\Common.php(1184): CodeIgniter\View\View->render('nilai/v_datanilai', [], true)
 5 APPPATH\Views\tampilan.php(419): view('nilai/v_datanilai')
 6 SYSTEMPATH\View\View.php(213): include('APPPATH\\Views\\tampilan.php')
 7 SYSTEMPATH\View\View.php(216): CodeIgniter\View\View->CodeIgniter\View\{closure}()
 8 SYSTEMPATH\Common.php(1184): CodeIgniter\View\View->render('tampilan', [], true)
 9 APPPATH\Controllers\Loginguru1.php(160): view('tampilan', [...])
10 SYSTEMPATH\CodeIgniter.php(934): App\Controllers\loginguru1->datanilai('FCPATH\\gambar', 'yayasan.png')
11 SYSTEMPATH\CodeIgniter.php(499): CodeIgniter\CodeIgniter->runController(Object(App\Controllers\loginguru1))
12 SYSTEMPATH\CodeIgniter.php(368): CodeIgniter\CodeIgniter->handleRequest(null, Object(Config\Cache), false)
13 FCPATH\index.php(67): CodeIgniter\CodeIgniter->run()
