CRITICAL - 2022-12-05 02:29:13 --> Undefined index: ta
in APPPATH\Views\absen\v_jadwal_guru.php on line 19.
 1 APPPATH\Views\absen\v_jadwal_guru.php(19): CodeIgniter\Debug\Exceptions->errorHandler(8, 'Undefined index: ta', 'APPPATH\\Views\\absen\\v_jadwal_guru.php', 19, [...])
 2 SYSTEMPATH\View\View.php(213): include('APPPATH\\Views\\absen\\v_jadwal_guru.php')
 3 SYSTEMPATH\View\View.php(216): CodeIgniter\View\View->CodeIgniter\View\{closure}()
 4 SYSTEMPATH\Common.php(1134): CodeIgniter\View\View->render('absen/v_jadwal_guru', [], true)
 5 APPPATH\Views\tampilan.php(397): view('absen/v_jadwal_guru')
 6 SYSTEMPATH\View\View.php(213): include('APPPATH\\Views\\tampilan.php')
 7 SYSTEMPATH\View\View.php(216): CodeIgniter\View\View->CodeIgniter\View\{closure}()
 8 SYSTEMPATH\Common.php(1134): CodeIgniter\View\View->render('tampilan', [], true)
 9 APPPATH\Controllers\Loginguru.php(70): view('tampilan', [...])
10 SYSTEMPATH\CodeIgniter.php(927): App\Controllers\Loginguru->jadwal()
11 SYSTEMPATH\CodeIgniter.php(482): CodeIgniter\CodeIgniter->runController(Object(App\Controllers\Loginguru))
12 SYSTEMPATH\CodeIgniter.php(351): CodeIgniter\CodeIgniter->handleRequest(null, Object(Config\Cache), false)
13 FCPATH\index.php(67): CodeIgniter\CodeIgniter->run()
CRITICAL - 2022-12-05 02:29:47 --> Array to string conversion
in APPPATH\Views\absen\v_jadwal_guru.php on line 19.
 1 APPPATH\Views\absen\v_jadwal_guru.php(19): CodeIgniter\Debug\Exceptions->errorHandler(8, 'Array to string conversion', 'APPPATH\\Views\\absen\\v_jadwal_guru.php', 19, [...])
 2 SYSTEMPATH\View\View.php(213): include('APPPATH\\Views\\absen\\v_jadwal_guru.php')
 3 SYSTEMPATH\View\View.php(216): CodeIgniter\View\View->CodeIgniter\View\{closure}()
 4 SYSTEMPATH\Common.php(1134): CodeIgniter\View\View->render('absen/v_jadwal_guru', [], true)
 5 APPPATH\Views\tampilan.php(397): view('absen/v_jadwal_guru')
 6 SYSTEMPATH\View\View.php(213): include('APPPATH\\Views\\tampilan.php')
 7 SYSTEMPATH\View\View.php(216): CodeIgniter\View\View->CodeIgniter\View\{closure}()
 8 SYSTEMPATH\Common.php(1134): CodeIgniter\View\View->render('tampilan', [], true)
 9 APPPATH\Controllers\Loginguru.php(70): view('tampilan', [...])
10 SYSTEMPATH\CodeIgniter.php(927): App\Controllers\Loginguru->jadwal()
11 SYSTEMPATH\CodeIgniter.php(482): CodeIgniter\CodeIgniter->runController(Object(App\Controllers\Loginguru))
12 SYSTEMPATH\CodeIgniter.php(351): CodeIgniter\CodeIgniter->handleRequest(null, Object(Config\Cache), false)
13 FCPATH\index.php(67): CodeIgniter\CodeIgniter->run()
CRITICAL - 2022-12-05 02:36:47 --> Too few arguments to function App\Models\ModelGr::jadwalGuru(), 1 passed in C:\xampp\htdocs\siakad2\app\Controllers\Loginguru.php on line 81 and exactly 2 expected
in APPPATH\Models\ModelGr.php on line 17.
 1 APPPATH\Controllers\Loginguru.php(81): App\Models\ModelGr->jadwalGuru('1')
 2 SYSTEMPATH\CodeIgniter.php(927): App\Controllers\Loginguru->absenkelas()
 3 SYSTEMPATH\CodeIgniter.php(482): CodeIgniter\CodeIgniter->runController(Object(App\Controllers\Loginguru))
 4 SYSTEMPATH\CodeIgniter.php(351): CodeIgniter\CodeIgniter->handleRequest(null, Object(Config\Cache), false)
 5 FCPATH\index.php(67): CodeIgniter\CodeIgniter->run()
CRITICAL - 2022-12-05 03:12:41 --> Illegal string offset 'nama_kelas'
in APPPATH\Views\nilai\v_nilai.php on line 18.
 1 APPPATH\Views\nilai\v_nilai.php(18): CodeIgniter\Debug\Exceptions->errorHandler(2, 'Illegal string offset \'nama_kelas\'', 'APPPATH\\Views\\nilai\\v_nilai.php', 18, [...])
 2 SYSTEMPATH\View\View.php(213): include('APPPATH\\Views\\nilai\\v_nilai.php')
 3 SYSTEMPATH\View\View.php(216): CodeIgniter\View\View->CodeIgniter\View\{closure}()
 4 SYSTEMPATH\Common.php(1134): CodeIgniter\View\View->render('nilai/v_nilai', [], true)
 5 APPPATH\Views\tampilan.php(397): view('nilai/v_nilai')
 6 SYSTEMPATH\View\View.php(213): include('APPPATH\\Views\\tampilan.php')
 7 SYSTEMPATH\View\View.php(216): CodeIgniter\View\View->CodeIgniter\View\{closure}()
 8 SYSTEMPATH\Common.php(1134): CodeIgniter\View\View->render('tampilan', [], true)
 9 APPPATH\Controllers\Loginguru.php(140): view('tampilan', [...])
10 SYSTEMPATH\CodeIgniter.php(927): App\Controllers\Loginguru->nilaisiswa()
11 SYSTEMPATH\CodeIgniter.php(482): CodeIgniter\CodeIgniter->runController(Object(App\Controllers\Loginguru))
12 SYSTEMPATH\CodeIgniter.php(351): CodeIgniter\CodeIgniter->handleRequest(null, Object(Config\Cache), false)
13 FCPATH\index.php(67): CodeIgniter\CodeIgniter->run()
